<?xml version="1.0" encoding="UTF-8" standalone="no"?>
<?xml-stylesheet type="text/xsl" href="../jgenhtml.xsl"?><coverage branch-rate="NaN" branches-covered="0" branches-valid="0" complexity="0" date="2024-08-31" filename="exception_manager.dart" function-rate="NaN" functions-covered="0" functions-valid="0" line-rate="0.76666665" lines-covered="23" lines-valid="30" package="/exceptions" testname="lcov.info" version="1.5">
    <lines>
        <line>
            <code>import 'package:meta/meta.dart';</code>
        </line>
        <line>
            <code/>
        </line>
        <line>
            <code>import '_well_known_exceptions.dart';</code>
        </line>
        <line>
            <code>import 'squadron_canceled_exception.dart';</code>
        </line>
        <line>
            <code>import 'squadron_canceled_exceptions.dart';</code>
        </line>
        <line>
            <code>import 'squadron_error.dart';</code>
        </line>
        <line>
            <code>import 'squadron_exception.dart';</code>
        </line>
        <line>
            <code>import 'squadron_timeout_exception.dart';</code>
        </line>
        <line>
            <code>import 'worker_exception.dart';</code>
        </line>
        <line>
            <code/>
        </line>
        <line>
            <code>typedef WorkerExceptionDeserializer = WorkerException? Function(List props);</code>
        </line>
        <line>
            <code/>
        </line>
        <line>
            <code>@internal</code>
        </line>
        <line>
            <code>typedef SquadronExceptionDeserializer = SquadronException? Function(List props);</code>
        </line>
        <line>
            <code/>
        </line>
        <line>
            <code>class ExceptionManager {</code>
        </line>
        <line hits="21">
            <code>  ExceptionManager();</code>
            <hit count="21" name="&lt;unnamed&gt;"/>
        </line>
        <line>
            <code/>
        </line>
        <line hits="11">
            <code>  final _deserializers = &lt;String, SquadronExceptionDeserializer&gt;{</code>
            <hit count="11" name="&lt;unnamed&gt;"/>
        </line>
        <line hits="11">
            <code>    $canceledExceptionType: SquadronCanceledExceptionExt.deserialize,</code>
            <hit count="11" name="&lt;unnamed&gt;"/>
        </line>
        <line hits="11">
            <code>    $timeoutExceptionType: SquadronTimeoutExceptionExt.deserialize,</code>
            <hit count="11" name="&lt;unnamed&gt;"/>
        </line>
        <line hits="11">
            <code>    $canceledExceptionsType: SquadronCanceledExceptionsExt.deserialize,</code>
            <hit count="11" name="&lt;unnamed&gt;"/>
        </line>
        <line hits="11">
            <code>    $squadronErrorType: SquadronErrorExt.deserialize,</code>
            <hit count="11" name="&lt;unnamed&gt;"/>
        </line>
        <line hits="11">
            <code>    $workerExceptionType: WorkerExceptionExt.deserialize,</code>
            <hit count="11" name="&lt;unnamed&gt;"/>
        </line>
        <line>
            <code>  };</code>
        </line>
        <line>
            <code/>
        </line>
        <line>
            <code>  /// Registers a deserializer for a custom [WorkerException]. If the deserializer is</code>
        </line>
        <line>
            <code>  /// already registered, registering it again will have no effect.</code>
        </line>
        <line hits="2">
            <code>  void register(</code>
            <hit count="2" name="&lt;unnamed&gt;"/>
        </line>
        <line>
            <code>      String exceptionTypeId, WorkerExceptionDeserializer deserializer) {</code>
        </line>
        <line hits="4">
            <code>    if ($reservedExceptionTypeIds.contains(exceptionTypeId)) {</code>
            <hit count="4" name="&lt;unnamed&gt;"/>
        </line>
        <line hits="0">
            <code>      throw SquadronErrorExt.create(</code>
        </line>
        <line hits="0">
            <code>        'Invalid exception type ID: $exceptionTypeId is reserved.',</code>
        </line>
        <line>
            <code>      );</code>
        </line>
        <line>
            <code>    }</code>
        </line>
        <line hits="6">
            <code>    _deserializers[exceptionTypeId] = deserializer;</code>
            <hit count="6" name="&lt;unnamed&gt;"/>
        </line>
        <line>
            <code>  }</code>
        </line>
        <line>
            <code/>
        </line>
        <line>
            <code>  /// Unregisters a deserializer that was previously registered, does nothing otherwise.</code>
        </line>
        <line>
            <code>  /// Please note that for a deregistration to have an effect, the exact same instance that</code>
        </line>
        <line>
            <code>  /// was provided to [register] must be provided to this method; avoid passing lambdas,</code>
        </line>
        <line>
            <code>  /// prefer passing static methods or top-level functions instead.</code>
        </line>
        <line hits="3">
            <code>  void unregister(String exceptionTypeId) {</code>
            <hit count="3" name="&lt;unnamed&gt;"/>
        </line>
        <line hits="4">
            <code>    if ($reservedExceptionTypeIds.contains(exceptionTypeId)) {</code>
            <hit count="4" name="&lt;unnamed&gt;"/>
        </line>
        <line hits="0">
            <code>      throw SquadronErrorExt.create(</code>
        </line>
        <line hits="0">
            <code>        'Invalid exception type ID: $exceptionTypeId is reserved.',</code>
        </line>
        <line>
            <code>      );</code>
        </line>
        <line>
            <code>    }</code>
        </line>
        <line hits="6">
            <code>    _deserializers.remove(exceptionTypeId);</code>
            <hit count="6" name="&lt;unnamed&gt;"/>
        </line>
        <line hits="1">
            <code>  }</code>
            <hit count="1" name="&lt;unnamed&gt;"/>
        </line>
        <line>
            <code/>
        </line>
        <line>
            <code>  /// Deserializes a [List] that was produced by [serialize].</code>
        </line>
        <line hits="19">
            <code>  SquadronException? deserialize(List? data) {</code>
            <hit count="19" name="&lt;unnamed&gt;"/>
        </line>
        <line hits="15">
            <code>    if (data == null || data.isEmpty) {</code>
            <hit count="15" name="&lt;unnamed&gt;"/>
        </line>
        <line hits="9">
            <code>      return null;</code>
            <hit count="9" name="&lt;unnamed&gt;"/>
        </line>
        <line>
            <code>    }</code>
        </line>
        <line hits="0">
            <code>    try {</code>
        </line>
        <line hits="12">
            <code>      final exceptionType = data[0];</code>
            <hit count="12" name="&lt;unnamed&gt;"/>
        </line>
        <line hits="17">
            <code>      final deserializer = _deserializers[exceptionType];</code>
            <hit count="17" name="&lt;unnamed&gt;"/>
        </line>
        <line hits="12">
            <code>      return deserializer?.call(data) ??</code>
            <hit count="12" name="&lt;unnamed&gt;"/>
        </line>
        <line hits="4">
            <code>          WorkerException(</code>
            <hit count="4" name="&lt;unnamed&gt;"/>
        </line>
        <line hits="4">
            <code>            'Failed to deserialize exception information for $exceptionType',</code>
            <hit count="4" name="&lt;unnamed&gt;"/>
        </line>
        <line>
            <code>          );</code>
        </line>
        <line hits="0">
            <code>    } catch (ex, st) {</code>
        </line>
        <line hits="0">
            <code>      return SquadronException.from(ex, st);</code>
        </line>
        <line>
            <code>    }</code>
        </line>
        <line hits="10">
            <code>  }</code>
            <hit count="10" name="&lt;unnamed&gt;"/>
        </line>
        <line>
            <code>}</code>
        </line>
    </lines>
    <config branch-coverage="true" description-file="false" function-coverage="true" genhtml_hi_limit="90" genhtml_med_limit="75" legend="false" no-sort="false" no-source="false"/>
    <base href="../"/>
    <base href="../"/>
</coverage>
