<?xml version="1.0" encoding="UTF-8" standalone="no"?>
<?xml-stylesheet type="text/xsl" href="../jgenhtml.xsl"?><coverage branch-rate="NaN" branches-covered="0" branches-valid="0" complexity="0" date="2023-09-09" filename="index" function-rate="NaN" functions-covered="0" functions-valid="0" line-rate="0.88235295" lines-covered="120" lines-valid="136" package="/exceptions" testname="lcov.info" version="1.5">
    <sources>
        <source branches-hit="0" branches-valid="0" filename="squadron_exception.dart" functions-hit="0" functions-valid="0" lines-hit="31" lines-valid="41" prefix="/_Projects/github/squadron_next/lib/src">
            <testCase branch-hit="0" function-hit="0" line-hit="31" name="&lt;unnamed&gt;"/>
        </source>
        <source branches-hit="0" branches-valid="0" filename="worker_exception.dart" functions-hit="0" functions-valid="0" lines-hit="66" lines-valid="71" prefix="/_Projects/github/squadron_next/lib/src">
            <testCase branch-hit="0" function-hit="0" line-hit="66" name="&lt;unnamed&gt;"/>
        </source>
        <source branches-hit="0" branches-valid="0" filename="squadron_error.dart" functions-hit="0" functions-valid="0" lines-hit="23" lines-valid="24" prefix="/_Projects/github/squadron_next/lib/src">
            <testCase branch-hit="0" function-hit="0" line-hit="23" name="&lt;unnamed&gt;"/>
        </source>
    </sources>
    <config branch-coverage="true" description-file="false" function-coverage="true" genhtml_hi_limit="90" genhtml_med_limit="75" legend="false" no-sort="false" no-source="false"/>
    <base href="../"/>
    <base href="../"/>
</coverage>
