<?xml version="1.0" encoding="UTF-8" standalone="no"?>
<?xml-stylesheet type="text/xsl" href="../jgenhtml.xsl"?><coverage branch-rate="NaN" branches-covered="0" branches-valid="0" complexity="0" date="2023-09-09" filename="squadron_error.dart" function-rate="NaN" functions-covered="0" functions-valid="0" line-rate="0.9583333" lines-covered="23" lines-valid="24" package="/exceptions" testname="lcov.info" version="1.5">
    <lines>
        <line>
            <code>import 'dart:convert';</code>
        </line>
        <line>
            <code/>
        </line>
        <line>
            <code>import 'package:meta/meta.dart';</code>
        </line>
        <line>
            <code/>
        </line>
        <line>
            <code>import '../squadron.dart';</code>
        </line>
        <line>
            <code>import 'squadron_exception.dart';</code>
        </line>
        <line>
            <code/>
        </line>
        <line>
            <code>/// Squadron Error</code>
        </line>
        <line>
            <code>class SquadronError implements SquadronException {</code>
        </line>
        <line hits="2">
            <code>  SquadronError._(this.message, [this._stackTrace]) {</code>
            <hit count="2" name="&lt;unnamed&gt;"/>
        </line>
        <line hits="2">
            <code>    if (_stackTrace == null) {</code>
            <hit count="2" name="&lt;unnamed&gt;"/>
        </line>
        <line>
            <code>      try {</code>
        </line>
        <line hits="0">
            <code>        _stackTrace = StackTrace.current;</code>
        </line>
        <line>
            <code>      } catch (_) {</code>
        </line>
        <line>
            <code>        // ignore...</code>
        </line>
        <line>
            <code>      }</code>
        </line>
        <line>
            <code>    }</code>
        </line>
        <line hits="1">
            <code>  }</code>
            <hit count="1" name="&lt;unnamed&gt;"/>
        </line>
        <line>
            <code/>
        </line>
        <line>
            <code>  /// Message (or string representation of the exception).</code>
        </line>
        <line>
            <code>  @override</code>
        </line>
        <line>
            <code>  final String message;</code>
        </line>
        <line>
            <code/>
        </line>
        <line>
            <code>  static const _$type = 0;</code>
        </line>
        <line>
            <code>  static const _$message = 1;</code>
        </line>
        <line>
            <code>  static const _$stackTrace = 2;</code>
        </line>
        <line>
            <code/>
        </line>
        <line>
            <code>  static const _$typeMarker = -1;</code>
        </line>
        <line>
            <code/>
        </line>
        <line hits="1">
            <code>  @override</code>
            <hit count="1" name="&lt;unnamed&gt;"/>
        </line>
        <line hits="3">
            <code>  List serialize() =&gt; List.unmodifiable([</code>
            <hit count="3" name="&lt;unnamed&gt;"/>
        </line>
        <line>
            <code>        _$typeMarker,</code>
        </line>
        <line hits="2">
            <code>        message,</code>
            <hit count="2" name="&lt;unnamed&gt;"/>
        </line>
        <line hits="3">
            <code>        _stackTrace?.toString(),</code>
            <hit count="3" name="&lt;unnamed&gt;"/>
        </line>
        <line hits="1">
            <code>      ]);</code>
            <hit count="1" name="&lt;unnamed&gt;"/>
        </line>
        <line>
            <code/>
        </line>
        <line hits="1">
            <code>  @override</code>
            <hit count="1" name="&lt;unnamed&gt;"/>
        </line>
        <line hits="2">
            <code>  StackTrace? get stackTrace =&gt; _stackTrace;</code>
            <hit count="2" name="&lt;unnamed&gt;"/>
        </line>
        <line>
            <code>  StackTrace? _stackTrace;</code>
        </line>
        <line>
            <code/>
        </line>
        <line hits="1">
            <code>  @override</code>
            <hit count="1" name="&lt;unnamed&gt;"/>
        </line>
        <line hits="3">
            <code>  String toString() =&gt; jsonEncode(serialize());</code>
            <hit count="3" name="&lt;unnamed&gt;"/>
        </line>
        <line>
            <code>}</code>
        </line>
        <line>
            <code/>
        </line>
        <line>
            <code>@internal</code>
        </line>
        <line>
            <code>extension SquadronErrorExt on SquadronError {</code>
        </line>
        <line hits="2">
            <code>  static SquadronError create(String message, StackTrace stackTrace) {</code>
            <hit count="2" name="&lt;unnamed&gt;"/>
        </line>
        <line hits="3">
            <code>    Squadron.severe('SquadronError: $message');</code>
            <hit count="3" name="&lt;unnamed&gt;"/>
        </line>
        <line hits="2">
            <code>    return SquadronError._(message, stackTrace);</code>
            <hit count="2" name="&lt;unnamed&gt;"/>
        </line>
        <line hits="1">
            <code>  }</code>
            <hit count="1" name="&lt;unnamed&gt;"/>
        </line>
        <line>
            <code/>
        </line>
        <line hits="2">
            <code>  static SquadronException? deserialize(List data) =&gt;</code>
            <hit count="2" name="&lt;unnamed&gt;"/>
        </line>
        <line hits="3">
            <code>      (data[SquadronError._$type] == SquadronError._$typeMarker)</code>
            <hit count="3" name="&lt;unnamed&gt;"/>
        </line>
        <line hits="2">
            <code>          ? SquadronError._(</code>
            <hit count="2" name="&lt;unnamed&gt;"/>
        </line>
        <line hits="2">
            <code>              data[SquadronError._$message],</code>
            <hit count="2" name="&lt;unnamed&gt;"/>
        </line>
        <line hits="1">
            <code>              SquadronException.loadStackTrace(</code>
            <hit count="1" name="&lt;unnamed&gt;"/>
        </line>
        <line hits="2">
            <code>                  data[SquadronError._$stackTrace]))</code>
            <hit count="2" name="&lt;unnamed&gt;"/>
        </line>
        <line hits="1">
            <code>          : null;</code>
            <hit count="1" name="&lt;unnamed&gt;"/>
        </line>
        <line>
            <code>}</code>
        </line>
    </lines>
    <config branch-coverage="true" description-file="false" function-coverage="true" genhtml_hi_limit="90" genhtml_med_limit="75" legend="false" no-sort="false" no-source="false"/>
    <base href="../"/>
    <base href="../"/>
</coverage>
