<?xml version="1.0" encoding="UTF-8" standalone="no"?>
<?xml-stylesheet type="text/xsl" href="../jgenhtml.xsl"?><coverage branch-rate="NaN" branches-covered="0" branches-valid="0" complexity="0" date="2024-03-21" filename="squadron_exception.dart" function-rate="NaN" functions-covered="0" functions-valid="0" line-rate="1.0" lines-covered="16" lines-valid="16" package="/exceptions" testname="lcov.info" version="1.5">
    <lines>
        <line>
            <code>import 'dart:async';</code>
        </line>
        <line>
            <code>import 'dart:convert';</code>
        </line>
        <line>
            <code/>
        </line>
        <line>
            <code>import 'package:cancelation_token/cancelation_token.dart';</code>
        </line>
        <line>
            <code/>
        </line>
        <line>
            <code>import '_well_known_exceptions.dart';</code>
        </line>
        <line>
            <code>import 'worker_exception.dart';</code>
        </line>
        <line>
            <code/>
        </line>
        <line>
            <code>/// Base abstract class for exceptions in Squadron.</code>
        </line>
        <line>
            <code>abstract class SquadronException implements Exception {</code>
        </line>
        <line>
            <code>  /// This method returns [error] if it is a [SquadronException] (enriching it</code>
        </line>
        <line>
            <code>  /// with [command] if it is a [WorkerException]). Otherwise, it returns a new</code>
        </line>
        <line>
            <code>  /// [WorkerException] wrapping [error] and [stackTrace].</code>
        </line>
        <line hits="11">
            <code>  static SquadronException from(Object error,</code>
            <hit count="11" name="&lt;unnamed&gt;"/>
        </line>
        <line>
            <code>      [StackTrace? stackTrace, int? command]) {</code>
        </line>
        <line hits="11">
            <code>    if (error is WorkerException) {</code>
            <hit count="11" name="&lt;unnamed&gt;"/>
        </line>
        <line hits="7">
            <code>      return error..withCommand(command);</code>
            <hit count="7" name="&lt;unnamed&gt;"/>
        </line>
        <line hits="10">
            <code>    } else if (error is SquadronException) {</code>
            <hit count="10" name="&lt;unnamed&gt;"/>
        </line>
        <line hits="4">
            <code>      return error;</code>
            <hit count="4" name="&lt;unnamed&gt;"/>
        </line>
        <line hits="5">
            <code>    } else if (error is CanceledException) {</code>
            <hit count="5" name="&lt;unnamed&gt;"/>
        </line>
        <line hits="2">
            <code>      return error.toSquadronException();</code>
            <hit count="2" name="&lt;unnamed&gt;"/>
        </line>
        <line hits="5">
            <code>    } else if (error is TimeoutException) {</code>
            <hit count="5" name="&lt;unnamed&gt;"/>
        </line>
        <line hits="2">
            <code>      return error.toSquadronException();</code>
            <hit count="2" name="&lt;unnamed&gt;"/>
        </line>
        <line>
            <code>    } else {</code>
        </line>
        <line hits="5">
            <code>      return WorkerException(</code>
            <hit count="5" name="&lt;unnamed&gt;"/>
        </line>
        <line hits="5">
            <code>        error.toString(),</code>
            <hit count="5" name="&lt;unnamed&gt;"/>
        </line>
        <line>
            <code>        stackTrace: stackTrace,</code>
        </line>
        <line>
            <code>        command: command,</code>
        </line>
        <line>
            <code>      );</code>
        </line>
        <line>
            <code>    }</code>
        </line>
        <line hits="6">
            <code>  }</code>
            <hit count="6" name="&lt;unnamed&gt;"/>
        </line>
        <line>
            <code/>
        </line>
        <line>
            <code>  String get message;</code>
        </line>
        <line>
            <code/>
        </line>
        <line hits="3">
            <code>  @override</code>
            <hit count="3" name="&lt;unnamed&gt;"/>
        </line>
        <line hits="7">
            <code>  String toString() =&gt; jsonEncode(serialize());</code>
            <hit count="7" name="&lt;unnamed&gt;"/>
        </line>
        <line>
            <code/>
        </line>
        <line>
            <code>  /// The exception's [StackTrace].</code>
        </line>
        <line>
            <code>  StackTrace? get stackTrace;</code>
        </line>
        <line>
            <code/>
        </line>
        <line>
            <code>  /// Serializes the exception, i.e. returns a list of items that can cross thread boundaries.</code>
        </line>
        <line>
            <code>  List serialize();</code>
        </line>
        <line>
            <code/>
        </line>
        <line>
            <code>  /// Deserializes a [stackTrace] if any. Returns null if no [StackTrace] is provided.</code>
        </line>
        <line hits="7">
            <code>  static StackTrace? loadStackTrace(String? stackTrace) =&gt;</code>
            <hit count="7" name="&lt;unnamed&gt;"/>
        </line>
        <line hits="4">
            <code>      (stackTrace == null) ? null : StackTrace.fromString(stackTrace);</code>
            <hit count="4" name="&lt;unnamed&gt;"/>
        </line>
        <line>
            <code>}</code>
        </line>
    </lines>
    <config branch-coverage="true" description-file="false" function-coverage="true" genhtml_hi_limit="90" genhtml_med_limit="75" legend="false" no-sort="false" no-source="false"/>
    <base href="../"/>
    <base href="../"/>
</coverage>
