<?xml version="1.0" encoding="UTF-8" standalone="no"?>
<?xml-stylesheet type="text/xsl" href="../jgenhtml.xsl"?><coverage branch-rate="NaN" branches-covered="0" branches-valid="0" complexity="0" date="2022-05-13" filename="index" function-rate="NaN" functions-covered="0" functions-valid="0" line-rate="0.9220779" lines-covered="639" lines-valid="693" package="/src" testname="lcov.info" version="1.5">
    <sources>
        <source branches-hit="0" branches-valid="0" filename="squadron_error.dart" functions-hit="0" functions-valid="0" lines-hit="19" lines-valid="19" prefix="/home/runner/work/squadron/squadron/lib">
            <testCase branch-hit="0" function-hit="0" line-hit="19" name="&lt;unnamed&gt;"/>
        </source>
        <source branches-hit="0" branches-valid="0" filename="concurrency_settings.dart" functions-hit="0" functions-valid="0" lines-hit="6" lines-valid="6" prefix="/home/runner/work/squadron/squadron/lib">
            <testCase branch-hit="0" function-hit="0" line-hit="6" name="&lt;unnamed&gt;"/>
        </source>
        <source branches-hit="0" branches-valid="0" filename="worker_response.dart" functions-hit="0" functions-valid="0" lines-hit="41" lines-valid="50" prefix="/home/runner/work/squadron/squadron/lib">
            <testCase branch-hit="0" function-hit="0" line-hit="41" name="&lt;unnamed&gt;"/>
        </source>
        <source branches-hit="0" branches-valid="0" filename="squadron_exception.dart" functions-hit="0" functions-valid="0" lines-hit="36" lines-valid="44" prefix="/home/runner/work/squadron/squadron/lib">
            <testCase branch-hit="0" function-hit="0" line-hit="36" name="&lt;unnamed&gt;"/>
        </source>
        <source branches-hit="0" branches-valid="0" filename="perf_counter_snapshot.dart" functions-hit="0" functions-valid="0" lines-hit="6" lines-valid="6" prefix="/home/runner/work/squadron/squadron/lib">
            <testCase branch-hit="0" function-hit="0" line-hit="6" name="&lt;unnamed&gt;"/>
        </source>
        <source branches-hit="0" branches-valid="0" filename="worker_stat.dart" functions-hit="0" functions-valid="0" lines-hit="1" lines-valid="1" prefix="/home/runner/work/squadron/squadron/lib">
            <testCase branch-hit="0" function-hit="0" line-hit="1" name="&lt;unnamed&gt;"/>
        </source>
        <source branches-hit="0" branches-valid="0" filename="squadron_logger.dart" functions-hit="0" functions-valid="0" lines-hit="49" lines-valid="56" prefix="/home/runner/work/squadron/squadron/lib">
            <testCase branch-hit="0" function-hit="0" line-hit="49" name="&lt;unnamed&gt;"/>
        </source>
        <source branches-hit="0" branches-valid="0" filename="channel.dart" functions-hit="0" functions-valid="0" lines-hit="7" lines-valid="7" prefix="/home/runner/work/squadron/squadron/lib">
            <testCase branch-hit="0" function-hit="0" line-hit="7" name="&lt;unnamed&gt;"/>
        </source>
        <source branches-hit="0" branches-valid="0" filename="local_worker_client.dart" functions-hit="0" functions-valid="0" lines-hit="5" lines-valid="5" prefix="/home/runner/work/squadron/squadron/lib">
            <testCase branch-hit="0" function-hit="0" line-hit="5" name="&lt;unnamed&gt;"/>
        </source>
        <source branches-hit="0" branches-valid="0" filename="worker_request.dart" functions-hit="0" functions-valid="0" lines-hit="61" lines-valid="66" prefix="/home/runner/work/squadron/squadron/lib">
            <testCase branch-hit="0" function-hit="0" line-hit="61" name="&lt;unnamed&gt;"/>
        </source>
        <source branches-hit="0" branches-valid="0" filename="worker_pool.dart" functions-hit="0" functions-valid="0" lines-hit="137" lines-valid="150" prefix="/home/runner/work/squadron/squadron/lib">
            <testCase branch-hit="0" function-hit="0" line-hit="137" name="&lt;unnamed&gt;"/>
        </source>
        <source branches-hit="0" branches-valid="0" filename="perf_counter.dart" functions-hit="0" functions-valid="0" lines-hit="16" lines-valid="17" prefix="/home/runner/work/squadron/squadron/lib">
            <testCase branch-hit="0" function-hit="0" line-hit="16" name="&lt;unnamed&gt;"/>
        </source>
        <source branches-hit="0" branches-valid="0" filename="timeout_token.dart" functions-hit="0" functions-valid="0" lines-hit="10" lines-valid="10" prefix="/home/runner/work/squadron/squadron/lib">
            <testCase branch-hit="0" function-hit="0" line-hit="10" name="&lt;unnamed&gt;"/>
        </source>
        <source branches-hit="0" branches-valid="0" filename="squadron.dart" functions-hit="0" functions-valid="0" lines-hit="37" lines-valid="39" prefix="/home/runner/work/squadron/squadron/lib">
            <testCase branch-hit="0" function-hit="0" line-hit="37" name="&lt;unnamed&gt;"/>
        </source>
        <source branches-hit="0" branches-valid="0" filename="bootstrapper.dart" functions-hit="0" functions-valid="0" lines-hit="2" lines-valid="2" prefix="/home/runner/work/squadron/squadron/lib">
            <testCase branch-hit="0" function-hit="0" line-hit="2" name="&lt;unnamed&gt;"/>
        </source>
        <source branches-hit="0" branches-valid="0" filename="worker.dart" functions-hit="0" functions-valid="0" lines-hit="90" lines-valid="93" prefix="/home/runner/work/squadron/squadron/lib">
            <testCase branch-hit="0" function-hit="0" line-hit="90" name="&lt;unnamed&gt;"/>
        </source>
        <source branches-hit="0" branches-valid="0" filename="local_worker.dart" functions-hit="0" functions-valid="0" lines-hit="3" lines-valid="3" prefix="/home/runner/work/squadron/squadron/lib">
            <testCase branch-hit="0" function-hit="0" line-hit="3" name="&lt;unnamed&gt;"/>
        </source>
        <source branches-hit="0" branches-valid="0" filename="worker_exception.dart" functions-hit="0" functions-valid="0" lines-hit="55" lines-valid="60" prefix="/home/runner/work/squadron/squadron/lib">
            <testCase branch-hit="0" function-hit="0" line-hit="55" name="&lt;unnamed&gt;"/>
        </source>
        <source branches-hit="0" branches-valid="0" filename="cancellation_token.dart" functions-hit="0" functions-valid="0" lines-hit="26" lines-valid="26" prefix="/home/runner/work/squadron/squadron/lib">
            <testCase branch-hit="0" function-hit="0" line-hit="26" name="&lt;unnamed&gt;"/>
        </source>
        <source branches-hit="0" branches-valid="0" filename="composite_token.dart" functions-hit="0" functions-valid="0" lines-hit="30" lines-valid="31" prefix="/home/runner/work/squadron/squadron/lib">
            <testCase branch-hit="0" function-hit="0" line-hit="30" name="&lt;unnamed&gt;"/>
        </source>
        <source branches-hit="0" branches-valid="0" filename="worker_service.dart" functions-hit="0" functions-valid="0" lines-hit="2" lines-valid="2" prefix="/home/runner/work/squadron/squadron/lib">
            <testCase branch-hit="0" function-hit="0" line-hit="2" name="&lt;unnamed&gt;"/>
        </source>
    </sources>
    <config branch-coverage="true" description-file="false" function-coverage="true" genhtml_hi_limit="90" genhtml_med_limit="75" legend="false" no-sort="false" no-source="false"/>
    <base href="../"/>
    <base href="../"/>
</coverage>
