<?xml version="1.0" encoding="UTF-8" standalone="no"?>
<?xml-stylesheet type="text/xsl" href="../jgenhtml.xsl"?><coverage branch-rate="NaN" branches-covered="0" branches-valid="0" complexity="0" date="2022-04-03" filename="perf_counter_snapshot.dart" function-rate="NaN" functions-covered="0" functions-valid="0" line-rate="1.0" lines-covered="6" lines-valid="6" package="/src" testname="lcov.info" version="1.5">
    <lines>
        <line>
            <code>import 'perf_counter.dart';</code>
        </line>
        <line>
            <code/>
        </line>
        <line>
            <code>/// A snapshot of a [PerfCounter]'s values.</code>
        </line>
        <line>
            <code>class PerfCounterSnapshot {</code>
        </line>
        <line>
            <code>  /// Creates a new snapshop from a the specified [counter].</code>
        </line>
        <line hits="1">
            <code>  PerfCounterSnapshot(PerfCounter counter)</code>
            <hit count="1" name="&lt;unnamed&gt;"/>
        </line>
        <line hits="1">
            <code>      : name = counter.name,</code>
            <hit count="1" name="&lt;unnamed&gt;"/>
        </line>
        <line hits="1">
            <code>        maxTimeInMicroseconds = counter.maxTimeInMicroseconds,</code>
            <hit count="1" name="&lt;unnamed&gt;"/>
        </line>
        <line hits="1">
            <code>        totalTimeInMicroseconds = counter.totalTimeInMicroseconds,</code>
            <hit count="1" name="&lt;unnamed&gt;"/>
        </line>
        <line hits="1">
            <code>        totalCount = counter.totalCount,</code>
            <hit count="1" name="&lt;unnamed&gt;"/>
        </line>
        <line hits="1">
            <code>        totalErrors = counter.totalErrors;</code>
            <hit count="1" name="&lt;unnamed&gt;"/>
        </line>
        <line>
            <code/>
        </line>
        <line>
            <code>  /// The counter's name or label.</code>
        </line>
        <line>
            <code>  final String name;</code>
        </line>
        <line>
            <code/>
        </line>
        <line>
            <code>  /// Maximum elapsed time for a single call (in microseconds).</code>
        </line>
        <line>
            <code>  final int maxTimeInMicroseconds;</code>
        </line>
        <line>
            <code/>
        </line>
        <line>
            <code>  /// Total elapsed time (in microseconds).</code>
        </line>
        <line>
            <code>  final int totalTimeInMicroseconds;</code>
        </line>
        <line>
            <code/>
        </line>
        <line>
            <code>  /// Total number of calls.</code>
        </line>
        <line>
            <code>  final int totalCount;</code>
        </line>
        <line>
            <code/>
        </line>
        <line>
            <code>  /// Total number of errors.</code>
        </line>
        <line>
            <code>  final int totalErrors;</code>
        </line>
        <line>
            <code>}</code>
        </line>
    </lines>
    <config branch-coverage="true" description-file="false" function-coverage="true" genhtml_hi_limit="90" genhtml_med_limit="75" legend="false" no-sort="false" no-source="false"/>
    <base href="../"/>
    <base href="../"/>
</coverage>
