<?xml version="1.0" encoding="UTF-8" standalone="no"?>
<?xml-stylesheet type="text/xsl" href="../jgenhtml.xsl"?><coverage branch-rate="NaN" branches-covered="0" branches-valid="0" complexity="0" date="2023-06-27" filename="squadron_marshaler.dart" function-rate="NaN" functions-covered="0" functions-valid="0" line-rate="0.0" lines-covered="0" lines-valid="20" package="/src" testname="lcov.info" version="1.5">
    <lines>
        <line>
            <code>/// Base class to serialize/deserialize data of type [T] to a transferable type [S].</code>
        </line>
        <line>
            <code>abstract class SquadronMarshaler&lt;T, S&gt; {</code>
        </line>
        <line hits="0">
            <code>  const SquadronMarshaler();</code>
        </line>
        <line>
            <code/>
        </line>
        <line>
            <code>  /// Provided temporarily for compatibility reasons. See [marshal].</code>
        </line>
        <line hits="0">
            <code>  @Deprecated('use "marshal" instead.')</code>
        </line>
        <line hits="0">
            <code>  S marshall(T data) =&gt; marshal(data);</code>
        </line>
        <line>
            <code/>
        </line>
        <line>
            <code>  /// Provided temporarily for compatibility reasons. See [unmarshal].</code>
        </line>
        <line hits="0">
            <code>  @Deprecated('use "unmarshal" instead.')</code>
        </line>
        <line hits="0">
            <code>  T unmarshall(S data) =&gt; unmarshal(data);</code>
        </line>
        <line>
            <code/>
        </line>
        <line>
            <code>  /// Serialize [data] of type [T] to type [S], eg. a `String` or some binary representation.</code>
        </line>
        <line>
            <code>  /// `unmarshal(marshal(data))` must produce an instance of [T] that is equivalent to</code>
        </line>
        <line>
            <code>  /// original instance [data].</code>
        </line>
        <line>
            <code>  S marshal(T data);</code>
        </line>
        <line>
            <code/>
        </line>
        <line>
            <code>  /// Deserialize a representation of type [S] back to the original data of type [T].</code>
        </line>
        <line>
            <code>  /// `unmarshal(marshal(data))` must produce an instance of [T] that is equivalent to</code>
        </line>
        <line>
            <code>  /// original instance [data].</code>
        </line>
        <line>
            <code>  T unmarshal(S data);</code>
        </line>
        <line>
            <code>}</code>
        </line>
        <line>
            <code/>
        </line>
        <line>
            <code>/// Base class to abstract `S` in `SquadronMarshaler&lt;T, S&gt;`.</code>
        </line>
        <line>
            <code>abstract class GenericMarshaler&lt;T&gt; extends SquadronMarshaler&lt;T, dynamic&gt; {</code>
        </line>
        <line hits="0">
            <code>  const GenericMarshaler();</code>
        </line>
        <line>
            <code>}</code>
        </line>
        <line>
            <code/>
        </line>
        <line>
            <code>/// Identity marshaler.</code>
        </line>
        <line>
            <code>class IdentityMarshaler&lt;T&gt; extends SquadronMarshaler&lt;T, T&gt; {</code>
        </line>
        <line hits="0">
            <code>  const IdentityMarshaler();</code>
        </line>
        <line>
            <code/>
        </line>
        <line hits="0">
            <code>  @override</code>
        </line>
        <line>
            <code>  T marshal(T data) =&gt; data;</code>
        </line>
        <line>
            <code/>
        </line>
        <line hits="0">
            <code>  @override</code>
        </line>
        <line>
            <code>  T unmarshal(T data) =&gt; data;</code>
        </line>
        <line>
            <code>}</code>
        </line>
        <line>
            <code/>
        </line>
        <line>
            <code>/// Provided temporarily for compatibility reasons. See [SquadronMarshaler].</code>
        </line>
        <line>
            <code>@Deprecated('use "SquadronMarshaler&lt;T, S&gt;" instead.')</code>
        </line>
        <line>
            <code>abstract class SquadronMarshaller&lt;T, S&gt; implements SquadronMarshaler&lt;T, S&gt; {</code>
        </line>
        <line hits="0">
            <code>  const SquadronMarshaller() : super();</code>
        </line>
        <line>
            <code/>
        </line>
        <line hits="0">
            <code>  @override</code>
        </line>
        <line>
            <code>  @Deprecated('use "SquadronMarshaler&lt;T, S&gt;.marshal" instead.')</code>
        </line>
        <line hits="0">
            <code>  S marshall(T data) =&gt; throw UnimplementedError(</code>
        </line>
        <line>
            <code>      'SquadronMarshaller is deprecated; use SquadronMarshaler instead.');</code>
        </line>
        <line>
            <code/>
        </line>
        <line hits="0">
            <code>  @override</code>
        </line>
        <line>
            <code>  @Deprecated('use "SquadronMarshaler&lt;T, S&gt;.unmarshal" instead.')</code>
        </line>
        <line hits="0">
            <code>  T unmarshall(S data) =&gt; throw UnimplementedError(</code>
        </line>
        <line>
            <code>      'SquadronMarshaller is deprecated; use SquadronMarshaler instead.');</code>
        </line>
        <line>
            <code/>
        </line>
        <line hits="0">
            <code>  @override</code>
        </line>
        <line hits="0">
            <code>  S marshal(T data) =&gt; marshall(data);</code>
        </line>
        <line>
            <code/>
        </line>
        <line hits="0">
            <code>  @override</code>
        </line>
        <line hits="0">
            <code>  T unmarshal(S data) =&gt; unmarshall(data);</code>
        </line>
        <line>
            <code>}</code>
        </line>
        <line>
            <code/>
        </line>
        <line>
            <code>/// Provided temporarily for compatibility reasons. See [GenericMarshaler].</code>
        </line>
        <line>
            <code>@Deprecated('use "GenericMarshaler&lt;T&gt;" instead.')</code>
        </line>
        <line>
            <code>abstract class GenericMarshaller&lt;T&gt; extends SquadronMarshaller&lt;T, dynamic&gt; {</code>
        </line>
        <line hits="0">
            <code>  const GenericMarshaller();</code>
        </line>
        <line>
            <code>}</code>
        </line>
        <line>
            <code/>
        </line>
        <line>
            <code>/// Provided temporarily for compatibility reasons. See [IdentityMarshaler].</code>
        </line>
        <line>
            <code>@Deprecated('use "IdentityMarshaler&lt;T&gt;" instead.')</code>
        </line>
        <line>
            <code>class IdentityMarshaller&lt;T&gt; extends SquadronMarshaller&lt;T, T&gt; {</code>
        </line>
        <line hits="0">
            <code>  const IdentityMarshaller();</code>
        </line>
        <line>
            <code>}</code>
        </line>
    </lines>
    <config branch-coverage="true" description-file="false" function-coverage="true" genhtml_hi_limit="90" genhtml_med_limit="75" legend="false" no-sort="false" no-source="false"/>
    <base href="../"/>
    <base href="../"/>
</coverage>
