<?xml version="1.0" encoding="UTF-8" standalone="no"?>
<?xml-stylesheet type="text/xsl" href="../../jgenhtml.xsl"?><coverage branch-rate="NaN" branches-covered="0" branches-valid="0" complexity="0" date="2024-02-27" filename="_bootstrapper.dart" function-rate="NaN" functions-covered="0" functions-valid="0" line-rate="1.0" lines-covered="8" lines-valid="8" package="/_impl/native" testname="lcov.info" version="1.5">
    <lines>
        <line>
            <code>import 'dart:isolate';</code>
        </line>
        <line>
            <code/>
        </line>
        <line>
            <code>import '../../../squadron.dart';</code>
        </line>
        <line>
            <code>import '../xplat/_worker_runner.dart';</code>
        </line>
        <line>
            <code>import '_worker_runner.dart';</code>
        </line>
        <line>
            <code/>
        </line>
        <line hits="6">
            <code>void bootstrap(WorkerInitializer initializer, WorkerRequest? command) async {</code>
            <hit count="6" name="&lt;unnamed&gt;"/>
        </line>
        <line hits="6">
            <code>  final workerPort = ReceivePort();</code>
            <hit count="6" name="&lt;unnamed&gt;"/>
        </line>
        <line>
            <code/>
        </line>
        <line hits="11">
            <code>  final runner = WorkerRunner((r) {</code>
            <hit count="11" name="&lt;unnamed&gt;"/>
        </line>
        <line hits="10">
            <code>    r.logger.t('terminating Isolate');</code>
            <hit count="10" name="&lt;unnamed&gt;"/>
        </line>
        <line hits="5">
            <code>    workerPort.close();</code>
            <hit count="5" name="&lt;unnamed&gt;"/>
        </line>
        <line hits="10">
            <code>    Isolate.current.kill();</code>
            <hit count="10" name="&lt;unnamed&gt;"/>
        </line>
        <line>
            <code>  });</code>
        </line>
        <line>
            <code/>
        </line>
        <line hits="12">
            <code>  workerPort.listen(runner.handle);</code>
            <hit count="12" name="&lt;unnamed&gt;"/>
        </line>
        <line hits="12">
            <code>  await runner.connect(command, workerPort.sendPort, initializer);</code>
            <hit count="12" name="&lt;unnamed&gt;"/>
        </line>
        <line>
            <code>}</code>
        </line>
    </lines>
    <config branch-coverage="true" description-file="false" function-coverage="true" genhtml_hi_limit="90" genhtml_med_limit="75" legend="false" no-sort="false" no-source="false"/>
    <base href="../../"/>
    <base href="../../"/>
</coverage>
