<?xml version="1.0" encoding="UTF-8" standalone="no"?>
<?xml-stylesheet type="text/xsl" href="../../jgenhtml.xsl"?><coverage branch-rate="NaN" branches-covered="0" branches-valid="0" complexity="0" date="2024-09-07" filename="_channel.dart" function-rate="NaN" functions-covered="0" functions-valid="0" line-rate="0.82" lines-covered="41" lines-valid="50" package="/_impl/native" testname="lcov.info" version="1.5">
    <lines>
        <line>
            <code>import 'dart:async';</code>
        </line>
        <line>
            <code>import 'dart:convert';</code>
        </line>
        <line>
            <code>import 'dart:isolate' as vm;</code>
        </line>
        <line>
            <code/>
        </line>
        <line>
            <code>import 'package:logger/logger.dart';</code>
        </line>
        <line>
            <code/>
        </line>
        <line>
            <code>import '../../channel.dart' show Channel;</code>
        </line>
        <line>
            <code>import '../../channel.dart';</code>
        </line>
        <line>
            <code>import '../../exceptions/exception_manager.dart';</code>
        </line>
        <line>
            <code>import '../../exceptions/squadron_error.dart';</code>
        </line>
        <line>
            <code>import '../../exceptions/squadron_exception.dart';</code>
        </line>
        <line>
            <code>import '../../exceptions/worker_exception.dart';</code>
        </line>
        <line>
            <code>import '../../tokens/_squadron_cancelation_token.dart';</code>
        </line>
        <line>
            <code>import '../../typedefs.dart';</code>
        </line>
        <line>
            <code>import '../../worker/worker_request.dart';</code>
        </line>
        <line>
            <code>import '../../worker/worker_response.dart';</code>
        </line>
        <line>
            <code>import '../xplat/_disconnected_channel.dart';</code>
        </line>
        <line>
            <code>import '../xplat/_forward_stream_controller.dart';</code>
        </line>
        <line>
            <code>import '../xplat/_result_stream.dart';</code>
        </line>
        <line>
            <code/>
        </line>
        <line>
            <code>part '_channel_impl.dart';</code>
        </line>
        <line>
            <code/>
        </line>
        <line>
            <code>// Stub implementations.</code>
        </line>
        <line>
            <code/>
        </line>
        <line>
            <code>/// Starts an [Isolate] using the [entryPoint] and sends a start</code>
        </line>
        <line>
            <code>/// [WorkerRequest] with [startArguments]. The future completes after the</code>
        </line>
        <line>
            <code>/// worker [Isolate]'s main program has provided the [SendPort] via</code>
        </line>
        <line>
            <code>/// [WorkerChannel.connect].</code>
        </line>
        <line hits="10">
            <code>Future&lt;Channel&gt; openChannel(</code>
            <hit count="10" name="&lt;unnamed&gt;"/>
        </line>
        <line>
            <code>  EntryPoint entryPoint,</code>
        </line>
        <line>
            <code>  ExceptionManager exceptionManager,</code>
        </line>
        <line>
            <code>  Logger? logger,</code>
        </line>
        <line>
            <code>  List startArguments, [</code>
        </line>
        <line>
            <code>  PlatformThreadHook? hook,</code>
        </line>
        <line>
            <code>]) async {</code>
        </line>
        <line hits="10">
            <code>  final completer = Completer&lt;Channel&gt;();</code>
            <hit count="10" name="&lt;unnamed&gt;"/>
        </line>
        <line>
            <code/>
        </line>
        <line hits="10">
            <code>  void failure(Object error, [StackTrace? stackTrace]) {</code>
            <hit count="10" name="&lt;unnamed&gt;"/>
        </line>
        <line hits="10">
            <code>    if (!completer.isCompleted) {</code>
            <hit count="10" name="&lt;unnamed&gt;"/>
        </line>
        <line hits="6">
            <code>      completer.completeError(SquadronException.from(error, stackTrace));</code>
            <hit count="6" name="&lt;unnamed&gt;"/>
        </line>
        <line>
            <code>    }</code>
        </line>
        <line>
            <code>  }</code>
        </line>
        <line>
            <code/>
        </line>
        <line hits="9">
            <code>  void success(Channel channel) {</code>
            <hit count="9" name="&lt;unnamed&gt;"/>
        </line>
        <line hits="9">
            <code>    if (!completer.isCompleted) {</code>
            <hit count="9" name="&lt;unnamed&gt;"/>
        </line>
        <line hits="9">
            <code>      completer.complete(channel);</code>
            <hit count="9" name="&lt;unnamed&gt;"/>
        </line>
        <line>
            <code>    }</code>
        </line>
        <line>
            <code>  }</code>
        </line>
        <line>
            <code/>
        </line>
        <line hits="10">
            <code>  final receiver = vm.ReceivePort();</code>
            <hit count="10" name="&lt;unnamed&gt;"/>
        </line>
        <line hits="10">
            <code>  final exitPort = vm.ReceivePort();</code>
            <hit count="10" name="&lt;unnamed&gt;"/>
        </line>
        <line hits="10">
            <code>  final errorPort = vm.ReceivePort();</code>
            <hit count="10" name="&lt;unnamed&gt;"/>
        </line>
        <line>
            <code/>
        </line>
        <line hits="20">
            <code>  exitPort.listen((message) {</code>
            <hit count="20" name="&lt;unnamed&gt;"/>
        </line>
        <line hits="20">
            <code>    failure(SquadronErrorExt.create('Connection to worker failed'));</code>
            <hit count="20" name="&lt;unnamed&gt;"/>
        </line>
        <line hits="2">
            <code>    logger?.t('Isolate terminated.');</code>
            <hit count="2" name="&lt;unnamed&gt;"/>
        </line>
        <line hits="10">
            <code>    receiver.close();</code>
            <hit count="10" name="&lt;unnamed&gt;"/>
        </line>
        <line hits="10">
            <code>    errorPort.close();</code>
            <hit count="10" name="&lt;unnamed&gt;"/>
        </line>
        <line hits="10">
            <code>    exitPort.close();</code>
            <hit count="10" name="&lt;unnamed&gt;"/>
        </line>
        <line>
            <code>  });</code>
        </line>
        <line>
            <code/>
        </line>
        <line hits="10">
            <code>  errorPort.listen((message) {</code>
            <hit count="10" name="&lt;unnamed&gt;"/>
        </line>
        <line>
            <code>    SquadronException? error;</code>
        </line>
        <line>
            <code>    try {</code>
        </line>
        <line hits="0">
            <code>      final data = jsonDecode(message[0]);</code>
        </line>
        <line hits="0">
            <code>      if (data is List) {</code>
        </line>
        <line hits="0">
            <code>        error = exceptionManager.deserialize(data.cast&lt;String&gt;());</code>
        </line>
        <line>
            <code>      }</code>
        </line>
        <line>
            <code>    } catch (_) {</code>
        </line>
        <line>
            <code>      // not a String representing a SquadronException</code>
        </line>
        <line>
            <code>    }</code>
        </line>
        <line>
            <code/>
        </line>
        <line hits="0">
            <code>    error ??= WorkerException(</code>
        </line>
        <line hits="0">
            <code>      message[0],</code>
        </line>
        <line hits="0">
            <code>      SquadronException.loadStackTrace(message[1]),</code>
        </line>
        <line>
            <code>    );</code>
        </line>
        <line>
            <code/>
        </line>
        <line hits="0">
            <code>    logger?.d(() =&gt; 'Unhandled error from Isolate: ${error?.message}.');</code>
        </line>
        <line hits="0">
            <code>    failure(error);</code>
        </line>
        <line>
            <code>  });</code>
        </line>
        <line>
            <code/>
        </line>
        <line hits="10">
            <code>  final disconnected = DisconnectedChannel(exceptionManager, logger);</code>
            <hit count="10" name="&lt;unnamed&gt;"/>
        </line>
        <line>
            <code/>
        </line>
        <line hits="19">
            <code>  receiver.listen((message) {</code>
            <hit count="19" name="&lt;unnamed&gt;"/>
        </line>
        <line hits="9">
            <code>    final response = WorkerResponseExt.from(message);</code>
            <hit count="9" name="&lt;unnamed&gt;"/>
        </line>
        <line hits="9">
            <code>    if (!response.unwrapInPlace(disconnected)) {</code>
            <hit count="9" name="&lt;unnamed&gt;"/>
        </line>
        <line>
            <code>      return;</code>
        </line>
        <line>
            <code>    }</code>
        </line>
        <line>
            <code/>
        </line>
        <line hits="9">
            <code>    final error = response.error;</code>
            <hit count="9" name="&lt;unnamed&gt;"/>
        </line>
        <line>
            <code>    if (error != null) {</code>
        </line>
        <line hits="4">
            <code>      logger?.e(() =&gt; 'Connection to Isolate failed: ${response.error}');</code>
            <hit count="4" name="&lt;unnamed&gt;"/>
        </line>
        <line hits="2">
            <code>      failure(error);</code>
            <hit count="2" name="&lt;unnamed&gt;"/>
        </line>
        <line hits="9">
            <code>    } else if (!completer.isCompleted) {</code>
            <hit count="9" name="&lt;unnamed&gt;"/>
        </line>
        <line hits="2">
            <code>      logger?.t('Connected to Isolate');</code>
            <hit count="2" name="&lt;unnamed&gt;"/>
        </line>
        <line hits="27">
            <code>      success(_VmChannel._(response.result, logger, exceptionManager));</code>
            <hit count="27" name="&lt;unnamed&gt;"/>
        </line>
        <line>
            <code>    } else {</code>
        </line>
        <line hits="0">
            <code>      logger?.e(() =&gt; 'Unexpected response: $response');</code>
        </line>
        <line>
            <code>    }</code>
        </line>
        <line>
            <code>  });</code>
        </line>
        <line>
            <code/>
        </line>
        <line hits="20">
            <code>  final startRequest = WorkerRequest.start(receiver.sendPort, startArguments);</code>
            <hit count="20" name="&lt;unnamed&gt;"/>
        </line>
        <line hits="10">
            <code>  startRequest.wrapInPlace();</code>
            <hit count="10" name="&lt;unnamed&gt;"/>
        </line>
        <line hits="10">
            <code>  final isolate = await vm.Isolate.spawn(</code>
            <hit count="10" name="&lt;unnamed&gt;"/>
        </line>
        <line>
            <code>    entryPoint,</code>
        </line>
        <line>
            <code>    startRequest,</code>
        </line>
        <line>
            <code>    errorsAreFatal: false,</code>
        </line>
        <line hits="10">
            <code>    onExit: exitPort.sendPort,</code>
            <hit count="10" name="&lt;unnamed&gt;"/>
        </line>
        <line hits="10">
            <code>    onError: errorPort.sendPort,</code>
            <hit count="10" name="&lt;unnamed&gt;"/>
        </line>
        <line>
            <code>  );</code>
        </line>
        <line>
            <code/>
        </line>
        <line>
            <code>  try {</code>
        </line>
        <line hits="10">
            <code>    final channel = await completer.future;</code>
            <hit count="10" name="&lt;unnamed&gt;"/>
        </line>
        <line hits="1">
            <code>    await hook?.call(isolate);</code>
            <hit count="1" name="&lt;unnamed&gt;"/>
        </line>
        <line hits="2">
            <code>    logger?.t('Created Isolate');</code>
            <hit count="2" name="&lt;unnamed&gt;"/>
        </line>
        <line>
            <code>    return channel;</code>
        </line>
        <line>
            <code>  } catch (ex) {</code>
        </line>
        <line hits="3">
            <code>    logger?.e(() =&gt; 'Connection to Isolate failed: $ex');</code>
            <hit count="3" name="&lt;unnamed&gt;"/>
        </line>
        <line hits="3">
            <code>    isolate.kill(priority: vm.Isolate.beforeNextEvent);</code>
            <hit count="3" name="&lt;unnamed&gt;"/>
        </line>
        <line>
            <code>    rethrow;</code>
        </line>
        <line>
            <code>  }</code>
        </line>
        <line>
            <code>}</code>
        </line>
        <line>
            <code/>
        </line>
        <line>
            <code>/// Creates a [_VmChannel] from a [SendPort].</code>
        </line>
        <line hits="3">
            <code>Channel? deserialize(PlatformChannel? channelInfo,</code>
            <hit count="3" name="&lt;unnamed&gt;"/>
        </line>
        <line>
            <code>        [Logger? logger, ExceptionManager? exceptionManager]) =&gt;</code>
        </line>
        <line>
            <code>    (channelInfo == null)</code>
        </line>
        <line>
            <code>        ? null</code>
        </line>
        <line hits="3">
            <code>        : _VmChannel._(</code>
            <hit count="3" name="&lt;unnamed&gt;"/>
        </line>
        <line>
            <code>            channelInfo,</code>
        </line>
        <line>
            <code>            logger,</code>
        </line>
        <line hits="3">
            <code>            exceptionManager ?? ExceptionManager(),</code>
            <hit count="3" name="&lt;unnamed&gt;"/>
        </line>
        <line>
            <code>          );</code>
        </line>
    </lines>
    <config branch-coverage="true" description-file="false" function-coverage="true" genhtml_hi_limit="90" genhtml_med_limit="75" legend="false" no-sort="false" no-source="false"/>
    <base href="../../"/>
    <base href="../../"/>
</coverage>
