<?xml version="1.0" encoding="UTF-8" standalone="no"?>
<?xml-stylesheet type="text/xsl" href="../../jgenhtml.xsl"?><coverage branch-rate="NaN" branches-covered="0" branches-valid="0" complexity="0" date="2024-08-10" filename="index" function-rate="NaN" functions-covered="0" functions-valid="0" line-rate="0.9121622" lines-covered="135" lines-valid="148" package="/_impl/native" testname="lcov.info" version="1.5">
    <sources>
        <source branches-hit="0" branches-valid="0" filename="_bootstrapper.dart" functions-hit="0" functions-valid="0" lines-hit="8" lines-valid="8" prefix="/home/runner/work/squadron/squadron/lib/src">
            <testCase branch-hit="0" function-hit="0" line-hit="8" name="&lt;unnamed&gt;"/>
        </source>
        <source branches-hit="0" branches-valid="0" filename="_channel_impl.dart" functions-hit="0" functions-valid="0" lines-hit="48" lines-valid="49" prefix="/home/runner/work/squadron/squadron/lib/src">
            <testCase branch-hit="0" function-hit="0" line-hit="48" name="&lt;unnamed&gt;"/>
        </source>
        <source branches-hit="0" branches-valid="0" filename="_worker_runner.dart" functions-hit="0" functions-valid="0" lines-hit="2" lines-valid="2" prefix="/home/runner/work/squadron/squadron/lib/src">
            <testCase branch-hit="0" function-hit="0" line-hit="2" name="&lt;unnamed&gt;"/>
        </source>
        <source branches-hit="0" branches-valid="0" filename="_worker_channel.dart" functions-hit="0" functions-valid="0" lines-hit="23" lines-valid="23" prefix="/home/runner/work/squadron/squadron/lib/src">
            <testCase branch-hit="0" function-hit="0" line-hit="23" name="&lt;unnamed&gt;"/>
        </source>
        <source branches-hit="0" branches-valid="0" filename="_typedefs.dart" functions-hit="0" functions-valid="0" lines-hit="1" lines-valid="1" prefix="/home/runner/work/squadron/squadron/lib/src">
            <testCase branch-hit="0" function-hit="0" line-hit="1" name="&lt;unnamed&gt;"/>
        </source>
        <source branches-hit="0" branches-valid="0" filename="_channel.dart" functions-hit="0" functions-valid="0" lines-hit="40" lines-valid="49" prefix="/home/runner/work/squadron/squadron/lib/src">
            <testCase branch-hit="0" function-hit="0" line-hit="40" name="&lt;unnamed&gt;"/>
        </source>
        <source branches-hit="0" branches-valid="0" filename="_local_worker.dart" functions-hit="0" functions-valid="0" lines-hit="13" lines-valid="16" prefix="/home/runner/work/squadron/squadron/lib/src">
            <testCase branch-hit="0" function-hit="0" line-hit="13" name="&lt;unnamed&gt;"/>
        </source>
    </sources>
    <config branch-coverage="true" description-file="false" function-coverage="true" genhtml_hi_limit="90" genhtml_med_limit="75" legend="false" no-sort="false" no-source="false"/>
    <base href="../../"/>
    <base href="../../"/>
</coverage>
