<?xml version="1.0" encoding="UTF-8" standalone="no"?>
<?xml-stylesheet type="text/xsl" href="../jgenhtml.xsl"?><coverage branch-rate="NaN" branches-covered="0" branches-valid="0" complexity="0" date="2026-02-15" filename="index" function-rate="NaN" functions-covered="0" functions-valid="0" line-rate="0.8730159" lines-covered="55" lines-valid="63" package="src" testname="lcov.info" version="1.6">
    <sources>
        <source branches-hit="0" branches-valid="0" filename="concurrency_settings.dart" functions-hit="0" functions-valid="0" lines-hit="6" lines-valid="6" prefix="/home/runner/work/squadron/squadron/lib/">
            <testCase branches-hit="0" functions-hit="0" lines-hit="6" name="&lt;unnamed&gt;"/>
        </source>
        <source branches-hit="0" branches-valid="0" filename="utils.dart" functions-hit="0" functions-valid="0" lines-hit="5" lines-valid="5" prefix="/home/runner/work/squadron/squadron/lib/">
            <testCase branches-hit="0" functions-hit="0" lines-hit="5" name="&lt;unnamed&gt;"/>
        </source>
        <source branches-hit="0" branches-valid="0" filename="bootstrapper.dart" functions-hit="0" functions-valid="0" lines-hit="2" lines-valid="2" prefix="/home/runner/work/squadron/squadron/lib/">
            <testCase branches-hit="0" functions-hit="0" lines-hit="2" name="&lt;unnamed&gt;"/>
        </source>
        <source branches-hit="0" branches-valid="0" filename="service_installer.dart" functions-hit="0" functions-valid="0" lines-hit="2" lines-valid="2" prefix="/home/runner/work/squadron/squadron/lib/">
            <testCase branches-hit="0" functions-hit="0" lines-hit="2" name="&lt;unnamed&gt;"/>
        </source>
        <source branches-hit="0" branches-valid="0" filename="channel.dart" functions-hit="0" functions-valid="0" lines-hit="6" lines-valid="6" prefix="/home/runner/work/squadron/squadron/lib/">
            <testCase branches-hit="0" functions-hit="0" lines-hit="6" name="&lt;unnamed&gt;"/>
        </source>
        <source branches-hit="0" branches-valid="0" filename="squadron_platform_type.dart" functions-hit="0" functions-valid="0" lines-hit="10" lines-valid="11" prefix="/home/runner/work/squadron/squadron/lib/">
            <testCase branches-hit="0" functions-hit="0" lines-hit="10" name="&lt;unnamed&gt;"/>
        </source>
        <source branches-hit="0" branches-valid="0" filename="squadron_singleton.dart" functions-hit="0" functions-valid="0" lines-hit="17" lines-valid="19" prefix="/home/runner/work/squadron/squadron/lib/">
            <testCase branches-hit="0" functions-hit="0" lines-hit="17" name="&lt;unnamed&gt;"/>
        </source>
        <source branches-hit="0" branches-valid="0" filename="worker_client.dart" functions-hit="0" functions-valid="0" lines-hit="5" lines-valid="10" prefix="/home/runner/work/squadron/squadron/lib/">
            <testCase branches-hit="0" functions-hit="0" lines-hit="5" name="&lt;unnamed&gt;"/>
        </source>
        <source branches-hit="0" branches-valid="0" filename="typedefs.dart" functions-hit="0" functions-valid="0" lines-hit="2" lines-valid="2" prefix="/home/runner/work/squadron/squadron/lib/">
            <testCase branches-hit="0" functions-hit="0" lines-hit="2" name="&lt;unnamed&gt;"/>
        </source>
    </sources>
    <config branch-coverage="true" description-file="false" function-coverage="true" genhtml_hi_limit="90" genhtml_med_limit="75" legend="false" no-sort="false" no-source="false" show-details="false"/>
    <base href="../"/>
    <base href="../"/>
</coverage>
