<?xml version="1.0" encoding="UTF-8" standalone="no"?>
<?xml-stylesheet type="text/xsl" href="../jgenhtml.xsl"?><coverage branch-rate="NaN" branches-covered="0" branches-valid="0" complexity="0" date="2025-09-28" filename="service_installer.dart" function-rate="NaN" functions-covered="0" functions-valid="0" line-rate="1.0" lines-covered="2" lines-valid="2" package="src" testname="lcov.info" version="1.6">
    <lines>
        <line number="1">
            <code>import 'dart:async';</code>
        </line>
        <line number="2">
            <code/>
        </line>
        <line number="3">
            <code>import 'worker/worker.dart';</code>
        </line>
        <line number="4">
            <code/>
        </line>
        <line number="5">
            <code>/// Extend this class or implement this interface in your worker service if it needs</code>
        </line>
        <line number="6">
            <code>/// to take action when the worker thread is started or stopped.</code>
        </line>
        <line number="7">
            <code>mixin ServiceInstaller {</code>
        </line>
        <line number="8">
            <code>  /// Squadron will call this method as part of the worker thread initialization.</code>
        </line>
        <line number="9">
            <code>  /// It will be called just after the service instance has been constructed. The</code>
        </line>
        <line number="10">
            <code>  /// future returned by [Worker.start] will not complete before this method completes</code>
        </line>
        <line number="11">
            <code>  /// whether synchronously or asynchronously. If this method throws, the future</code>
        </line>
        <line number="12">
            <code>  /// returned by [Worker.start] will complete with an error and the service will not</code>
        </line>
        <line number="13">
            <code>  /// be available.</code>
        </line>
        <line hits="2" number="14">
            <code>  FutureOr&lt;void&gt; install() {}</code>
            <hit count="2" name="&lt;unnamed&gt;"/>
        </line>
        <line number="15">
            <code/>
        </line>
        <line number="16">
            <code>  /// Squadron will call this method as part of the worker thread shutdown process.</code>
        </line>
        <line number="17">
            <code>  /// It will be called just before effectively closing the platform channel. If</code>
        </line>
        <line number="18">
            <code>  /// this method throws, the exception will not bubble up to the parent thread.</code>
        </line>
        <line number="19">
            <code>  /// Also, [Worker.stop] does not wait for this method to complete.</code>
        </line>
        <line hits="2" number="20">
            <code>  FutureOr&lt;void&gt; uninstall() {}</code>
            <hit count="2" name="&lt;unnamed&gt;"/>
        </line>
        <line number="21">
            <code>}</code>
        </line>
    </lines>
    <config branch-coverage="true" description-file="false" function-coverage="true" genhtml_hi_limit="90" genhtml_med_limit="75" legend="false" no-sort="false" no-source="false" show-details="false"/>
    <base href="../"/>
    <base href="../"/>
</coverage>
