<?xml version="1.0" encoding="UTF-8" standalone="no"?>
<?xml-stylesheet type="text/xsl" href="../jgenhtml.xsl"?><coverage branch-rate="NaN" branches-covered="0" branches-valid="0" complexity="0" date="2025-09-28" filename="squadron_platform_type.dart" function-rate="NaN" functions-covered="0" functions-valid="0" line-rate="0.90909094" lines-covered="10" lines-valid="11" package="src" testname="lcov.info" version="1.6">
    <lines>
        <line number="1">
            <code>enum SquadronPlatformType {</code>
        </line>
        <line number="2">
            <code>  unknown('Unknown'),</code>
        </line>
        <line number="3">
            <code>  vm('Dart VM'),</code>
        </line>
        <line number="4">
            <code>  js('JavaScript'),</code>
        </line>
        <line number="5">
            <code>  wasm('Web Assembly');</code>
        </line>
        <line number="6">
            <code/>
        </line>
        <line number="7">
            <code>  const SquadronPlatformType(this.label);</code>
        </line>
        <line number="8">
            <code/>
        </line>
        <line number="9">
            <code>  final String label;</code>
        </line>
        <line number="10">
            <code/>
        </line>
        <line hits="24" number="11">
            <code>  bool get isVm =&gt; this == vm;</code>
            <hit count="24" name="&lt;unnamed&gt;"/>
        </line>
        <line hits="8" number="12">
            <code>  bool get isJs =&gt; this == js;</code>
            <hit count="8" name="&lt;unnamed&gt;"/>
        </line>
        <line hits="6" number="13">
            <code>  bool get isWasm =&gt; this == wasm;</code>
            <hit count="6" name="&lt;unnamed&gt;"/>
        </line>
        <line hits="9" number="14">
            <code>  bool get isWeb =&gt; isJs || isWasm;</code>
            <hit count="9" name="&lt;unnamed&gt;"/>
        </line>
        <line number="15">
            <code/>
        </line>
        <line hits="1" number="16">
            <code>  static SquadronPlatformType? tryParse(String label) {</code>
            <hit count="1" name="&lt;unnamed&gt;"/>
        </line>
        <line hits="2" number="17">
            <code>    if (label == js.label) return js;</code>
            <hit count="2" name="&lt;unnamed&gt;"/>
        </line>
        <line hits="2" number="18">
            <code>    if (label == wasm.label) return wasm;</code>
            <hit count="2" name="&lt;unnamed&gt;"/>
        </line>
        <line hits="2" number="19">
            <code>    if (label == vm.label) return vm;</code>
            <hit count="2" name="&lt;unnamed&gt;"/>
        </line>
        <line hits="0" number="20">
            <code>    if (label == unknown.label) return unknown;</code>
        </line>
        <line number="21">
            <code>    return null;</code>
        </line>
        <line number="22">
            <code>  }</code>
        </line>
        <line number="23">
            <code/>
        </line>
        <line hits="1" number="24">
            <code>  @override</code>
            <hit count="1" name="&lt;unnamed&gt;"/>
        </line>
        <line hits="1" number="25">
            <code>  String toString() =&gt; label;</code>
            <hit count="1" name="&lt;unnamed&gt;"/>
        </line>
        <line number="26">
            <code>}</code>
        </line>
    </lines>
    <config branch-coverage="true" description-file="false" function-coverage="true" genhtml_hi_limit="90" genhtml_med_limit="75" legend="false" no-sort="false" no-source="false" show-details="false"/>
    <base href="../"/>
    <base href="../"/>
</coverage>
