<?xml version="1.0" encoding="UTF-8" standalone="no"?>
<?xml-stylesheet type="text/xsl" href="../jgenhtml.xsl"?><coverage branch-rate="NaN" branches-covered="0" branches-valid="0" complexity="0" date="2025-09-28" filename="worker_service.dart" function-rate="NaN" functions-covered="0" functions-valid="0" line-rate="1.0" lines-covered="1" lines-valid="1" package="src" testname="lcov.info" version="1.6">
    <lines>
        <line number="1">
            <code>import 'typedefs.dart';</code>
        </line>
        <line number="2">
            <code>import 'worker/worker_request.dart';</code>
        </line>
        <line number="3">
            <code/>
        </line>
        <line number="4">
            <code>/// Base class for a worker service.</code>
        </line>
        <line number="5">
            <code>abstract interface class WorkerService {</code>
        </line>
        <line number="6">
            <code>  /// Map of command handlers. Upon reception of a [WorkerRequest], the platform</code>
        </line>
        <line number="7">
            <code>  /// worker will dispatch the request to the [CommandHandler] matching the value</code>
        </line>
        <line number="8">
            <code>  /// of [WorkerRequest.command].</code>
        </line>
        <line number="9">
            <code>  OperationsMap get operations;</code>
        </line>
        <line number="10">
            <code/>
        </line>
        <line number="11">
            <code>  /// Empty command handlers map.</code>
        </line>
        <line hits="4" number="12">
            <code>  static final OperationsMap noOperations = OperationsMap({});</code>
            <hit count="4" name="&lt;unnamed&gt;"/>
        </line>
        <line number="13">
            <code>}</code>
        </line>
    </lines>
    <config branch-coverage="true" description-file="false" function-coverage="true" genhtml_hi_limit="90" genhtml_med_limit="75" legend="false" no-sort="false" no-source="false" show-details="false"/>
    <base href="../"/>
    <base href="../"/>
</coverage>
