<?xml version="1.0" encoding="UTF-8" standalone="no"?>
<?xml-stylesheet type="text/xsl" href="../../../jgenhtml.xsl"?><coverage branch-rate="NaN" branches-covered="0" branches-valid="0" complexity="0" date="2024-09-21" filename="_channel_impl.dart" function-rate="NaN" functions-covered="0" functions-valid="0" line-rate="0.84" lines-covered="105" lines-valid="125" package="src/_impl/web" testname="lcov.info" version="1.6">
    <lines>
        <line number="1">
            <code>part of '_channel.dart';</code>
        </line>
        <line number="2">
            <code/>
        </line>
        <line number="3">
            <code>/// [Channel] implementation for the JavaScript world.</code>
        </line>
        <line number="4">
            <code>final class _WebChannel implements Channel {</code>
        </line>
        <line hits="9" number="5">
            <code>  _WebChannel._(this._sendPort, this.logger, this.exceptionManager);</code>
            <hit count="9" name="&lt;unnamed&gt;"/>
        </line>
        <line number="6">
            <code/>
        </line>
        <line number="7">
            <code>  /// [web.MessagePort] to communicate with the [web.Worker] if the channel is owned by the worker owner. Otherwise,</code>
        </line>
        <line number="8">
            <code>  /// [web.MessagePort] to return values to the client.</code>
        </line>
        <line number="9">
            <code>  final web.MessagePort _sendPort;</code>
        </line>
        <line number="10">
            <code/>
        </line>
        <line number="11">
            <code>  @override</code>
        </line>
        <line number="12">
            <code>  final ExceptionManager exceptionManager;</code>
        </line>
        <line number="13">
            <code/>
        </line>
        <line number="14">
            <code>  @override</code>
        </line>
        <line number="15">
            <code>  final Logger? logger;</code>
        </line>
        <line number="16">
            <code/>
        </line>
        <line number="17">
            <code>  bool _closed = false;</code>
        </line>
        <line number="18">
            <code/>
        </line>
        <line number="19">
            <code>  /// [Channel] serialization in JavaScript world returns the [web.MessagePort].</code>
        </line>
        <line number="20">
            <code>  @override</code>
        </line>
        <line number="21">
            <code>  PlatformChannel serialize() =&gt; _sendPort;</code>
        </line>
        <line number="22">
            <code/>
        </line>
        <line number="23">
            <code>  /// [Channel] sharing in JavaScript world returns a [_WebForwardChannel].</code>
        </line>
        <line number="24">
            <code>  @override</code>
        </line>
        <line hits="2" number="25">
            <code>  Channel share() =&gt; _WebForwardChannel._(</code>
            <hit count="2" name="&lt;unnamed&gt;"/>
        </line>
        <line hits="3" number="26">
            <code>      _sendPort, web.MessageChannel(), logger, exceptionManager);</code>
            <hit count="3" name="&lt;unnamed&gt;"/>
        </line>
        <line number="27">
            <code/>
        </line>
        <line hits="9" number="28">
            <code>  void _postRequest(WorkerRequest req) {</code>
            <hit count="9" name="&lt;unnamed&gt;"/>
        </line>
        <line hits="9" number="29">
            <code>    if (_closed) {</code>
            <hit count="9" name="&lt;unnamed&gt;"/>
        </line>
        <line hits="0" number="30">
            <code>      throw SquadronErrorExt.create('Channel is closed');</code>
        </line>
        <line number="31">
            <code>    }</code>
        </line>
        <line hits="1" number="32">
            <code>    try {</code>
            <hit count="1" name="&lt;unnamed&gt;"/>
        </line>
        <line hits="2" number="33">
            <code>      req.cancelToken?.ensureStarted();</code>
            <hit count="2" name="&lt;unnamed&gt;"/>
        </line>
        <line hits="9" number="34">
            <code>      final data = req.wrapInPlace();</code>
            <hit count="9" name="&lt;unnamed&gt;"/>
        </line>
        <line number="35">
            <code>      final msg = data.jsify();</code>
        </line>
        <line hits="9" number="36">
            <code>      final transfer = Transferables.get([req.channelInfo]);</code>
            <hit count="9" name="&lt;unnamed&gt;"/>
        </line>
        <line hits="9" number="37">
            <code>      if (transfer == null || transfer.isEmpty) {</code>
            <hit count="9" name="&lt;unnamed&gt;"/>
        </line>
        <line hits="9" number="38">
            <code>        _sendPort.postMessage(msg);</code>
            <hit count="9" name="&lt;unnamed&gt;"/>
        </line>
        <line number="39">
            <code>      } else {</code>
        </line>
        <line hits="8" number="40">
            <code>        final jsTransfer = transfer.jsify() as JSArray;</code>
            <hit count="8" name="&lt;unnamed&gt;"/>
        </line>
        <line number="41">
            <code>        _sendPort.postMessage(msg, jsTransfer);</code>
        </line>
        <line number="42">
            <code>      }</code>
        </line>
        <line hits="1" number="43">
            <code>    } catch (ex, st) {</code>
            <hit count="1" name="&lt;unnamed&gt;"/>
        </line>
        <line hits="3" number="44">
            <code>      logger?.e(() =&gt; 'Failed to post request $req: $ex');</code>
            <hit count="3" name="&lt;unnamed&gt;"/>
        </line>
        <line hits="1" number="45">
            <code>      throw SquadronErrorExt.create('Failed to post request: $ex', st);</code>
            <hit count="1" name="&lt;unnamed&gt;"/>
        </line>
        <line number="46">
            <code>    }</code>
        </line>
        <line hits="9" number="47">
            <code>  }</code>
            <hit count="9" name="&lt;unnamed&gt;"/>
        </line>
        <line number="48">
            <code/>
        </line>
        <line hits="2" number="49">
            <code>  void _inspectAndPostRequest(WorkerRequest req) {</code>
            <hit count="2" name="&lt;unnamed&gt;"/>
        </line>
        <line hits="2" number="50">
            <code>    if (_closed) {</code>
            <hit count="2" name="&lt;unnamed&gt;"/>
        </line>
        <line hits="0" number="51">
            <code>      throw SquadronErrorExt.create('Channel is closed');</code>
        </line>
        <line number="52">
            <code>    }</code>
        </line>
        <line hits="0" number="53">
            <code>    req.cancelToken?.ensureStarted();</code>
        </line>
        <line number="54">
            <code>    req.cancelToken?.throwIfCanceled();</code>
        </line>
        <line hits="1" number="55">
            <code>    try {</code>
            <hit count="1" name="&lt;unnamed&gt;"/>
        </line>
        <line hits="2" number="56">
            <code>      final data = req.wrapInPlace();</code>
            <hit count="2" name="&lt;unnamed&gt;"/>
        </line>
        <line number="57">
            <code>      final msg = data.jsify();</code>
        </line>
        <line hits="2" number="58">
            <code>      final transfer = Transferables.get(data);</code>
            <hit count="2" name="&lt;unnamed&gt;"/>
        </line>
        <line hits="2" number="59">
            <code>      if (transfer == null || transfer.isEmpty) {</code>
            <hit count="2" name="&lt;unnamed&gt;"/>
        </line>
        <line hits="2" number="60">
            <code>        _sendPort.postMessage(msg);</code>
            <hit count="2" name="&lt;unnamed&gt;"/>
        </line>
        <line number="61">
            <code>      } else {</code>
        </line>
        <line hits="2" number="62">
            <code>        final jsTransfer = transfer.jsify() as JSArray;</code>
            <hit count="2" name="&lt;unnamed&gt;"/>
        </line>
        <line number="63">
            <code>        _sendPort.postMessage(msg, jsTransfer);</code>
        </line>
        <line number="64">
            <code>      }</code>
        </line>
        <line hits="1" number="65">
            <code>    } catch (ex, st) {</code>
            <hit count="1" name="&lt;unnamed&gt;"/>
        </line>
        <line number="66">
            <code>      logger?.e(() =&gt; 'Failed to post request $req: $ex');</code>
        </line>
        <line hits="1" number="67">
            <code>      throw SquadronErrorExt.create('Failed to post request: $ex', st);</code>
            <hit count="1" name="&lt;unnamed&gt;"/>
        </line>
        <line number="68">
            <code>    }</code>
        </line>
        <line hits="2" number="69">
            <code>  }</code>
            <hit count="2" name="&lt;unnamed&gt;"/>
        </line>
        <line number="70">
            <code/>
        </line>
        <line number="71">
            <code>  /// Sends a termination [WorkerRequest] to the [web.Worker].</code>
        </line>
        <line number="72">
            <code>  @override</code>
        </line>
        <line hits="9" number="73">
            <code>  FutureOr&lt;void&gt; close() {</code>
            <hit count="9" name="&lt;unnamed&gt;"/>
        </line>
        <line hits="9" number="74">
            <code>    if (!_closed) {</code>
            <hit count="9" name="&lt;unnamed&gt;"/>
        </line>
        <line hits="9" number="75">
            <code>      _postRequest(WorkerRequest.stop());</code>
            <hit count="9" name="&lt;unnamed&gt;"/>
        </line>
        <line hits="9" number="76">
            <code>      _closed = true;</code>
            <hit count="9" name="&lt;unnamed&gt;"/>
        </line>
        <line number="77">
            <code>    }</code>
        </line>
        <line hits="9" number="78">
            <code>  }</code>
            <hit count="9" name="&lt;unnamed&gt;"/>
        </line>
        <line number="79">
            <code/>
        </line>
        <line number="80">
            <code>  /// Sends a close stream [WorkerRequest] to the [web.Worker].</code>
        </line>
        <line number="81">
            <code>  @override</code>
        </line>
        <line number="82">
            <code>  FutureOr&lt;void&gt; cancelStream(int streamId) {</code>
        </line>
        <line hits="3" number="83">
            <code>    if (!_closed) {</code>
            <hit count="3" name="&lt;unnamed&gt;"/>
        </line>
        <line hits="3" number="84">
            <code>      _postRequest(WorkerRequest.cancelStream(streamId));</code>
            <hit count="3" name="&lt;unnamed&gt;"/>
        </line>
        <line number="85">
            <code>    }</code>
        </line>
        <line number="86">
            <code>  }</code>
        </line>
        <line number="87">
            <code/>
        </line>
        <line number="88">
            <code>  /// Sends a cancel token [WorkerRequest] to the [web.Worker].</code>
        </line>
        <line number="89">
            <code>  @override</code>
        </line>
        <line hits="2" number="90">
            <code>  FutureOr&lt;void&gt; cancelToken(SquadronCancelationToken? token) {</code>
            <hit count="2" name="&lt;unnamed&gt;"/>
        </line>
        <line hits="2" number="91">
            <code>    if (token != null &amp;&amp; !_closed) {</code>
            <hit count="2" name="&lt;unnamed&gt;"/>
        </line>
        <line hits="2" number="92">
            <code>      _postRequest(WorkerRequest.cancel(token));</code>
            <hit count="2" name="&lt;unnamed&gt;"/>
        </line>
        <line number="93">
            <code>    }</code>
        </line>
        <line hits="2" number="94">
            <code>  }</code>
            <hit count="2" name="&lt;unnamed&gt;"/>
        </line>
        <line number="95">
            <code/>
        </line>
        <line hits="9" number="96">
            <code>  Stream _getResponseStream(</code>
            <hit count="9" name="&lt;unnamed&gt;"/>
        </line>
        <line number="97">
            <code>    web.MessageChannel com,</code>
        </line>
        <line number="98">
            <code>    WorkerRequest req,</code>
        </line>
        <line number="99">
            <code>    void Function(WorkerRequest) post, {</code>
        </line>
        <line number="100">
            <code>    required bool streaming,</code>
        </line>
        <line number="101">
            <code>  }) {</code>
        </line>
        <line hits="9" number="102">
            <code>    final command = req.command;</code>
            <hit count="9" name="&lt;unnamed&gt;"/>
        </line>
        <line number="103">
            <code/>
        </line>
        <line number="104">
            <code>    // return a stream of responses</code>
        </line>
        <line hits="9" number="105">
            <code>    Stream&lt;WorkerResponse&gt; $sendRequest() {</code>
            <hit count="9" name="&lt;unnamed&gt;"/>
        </line>
        <line hits="9" number="106">
            <code>      StreamController&lt;WorkerResponse&gt;? controller;</code>
            <hit count="9" name="&lt;unnamed&gt;"/>
        </line>
        <line number="107">
            <code/>
        </line>
        <line hits="9" number="108">
            <code>      void $forwardMessage(WorkerResponse msg) =&gt; controller?.add(msg);</code>
            <hit count="9" name="&lt;unnamed&gt;"/>
        </line>
        <line number="109">
            <code/>
        </line>
        <line hits="9" number="110">
            <code>      void $forwardError(Object error, StackTrace? st) =&gt;</code>
            <hit count="9" name="&lt;unnamed&gt;"/>
        </line>
        <line hits="2" number="111">
            <code>          controller?.addError(SquadronException.from(error, st, command));</code>
            <hit count="2" name="&lt;unnamed&gt;"/>
        </line>
        <line number="112">
            <code/>
        </line>
        <line number="113">
            <code>      final buffer = EventBuffer($forwardMessage, $forwardError);</code>
        </line>
        <line number="114">
            <code/>
        </line>
        <line hits="9" number="115">
            <code>      Future&lt;void&gt; $close() async {</code>
            <hit count="9" name="&lt;unnamed&gt;"/>
        </line>
        <line hits="9" number="116">
            <code>        com.port1.close();</code>
            <hit count="9" name="&lt;unnamed&gt;"/>
        </line>
        <line number="117">
            <code>        com.port2.close();</code>
        </line>
        <line hits="9" number="118">
            <code>        final future = controller?.close();</code>
            <hit count="9" name="&lt;unnamed&gt;"/>
        </line>
        <line hits="9" number="119">
            <code>        controller = null;</code>
            <hit count="9" name="&lt;unnamed&gt;"/>
        </line>
        <line hits="9" number="120">
            <code>        await future;</code>
            <hit count="9" name="&lt;unnamed&gt;"/>
        </line>
        <line hits="9" number="121">
            <code>      }</code>
            <hit count="9" name="&lt;unnamed&gt;"/>
        </line>
        <line number="122">
            <code/>
        </line>
        <line hits="9" number="123">
            <code>      controller = StreamController&lt;WorkerResponse&gt;(</code>
            <hit count="9" name="&lt;unnamed&gt;"/>
        </line>
        <line hits="9" number="124">
            <code>        onListen: () {</code>
            <hit count="9" name="&lt;unnamed&gt;"/>
        </line>
        <line number="125">
            <code>          // do nothing if the controller is closed already</code>
        </line>
        <line hits="9" number="126">
            <code>          if (controller == null) return;</code>
            <hit count="9" name="&lt;unnamed&gt;"/>
        </line>
        <line number="127">
            <code/>
        </line>
        <line number="128">
            <code>          // bind the controller</code>
        </line>
        <line hits="9" number="129">
            <code>          com.port1.onmessageerror = (web.ErrorEvent e) {</code>
            <hit count="9" name="&lt;unnamed&gt;"/>
        </line>
        <line hits="0" number="130">
            <code>            final ex = SquadronException.from(getError(e), null, command);</code>
        </line>
        <line hits="0" number="131">
            <code>            final handler = buffer.isActive ? buffer.addError : $forwardError;</code>
        </line>
        <line hits="0" number="132">
            <code>            handler(ex, null);</code>
        </line>
        <line hits="9" number="133">
            <code>          }.toJS;</code>
            <hit count="9" name="&lt;unnamed&gt;"/>
        </line>
        <line number="134">
            <code/>
        </line>
        <line hits="9" number="135">
            <code>          com.port1.onmessage = (web.MessageEvent e) {</code>
            <hit count="9" name="&lt;unnamed&gt;"/>
        </line>
        <line hits="9" number="136">
            <code>            final res = WorkerResponseExt.from(getMessageEventData(e)!);</code>
            <hit count="9" name="&lt;unnamed&gt;"/>
        </line>
        <line hits="9" number="137">
            <code>            final handler = buffer.isActive ? buffer.add : $forwardMessage;</code>
            <hit count="9" name="&lt;unnamed&gt;"/>
        </line>
        <line hits="9" number="138">
            <code>            handler(res);</code>
            <hit count="9" name="&lt;unnamed&gt;"/>
        </line>
        <line hits="9" number="139">
            <code>          }.toJS;</code>
            <hit count="9" name="&lt;unnamed&gt;"/>
        </line>
        <line number="140">
            <code/>
        </line>
        <line number="141">
            <code>          // send the request</code>
        </line>
        <line hits="2" number="142">
            <code>          try {</code>
            <hit count="2" name="&lt;unnamed&gt;"/>
        </line>
        <line hits="9" number="143">
            <code>            post(req);</code>
            <hit count="9" name="&lt;unnamed&gt;"/>
        </line>
        <line hits="2" number="144">
            <code>          } catch (ex, st) {</code>
            <hit count="2" name="&lt;unnamed&gt;"/>
        </line>
        <line number="145">
            <code>            if (buffer.isActive) {</code>
        </line>
        <line hits="0" number="146">
            <code>              buffer.addError(ex, st);</code>
        </line>
        <line hits="2" number="147">
            <code>              buffer.onDeactivate = $close;</code>
            <hit count="2" name="&lt;unnamed&gt;"/>
        </line>
        <line number="148">
            <code>            } else {</code>
        </line>
        <line hits="2" number="149">
            <code>              $forwardError(ex, st);</code>
            <hit count="2" name="&lt;unnamed&gt;"/>
        </line>
        <line hits="2" number="150">
            <code>              $close();</code>
            <hit count="2" name="&lt;unnamed&gt;"/>
        </line>
        <line number="151">
            <code>            }</code>
        </line>
        <line number="152">
            <code>          }</code>
        </line>
        <line hits="9" number="153">
            <code>        },</code>
            <hit count="9" name="&lt;unnamed&gt;"/>
        </line>
        <line hits="9" number="154">
            <code>        onPause: buffer.activate,</code>
            <hit count="9" name="&lt;unnamed&gt;"/>
        </line>
        <line hits="9" number="155">
            <code>        onResume: buffer.deactivate,</code>
            <hit count="9" name="&lt;unnamed&gt;"/>
        </line>
        <line number="156">
            <code>        onCancel: $close,</code>
        </line>
        <line number="157">
            <code>      );</code>
        </line>
        <line number="158">
            <code/>
        </line>
        <line hits="9" number="159">
            <code>      return controller!.stream;</code>
            <hit count="9" name="&lt;unnamed&gt;"/>
        </line>
        <line hits="9" number="160">
            <code>    }</code>
            <hit count="9" name="&lt;unnamed&gt;"/>
        </line>
        <line number="161">
            <code/>
        </line>
        <line number="162">
            <code>    // return a stream of decoded responses</code>
        </line>
        <line hits="9" number="163">
            <code>    return ResultStream(this, req, $sendRequest, streaming).stream;</code>
            <hit count="9" name="&lt;unnamed&gt;"/>
        </line>
        <line hits="9" number="164">
            <code>  }</code>
            <hit count="9" name="&lt;unnamed&gt;"/>
        </line>
        <line number="165">
            <code/>
        </line>
        <line number="166">
            <code>  /// Creates a [web.MessageChannel] and a [WorkerRequest] and sends it to the [web.Worker]. This method expects a</code>
        </line>
        <line number="167">
            <code>  /// single value from the [web.Worker].</code>
        </line>
        <line number="168">
            <code>  @override</code>
        </line>
        <line hits="8" number="169">
            <code>  Future&lt;dynamic&gt; sendRequest(</code>
            <hit count="8" name="&lt;unnamed&gt;"/>
        </line>
        <line number="170">
            <code>    int command,</code>
        </line>
        <line number="171">
            <code>    List args, {</code>
        </line>
        <line number="172">
            <code>    SquadronCancelationToken? token,</code>
        </line>
        <line number="173">
            <code>    bool inspectRequest = false,</code>
        </line>
        <line number="174">
            <code>    bool inspectResponse = false,</code>
        </line>
        <line number="175">
            <code>  }) {</code>
        </line>
        <line number="176">
            <code>    final completer = Completer();</code>
        </line>
        <line hits="8" number="177">
            <code>    late final StreamSubscription sub;</code>
            <hit count="8" name="&lt;unnamed&gt;"/>
        </line>
        <line number="178">
            <code/>
        </line>
        <line hits="8" number="179">
            <code>    void $success(dynamic data) async {</code>
            <hit count="8" name="&lt;unnamed&gt;"/>
        </line>
        <line hits="8" number="180">
            <code>      await sub.cancel();</code>
            <hit count="8" name="&lt;unnamed&gt;"/>
        </line>
        <line hits="8" number="181">
            <code>      if (!completer.isCompleted) completer.complete(data);</code>
            <hit count="8" name="&lt;unnamed&gt;"/>
        </line>
        <line hits="8" number="182">
            <code>    }</code>
            <hit count="8" name="&lt;unnamed&gt;"/>
        </line>
        <line number="183">
            <code/>
        </line>
        <line hits="8" number="184">
            <code>    void $fail(Object ex, [StackTrace? st]) async {</code>
            <hit count="8" name="&lt;unnamed&gt;"/>
        </line>
        <line hits="4" number="185">
            <code>      await sub.cancel();</code>
            <hit count="4" name="&lt;unnamed&gt;"/>
        </line>
        <line hits="4" number="186">
            <code>      if (!completer.isCompleted) completer.completeError(ex, st);</code>
            <hit count="4" name="&lt;unnamed&gt;"/>
        </line>
        <line hits="4" number="187">
            <code>    }</code>
            <hit count="4" name="&lt;unnamed&gt;"/>
        </line>
        <line number="188">
            <code/>
        </line>
        <line hits="8" number="189">
            <code>    void $done() async {</code>
            <hit count="8" name="&lt;unnamed&gt;"/>
        </line>
        <line hits="0" number="190">
            <code>      await sub.cancel();</code>
        </line>
        <line hits="0" number="191">
            <code>      if (!completer.isCompleted) {</code>
        </line>
        <line hits="0" number="192">
            <code>        $fail(WorkerException('No response from worker', null, command));</code>
        </line>
        <line number="193">
            <code>      }</code>
        </line>
        <line hits="0" number="194">
            <code>    }</code>
        </line>
        <line number="195">
            <code/>
        </line>
        <line number="196">
            <code>    final com = web.MessageChannel();</code>
        </line>
        <line number="197">
            <code>    final req = WorkerRequest.userCommand(</code>
        </line>
        <line number="198">
            <code>        com.port2, command, args, token, inspectResponse);</code>
        </line>
        <line hits="8" number="199">
            <code>    final post = inspectRequest ? _inspectAndPostRequest : _postRequest;</code>
            <hit count="8" name="&lt;unnamed&gt;"/>
        </line>
        <line hits="8" number="200">
            <code>    sub = _getResponseStream(com, req, post, streaming: false)</code>
            <hit count="8" name="&lt;unnamed&gt;"/>
        </line>
        <line hits="8" number="201">
            <code>        .listen($success, onError: $fail, onDone: $done);</code>
            <hit count="8" name="&lt;unnamed&gt;"/>
        </line>
        <line hits="8" number="202">
            <code>    return completer.future;</code>
            <hit count="8" name="&lt;unnamed&gt;"/>
        </line>
        <line hits="8" number="203">
            <code>  }</code>
            <hit count="8" name="&lt;unnamed&gt;"/>
        </line>
        <line number="204">
            <code/>
        </line>
        <line number="205">
            <code>  /// Creates a [web.MessageChannel] and a [WorkerRequest] and sends it to the [web.Worker]. This method expects a</code>
        </line>
        <line number="206">
            <code>  /// stream of values from the [web.Worker]. The [web.Worker] must send a [WorkerResponse.endOfStream] to close</code>
        </line>
        <line number="207">
            <code>  /// the [Stream].</code>
        </line>
        <line number="208">
            <code>  @override</code>
        </line>
        <line hits="5" number="209">
            <code>  Stream&lt;dynamic&gt; sendStreamingRequest(</code>
            <hit count="5" name="&lt;unnamed&gt;"/>
        </line>
        <line number="210">
            <code>    int command,</code>
        </line>
        <line number="211">
            <code>    List args, {</code>
        </line>
        <line number="212">
            <code>    SquadronCancelationToken? token,</code>
        </line>
        <line number="213">
            <code>    bool inspectRequest = false,</code>
        </line>
        <line number="214">
            <code>    bool inspectResponse = false,</code>
        </line>
        <line number="215">
            <code>  }) {</code>
        </line>
        <line number="216">
            <code>    final com = web.MessageChannel();</code>
        </line>
        <line number="217">
            <code>    final req = WorkerRequest.userCommand(</code>
        </line>
        <line number="218">
            <code>        com.port2, command, args, token, inspectResponse);</code>
        </line>
        <line hits="5" number="219">
            <code>    final post = inspectRequest ? _inspectAndPostRequest : _postRequest;</code>
            <hit count="5" name="&lt;unnamed&gt;"/>
        </line>
        <line hits="5" number="220">
            <code>    return _getResponseStream(com, req, post, streaming: true);</code>
            <hit count="5" name="&lt;unnamed&gt;"/>
        </line>
        <line hits="5" number="221">
            <code>  }</code>
            <hit count="5" name="&lt;unnamed&gt;"/>
        </line>
        <line number="222">
            <code>}</code>
        </line>
        <line number="223">
            <code/>
        </line>
        <line number="224">
            <code>/// [Channel] used to communicate between [web.Worker]s. Creates a</code>
        </line>
        <line number="225">
            <code>/// [web.MessageChannel] to receive commands on</code>
        </line>
        <line number="226">
            <code>/// [web.MessageChannel.port2] and forwards them to the worker's [web.MessagePort] via [web.MessageChannel.port1].</code>
        </line>
        <line number="227">
            <code>final class _WebForwardChannel extends _WebChannel {</code>
        </line>
        <line number="228">
            <code>  /// [_remote] is the worker's [web.MessagePort], [_com] is the intermediate</code>
        </line>
        <line number="229">
            <code>  /// message channel</code>
        </line>
        <line hits="3" number="230">
            <code>  _WebForwardChannel._(this._remote, this._com, Logger? logger,</code>
            <hit count="3" name="&lt;unnamed&gt;"/>
        </line>
        <line number="231">
            <code>      ExceptionManager exceptionManager)</code>
        </line>
        <line number="232">
            <code>      : super._(_com.port2, logger, exceptionManager) {</code>
        </line>
        <line hits="3" number="233">
            <code>    _com.port1.onmessage = _forward.toJS;</code>
            <hit count="3" name="&lt;unnamed&gt;"/>
        </line>
        <line number="234">
            <code>  }</code>
        </line>
        <line number="235">
            <code/>
        </line>
        <line number="236">
            <code>  /// [web.MessagePort] to the worker.</code>
        </line>
        <line number="237">
            <code>  final web.MessagePort _remote;</code>
        </line>
        <line number="238">
            <code/>
        </line>
        <line number="239">
            <code>  /// [web.MessageChannel] used for forwarding messages.</code>
        </line>
        <line number="240">
            <code>  final web.MessageChannel _com;</code>
        </line>
        <line number="241">
            <code/>
        </line>
        <line number="242">
            <code>  /// Forwards [web.MessageEvent.data] to the worker.</code>
        </line>
        <line hits="3" number="243">
            <code>  void _forward(web.MessageEvent e) {</code>
            <hit count="3" name="&lt;unnamed&gt;"/>
        </line>
        <line hits="3" number="244">
            <code>    if (_closed) {</code>
            <hit count="3" name="&lt;unnamed&gt;"/>
        </line>
        <line hits="0" number="245">
            <code>      throw SquadronErrorExt.create('Channel is closed');</code>
        </line>
        <line number="246">
            <code>    }</code>
        </line>
        <line hits="0" number="247">
            <code>    try {</code>
        </line>
        <line hits="3" number="248">
            <code>      final data = getMessageEventData(e) as List;</code>
            <hit count="3" name="&lt;unnamed&gt;"/>
        </line>
        <line hits="3" number="249">
            <code>      final transfer = Transferables.get(data);</code>
            <hit count="3" name="&lt;unnamed&gt;"/>
        </line>
        <line hits="3" number="250">
            <code>      if (transfer == null || transfer.isEmpty) {</code>
            <hit count="3" name="&lt;unnamed&gt;"/>
        </line>
        <line hits="3" number="251">
            <code>        _remote.postMessage(e.data);</code>
            <hit count="3" name="&lt;unnamed&gt;"/>
        </line>
        <line number="252">
            <code>      } else {</code>
        </line>
        <line hits="3" number="253">
            <code>        final jsTransfer = transfer.jsify() as JSArray;</code>
            <hit count="3" name="&lt;unnamed&gt;"/>
        </line>
        <line number="254">
            <code>        _remote.postMessage(e.data, jsTransfer);</code>
        </line>
        <line number="255">
            <code>      }</code>
        </line>
        <line hits="0" number="256">
            <code>    } catch (ex, st) {</code>
        </line>
        <line hits="1" number="257">
            <code>      logger?.e(() =&gt; 'Failed to post request $e: $ex');</code>
            <hit count="1" name="&lt;unnamed&gt;"/>
        </line>
        <line hits="0" number="258">
            <code>      throw SquadronErrorExt.create('Failed to post request: $ex', st);</code>
        </line>
        <line number="259">
            <code>    }</code>
        </line>
        <line hits="3" number="260">
            <code>  }</code>
            <hit count="3" name="&lt;unnamed&gt;"/>
        </line>
        <line number="261">
            <code/>
        </line>
        <line number="262">
            <code>  /// Closes this [Channel], effectively stopping message forwarding.</code>
        </line>
        <line number="263">
            <code>  @override</code>
        </line>
        <line hits="0" number="264">
            <code>  void close() {</code>
        </line>
        <line hits="0" number="265">
            <code>    if (!_closed) {</code>
        </line>
        <line hits="0" number="266">
            <code>      _com.port1.close();</code>
        </line>
        <line hits="0" number="267">
            <code>      _closed = true;</code>
        </line>
        <line number="268">
            <code>    }</code>
        </line>
        <line hits="0" number="269">
            <code>  }</code>
        </line>
        <line number="270">
            <code>}</code>
        </line>
    </lines>
    <config branch-coverage="true" description-file="false" function-coverage="true" genhtml_hi_limit="90" genhtml_med_limit="75" legend="false" no-sort="false" no-source="false" show-details="false"/>
    <base href="../../../"/>
    <base href="../../../"/>
</coverage>
