<?xml version="1.0" encoding="UTF-8" standalone="no"?>
<?xml-stylesheet type="text/xsl" href="../../../jgenhtml.xsl"?><coverage branch-rate="NaN" branches-covered="0" branches-valid="0" complexity="0" date="2024-12-21" filename="_channel.dart" function-rate="NaN" functions-covered="0" functions-valid="0" line-rate="0.8433735" lines-covered="70" lines-valid="83" package="src/_impl/web" testname="lcov.info" version="1.6">
    <lines>
        <line number="1">
            <code>import 'dart:async';</code>
        </line>
        <line number="2">
            <code>import 'dart:js_interop';</code>
        </line>
        <line number="3">
            <code/>
        </line>
        <line number="4">
            <code>import 'package:logger/web.dart';</code>
        </line>
        <line number="5">
            <code>import 'package:web/web.dart' as web;</code>
        </line>
        <line number="6">
            <code/>
        </line>
        <line number="7">
            <code>import '../../channel.dart';</code>
        </line>
        <line number="8">
            <code>import '../../exceptions/exception_manager.dart';</code>
        </line>
        <line number="9">
            <code>import '../../exceptions/squadron_error.dart';</code>
        </line>
        <line number="10">
            <code>import '../../exceptions/squadron_exception.dart';</code>
        </line>
        <line number="11">
            <code>import '../../exceptions/worker_exception.dart';</code>
        </line>
        <line number="12">
            <code>import '../../tokens/_squadron_cancelation_token.dart';</code>
        </line>
        <line number="13">
            <code>import '../../typedefs.dart';</code>
        </line>
        <line number="14">
            <code>import '../../worker/worker_channel.dart';</code>
        </line>
        <line number="15">
            <code>import '../../worker/worker_request.dart';</code>
        </line>
        <line number="16">
            <code>import '../../worker/worker_response.dart';</code>
        </line>
        <line number="17">
            <code>import '../xplat/_disconnected_channel.dart';</code>
        </line>
        <line number="18">
            <code>import '../xplat/_result_stream.dart';</code>
        </line>
        <line number="19">
            <code>import '../xplat/_transferables.dart';</code>
        </line>
        <line number="20">
            <code>import '_entry_point_uri.dart';</code>
        </line>
        <line number="21">
            <code>import '_event_buffer.dart';</code>
        </line>
        <line number="22">
            <code>import '_patch.dart';</code>
        </line>
        <line number="23">
            <code>import '_uri_checker.dart';</code>
        </line>
        <line number="24">
            <code/>
        </line>
        <line number="25">
            <code>part '_channel_forward.dart';</code>
        </line>
        <line number="26">
            <code>part '_channel_impl.dart';</code>
        </line>
        <line number="27">
            <code/>
        </line>
        <line number="28">
            <code>/// Stub implementations</code>
        </line>
        <line number="29">
            <code/>
        </line>
        <line number="30">
            <code>/// Starts a [web.Worker] using the [entryPoint] and sends a start</code>
        </line>
        <line number="31">
            <code>/// [WorkerRequest] with [startArguments]. The future completes after the</code>
        </line>
        <line number="32">
            <code>/// [web.Worker]'s main program has provided the [web.MessagePort] via</code>
        </line>
        <line number="33">
            <code>/// [WorkerChannel.connect].</code>
        </line>
        <line hits="11" number="34">
            <code>Future&lt;Channel&gt; openChannel(</code>
            <hit count="11" name="&lt;unnamed&gt;"/>
        </line>
        <line number="35">
            <code>  EntryPoint entryPoint,</code>
        </line>
        <line number="36">
            <code>  ExceptionManager exceptionManager,</code>
        </line>
        <line number="37">
            <code>  Logger? logger,</code>
        </line>
        <line number="38">
            <code>  List startArguments,</code>
        </line>
        <line number="39">
            <code>  PlatformThreadHook hook,</code>
        </line>
        <line number="40">
            <code>) async {</code>
        </line>
        <line hits="11" number="41">
            <code>  final completer = Completer&lt;Channel&gt;();</code>
            <hit count="11" name="&lt;unnamed&gt;"/>
        </line>
        <line number="42">
            <code>  final ready = Completer&lt;bool&gt;();</code>
        </line>
        <line number="43">
            <code>  Channel? channel;</code>
        </line>
        <line number="44">
            <code/>
        </line>
        <line number="45">
            <code>  final com = web.MessageChannel();</code>
        </line>
        <line hits="11" number="46">
            <code>  final webEntryPoint = EntryPointUri.from(entryPoint);</code>
            <hit count="11" name="&lt;unnamed&gt;"/>
        </line>
        <line hits="11" number="47">
            <code>  late web.Worker worker;</code>
            <hit count="11" name="&lt;unnamed&gt;"/>
        </line>
        <line number="48">
            <code/>
        </line>
        <line hits="5" number="49">
            <code>  void fail(SquadronException ex) {</code>
            <hit count="5" name="&lt;unnamed&gt;"/>
        </line>
        <line hits="5" number="50">
            <code>    if (!ready.isCompleted) ready.completeError(ex);</code>
            <hit count="5" name="&lt;unnamed&gt;"/>
        </line>
        <line hits="5" number="51">
            <code>    if (!completer.isCompleted) completer.completeError(ex);</code>
            <hit count="5" name="&lt;unnamed&gt;"/>
        </line>
        <line hits="5" number="52">
            <code>  }</code>
            <hit count="5" name="&lt;unnamed&gt;"/>
        </line>
        <line number="53">
            <code/>
        </line>
        <line hits="10" number="54">
            <code>  void success(Channel channel) {</code>
            <hit count="10" name="&lt;unnamed&gt;"/>
        </line>
        <line hits="10" number="55">
            <code>    if (!ready.isCompleted) {</code>
            <hit count="10" name="&lt;unnamed&gt;"/>
        </line>
        <line hits="0" number="56">
            <code>      throw SquadronErrorExt.create('Invalid state: worker is not ready');</code>
        </line>
        <line number="57">
            <code>    }</code>
        </line>
        <line hits="10" number="58">
            <code>    if (!completer.isCompleted) completer.complete(channel);</code>
            <hit count="10" name="&lt;unnamed&gt;"/>
        </line>
        <line hits="10" number="59">
            <code>  }</code>
            <hit count="10" name="&lt;unnamed&gt;"/>
        </line>
        <line number="60">
            <code/>
        </line>
        <line hits="3" number="61">
            <code>  try {</code>
            <hit count="3" name="&lt;unnamed&gt;"/>
        </line>
        <line hits="11" number="62">
            <code>    worker = web.Worker(webEntryPoint.uri.toJS);</code>
            <hit count="11" name="&lt;unnamed&gt;"/>
        </line>
        <line number="63">
            <code/>
        </line>
        <line hits="2" number="64">
            <code>    void $errorHandler(web.ErrorEvent? e) {</code>
            <hit count="2" name="&lt;unnamed&gt;"/>
        </line>
        <line hits="2" number="65">
            <code>      final err = getError(e), error = SquadronErrorExt.create(err.toString());</code>
            <hit count="2" name="&lt;unnamed&gt;"/>
        </line>
        <line hits="2" number="66">
            <code>      logger?.e(() =&gt; 'Connection to Web Worker failed: $error');</code>
            <hit count="2" name="&lt;unnamed&gt;"/>
        </line>
        <line hits="2" number="67">
            <code>      fail(error);</code>
            <hit count="2" name="&lt;unnamed&gt;"/>
        </line>
        <line number="68">
            <code/>
        </line>
        <line hits="3" number="69">
            <code>      UriChecker.exists(entryPoint).then((found) {</code>
            <hit count="3" name="&lt;unnamed&gt;"/>
        </line>
        <line hits="3" number="70">
            <code>        try {</code>
            <hit count="3" name="&lt;unnamed&gt;"/>
        </line>
        <line hits="3" number="71">
            <code>          final msg = (e != null)</code>
            <hit count="3" name="&lt;unnamed&gt;"/>
        </line>
        <line hits="3" number="72">
            <code>              ? '$entryPoint =&gt; ${err.runtimeType} $err [${e.filename}(${e.lineno})]'</code>
            <hit count="3" name="&lt;unnamed&gt;"/>
        </line>
        <line hits="0" number="73">
            <code>              : '$entryPoint =&gt; ${err.runtimeType} $err';</code>
        </line>
        <line hits="0" number="74">
            <code>          logger?.e(() =&gt; 'Unhandled error from Web Worker: $msg.');</code>
        </line>
        <line hits="0" number="75">
            <code>          if (!found) {</code>
        </line>
        <line hits="2" number="76">
            <code>            logger?.e(() =&gt; 'It seems no Web Worker lives at $entryPoint.');</code>
            <hit count="2" name="&lt;unnamed&gt;"/>
        </line>
        <line number="77">
            <code>          }</code>
        </line>
        <line number="78">
            <code>        } catch (_) {</code>
        </line>
        <line number="79">
            <code>          // ignore</code>
        </line>
        <line number="80">
            <code>        }</code>
        </line>
        <line hits="3" number="81">
            <code>      });</code>
            <hit count="3" name="&lt;unnamed&gt;"/>
        </line>
        <line hits="2" number="82">
            <code>    }</code>
            <hit count="2" name="&lt;unnamed&gt;"/>
        </line>
        <line number="83">
            <code/>
        </line>
        <line hits="11" number="84">
            <code>    worker.onerror = $errorHandler.toJS;</code>
            <hit count="11" name="&lt;unnamed&gt;"/>
        </line>
        <line hits="11" number="85">
            <code>    worker.onmessageerror = $errorHandler.toJS;</code>
            <hit count="11" name="&lt;unnamed&gt;"/>
        </line>
        <line number="86">
            <code/>
        </line>
        <line number="87">
            <code>    final disconnected = DisconnectedChannel(exceptionManager, logger);</code>
        </line>
        <line number="88">
            <code/>
        </line>
        <line hits="10" number="89">
            <code>    worker.onmessage = (web.MessageEvent? e) {</code>
            <hit count="10" name="&lt;unnamed&gt;"/>
        </line>
        <line hits="10" number="90">
            <code>      try {</code>
            <hit count="10" name="&lt;unnamed&gt;"/>
        </line>
        <line hits="10" number="91">
            <code>        final response = WorkerResponseExt.from(getMessageEventData(e) as List);</code>
            <hit count="10" name="&lt;unnamed&gt;"/>
        </line>
        <line hits="10" number="92">
            <code>        if (!response.unwrapInPlace(disconnected)) {</code>
            <hit count="10" name="&lt;unnamed&gt;"/>
        </line>
        <line hits="0" number="93">
            <code>          return;</code>
        </line>
        <line number="94">
            <code>        }</code>
        </line>
        <line number="95">
            <code/>
        </line>
        <line number="96">
            <code>        final error = response.error;</code>
        </line>
        <line hits="10" number="97">
            <code>        if (error != null) {</code>
            <hit count="10" name="&lt;unnamed&gt;"/>
        </line>
        <line hits="2" number="98">
            <code>          logger?.e(() =&gt; 'Connection to Web Worker failed: $error');</code>
            <hit count="2" name="&lt;unnamed&gt;"/>
        </line>
        <line hits="1" number="99">
            <code>          fail(error);</code>
            <hit count="1" name="&lt;unnamed&gt;"/>
        </line>
        <line hits="10" number="100">
            <code>        } else if (!ready.isCompleted) {</code>
            <hit count="10" name="&lt;unnamed&gt;"/>
        </line>
        <line hits="2" number="101">
            <code>          logger?.t('Web Worker is ready');</code>
            <hit count="2" name="&lt;unnamed&gt;"/>
        </line>
        <line hits="10" number="102">
            <code>          ready.complete(response.result);</code>
            <hit count="10" name="&lt;unnamed&gt;"/>
        </line>
        <line number="103">
            <code>        }</code>
        </line>
        <line hits="0" number="104">
            <code>      } catch (ex, st) {</code>
        </line>
        <line hits="0" number="105">
            <code>        return fail(SquadronException.from(ex, st));</code>
        </line>
        <line number="106">
            <code>      }</code>
        </line>
        <line hits="11" number="107">
            <code>    }.toJS;</code>
            <hit count="11" name="&lt;unnamed&gt;"/>
        </line>
        <line number="108">
            <code/>
        </line>
        <line hits="11" number="109">
            <code>    final res = await ready.future;</code>
            <hit count="11" name="&lt;unnamed&gt;"/>
        </line>
        <line number="110">
            <code>    if (!res) {</code>
        </line>
        <line hits="0" number="111">
            <code>      throw SquadronErrorExt.create('Web Worker is not ready');</code>
        </line>
        <line number="112">
            <code>    }</code>
        </line>
        <line number="113">
            <code/>
        </line>
        <line number="114">
            <code>    final startRequest = WorkerRequest.start(com.port2, startArguments);</code>
        </line>
        <line number="115">
            <code/>
        </line>
        <line hits="10" number="116">
            <code>    com.port1.onmessage = (web.MessageEvent e) {</code>
            <hit count="10" name="&lt;unnamed&gt;"/>
        </line>
        <line hits="10" number="117">
            <code>      final response = WorkerResponseExt.from(getMessageEventData(e) as List);</code>
            <hit count="10" name="&lt;unnamed&gt;"/>
        </line>
        <line hits="10" number="118">
            <code>      if (!response.unwrapInPlace(disconnected)) {</code>
            <hit count="10" name="&lt;unnamed&gt;"/>
        </line>
        <line hits="10" number="119">
            <code>        return;</code>
            <hit count="10" name="&lt;unnamed&gt;"/>
        </line>
        <line number="120">
            <code>      }</code>
        </line>
        <line number="121">
            <code/>
        </line>
        <line number="122">
            <code>      final error = response.error;</code>
        </line>
        <line hits="10" number="123">
            <code>      if (error != null) {</code>
            <hit count="10" name="&lt;unnamed&gt;"/>
        </line>
        <line hits="2" number="124">
            <code>        logger?.e(() =&gt; 'Connection to Web Worker failed: $error');</code>
            <hit count="2" name="&lt;unnamed&gt;"/>
        </line>
        <line hits="3" number="125">
            <code>        fail(error);</code>
            <hit count="3" name="&lt;unnamed&gt;"/>
        </line>
        <line number="126">
            <code>      } else if (response.endOfStream) {</code>
        </line>
        <line hits="1" number="127">
            <code>        logger?.w('Disconnecting from Web Worker');</code>
            <hit count="1" name="&lt;unnamed&gt;"/>
        </line>
        <line hits="1" number="128">
            <code>        channel?.close();</code>
            <hit count="1" name="&lt;unnamed&gt;"/>
        </line>
        <line hits="10" number="129">
            <code>      } else if (!completer.isCompleted) {</code>
            <hit count="10" name="&lt;unnamed&gt;"/>
        </line>
        <line hits="2" number="130">
            <code>        logger?.t('Connected to Web Worker');</code>
            <hit count="2" name="&lt;unnamed&gt;"/>
        </line>
        <line hits="10" number="131">
            <code>        channel = _WebChannel._(response.result, logger, exceptionManager);</code>
            <hit count="10" name="&lt;unnamed&gt;"/>
        </line>
        <line hits="10" number="132">
            <code>        success(channel!);</code>
            <hit count="10" name="&lt;unnamed&gt;"/>
        </line>
        <line number="133">
            <code>      } else {</code>
        </line>
        <line hits="2" number="134">
            <code>        logger?.d(() =&gt; 'Unexpected response: $response');</code>
            <hit count="2" name="&lt;unnamed&gt;"/>
        </line>
        <line number="135">
            <code>      }</code>
        </line>
        <line hits="10" number="136">
            <code>    }.toJS;</code>
            <hit count="10" name="&lt;unnamed&gt;"/>
        </line>
        <line number="137">
            <code/>
        </line>
        <line hits="0" number="138">
            <code>    try {</code>
        </line>
        <line hits="10" number="139">
            <code>      final data = startRequest.wrapInPlace();</code>
            <hit count="10" name="&lt;unnamed&gt;"/>
        </line>
        <line number="140">
            <code>      final msg = data.jsify();</code>
        </line>
        <line hits="10" number="141">
            <code>      final transfer = Transferables.get(data);</code>
            <hit count="10" name="&lt;unnamed&gt;"/>
        </line>
        <line number="142">
            <code>      if (transfer == null || transfer.isEmpty) {</code>
        </line>
        <line number="143">
            <code>        worker.postMessage(msg);</code>
        </line>
        <line number="144">
            <code>      } else {</code>
        </line>
        <line hits="10" number="145">
            <code>        final jsTransfer = transfer.jsify() as JSArray;</code>
            <hit count="10" name="&lt;unnamed&gt;"/>
        </line>
        <line number="146">
            <code>        worker.postMessage(msg, jsTransfer);</code>
        </line>
        <line number="147">
            <code>      }</code>
        </line>
        <line hits="0" number="148">
            <code>    } catch (ex, st) {</code>
        </line>
        <line hits="2" number="149">
            <code>      logger?.e(() =&gt; 'Failed to post connection request $startRequest: $ex');</code>
            <hit count="2" name="&lt;unnamed&gt;"/>
        </line>
        <line hits="0" number="150">
            <code>      throw SquadronErrorExt.create(</code>
        </line>
        <line hits="0" number="151">
            <code>          'Failed to post connection request: $ex', st);</code>
        </line>
        <line number="152">
            <code>    }</code>
        </line>
        <line number="153">
            <code/>
        </line>
        <line hits="3" number="154">
            <code>    try {</code>
            <hit count="3" name="&lt;unnamed&gt;"/>
        </line>
        <line hits="10" number="155">
            <code>      final channel = await completer.future;</code>
            <hit count="10" name="&lt;unnamed&gt;"/>
        </line>
        <line hits="10" number="156">
            <code>      await hook.call(worker);</code>
            <hit count="10" name="&lt;unnamed&gt;"/>
        </line>
        <line hits="2" number="157">
            <code>      logger?.t('Created Web Worker for $entryPoint');</code>
            <hit count="2" name="&lt;unnamed&gt;"/>
        </line>
        <line hits="10" number="158">
            <code>      return channel;</code>
            <hit count="10" name="&lt;unnamed&gt;"/>
        </line>
        <line number="159">
            <code>    } catch (ex) {</code>
        </line>
        <line hits="2" number="160">
            <code>      logger?.e(() =&gt; 'Connection to Web Worker failed: $ex');</code>
            <hit count="2" name="&lt;unnamed&gt;"/>
        </line>
        <line hits="3" number="161">
            <code>      rethrow;</code>
            <hit count="3" name="&lt;unnamed&gt;"/>
        </line>
        <line number="162">
            <code>    }</code>
        </line>
        <line hits="3" number="163">
            <code>  } catch (ex, st) {</code>
            <hit count="3" name="&lt;unnamed&gt;"/>
        </line>
        <line hits="3" number="164">
            <code>    ready.future.ignore();</code>
            <hit count="3" name="&lt;unnamed&gt;"/>
        </line>
        <line hits="3" number="165">
            <code>    completer.future.ignore();</code>
            <hit count="3" name="&lt;unnamed&gt;"/>
        </line>
        <line hits="0" number="166">
            <code>    logger?.t('Failed to create Web Worker for $entryPoint');</code>
        </line>
        <line number="167">
            <code>    com.port1.close();</code>
        </line>
        <line number="168">
            <code>    com.port2.close();</code>
        </line>
        <line number="169">
            <code>    worker.terminate();</code>
        </line>
        <line hits="3" number="170">
            <code>    throw SquadronException.from(ex, st);</code>
            <hit count="3" name="&lt;unnamed&gt;"/>
        </line>
        <line number="171">
            <code>  } finally {</code>
        </line>
        <line number="172">
            <code>    webEntryPoint.release();</code>
        </line>
        <line number="173">
            <code>  }</code>
        </line>
        <line hits="11" number="174">
            <code>}</code>
            <hit count="11" name="&lt;unnamed&gt;"/>
        </line>
        <line number="175">
            <code/>
        </line>
        <line number="176">
            <code>/// Creates a [_WebChannel] from a [web.MessagePort].</code>
        </line>
        <line number="177">
            <code>Channel? deserialize(</code>
        </line>
        <line number="178">
            <code>  PlatformChannel? channelInfo, [</code>
        </line>
        <line number="179">
            <code>  Logger? logger,</code>
        </line>
        <line number="180">
            <code>  ExceptionManager? exceptionManager,</code>
        </line>
        <line number="181">
            <code>]) =&gt;</code>
        </line>
        <line number="182">
            <code>    (channelInfo == null)</code>
        </line>
        <line number="183">
            <code>        ? null</code>
        </line>
        <line number="184">
            <code>        : _WebChannel._(</code>
        </line>
        <line number="185">
            <code>            channelInfo,</code>
        </line>
        <line number="186">
            <code>            logger,</code>
        </line>
        <line number="187">
            <code>            exceptionManager ?? ExceptionManager(),</code>
        </line>
        <line number="188">
            <code>          );</code>
        </line>
    </lines>
    <config branch-coverage="true" description-file="false" function-coverage="true" genhtml_hi_limit="90" genhtml_med_limit="75" legend="false" no-sort="false" no-source="false" show-details="false"/>
    <base href="../../../"/>
    <base href="../../../"/>
</coverage>
