<?xml version="1.0" encoding="UTF-8" standalone="no"?>
<?xml-stylesheet type="text/xsl" href="../../../jgenhtml.xsl"?><coverage branch-rate="NaN" branches-covered="0" branches-valid="0" complexity="0" date="2024-12-31" filename="_channel_impl.dart" function-rate="NaN" functions-covered="0" functions-valid="0" line-rate="0.89830506" lines-covered="106" lines-valid="118" package="src/_impl/web" testname="lcov.info" version="1.6">
    <lines>
        <line number="1">
            <code>part of '_channel.dart';</code>
        </line>
        <line number="2">
            <code/>
        </line>
        <line number="3">
            <code>/// [Channel] implementation for the JavaScript world.</code>
        </line>
        <line number="4">
            <code>final class _WebChannel implements Channel {</code>
        </line>
        <line hits="10" number="5">
            <code>  _WebChannel._(this._sendPort, this.logger, this.exceptionManager);</code>
            <hit count="10" name="&lt;unnamed&gt;"/>
        </line>
        <line number="6">
            <code/>
        </line>
        <line number="7">
            <code>  /// [web.MessagePort] to communicate with the [web.Worker] if the channel is owned by the worker owner. Otherwise,</code>
        </line>
        <line number="8">
            <code>  /// [web.MessagePort] to return values to the client.</code>
        </line>
        <line number="9">
            <code>  final web.MessagePort _sendPort;</code>
        </line>
        <line number="10">
            <code/>
        </line>
        <line hits="10" number="11">
            <code>  PlatformThread? _thread;</code>
            <hit count="10" name="&lt;unnamed&gt;"/>
        </line>
        <line hits="10" number="12">
            <code>  final _activeConnections = &lt;StreamController&lt;WorkerResponse&gt;&gt;[];</code>
            <hit count="10" name="&lt;unnamed&gt;"/>
        </line>
        <line number="13">
            <code/>
        </line>
        <line number="14">
            <code>  @override</code>
        </line>
        <line number="15">
            <code>  final ExceptionManager exceptionManager;</code>
        </line>
        <line number="16">
            <code/>
        </line>
        <line number="17">
            <code>  @override</code>
        </line>
        <line number="18">
            <code>  final Logger? logger;</code>
        </line>
        <line number="19">
            <code/>
        </line>
        <line number="20">
            <code>  bool _closed = false;</code>
        </line>
        <line number="21">
            <code/>
        </line>
        <line number="22">
            <code>  /// [Channel] serialization in JavaScript world returns the [web.MessagePort].</code>
        </line>
        <line number="23">
            <code>  @override</code>
        </line>
        <line number="24">
            <code>  PlatformChannel serialize() =&gt; _sendPort;</code>
        </line>
        <line number="25">
            <code/>
        </line>
        <line number="26">
            <code>  /// [Channel] sharing in JavaScript world returns a [_WebForwardChannel].</code>
        </line>
        <line number="27">
            <code>  @override</code>
        </line>
        <line hits="2" number="28">
            <code>  Channel share() =&gt; _WebForwardChannel._(</code>
            <hit count="2" name="&lt;unnamed&gt;"/>
        </line>
        <line hits="3" number="29">
            <code>      _sendPort, web.MessageChannel(), logger, exceptionManager);</code>
            <hit count="3" name="&lt;unnamed&gt;"/>
        </line>
        <line number="30">
            <code/>
        </line>
        <line hits="10" number="31">
            <code>  void _postRequest(WorkerRequest req, {bool force = false}) {</code>
            <hit count="10" name="&lt;unnamed&gt;"/>
        </line>
        <line hits="10" number="32">
            <code>    if (_closed &amp;&amp; !force) {</code>
            <hit count="10" name="&lt;unnamed&gt;"/>
        </line>
        <line hits="0" number="33">
            <code>      throw SquadronErrorExt.create('Channel is closed');</code>
        </line>
        <line number="34">
            <code>    }</code>
        </line>
        <line hits="1" number="35">
            <code>    try {</code>
            <hit count="1" name="&lt;unnamed&gt;"/>
        </line>
        <line hits="2" number="36">
            <code>      req.cancelToken?.ensureStarted();</code>
            <hit count="2" name="&lt;unnamed&gt;"/>
        </line>
        <line hits="10" number="37">
            <code>      final data = req.wrapInPlace();</code>
            <hit count="10" name="&lt;unnamed&gt;"/>
        </line>
        <line number="38">
            <code>      final msg = $jsify(data);</code>
        </line>
        <line hits="10" number="39">
            <code>      final transfer = Transferables.get([req.channelInfo]);</code>
            <hit count="10" name="&lt;unnamed&gt;"/>
        </line>
        <line hits="10" number="40">
            <code>      if (transfer == null || transfer.isEmpty) {</code>
            <hit count="10" name="&lt;unnamed&gt;"/>
        </line>
        <line hits="10" number="41">
            <code>        _sendPort.postMessage(msg);</code>
            <hit count="10" name="&lt;unnamed&gt;"/>
        </line>
        <line number="42">
            <code>      } else {</code>
        </line>
        <line hits="9" number="43">
            <code>        final jsTransfer = $jsify(transfer) as JSArray;</code>
            <hit count="9" name="&lt;unnamed&gt;"/>
        </line>
        <line number="44">
            <code>        _sendPort.postMessage(msg, jsTransfer);</code>
        </line>
        <line number="45">
            <code>      }</code>
        </line>
        <line hits="1" number="46">
            <code>    } catch (ex, st) {</code>
            <hit count="1" name="&lt;unnamed&gt;"/>
        </line>
        <line hits="3" number="47">
            <code>      logger?.e(() =&gt; 'Failed to post request $req: $ex');</code>
            <hit count="3" name="&lt;unnamed&gt;"/>
        </line>
        <line hits="1" number="48">
            <code>      throw SquadronErrorExt.create('Failed to post request: $ex', st);</code>
            <hit count="1" name="&lt;unnamed&gt;"/>
        </line>
        <line number="49">
            <code>    }</code>
        </line>
        <line hits="10" number="50">
            <code>  }</code>
            <hit count="10" name="&lt;unnamed&gt;"/>
        </line>
        <line number="51">
            <code/>
        </line>
        <line hits="2" number="52">
            <code>  void _inspectAndPostRequest(WorkerRequest req) {</code>
            <hit count="2" name="&lt;unnamed&gt;"/>
        </line>
        <line hits="2" number="53">
            <code>    if (_closed) {</code>
            <hit count="2" name="&lt;unnamed&gt;"/>
        </line>
        <line hits="0" number="54">
            <code>      throw SquadronErrorExt.create('Channel is closed');</code>
        </line>
        <line number="55">
            <code>    }</code>
        </line>
        <line hits="0" number="56">
            <code>    req.cancelToken?.ensureStarted();</code>
        </line>
        <line number="57">
            <code>    req.cancelToken?.throwIfCanceled();</code>
        </line>
        <line hits="1" number="58">
            <code>    try {</code>
            <hit count="1" name="&lt;unnamed&gt;"/>
        </line>
        <line hits="2" number="59">
            <code>      final data = req.wrapInPlace();</code>
            <hit count="2" name="&lt;unnamed&gt;"/>
        </line>
        <line number="60">
            <code>      final msg = $jsify(data);</code>
        </line>
        <line hits="2" number="61">
            <code>      final transfer = Transferables.get(data);</code>
            <hit count="2" name="&lt;unnamed&gt;"/>
        </line>
        <line hits="2" number="62">
            <code>      if (transfer == null || transfer.isEmpty) {</code>
            <hit count="2" name="&lt;unnamed&gt;"/>
        </line>
        <line hits="2" number="63">
            <code>        _sendPort.postMessage(msg);</code>
            <hit count="2" name="&lt;unnamed&gt;"/>
        </line>
        <line number="64">
            <code>      } else {</code>
        </line>
        <line hits="2" number="65">
            <code>        final jsTransfer = $jsify(transfer) as JSArray;</code>
            <hit count="2" name="&lt;unnamed&gt;"/>
        </line>
        <line number="66">
            <code>        _sendPort.postMessage(msg, jsTransfer);</code>
        </line>
        <line number="67">
            <code>      }</code>
        </line>
        <line hits="1" number="68">
            <code>    } catch (ex, st) {</code>
            <hit count="1" name="&lt;unnamed&gt;"/>
        </line>
        <line number="69">
            <code>      logger?.e(() =&gt; 'Failed to post request $req: $ex');</code>
        </line>
        <line hits="1" number="70">
            <code>      throw SquadronErrorExt.create('Failed to post request: $ex', st);</code>
            <hit count="1" name="&lt;unnamed&gt;"/>
        </line>
        <line number="71">
            <code>    }</code>
        </line>
        <line hits="2" number="72">
            <code>  }</code>
            <hit count="2" name="&lt;unnamed&gt;"/>
        </line>
        <line number="73">
            <code/>
        </line>
        <line number="74">
            <code>  /// Sends a termination [WorkerRequest] to the [web.Worker].</code>
        </line>
        <line number="75">
            <code>  @override</code>
        </line>
        <line hits="10" number="76">
            <code>  FutureOr&lt;void&gt; close() {</code>
            <hit count="10" name="&lt;unnamed&gt;"/>
        </line>
        <line hits="10" number="77">
            <code>    if (!_closed) {</code>
            <hit count="10" name="&lt;unnamed&gt;"/>
        </line>
        <line hits="10" number="78">
            <code>      _postRequest(WorkerRequest.stop());</code>
            <hit count="10" name="&lt;unnamed&gt;"/>
        </line>
        <line hits="10" number="79">
            <code>      _closed = true;</code>
            <hit count="10" name="&lt;unnamed&gt;"/>
        </line>
        <line number="80">
            <code>    }</code>
        </line>
        <line hits="10" number="81">
            <code>  }</code>
            <hit count="10" name="&lt;unnamed&gt;"/>
        </line>
        <line number="82">
            <code/>
        </line>
        <line number="83">
            <code>  /// Sends a close stream [WorkerRequest] to the [web.Worker].</code>
        </line>
        <line number="84">
            <code>  @override</code>
        </line>
        <line number="85">
            <code>  FutureOr&lt;void&gt; cancelStream(int streamId) {</code>
        </line>
        <line hits="4" number="86">
            <code>    _postRequest(WorkerRequest.cancelStream(streamId), force: true);</code>
            <hit count="4" name="&lt;unnamed&gt;"/>
        </line>
        <line number="87">
            <code>  }</code>
        </line>
        <line number="88">
            <code/>
        </line>
        <line number="89">
            <code>  /// Sends a cancel token [WorkerRequest] to the [web.Worker].</code>
        </line>
        <line number="90">
            <code>  @override</code>
        </line>
        <line hits="2" number="91">
            <code>  FutureOr&lt;void&gt; cancelToken(SquadronCancelationToken? token) {</code>
            <hit count="2" name="&lt;unnamed&gt;"/>
        </line>
        <line hits="2" number="92">
            <code>    if (token != null) {</code>
            <hit count="2" name="&lt;unnamed&gt;"/>
        </line>
        <line hits="2" number="93">
            <code>      _postRequest(WorkerRequest.cancel(token), force: true);</code>
            <hit count="2" name="&lt;unnamed&gt;"/>
        </line>
        <line number="94">
            <code>    }</code>
        </line>
        <line hits="2" number="95">
            <code>  }</code>
            <hit count="2" name="&lt;unnamed&gt;"/>
        </line>
        <line number="96">
            <code/>
        </line>
        <line number="97">
            <code>  void _enter(StreamController&lt;WorkerResponse&gt;? controller) {</code>
        </line>
        <line hits="10" number="98">
            <code>    if (controller != null) _activeConnections.add(controller);</code>
            <hit count="10" name="&lt;unnamed&gt;"/>
        </line>
        <line number="99">
            <code>  }</code>
        </line>
        <line number="100">
            <code/>
        </line>
        <line hits="10" number="101">
            <code>  Future&lt;void&gt;? _leave(StreamController&lt;WorkerResponse&gt;? controller) {</code>
            <hit count="10" name="&lt;unnamed&gt;"/>
        </line>
        <line hits="10" number="102">
            <code>    _activeConnections.remove(controller);</code>
            <hit count="10" name="&lt;unnamed&gt;"/>
        </line>
        <line hits="10" number="103">
            <code>    return controller?.close();</code>
            <hit count="10" name="&lt;unnamed&gt;"/>
        </line>
        <line hits="10" number="104">
            <code>  }</code>
            <hit count="10" name="&lt;unnamed&gt;"/>
        </line>
        <line number="105">
            <code/>
        </line>
        <line hits="10" number="106">
            <code>  Stream _getResponseStream(</code>
            <hit count="10" name="&lt;unnamed&gt;"/>
        </line>
        <line number="107">
            <code>    web.MessageChannel com,</code>
        </line>
        <line number="108">
            <code>    WorkerRequest req,</code>
        </line>
        <line number="109">
            <code>    void Function(WorkerRequest) post, {</code>
        </line>
        <line number="110">
            <code>    required bool streaming,</code>
        </line>
        <line number="111">
            <code>  }) {</code>
        </line>
        <line hits="10" number="112">
            <code>    final command = req.command;</code>
            <hit count="10" name="&lt;unnamed&gt;"/>
        </line>
        <line number="113">
            <code/>
        </line>
        <line number="114">
            <code>    // return a stream of responses</code>
        </line>
        <line hits="10" number="115">
            <code>    Stream&lt;WorkerResponse&gt; $sendRequest() {</code>
            <hit count="10" name="&lt;unnamed&gt;"/>
        </line>
        <line hits="10" number="116">
            <code>      StreamController&lt;WorkerResponse&gt;? controller;</code>
            <hit count="10" name="&lt;unnamed&gt;"/>
        </line>
        <line number="117">
            <code/>
        </line>
        <line hits="10" number="118">
            <code>      void $forwardMessage(WorkerResponse msg) =&gt; controller?.add(msg);</code>
            <hit count="10" name="&lt;unnamed&gt;"/>
        </line>
        <line number="119">
            <code/>
        </line>
        <line hits="10" number="120">
            <code>      void $forwardError(Object error, StackTrace? st) =&gt;</code>
            <hit count="10" name="&lt;unnamed&gt;"/>
        </line>
        <line hits="2" number="121">
            <code>          controller?.addError(SquadronException.from(error, st, command));</code>
            <hit count="2" name="&lt;unnamed&gt;"/>
        </line>
        <line number="122">
            <code/>
        </line>
        <line number="123">
            <code>      final buffer = EventBuffer($forwardMessage, $forwardError);</code>
        </line>
        <line number="124">
            <code/>
        </line>
        <line hits="10" number="125">
            <code>      Future&lt;void&gt; $close() async {</code>
            <hit count="10" name="&lt;unnamed&gt;"/>
        </line>
        <line hits="10" number="126">
            <code>        com.port1.close();</code>
            <hit count="10" name="&lt;unnamed&gt;"/>
        </line>
        <line number="127">
            <code>        com.port2.close();</code>
        </line>
        <line hits="10" number="128">
            <code>        final future = _leave(controller);</code>
            <hit count="10" name="&lt;unnamed&gt;"/>
        </line>
        <line hits="10" number="129">
            <code>        controller = null;</code>
            <hit count="10" name="&lt;unnamed&gt;"/>
        </line>
        <line hits="10" number="130">
            <code>        await future;</code>
            <hit count="10" name="&lt;unnamed&gt;"/>
        </line>
        <line hits="10" number="131">
            <code>      }</code>
            <hit count="10" name="&lt;unnamed&gt;"/>
        </line>
        <line number="132">
            <code/>
        </line>
        <line hits="10" number="133">
            <code>      controller = StreamController&lt;WorkerResponse&gt;(</code>
            <hit count="10" name="&lt;unnamed&gt;"/>
        </line>
        <line hits="10" number="134">
            <code>        onListen: () {</code>
            <hit count="10" name="&lt;unnamed&gt;"/>
        </line>
        <line number="135">
            <code>          // do nothing if the controller is closed already</code>
        </line>
        <line hits="10" number="136">
            <code>          final ctrlr = controller;</code>
            <hit count="10" name="&lt;unnamed&gt;"/>
        </line>
        <line hits="0" number="137">
            <code>          if (ctrlr == null) return;</code>
        </line>
        <line number="138">
            <code/>
        </line>
        <line number="139">
            <code>          // bind the controller</code>
        </line>
        <line hits="10" number="140">
            <code>          com.port1.onmessageerror = (web.ErrorEvent e) {</code>
            <hit count="10" name="&lt;unnamed&gt;"/>
        </line>
        <line hits="0" number="141">
            <code>            final ex = SquadronException.from(getError(e), null, command);</code>
        </line>
        <line hits="0" number="142">
            <code>            final handler = buffer.isActive ? buffer.addError : $forwardError;</code>
        </line>
        <line hits="0" number="143">
            <code>            handler(ex, null);</code>
        </line>
        <line hits="10" number="144">
            <code>          }.toJS;</code>
            <hit count="10" name="&lt;unnamed&gt;"/>
        </line>
        <line number="145">
            <code/>
        </line>
        <line hits="10" number="146">
            <code>          com.port1.onmessage = (web.MessageEvent e) {</code>
            <hit count="10" name="&lt;unnamed&gt;"/>
        </line>
        <line hits="10" number="147">
            <code>            final res = WorkerResponseExt.from(getMessageEventData(e)!);</code>
            <hit count="10" name="&lt;unnamed&gt;"/>
        </line>
        <line hits="10" number="148">
            <code>            final handler = buffer.isActive ? buffer.add : $forwardMessage;</code>
            <hit count="10" name="&lt;unnamed&gt;"/>
        </line>
        <line hits="10" number="149">
            <code>            handler(res);</code>
            <hit count="10" name="&lt;unnamed&gt;"/>
        </line>
        <line hits="10" number="150">
            <code>          }.toJS;</code>
            <hit count="10" name="&lt;unnamed&gt;"/>
        </line>
        <line number="151">
            <code/>
        </line>
        <line number="152">
            <code>          // send the request</code>
        </line>
        <line hits="2" number="153">
            <code>          try {</code>
            <hit count="2" name="&lt;unnamed&gt;"/>
        </line>
        <line hits="10" number="154">
            <code>            _enter(controller);</code>
            <hit count="10" name="&lt;unnamed&gt;"/>
        </line>
        <line hits="10" number="155">
            <code>            post(req);</code>
            <hit count="10" name="&lt;unnamed&gt;"/>
        </line>
        <line hits="2" number="156">
            <code>          } catch (ex, st) {</code>
            <hit count="2" name="&lt;unnamed&gt;"/>
        </line>
        <line number="157">
            <code>            if (buffer.isActive) {</code>
        </line>
        <line hits="0" number="158">
            <code>              buffer.addError(ex, st);</code>
        </line>
        <line hits="2" number="159">
            <code>              buffer.onDeactivate = $close;</code>
            <hit count="2" name="&lt;unnamed&gt;"/>
        </line>
        <line number="160">
            <code>            } else {</code>
        </line>
        <line hits="2" number="161">
            <code>              $forwardError(ex, st);</code>
            <hit count="2" name="&lt;unnamed&gt;"/>
        </line>
        <line hits="2" number="162">
            <code>              $close();</code>
            <hit count="2" name="&lt;unnamed&gt;"/>
        </line>
        <line number="163">
            <code>            }</code>
        </line>
        <line hits="2" number="164">
            <code>            _leave(controller);</code>
            <hit count="2" name="&lt;unnamed&gt;"/>
        </line>
        <line number="165">
            <code>          }</code>
        </line>
        <line hits="10" number="166">
            <code>        },</code>
            <hit count="10" name="&lt;unnamed&gt;"/>
        </line>
        <line hits="10" number="167">
            <code>        onPause: buffer.activate,</code>
            <hit count="10" name="&lt;unnamed&gt;"/>
        </line>
        <line hits="10" number="168">
            <code>        onResume: buffer.deactivate,</code>
            <hit count="10" name="&lt;unnamed&gt;"/>
        </line>
        <line number="169">
            <code>        onCancel: $close,</code>
        </line>
        <line number="170">
            <code>      );</code>
        </line>
        <line number="171">
            <code/>
        </line>
        <line hits="10" number="172">
            <code>      return controller!.stream;</code>
            <hit count="10" name="&lt;unnamed&gt;"/>
        </line>
        <line hits="10" number="173">
            <code>    }</code>
            <hit count="10" name="&lt;unnamed&gt;"/>
        </line>
        <line number="174">
            <code/>
        </line>
        <line number="175">
            <code>    // return a stream of decoded responses</code>
        </line>
        <line hits="10" number="176">
            <code>    final res = ResultStream(this, req, $sendRequest, streaming);</code>
            <hit count="10" name="&lt;unnamed&gt;"/>
        </line>
        <line hits="10" number="177">
            <code>    res.done.whenComplete(() {</code>
            <hit count="10" name="&lt;unnamed&gt;"/>
        </line>
        <line number="178">
            <code>      // cleanup resources</code>
        </line>
        <line hits="10" number="179">
            <code>      com.port1.close();</code>
            <hit count="10" name="&lt;unnamed&gt;"/>
        </line>
        <line number="180">
            <code>      com.port2.close();</code>
        </line>
        <line hits="10" number="181">
            <code>    }).ignore();</code>
            <hit count="10" name="&lt;unnamed&gt;"/>
        </line>
        <line hits="10" number="182">
            <code>    return res.stream;</code>
            <hit count="10" name="&lt;unnamed&gt;"/>
        </line>
        <line hits="10" number="183">
            <code>  }</code>
            <hit count="10" name="&lt;unnamed&gt;"/>
        </line>
        <line number="184">
            <code/>
        </line>
        <line number="185">
            <code>  /// Creates a [web.MessageChannel] and a [WorkerRequest] and sends it to the [web.Worker]. This method expects a</code>
        </line>
        <line number="186">
            <code>  /// single value from the [web.Worker].</code>
        </line>
        <line number="187">
            <code>  @override</code>
        </line>
        <line hits="10" number="188">
            <code>  Future&lt;dynamic&gt; sendRequest(</code>
            <hit count="10" name="&lt;unnamed&gt;"/>
        </line>
        <line number="189">
            <code>    int command,</code>
        </line>
        <line number="190">
            <code>    List args, {</code>
        </line>
        <line number="191">
            <code>    SquadronCancelationToken? token,</code>
        </line>
        <line number="192">
            <code>    bool inspectRequest = false,</code>
        </line>
        <line number="193">
            <code>    bool inspectResponse = false,</code>
        </line>
        <line number="194">
            <code>  }) {</code>
        </line>
        <line number="195">
            <code>    final completer = Completer();</code>
        </line>
        <line hits="10" number="196">
            <code>    late final StreamSubscription sub;</code>
            <hit count="10" name="&lt;unnamed&gt;"/>
        </line>
        <line number="197">
            <code/>
        </line>
        <line hits="10" number="198">
            <code>    void $success(dynamic data) async {</code>
            <hit count="10" name="&lt;unnamed&gt;"/>
        </line>
        <line hits="10" number="199">
            <code>      await sub.cancel();</code>
            <hit count="10" name="&lt;unnamed&gt;"/>
        </line>
        <line hits="10" number="200">
            <code>      if (!completer.isCompleted) completer.complete(data);</code>
            <hit count="10" name="&lt;unnamed&gt;"/>
        </line>
        <line hits="10" number="201">
            <code>    }</code>
            <hit count="10" name="&lt;unnamed&gt;"/>
        </line>
        <line number="202">
            <code/>
        </line>
        <line hits="10" number="203">
            <code>    void $fail(Object ex, [StackTrace? st]) async {</code>
            <hit count="10" name="&lt;unnamed&gt;"/>
        </line>
        <line hits="5" number="204">
            <code>      await sub.cancel();</code>
            <hit count="5" name="&lt;unnamed&gt;"/>
        </line>
        <line hits="5" number="205">
            <code>      if (!completer.isCompleted) completer.completeError(ex, st);</code>
            <hit count="5" name="&lt;unnamed&gt;"/>
        </line>
        <line hits="5" number="206">
            <code>    }</code>
            <hit count="5" name="&lt;unnamed&gt;"/>
        </line>
        <line number="207">
            <code/>
        </line>
        <line hits="10" number="208">
            <code>    void $done() async {</code>
            <hit count="10" name="&lt;unnamed&gt;"/>
        </line>
        <line hits="0" number="209">
            <code>      await sub.cancel();</code>
        </line>
        <line hits="0" number="210">
            <code>      if (!completer.isCompleted) {</code>
        </line>
        <line hits="0" number="211">
            <code>        $fail(WorkerException('No response from worker', null, command));</code>
        </line>
        <line number="212">
            <code>      }</code>
        </line>
        <line hits="0" number="213">
            <code>    }</code>
        </line>
        <line number="214">
            <code/>
        </line>
        <line number="215">
            <code>    final com = web.MessageChannel();</code>
        </line>
        <line number="216">
            <code>    final req = WorkerRequest.userCommand(</code>
        </line>
        <line number="217">
            <code>        com.port2, command, args, token, inspectResponse);</code>
        </line>
        <line hits="10" number="218">
            <code>    final post = inspectRequest ? _inspectAndPostRequest : _postRequest;</code>
            <hit count="10" name="&lt;unnamed&gt;"/>
        </line>
        <line hits="10" number="219">
            <code>    sub = _getResponseStream(com, req, post, streaming: false)</code>
            <hit count="10" name="&lt;unnamed&gt;"/>
        </line>
        <line hits="10" number="220">
            <code>        .listen($success, onError: $fail, onDone: $done);</code>
            <hit count="10" name="&lt;unnamed&gt;"/>
        </line>
        <line hits="10" number="221">
            <code>    return completer.future;</code>
            <hit count="10" name="&lt;unnamed&gt;"/>
        </line>
        <line hits="10" number="222">
            <code>  }</code>
            <hit count="10" name="&lt;unnamed&gt;"/>
        </line>
        <line number="223">
            <code/>
        </line>
        <line number="224">
            <code>  /// Creates a [web.MessageChannel] and a [WorkerRequest] and sends it to the [web.Worker]. This method expects a</code>
        </line>
        <line number="225">
            <code>  /// stream of values from the [web.Worker]. The [web.Worker] must send a [WorkerResponse.endOfStream] to close</code>
        </line>
        <line number="226">
            <code>  /// the [Stream].</code>
        </line>
        <line number="227">
            <code>  @override</code>
        </line>
        <line hits="5" number="228">
            <code>  Stream&lt;dynamic&gt; sendStreamingRequest(</code>
            <hit count="5" name="&lt;unnamed&gt;"/>
        </line>
        <line number="229">
            <code>    int command,</code>
        </line>
        <line number="230">
            <code>    List args, {</code>
        </line>
        <line number="231">
            <code>    SquadronCancelationToken? token,</code>
        </line>
        <line number="232">
            <code>    bool inspectRequest = false,</code>
        </line>
        <line number="233">
            <code>    bool inspectResponse = false,</code>
        </line>
        <line number="234">
            <code>  }) {</code>
        </line>
        <line number="235">
            <code>    final com = web.MessageChannel();</code>
        </line>
        <line number="236">
            <code>    final req = WorkerRequest.userCommand(</code>
        </line>
        <line number="237">
            <code>        com.port2, command, args, token, inspectResponse);</code>
        </line>
        <line hits="5" number="238">
            <code>    final post = inspectRequest ? _inspectAndPostRequest : _postRequest;</code>
            <hit count="5" name="&lt;unnamed&gt;"/>
        </line>
        <line hits="5" number="239">
            <code>    return _getResponseStream(com, req, post, streaming: true);</code>
            <hit count="5" name="&lt;unnamed&gt;"/>
        </line>
        <line hits="5" number="240">
            <code>  }</code>
            <hit count="5" name="&lt;unnamed&gt;"/>
        </line>
        <line number="241">
            <code>}</code>
        </line>
    </lines>
    <config branch-coverage="true" description-file="false" function-coverage="true" genhtml_hi_limit="90" genhtml_med_limit="75" legend="false" no-sort="false" no-source="false" show-details="false"/>
    <base href="../../../"/>
    <base href="../../../"/>
</coverage>
