<?xml version="1.0" encoding="UTF-8" standalone="no"?>
<?xml-stylesheet type="text/xsl" href="../../../jgenhtml.xsl"?><coverage branch-rate="NaN" branches-covered="0" branches-valid="0" complexity="0" date="2024-09-23" filename="_event_buffer.dart" function-rate="NaN" functions-covered="0" functions-valid="0" line-rate="0.88235295" lines-covered="15" lines-valid="17" package="src/_impl/web" testname="lcov.info" version="1.6">
    <lines>
        <line number="1">
            <code>import 'dart:async';</code>
        </line>
        <line number="2">
            <code/>
        </line>
        <line number="3">
            <code>class EventBuffer&lt;T&gt; {</code>
        </line>
        <line hits="9" number="4">
            <code>  EventBuffer(this._processValue, this._processError);</code>
            <hit count="9" name="&lt;unnamed&gt;"/>
        </line>
        <line number="5">
            <code/>
        </line>
        <line hits="0" number="6">
            <code>  FutureOr&lt;void&gt; Function()? onDeactivate;</code>
        </line>
        <line number="7">
            <code/>
        </line>
        <line number="8">
            <code>  final void Function(T) _processValue;</code>
        </line>
        <line number="9">
            <code>  final void Function(Object, StackTrace?) _processError;</code>
        </line>
        <line number="10">
            <code/>
        </line>
        <line hits="9" number="11">
            <code>  final _buffer = &lt;void Function()&gt;[];</code>
            <hit count="9" name="&lt;unnamed&gt;"/>
        </line>
        <line number="12">
            <code/>
        </line>
        <line number="13">
            <code>  var _pauses = 0;</code>
        </line>
        <line number="14">
            <code/>
        </line>
        <line hits="9" number="15">
            <code>  bool get isActive =&gt; _pauses &gt; 0;</code>
            <hit count="9" name="&lt;unnamed&gt;"/>
        </line>
        <line number="16">
            <code/>
        </line>
        <line hits="2" number="17">
            <code>  void activate() =&gt; _pauses++;</code>
            <hit count="2" name="&lt;unnamed&gt;"/>
        </line>
        <line number="18">
            <code/>
        </line>
        <line hits="2" number="19">
            <code>  void deactivate() {</code>
            <hit count="2" name="&lt;unnamed&gt;"/>
        </line>
        <line hits="2" number="20">
            <code>    if (_pauses == 1) {</code>
            <hit count="2" name="&lt;unnamed&gt;"/>
        </line>
        <line hits="2" number="21">
            <code>      for (var fn in _buffer) {</code>
            <hit count="2" name="&lt;unnamed&gt;"/>
        </line>
        <line hits="2" number="22">
            <code>        fn.call();</code>
            <hit count="2" name="&lt;unnamed&gt;"/>
        </line>
        <line number="23">
            <code>      }</code>
        </line>
        <line hits="2" number="24">
            <code>      _buffer.clear();</code>
            <hit count="2" name="&lt;unnamed&gt;"/>
        </line>
        <line hits="2" number="25">
            <code>      onDeactivate?.call();</code>
            <hit count="2" name="&lt;unnamed&gt;"/>
        </line>
        <line number="26">
            <code>    }</code>
        </line>
        <line hits="2" number="27">
            <code>    if (_pauses &gt; 0) {</code>
            <hit count="2" name="&lt;unnamed&gt;"/>
        </line>
        <line hits="2" number="28">
            <code>      _pauses--;</code>
            <hit count="2" name="&lt;unnamed&gt;"/>
        </line>
        <line number="29">
            <code>    }</code>
        </line>
        <line hits="2" number="30">
            <code>  }</code>
            <hit count="2" name="&lt;unnamed&gt;"/>
        </line>
        <line number="31">
            <code/>
        </line>
        <line hits="9" number="32">
            <code>  void add(T value) =&gt; _buffer.add(() =&gt; _processValue(value));</code>
            <hit count="9" name="&lt;unnamed&gt;"/>
        </line>
        <line number="33">
            <code/>
        </line>
        <line hits="0" number="34">
            <code>  void addError(Object err, StackTrace? st) =&gt;</code>
        </line>
        <line hits="9" number="35">
            <code>      _buffer.add(() =&gt; _processError(err, st));</code>
            <hit count="9" name="&lt;unnamed&gt;"/>
        </line>
        <line number="36">
            <code>}</code>
        </line>
    </lines>
    <config branch-coverage="true" description-file="false" function-coverage="true" genhtml_hi_limit="90" genhtml_med_limit="75" legend="false" no-sort="false" no-source="false" show-details="false"/>
    <base href="../../../"/>
    <base href="../../../"/>
</coverage>
