<?xml version="1.0" encoding="UTF-8" standalone="no"?>
<?xml-stylesheet type="text/xsl" href="../../../jgenhtml.xsl"?><coverage branch-rate="NaN" branches-covered="0" branches-valid="0" complexity="0" date="2024-11-17" filename="_local_worker.dart" function-rate="NaN" functions-covered="0" functions-valid="0" line-rate="1.0" lines-covered="9" lines-valid="9" package="src/_impl/web" testname="lcov.info" version="1.6">
    <lines>
        <line number="1">
            <code>import 'dart:async';</code>
        </line>
        <line number="2">
            <code>import 'dart:js_interop';</code>
        </line>
        <line number="3">
            <code/>
        </line>
        <line number="4">
            <code>import 'package:web/web.dart' as web;</code>
        </line>
        <line number="5">
            <code/>
        </line>
        <line number="6">
            <code>import '../../channel.dart';</code>
        </line>
        <line number="7">
            <code>import '../../exceptions/exception_manager.dart';</code>
        </line>
        <line number="8">
            <code>import '../../local_worker/local_worker.dart';</code>
        </line>
        <line number="9">
            <code>import '../../worker_service.dart';</code>
        </line>
        <line number="10">
            <code>import '../xplat/_worker_runner.dart';</code>
        </line>
        <line number="11">
            <code>import '_worker_runner.dart';</code>
        </line>
        <line number="12">
            <code/>
        </line>
        <line number="13">
            <code>base class _WebLocalWorker&lt;W extends WorkerService&gt; extends LocalWorker&lt;W&gt; {</code>
        </line>
        <line hits="1" number="14">
            <code>  _WebLocalWorker._(super.service, ExceptionManager exceptionManager) {</code>
            <hit count="1" name="&lt;unnamed&gt;"/>
        </line>
        <line hits="1" number="15">
            <code>    final runner = WorkerRunner.use(this);</code>
            <hit count="1" name="&lt;unnamed&gt;"/>
        </line>
        <line hits="1" number="16">
            <code>    _port.port1.onmessage = runner.handle.toJS;</code>
            <hit count="1" name="&lt;unnamed&gt;"/>
        </line>
        <line number="17">
            <code>    _channel = Channel.deserialize(</code>
        </line>
        <line hits="1" number="18">
            <code>        _port.port2, runner.internalLogger, exceptionManager);</code>
            <hit count="1" name="&lt;unnamed&gt;"/>
        </line>
        <line number="19">
            <code>  }</code>
        </line>
        <line number="20">
            <code/>
        </line>
        <line number="21">
            <code>  final _port = web.MessageChannel();</code>
        </line>
        <line hits="1" number="22">
            <code>  late Channel? _channel;</code>
            <hit count="1" name="&lt;unnamed&gt;"/>
        </line>
        <line number="23">
            <code/>
        </line>
        <line number="24">
            <code>  @override</code>
        </line>
        <line number="25">
            <code>  Channel? get channel =&gt; _channel;</code>
        </line>
        <line number="26">
            <code/>
        </line>
        <line number="27">
            <code>  @override</code>
        </line>
        <line number="28">
            <code>  void stop() {</code>
        </line>
        <line hits="1" number="29">
            <code>    _port.port1.close();</code>
            <hit count="1" name="&lt;unnamed&gt;"/>
        </line>
        <line number="30">
            <code>    _port.port2.close();</code>
        </line>
        <line hits="1" number="31">
            <code>    _channel?.close();</code>
            <hit count="1" name="&lt;unnamed&gt;"/>
        </line>
        <line number="32">
            <code>    _channel = null;</code>
        </line>
        <line number="33">
            <code>  }</code>
        </line>
        <line number="34">
            <code/>
        </line>
        <line number="35">
            <code>  @override</code>
        </line>
        <line hits="1" number="36">
            <code>  ExceptionManager get exceptionManager =&gt;</code>
            <hit count="1" name="&lt;unnamed&gt;"/>
        </line>
        <line hits="1" number="37">
            <code>      (_exceptionManager ??= ExceptionManager());</code>
            <hit count="1" name="&lt;unnamed&gt;"/>
        </line>
        <line number="38">
            <code>  ExceptionManager? _exceptionManager;</code>
        </line>
        <line number="39">
            <code/>
        </line>
        <line number="40">
            <code>  @override</code>
        </line>
        <line number="41">
            <code>  FutureOr&lt;void&gt; start() {}</code>
        </line>
        <line number="42">
            <code>}</code>
        </line>
        <line number="43">
            <code/>
        </line>
        <line number="44">
            <code>/// Creates a [LocalWorker] on a browser platform.</code>
        </line>
        <line number="45">
            <code>LocalWorker&lt;W&gt; createLocalWorker&lt;W extends WorkerService&gt;(</code>
        </line>
        <line number="46">
            <code>        W service, ExceptionManager exceptionManager) =&gt;</code>
        </line>
        <line number="47">
            <code>    _WebLocalWorker._(service, exceptionManager);</code>
        </line>
    </lines>
    <config branch-coverage="true" description-file="false" function-coverage="true" genhtml_hi_limit="90" genhtml_med_limit="75" legend="false" no-sort="false" no-source="false" show-details="false"/>
    <base href="../../../"/>
    <base href="../../../"/>
</coverage>
