<?xml version="1.0" encoding="UTF-8" standalone="no"?>
<?xml-stylesheet type="text/xsl" href="../../../jgenhtml.xsl"?><coverage branch-rate="NaN" branches-covered="0" branches-valid="0" complexity="0" date="2024-12-15" filename="_patch.dart" function-rate="NaN" functions-covered="0" functions-valid="0" line-rate="0.8181818" lines-covered="18" lines-valid="22" package="src/_impl/web" testname="lcov.info" version="1.6">
    <lines>
        <line number="1">
            <code>import 'dart:js_interop';</code>
        </line>
        <line number="2">
            <code>import 'dart:js_interop_unsafe';</code>
        </line>
        <line number="3">
            <code/>
        </line>
        <line number="4">
            <code>import 'package:web/web.dart';</code>
        </line>
        <line number="5">
            <code/>
        </line>
        <line hits="12" number="6">
            <code>String? getHome() {</code>
            <hit count="12" name="&lt;unnamed&gt;"/>
        </line>
        <line hits="0" number="7">
            <code>  if (window.isUndefinedOrNull) return null;</code>
        </line>
        <line hits="12" number="8">
            <code>  final components = window.location.pathname.split('/');</code>
            <hit count="12" name="&lt;unnamed&gt;"/>
        </line>
        <line hits="12" number="9">
            <code>  return components.take(components.length - 1).join('/');</code>
            <hit count="12" name="&lt;unnamed&gt;"/>
        </line>
        <line hits="12" number="10">
            <code>}</code>
            <hit count="12" name="&lt;unnamed&gt;"/>
        </line>
        <line number="11">
            <code/>
        </line>
        <line hits="1" number="12">
            <code>String? _getErrorEventMessage(JSObject? obj) {</code>
            <hit count="1" name="&lt;unnamed&gt;"/>
        </line>
        <line hits="1" number="13">
            <code>  if (obj != null &amp;&amp; obj.has('message')) {</code>
            <hit count="1" name="&lt;unnamed&gt;"/>
        </line>
        <line hits="0" number="14">
            <code>    return obj['message'].dartify()?.toString();</code>
        </line>
        <line number="15">
            <code>  } else {</code>
        </line>
        <line hits="1" number="16">
            <code>    return null;</code>
            <hit count="1" name="&lt;unnamed&gt;"/>
        </line>
        <line number="17">
            <code>  }</code>
        </line>
        <line hits="1" number="18">
            <code>}</code>
            <hit count="1" name="&lt;unnamed&gt;"/>
        </line>
        <line number="19">
            <code/>
        </line>
        <line hits="1" number="20">
            <code>Object? _getErrorEventError(JSObject? obj) {</code>
            <hit count="1" name="&lt;unnamed&gt;"/>
        </line>
        <line hits="1" number="21">
            <code>  if (obj != null &amp;&amp; obj.has('error')) {</code>
            <hit count="1" name="&lt;unnamed&gt;"/>
        </line>
        <line hits="0" number="22">
            <code>    return obj['error'].dartify();</code>
        </line>
        <line number="23">
            <code>  } else {</code>
        </line>
        <line hits="1" number="24">
            <code>    return null;</code>
            <hit count="1" name="&lt;unnamed&gt;"/>
        </line>
        <line number="25">
            <code>  }</code>
        </line>
        <line hits="1" number="26">
            <code>}</code>
            <hit count="1" name="&lt;unnamed&gt;"/>
        </line>
        <line number="27">
            <code/>
        </line>
        <line hits="1" number="28">
            <code>Object getError(JSObject? obj) =&gt;</code>
            <hit count="1" name="&lt;unnamed&gt;"/>
        </line>
        <line hits="1" number="29">
            <code>    _getErrorEventError(obj) ?? _getErrorEventMessage(obj) ?? 'Unknown error';</code>
            <hit count="1" name="&lt;unnamed&gt;"/>
        </line>
        <line number="30">
            <code/>
        </line>
        <line hits="10" number="31">
            <code>List? getMessageEventData(JSObject? obj) {</code>
            <hit count="10" name="&lt;unnamed&gt;"/>
        </line>
        <line hits="10" number="32">
            <code>  if (obj != null &amp;&amp; obj.has('data')) {</code>
            <hit count="10" name="&lt;unnamed&gt;"/>
        </line>
        <line hits="10" number="33">
            <code>    return obj['data'].dartify() as List?;</code>
            <hit count="10" name="&lt;unnamed&gt;"/>
        </line>
        <line number="34">
            <code>  } else {</code>
        </line>
        <line hits="0" number="35">
            <code>    return null;</code>
        </line>
        <line number="36">
            <code>  }</code>
        </line>
        <line hits="10" number="37">
            <code>}</code>
            <hit count="10" name="&lt;unnamed&gt;"/>
        </line>
    </lines>
    <config branch-coverage="true" description-file="false" function-coverage="true" genhtml_hi_limit="90" genhtml_med_limit="75" legend="false" no-sort="false" no-source="false" show-details="false"/>
    <base href="../../../"/>
    <base href="../../../"/>
</coverage>
