<?xml version="1.0" encoding="UTF-8" standalone="no"?>
<?xml-stylesheet type="text/xsl" href="../../../jgenhtml.xsl"?><coverage branch-rate="NaN" branches-covered="0" branches-valid="0" complexity="0" date="2024-09-23" filename="_platform.dart" function-rate="NaN" functions-covered="0" functions-valid="0" line-rate="1.0" lines-covered="9" lines-valid="9" package="src/_impl/web" testname="lcov.info" version="1.6">
    <lines>
        <line number="1">
            <code>import '../../converters/cast_converter.dart';</code>
        </line>
        <line number="2">
            <code>import '../../converters/num_converter.dart';</code>
        </line>
        <line number="3">
            <code>import '../../squadron_platform_type.dart';</code>
        </line>
        <line number="4">
            <code>import '_patch.dart';</code>
        </line>
        <line number="5">
            <code/>
        </line>
        <line number="6">
            <code>CastConverter getPlatformConverter() =&gt; (1.toDouble() is int)</code>
        </line>
        <line hits="8" number="7">
            <code>    ? CastConverter.instance // JavaScript</code>
            <hit count="8" name="&lt;unnamed&gt;"/>
        </line>
        <line number="8">
            <code>    : NumConverter.instance; // Web Assembly</code>
        </line>
        <line number="9">
            <code/>
        </line>
        <line number="10">
            <code>SquadronPlatformType getPlatformType() =&gt; (1.toDouble() is int)</code>
        </line>
        <line hits="2" number="11">
            <code>    ? SquadronPlatformType.js // JavaScript</code>
            <hit count="2" name="&lt;unnamed&gt;"/>
        </line>
        <line number="12">
            <code>    : SquadronPlatformType.wasm; // Web Assembly</code>
        </line>
        <line number="13">
            <code/>
        </line>
        <line hits="12" number="14">
            <code>Uri mapUrl(String url) {</code>
            <hit count="12" name="&lt;unnamed&gt;"/>
        </line>
        <line hits="12" number="15">
            <code>  if (url.startsWith('~')) {</code>
            <hit count="12" name="&lt;unnamed&gt;"/>
        </line>
        <line hits="12" number="16">
            <code>    final root = getHome();</code>
            <hit count="12" name="&lt;unnamed&gt;"/>
        </line>
        <line hits="12" number="17">
            <code>    if (root != null) {</code>
            <hit count="12" name="&lt;unnamed&gt;"/>
        </line>
        <line hits="12" number="18">
            <code>      url = '$root${url.substring(1)}';</code>
            <hit count="12" name="&lt;unnamed&gt;"/>
        </line>
        <line number="19">
            <code>    }</code>
        </line>
        <line number="20">
            <code>  }</code>
        </line>
        <line hits="12" number="21">
            <code>  return Uri.parse(url);</code>
            <hit count="12" name="&lt;unnamed&gt;"/>
        </line>
        <line hits="12" number="22">
            <code>}</code>
            <hit count="12" name="&lt;unnamed&gt;"/>
        </line>
    </lines>
    <config branch-coverage="true" description-file="false" function-coverage="true" genhtml_hi_limit="90" genhtml_med_limit="75" legend="false" no-sort="false" no-source="false" show-details="false"/>
    <base href="../../../"/>
    <base href="../../../"/>
</coverage>
