<?xml version="1.0" encoding="UTF-8" standalone="no"?>
<?xml-stylesheet type="text/xsl" href="../../../jgenhtml.xsl"?><coverage branch-rate="NaN" branches-covered="0" branches-valid="0" complexity="0" date="2024-12-25" filename="_worker_channel.dart" function-rate="NaN" functions-covered="0" functions-valid="0" line-rate="0.3846154" lines-covered="10" lines-valid="26" package="src/_impl/web" testname="lcov.info" version="1.6">
    <lines>
        <line number="1">
            <code>import 'dart:async';</code>
        </line>
        <line number="2">
            <code>import 'dart:js_interop';</code>
        </line>
        <line number="3">
            <code/>
        </line>
        <line number="4">
            <code>import 'package:logger/web.dart';</code>
        </line>
        <line number="5">
            <code>import 'package:meta/meta.dart';</code>
        </line>
        <line number="6">
            <code>import 'package:web/web.dart' as web;</code>
        </line>
        <line number="7">
            <code/>
        </line>
        <line number="8">
            <code>import '../../exceptions/squadron_error.dart';</code>
        </line>
        <line number="9">
            <code>import '../../exceptions/squadron_exception.dart';</code>
        </line>
        <line number="10">
            <code>import '../../typedefs.dart';</code>
        </line>
        <line number="11">
            <code>import '../../worker/worker_channel.dart';</code>
        </line>
        <line number="12">
            <code>import '../../worker/worker_response.dart';</code>
        </line>
        <line number="13">
            <code>import '../xplat/_transferables.dart';</code>
        </line>
        <line number="14">
            <code>import '_typedefs.dart' as impl;</code>
        </line>
        <line number="15">
            <code/>
        </line>
        <line number="16">
            <code>/// [WorkerChannel] implementation for the JavaScript world.</code>
        </line>
        <line number="17">
            <code>final class _WebWorkerChannel implements WorkerChannel {</code>
        </line>
        <line number="18">
            <code>  _WebWorkerChannel._(this._sendPort, this._logger);</code>
        </line>
        <line number="19">
            <code/>
        </line>
        <line number="20">
            <code>  /// [web.MessagePort] to communicate with the [web.Worker] if the channel is</code>
        </line>
        <line number="21">
            <code>  /// owned by the worker owner. Otherwise, [web.MessagePort] to return values</code>
        </line>
        <line number="22">
            <code>  /// to the client.</code>
        </line>
        <line number="23">
            <code>  final web.MessagePort _sendPort;</code>
        </line>
        <line number="24">
            <code/>
        </line>
        <line number="25">
            <code>  final Logger? _logger;</code>
        </line>
        <line number="26">
            <code/>
        </line>
        <line hits="1" number="27">
            <code>  void _postResponse(WorkerResponse res) {</code>
            <hit count="1" name="&lt;unnamed&gt;"/>
        </line>
        <line hits="1" number="28">
            <code>    try {</code>
            <hit count="1" name="&lt;unnamed&gt;"/>
        </line>
        <line hits="1" number="29">
            <code>      _sendPort.postMessage(res.wrapInPlace().jsify());</code>
            <hit count="1" name="&lt;unnamed&gt;"/>
        </line>
        <line hits="0" number="30">
            <code>    } catch (ex, st) {</code>
        </line>
        <line hits="1" number="31">
            <code>      _logger?.e(() =&gt; 'Failed to post response $res: $ex');</code>
            <hit count="1" name="&lt;unnamed&gt;"/>
        </line>
        <line hits="0" number="32">
            <code>      throw SquadronErrorExt.create('Failed to post response: $ex', st);</code>
        </line>
        <line number="33">
            <code>    }</code>
        </line>
        <line hits="1" number="34">
            <code>  }</code>
            <hit count="1" name="&lt;unnamed&gt;"/>
        </line>
        <line number="35">
            <code/>
        </line>
        <line hits="0" number="36">
            <code>  void _inspectAndPostResponse(WorkerResponse res) {</code>
        </line>
        <line hits="0" number="37">
            <code>    try {</code>
        </line>
        <line hits="0" number="38">
            <code>      final data = res.wrapInPlace();</code>
        </line>
        <line hits="0" number="39">
            <code>      final transfer = Transferables.get(data);</code>
        </line>
        <line hits="0" number="40">
            <code>      if (transfer == null || transfer.isEmpty) {</code>
        </line>
        <line hits="0" number="41">
            <code>        _sendPort.postMessage(data.jsify());</code>
        </line>
        <line number="42">
            <code>      } else {</code>
        </line>
        <line hits="0" number="43">
            <code>        _sendPort.postMessage(data.jsify(), transfer.jsify() as JSArray);</code>
        </line>
        <line number="44">
            <code>      }</code>
        </line>
        <line hits="0" number="45">
            <code>    } catch (ex, st) {</code>
        </line>
        <line hits="1" number="46">
            <code>      _logger?.e(() =&gt; 'Failed to post response $res: $ex');</code>
            <hit count="1" name="&lt;unnamed&gt;"/>
        </line>
        <line hits="0" number="47">
            <code>      throw SquadronErrorExt.create('Failed to post response: $ex', st);</code>
        </line>
        <line number="48">
            <code>    }</code>
        </line>
        <line hits="0" number="49">
            <code>  }</code>
        </line>
        <line number="50">
            <code/>
        </line>
        <line number="51">
            <code>  /// Sends the [web.MessagePort] to communicate with the [web.Worker]. This</code>
        </line>
        <line number="52">
            <code>  /// method must be called by the [web.Worker] upon startup.</code>
        </line>
        <line number="53">
            <code>  @override</code>
        </line>
        <line number="54">
            <code>  void connect(PlatformChannel channelInfo) =&gt; inspectAndReply(channelInfo);</code>
        </line>
        <line number="55">
            <code/>
        </line>
        <line number="56">
            <code>  /// Sends a [WorkerResponse] with the specified data to the worker client.</code>
        </line>
        <line number="57">
            <code>  /// This method must be called from the [web.Worker] only. On Web patforms,</code>
        </line>
        <line number="58">
            <code>  /// this version does not check arguments for transferable objects.</code>
        </line>
        <line number="59">
            <code>  @override</code>
        </line>
        <line hits="1" number="60">
            <code>  void reply(dynamic data) =&gt; _postResponse(WorkerResponse.withResult(data));</code>
            <hit count="1" name="&lt;unnamed&gt;"/>
        </line>
        <line number="61">
            <code/>
        </line>
        <line number="62">
            <code>  /// Sends a [WorkerResponse] with the specified data to the worker client.</code>
        </line>
        <line number="63">
            <code>  /// This method must be called from the [web.Worker] only. On Web patforms,</code>
        </line>
        <line number="64">
            <code>  /// this version (tentatively) checks arguments for transferable objects.</code>
        </line>
        <line number="65">
            <code>  @override</code>
        </line>
        <line hits="0" number="66">
            <code>  void inspectAndReply(dynamic data) =&gt;</code>
        </line>
        <line hits="0" number="67">
            <code>      _inspectAndPostResponse(WorkerResponse.withResult(data));</code>
        </line>
        <line number="68">
            <code/>
        </line>
        <line number="69">
            <code>  @override</code>
        </line>
        <line number="70">
            <code>  void log(LogEvent message) =&gt; _postResponse(WorkerResponse.log(message));</code>
        </line>
        <line number="71">
            <code/>
        </line>
        <line number="72">
            <code>  /// Checks if [stream] can be streamed back to the worker client. Returns</code>
        </line>
        <line number="73">
            <code>  /// `true` for browser platforms.</code>
        </line>
        <line number="74">
            <code>  @override</code>
        </line>
        <line number="75">
            <code>  bool canStream(Stream&lt;dynamic&gt; stream) =&gt; true;</code>
        </line>
        <line number="76">
            <code/>
        </line>
        <line number="77">
            <code>  /// Sends a [WorkerResponse.closeStream] to the worker client. This method</code>
        </line>
        <line number="78">
            <code>  /// must be called from the [web.Worker] only.</code>
        </line>
        <line number="79">
            <code>  @override</code>
        </line>
        <line hits="1" number="80">
            <code>  void closeStream() =&gt; _postResponse(WorkerResponse.closeStream());</code>
            <hit count="1" name="&lt;unnamed&gt;"/>
        </line>
        <line number="81">
            <code/>
        </line>
        <line number="82">
            <code>  /// Sends the [WorkerResponse] to the worker client. This method must be</code>
        </line>
        <line number="83">
            <code>  /// called from the [web.Worker] only.</code>
        </line>
        <line number="84">
            <code>  @override</code>
        </line>
        <line hits="0" number="85">
            <code>  void error(Object err, [StackTrace? stackTrace, int? command]) {</code>
        </line>
        <line hits="1" number="86">
            <code>    final ex = SquadronException.from(err, stackTrace, command);</code>
            <hit count="1" name="&lt;unnamed&gt;"/>
        </line>
        <line hits="1" number="87">
            <code>    _postResponse(WorkerResponse.withError(ex));</code>
            <hit count="1" name="&lt;unnamed&gt;"/>
        </line>
        <line hits="0" number="88">
            <code>  }</code>
        </line>
        <line number="89">
            <code>}</code>
        </line>
        <line number="90">
            <code/>
        </line>
        <line number="91">
            <code>/// Creates a [WorkerChannel] from a [web.MessagePort].</code>
        </line>
        <line number="92">
            <code>@internal</code>
        </line>
        <line number="93">
            <code>WorkerChannel? deserialize(PlatformChannel? channelInfo, [Logger? logger]) =&gt;</code>
        </line>
        <line number="94">
            <code>    (channelInfo == null)</code>
        </line>
        <line number="95">
            <code>        ? null</code>
        </line>
        <line number="96">
            <code>        : _WebWorkerChannel._(channelInfo as impl.PlatformChannel, logger);</code>
        </line>
    </lines>
    <config branch-coverage="true" description-file="false" function-coverage="true" genhtml_hi_limit="90" genhtml_med_limit="75" legend="false" no-sort="false" no-source="false" show-details="false"/>
    <base href="../../../"/>
    <base href="../../../"/>
</coverage>
