<?xml version="1.0" encoding="UTF-8" standalone="no"?>
<?xml-stylesheet type="text/xsl" href="../../../jgenhtml.xsl"?><coverage branch-rate="NaN" branches-covered="0" branches-valid="0" complexity="0" date="2024-11-17" filename="_worker_runner.dart" function-rate="NaN" functions-covered="0" functions-valid="0" line-rate="1.0" lines-covered="2" lines-valid="2" package="src/_impl/web" testname="lcov.info" version="1.6">
    <lines>
        <line number="1">
            <code>import 'package:web/web.dart' as web;</code>
        </line>
        <line number="2">
            <code/>
        </line>
        <line number="3">
            <code>import '../../worker/worker_request.dart';</code>
        </line>
        <line number="4">
            <code>import '../xplat/_worker_runner.dart';</code>
        </line>
        <line number="5">
            <code>import '_patch.dart';</code>
        </line>
        <line number="6">
            <code/>
        </line>
        <line number="7">
            <code>extension JsWorkerRunnerExt on WorkerRunner {</code>
        </line>
        <line hits="1" number="8">
            <code>  void handle(web.MessageEvent event) =&gt;</code>
            <hit count="1" name="&lt;unnamed&gt;"/>
        </line>
        <line hits="1" number="9">
            <code>      processRequest(WorkerRequestExt.from(getMessageEventData(event)!));</code>
            <hit count="1" name="&lt;unnamed&gt;"/>
        </line>
        <line number="10">
            <code>}</code>
        </line>
    </lines>
    <config branch-coverage="true" description-file="false" function-coverage="true" genhtml_hi_limit="90" genhtml_med_limit="75" legend="false" no-sort="false" no-source="false" show-details="false"/>
    <base href="../../../"/>
    <base href="../../../"/>
</coverage>
