<?xml version="1.0" encoding="UTF-8" standalone="no"?>
<?xml-stylesheet type="text/xsl" href="../../../jgenhtml.xsl"?><coverage branch-rate="NaN" branches-covered="0" branches-valid="0" complexity="0" date="2024-09-22" filename="_channel_impl.dart" function-rate="NaN" functions-covered="0" functions-valid="0" line-rate="0.91803277" lines-covered="56" lines-valid="61" package="src/_impl/native" testname="lcov.info" version="1.6">
    <lines>
        <line number="1">
            <code>part of '_channel.dart';</code>
        </line>
        <line number="2">
            <code/>
        </line>
        <line number="3">
            <code>/// [Channel] implementation for the Native world.</code>
        </line>
        <line number="4">
            <code>final class _VmChannel implements Channel {</code>
        </line>
        <line hits="9" number="5">
            <code>  _VmChannel._(this._sendPort, this.logger, this.exceptionManager);</code>
            <hit count="9" name="&lt;unnamed&gt;"/>
        </line>
        <line number="6">
            <code/>
        </line>
        <line number="7">
            <code>  /// [SendPort] to communicate with the [Isolate] if the channel is owned by</code>
        </line>
        <line number="8">
            <code>  /// the worker owner. Otherwise, [SendPort] to return values to the client.</code>
        </line>
        <line number="9">
            <code>  final vm.SendPort _sendPort;</code>
        </line>
        <line number="10">
            <code/>
        </line>
        <line number="11">
            <code>  @override</code>
        </line>
        <line number="12">
            <code>  final ExceptionManager exceptionManager;</code>
        </line>
        <line number="13">
            <code/>
        </line>
        <line number="14">
            <code>  @override</code>
        </line>
        <line number="15">
            <code>  final Logger? logger;</code>
        </line>
        <line number="16">
            <code/>
        </line>
        <line number="17">
            <code>  bool _closed = false;</code>
        </line>
        <line number="18">
            <code/>
        </line>
        <line number="19">
            <code>  /// [Channel] serialization in Native world returns the [SendPort].</code>
        </line>
        <line hits="3" number="20">
            <code>  @override</code>
            <hit count="3" name="&lt;unnamed&gt;"/>
        </line>
        <line hits="3" number="21">
            <code>  PlatformChannel serialize() =&gt; _sendPort;</code>
            <hit count="3" name="&lt;unnamed&gt;"/>
        </line>
        <line number="22">
            <code/>
        </line>
        <line number="23">
            <code>  /// [Channel] sharing in Native world returns the same instance.</code>
        </line>
        <line hits="3" number="24">
            <code>  @override</code>
            <hit count="3" name="&lt;unnamed&gt;"/>
        </line>
        <line number="25">
            <code>  Channel share() =&gt; this;</code>
        </line>
        <line number="26">
            <code/>
        </line>
        <line hits="9" number="27">
            <code>  void _postRequest(WorkerRequest req) {</code>
            <hit count="9" name="&lt;unnamed&gt;"/>
        </line>
        <line hits="9" number="28">
            <code>    if (_closed) {</code>
            <hit count="9" name="&lt;unnamed&gt;"/>
        </line>
        <line hits="0" number="29">
            <code>      throw SquadronErrorExt.create('Channel is closed');</code>
        </line>
        <line number="30">
            <code>    }</code>
        </line>
        <line number="31">
            <code>    try {</code>
        </line>
        <line hits="11" number="32">
            <code>      req.cancelToken?.ensureStarted();</code>
            <hit count="11" name="&lt;unnamed&gt;"/>
        </line>
        <line hits="27" number="33">
            <code>      _sendPort.send(req.wrapInPlace());</code>
            <hit count="27" name="&lt;unnamed&gt;"/>
        </line>
        <line number="34">
            <code>    } catch (ex, st) {</code>
        </line>
        <line hits="1" number="35">
            <code>      logger?.e(() =&gt; 'Failed to post request $req: $ex');</code>
            <hit count="1" name="&lt;unnamed&gt;"/>
        </line>
        <line hits="2" number="36">
            <code>      throw SquadronErrorExt.create('Failed to post request: $ex', st);</code>
            <hit count="2" name="&lt;unnamed&gt;"/>
        </line>
        <line number="37">
            <code>    }</code>
        </line>
        <line number="38">
            <code>  }</code>
        </line>
        <line number="39">
            <code/>
        </line>
        <line number="40">
            <code>  /// Sends a termination [WorkerRequest] to the [vm.Isolate].</code>
        </line>
        <line hits="9" number="41">
            <code>  @override</code>
            <hit count="9" name="&lt;unnamed&gt;"/>
        </line>
        <line number="42">
            <code>  FutureOr&lt;void&gt; close() {</code>
        </line>
        <line hits="9" number="43">
            <code>    if (!_closed) {</code>
            <hit count="9" name="&lt;unnamed&gt;"/>
        </line>
        <line hits="18" number="44">
            <code>      _postRequest(WorkerRequest.stop());</code>
            <hit count="18" name="&lt;unnamed&gt;"/>
        </line>
        <line hits="9" number="45">
            <code>      _closed = true;</code>
            <hit count="9" name="&lt;unnamed&gt;"/>
        </line>
        <line number="46">
            <code>    }</code>
        </line>
        <line number="47">
            <code>  }</code>
        </line>
        <line number="48">
            <code/>
        </line>
        <line number="49">
            <code>  /// Sends a close stream [WorkerRequest] to the [vm.Isolate].</code>
        </line>
        <line hits="3" number="50">
            <code>  @override</code>
            <hit count="3" name="&lt;unnamed&gt;"/>
        </line>
        <line number="51">
            <code>  FutureOr&lt;void&gt; cancelStream(int streamId) {</code>
        </line>
        <line hits="3" number="52">
            <code>    if (!_closed) {</code>
            <hit count="3" name="&lt;unnamed&gt;"/>
        </line>
        <line hits="6" number="53">
            <code>      _postRequest(WorkerRequest.cancelStream(streamId));</code>
            <hit count="6" name="&lt;unnamed&gt;"/>
        </line>
        <line number="54">
            <code>    }</code>
        </line>
        <line number="55">
            <code>  }</code>
        </line>
        <line number="56">
            <code/>
        </line>
        <line number="57">
            <code>  /// Sends a cancel token [WorkerRequest] to the [vm.Isolate].</code>
        </line>
        <line hits="2" number="58">
            <code>  @override</code>
            <hit count="2" name="&lt;unnamed&gt;"/>
        </line>
        <line number="59">
            <code>  FutureOr&lt;void&gt; cancelToken(SquadronCancelationToken? token) {</code>
        </line>
        <line hits="2" number="60">
            <code>    if (token != null &amp;&amp; !_closed) {</code>
            <hit count="2" name="&lt;unnamed&gt;"/>
        </line>
        <line hits="4" number="61">
            <code>      _postRequest(WorkerRequest.cancel(token));</code>
            <hit count="4" name="&lt;unnamed&gt;"/>
        </line>
        <line number="62">
            <code>    }</code>
        </line>
        <line number="63">
            <code>  }</code>
        </line>
        <line number="64">
            <code/>
        </line>
        <line hits="9" number="65">
            <code>  Stream&lt;dynamic&gt; _getResponseStream(</code>
            <hit count="9" name="&lt;unnamed&gt;"/>
        </line>
        <line number="66">
            <code>    vm.ReceivePort port,</code>
        </line>
        <line number="67">
            <code>    WorkerRequest req,</code>
        </line>
        <line number="68">
            <code>    void Function(WorkerRequest) post, {</code>
        </line>
        <line number="69">
            <code>    required bool streaming,</code>
        </line>
        <line number="70">
            <code>  }) {</code>
        </line>
        <line hits="9" number="71">
            <code>    final command = req.command;</code>
            <hit count="9" name="&lt;unnamed&gt;"/>
        </line>
        <line number="72">
            <code/>
        </line>
        <line number="73">
            <code>    // send the request, return a stream of responses</code>
        </line>
        <line hits="9" number="74">
            <code>    Stream&lt;WorkerResponse&gt; $sendRequest() {</code>
            <hit count="9" name="&lt;unnamed&gt;"/>
        </line>
        <line number="75">
            <code>      late final ForwardStreamController&lt;WorkerResponse&gt; controller;</code>
        </line>
        <line number="76">
            <code/>
        </line>
        <line hits="9" number="77">
            <code>      void $forwardMessage(WorkerResponse msg) {</code>
            <hit count="9" name="&lt;unnamed&gt;"/>
        </line>
        <line hits="18" number="78">
            <code>        if (!controller.isClosed) controller.add(msg);</code>
            <hit count="18" name="&lt;unnamed&gt;"/>
        </line>
        <line number="79">
            <code>      }</code>
        </line>
        <line number="80">
            <code/>
        </line>
        <line hits="1" number="81">
            <code>      void $forwardError(Object error, StackTrace? st) {</code>
            <hit count="1" name="&lt;unnamed&gt;"/>
        </line>
        <line hits="1" number="82">
            <code>        if (!controller.isClosed) {</code>
            <hit count="1" name="&lt;unnamed&gt;"/>
        </line>
        <line hits="2" number="83">
            <code>          controller.addError(SquadronException.from(error, st, command));</code>
            <hit count="2" name="&lt;unnamed&gt;"/>
        </line>
        <line number="84">
            <code>        }</code>
        </line>
        <line number="85">
            <code>      }</code>
        </line>
        <line number="86">
            <code/>
        </line>
        <line hits="18" number="87">
            <code>      controller = ForwardStreamController(onListen: () {</code>
            <hit count="18" name="&lt;unnamed&gt;"/>
        </line>
        <line number="88">
            <code>        // do nothing if the controller is closed already</code>
        </line>
        <line hits="9" number="89">
            <code>        if (controller.isClosed) return;</code>
            <hit count="9" name="&lt;unnamed&gt;"/>
        </line>
        <line number="90">
            <code/>
        </line>
        <line number="91">
            <code>        // bind the controller</code>
        </line>
        <line hits="27" number="92">
            <code>        controller.attachSubscription(port.cast&lt;WorkerResponse&gt;().listen(</code>
            <hit count="27" name="&lt;unnamed&gt;"/>
        </line>
        <line number="93">
            <code>              $forwardMessage,</code>
        </line>
        <line number="94">
            <code>              onError: $forwardError,</code>
        </line>
        <line hits="9" number="95">
            <code>              onDone: controller.close,</code>
            <hit count="9" name="&lt;unnamed&gt;"/>
        </line>
        <line number="96">
            <code>              cancelOnError: false,</code>
        </line>
        <line number="97">
            <code>            ));</code>
        </line>
        <line number="98">
            <code/>
        </line>
        <line number="99">
            <code>        // send the request</code>
        </line>
        <line number="100">
            <code>        try {</code>
        </line>
        <line hits="9" number="101">
            <code>          post(req);</code>
            <hit count="9" name="&lt;unnamed&gt;"/>
        </line>
        <line number="102">
            <code>        } catch (ex, st) {</code>
        </line>
        <line hits="1" number="103">
            <code>          $forwardError(ex, st);</code>
            <hit count="1" name="&lt;unnamed&gt;"/>
        </line>
        <line hits="1" number="104">
            <code>          controller.close();</code>
            <hit count="1" name="&lt;unnamed&gt;"/>
        </line>
        <line number="105">
            <code>        }</code>
        </line>
        <line number="106">
            <code>      });</code>
        </line>
        <line hits="9" number="107">
            <code>      return controller.stream;</code>
            <hit count="9" name="&lt;unnamed&gt;"/>
        </line>
        <line number="108">
            <code>    }</code>
        </line>
        <line number="109">
            <code/>
        </line>
        <line number="110">
            <code>    // return a stream of decoded responses</code>
        </line>
        <line hits="18" number="111">
            <code>    return ResultStream(this, req, $sendRequest, streaming).stream;</code>
            <hit count="18" name="&lt;unnamed&gt;"/>
        </line>
        <line number="112">
            <code>  }</code>
        </line>
        <line number="113">
            <code/>
        </line>
        <line number="114">
            <code>  /// creates a [ReceivePort] and a [WorkerRequest] and sends it to the</code>
        </line>
        <line number="115">
            <code>  /// [Isolate]. This method expects a single value from the [Isolate]</code>
        </line>
        <line hits="8" number="116">
            <code>  @override</code>
            <hit count="8" name="&lt;unnamed&gt;"/>
        </line>
        <line number="117">
            <code>  Future&lt;dynamic&gt; sendRequest(</code>
        </line>
        <line number="118">
            <code>    int command,</code>
        </line>
        <line number="119">
            <code>    List args, {</code>
        </line>
        <line number="120">
            <code>    SquadronCancelationToken? token,</code>
        </line>
        <line number="121">
            <code>    bool inspectRequest = false,</code>
        </line>
        <line number="122">
            <code>    bool inspectResponse = false,</code>
        </line>
        <line number="123">
            <code>  }) {</code>
        </line>
        <line hits="8" number="124">
            <code>    final completer = Completer();</code>
            <hit count="8" name="&lt;unnamed&gt;"/>
        </line>
        <line number="125">
            <code>    late final StreamSubscription sub;</code>
        </line>
        <line number="126">
            <code/>
        </line>
        <line hits="8" number="127">
            <code>    void $success(dynamic data) async {</code>
            <hit count="8" name="&lt;unnamed&gt;"/>
        </line>
        <line hits="8" number="128">
            <code>      await sub.cancel();</code>
            <hit count="8" name="&lt;unnamed&gt;"/>
        </line>
        <line hits="16" number="129">
            <code>      if (!completer.isCompleted) completer.complete(data);</code>
            <hit count="16" name="&lt;unnamed&gt;"/>
        </line>
        <line number="130">
            <code>    }</code>
        </line>
        <line number="131">
            <code/>
        </line>
        <line hits="3" number="132">
            <code>    void $fail(Object ex, [StackTrace? st]) async {</code>
            <hit count="3" name="&lt;unnamed&gt;"/>
        </line>
        <line hits="3" number="133">
            <code>      await sub.cancel();</code>
            <hit count="3" name="&lt;unnamed&gt;"/>
        </line>
        <line hits="6" number="134">
            <code>      if (!completer.isCompleted) completer.completeError(ex, st);</code>
            <hit count="6" name="&lt;unnamed&gt;"/>
        </line>
        <line number="135">
            <code>    }</code>
        </line>
        <line number="136">
            <code/>
        </line>
        <line hits="0" number="137">
            <code>    void $done() async {</code>
        </line>
        <line hits="0" number="138">
            <code>      await sub.cancel();</code>
        </line>
        <line hits="0" number="139">
            <code>      if (!completer.isCompleted) {</code>
        </line>
        <line hits="0" number="140">
            <code>        $fail(WorkerException('No response from worker', null, command));</code>
        </line>
        <line number="141">
            <code>      }</code>
        </line>
        <line number="142">
            <code>    }</code>
        </line>
        <line number="143">
            <code/>
        </line>
        <line hits="8" number="144">
            <code>    final receiver = vm.ReceivePort();</code>
            <hit count="8" name="&lt;unnamed&gt;"/>
        </line>
        <line hits="8" number="145">
            <code>    final req = WorkerRequest.userCommand(</code>
            <hit count="8" name="&lt;unnamed&gt;"/>
        </line>
        <line hits="8" number="146">
            <code>        receiver.sendPort, command, args, token, inspectResponse);</code>
            <hit count="8" name="&lt;unnamed&gt;"/>
        </line>
        <line hits="16" number="147">
            <code>    sub = _getResponseStream(receiver, req, _postRequest, streaming: false)</code>
            <hit count="16" name="&lt;unnamed&gt;"/>
        </line>
        <line hits="8" number="148">
            <code>        .listen($success, onError: $fail, onDone: $done);</code>
            <hit count="8" name="&lt;unnamed&gt;"/>
        </line>
        <line hits="8" number="149">
            <code>    return completer.future;</code>
            <hit count="8" name="&lt;unnamed&gt;"/>
        </line>
        <line number="150">
            <code>  }</code>
        </line>
        <line number="151">
            <code/>
        </line>
        <line number="152">
            <code>  /// Creates a [ReceivePort] and a [WorkerRequest] and sends it to the</code>
        </line>
        <line number="153">
            <code>  /// [Isolate]. This method expects a stream of values from the [Isolate].</code>
        </line>
        <line number="154">
            <code>  /// The [Isolate] must send a [WorkerResponse.endOfStream] to close the</code>
        </line>
        <line number="155">
            <code>  /// [Stream].</code>
        </line>
        <line hits="5" number="156">
            <code>  @override</code>
            <hit count="5" name="&lt;unnamed&gt;"/>
        </line>
        <line number="157">
            <code>  Stream&lt;dynamic&gt; sendStreamingRequest(</code>
        </line>
        <line number="158">
            <code>    int command,</code>
        </line>
        <line number="159">
            <code>    List args, {</code>
        </line>
        <line number="160">
            <code>    SquadronCancelationToken? token,</code>
        </line>
        <line number="161">
            <code>    bool inspectRequest = false,</code>
        </line>
        <line number="162">
            <code>    bool inspectResponse = false,</code>
        </line>
        <line number="163">
            <code>  }) {</code>
        </line>
        <line hits="5" number="164">
            <code>    final receiver = vm.ReceivePort();</code>
            <hit count="5" name="&lt;unnamed&gt;"/>
        </line>
        <line hits="5" number="165">
            <code>    final req = WorkerRequest.userCommand(</code>
            <hit count="5" name="&lt;unnamed&gt;"/>
        </line>
        <line hits="5" number="166">
            <code>        receiver.sendPort, command, args, token, inspectResponse);</code>
            <hit count="5" name="&lt;unnamed&gt;"/>
        </line>
        <line hits="10" number="167">
            <code>    return _getResponseStream(receiver, req, _postRequest, streaming: true);</code>
            <hit count="10" name="&lt;unnamed&gt;"/>
        </line>
        <line number="168">
            <code>  }</code>
        </line>
        <line number="169">
            <code>}</code>
        </line>
    </lines>
    <config branch-coverage="true" description-file="false" function-coverage="true" genhtml_hi_limit="90" genhtml_med_limit="75" legend="false" no-sort="false" no-source="false" show-details="false"/>
    <base href="../../../"/>
    <base href="../../../"/>
</coverage>
