<?xml version="1.0" encoding="UTF-8" standalone="no"?>
<?xml-stylesheet type="text/xsl" href="../../../jgenhtml.xsl"?><coverage branch-rate="NaN" branches-covered="0" branches-valid="0" complexity="0" date="2024-12-05" filename="_channel.dart" function-rate="NaN" functions-covered="0" functions-valid="0" line-rate="0.8363636" lines-covered="46" lines-valid="55" package="src/_impl/native" testname="lcov.info" version="1.6">
    <lines>
        <line number="1">
            <code>import 'dart:async';</code>
        </line>
        <line number="2">
            <code>import 'dart:convert';</code>
        </line>
        <line number="3">
            <code>import 'dart:isolate' as vm;</code>
        </line>
        <line number="4">
            <code/>
        </line>
        <line number="5">
            <code>import 'package:logger/web.dart';</code>
        </line>
        <line number="6">
            <code/>
        </line>
        <line number="7">
            <code>import '../../channel.dart' show Channel;</code>
        </line>
        <line number="8">
            <code>import '../../channel.dart';</code>
        </line>
        <line number="9">
            <code>import '../../exceptions/exception_manager.dart';</code>
        </line>
        <line number="10">
            <code>import '../../exceptions/squadron_error.dart';</code>
        </line>
        <line number="11">
            <code>import '../../exceptions/squadron_exception.dart';</code>
        </line>
        <line number="12">
            <code>import '../../exceptions/worker_exception.dart';</code>
        </line>
        <line number="13">
            <code>import '../../tokens/_squadron_cancelation_token.dart';</code>
        </line>
        <line number="14">
            <code>import '../../typedefs.dart';</code>
        </line>
        <line number="15">
            <code>import '../../worker/worker_request.dart';</code>
        </line>
        <line number="16">
            <code>import '../../worker/worker_response.dart';</code>
        </line>
        <line number="17">
            <code>import '../xplat/_disconnected_channel.dart';</code>
        </line>
        <line number="18">
            <code>import '../xplat/_forward_stream_controller.dart';</code>
        </line>
        <line number="19">
            <code>import '../xplat/_result_stream.dart';</code>
        </line>
        <line number="20">
            <code/>
        </line>
        <line number="21">
            <code>part '_channel_impl.dart';</code>
        </line>
        <line number="22">
            <code/>
        </line>
        <line number="23">
            <code>// Stub implementations.</code>
        </line>
        <line number="24">
            <code/>
        </line>
        <line number="25">
            <code>/// Starts an [Isolate] using the [entryPoint] and sends a start</code>
        </line>
        <line number="26">
            <code>/// [WorkerRequest] with [startArguments]. The future completes after the</code>
        </line>
        <line number="27">
            <code>/// worker [Isolate]'s main program has provided the [SendPort] via</code>
        </line>
        <line number="28">
            <code>/// [WorkerChannel.connect].</code>
        </line>
        <line hits="10" number="29">
            <code>Future&lt;Channel&gt; openChannel(</code>
            <hit count="10" name="&lt;unnamed&gt;"/>
        </line>
        <line number="30">
            <code>  EntryPoint entryPoint,</code>
        </line>
        <line number="31">
            <code>  ExceptionManager exceptionManager,</code>
        </line>
        <line number="32">
            <code>  Logger? logger,</code>
        </line>
        <line number="33">
            <code>  List startArguments, [</code>
        </line>
        <line number="34">
            <code>  PlatformThreadHook? hook,</code>
        </line>
        <line number="35">
            <code>]) async {</code>
        </line>
        <line hits="10" number="36">
            <code>  final completer = Completer&lt;Channel&gt;();</code>
            <hit count="10" name="&lt;unnamed&gt;"/>
        </line>
        <line number="37">
            <code>  Channel? channel;</code>
        </line>
        <line number="38">
            <code/>
        </line>
        <line hits="10" number="39">
            <code>  void failure(Object error, [StackTrace? stackTrace]) {</code>
            <hit count="10" name="&lt;unnamed&gt;"/>
        </line>
        <line hits="10" number="40">
            <code>    if (!completer.isCompleted) {</code>
            <hit count="10" name="&lt;unnamed&gt;"/>
        </line>
        <line hits="6" number="41">
            <code>      completer.completeError(SquadronException.from(error, stackTrace));</code>
            <hit count="6" name="&lt;unnamed&gt;"/>
        </line>
        <line number="42">
            <code>    }</code>
        </line>
        <line number="43">
            <code>  }</code>
        </line>
        <line number="44">
            <code/>
        </line>
        <line hits="9" number="45">
            <code>  void success(Channel channel) {</code>
            <hit count="9" name="&lt;unnamed&gt;"/>
        </line>
        <line hits="9" number="46">
            <code>    if (!completer.isCompleted) {</code>
            <hit count="9" name="&lt;unnamed&gt;"/>
        </line>
        <line hits="9" number="47">
            <code>      completer.complete(channel);</code>
            <hit count="9" name="&lt;unnamed&gt;"/>
        </line>
        <line number="48">
            <code>    }</code>
        </line>
        <line number="49">
            <code>  }</code>
        </line>
        <line number="50">
            <code/>
        </line>
        <line hits="10" number="51">
            <code>  final receiver = vm.ReceivePort();</code>
            <hit count="10" name="&lt;unnamed&gt;"/>
        </line>
        <line hits="10" number="52">
            <code>  final exitPort = vm.ReceivePort();</code>
            <hit count="10" name="&lt;unnamed&gt;"/>
        </line>
        <line hits="10" number="53">
            <code>  final errorPort = vm.ReceivePort();</code>
            <hit count="10" name="&lt;unnamed&gt;"/>
        </line>
        <line number="54">
            <code/>
        </line>
        <line hits="20" number="55">
            <code>  exitPort.listen((message) {</code>
            <hit count="20" name="&lt;unnamed&gt;"/>
        </line>
        <line hits="20" number="56">
            <code>    failure(SquadronErrorExt.create('Connection to worker failed'));</code>
            <hit count="20" name="&lt;unnamed&gt;"/>
        </line>
        <line hits="2" number="57">
            <code>    logger?.t('Isolate terminated.');</code>
            <hit count="2" name="&lt;unnamed&gt;"/>
        </line>
        <line hits="9" number="58">
            <code>    channel?.close();</code>
            <hit count="9" name="&lt;unnamed&gt;"/>
        </line>
        <line hits="10" number="59">
            <code>    receiver.close();</code>
            <hit count="10" name="&lt;unnamed&gt;"/>
        </line>
        <line hits="10" number="60">
            <code>    errorPort.close();</code>
            <hit count="10" name="&lt;unnamed&gt;"/>
        </line>
        <line hits="10" number="61">
            <code>    exitPort.close();</code>
            <hit count="10" name="&lt;unnamed&gt;"/>
        </line>
        <line number="62">
            <code>  });</code>
        </line>
        <line number="63">
            <code/>
        </line>
        <line hits="10" number="64">
            <code>  errorPort.listen((message) {</code>
            <hit count="10" name="&lt;unnamed&gt;"/>
        </line>
        <line number="65">
            <code>    SquadronException? error;</code>
        </line>
        <line number="66">
            <code>    try {</code>
        </line>
        <line hits="0" number="67">
            <code>      final data = jsonDecode(message[0]);</code>
        </line>
        <line hits="0" number="68">
            <code>      if (data is List) {</code>
        </line>
        <line hits="0" number="69">
            <code>        error = exceptionManager.deserialize(data.cast&lt;String&gt;());</code>
        </line>
        <line number="70">
            <code>      }</code>
        </line>
        <line number="71">
            <code>    } catch (_) {</code>
        </line>
        <line number="72">
            <code>      // not a String representing a SquadronException</code>
        </line>
        <line number="73">
            <code>    }</code>
        </line>
        <line number="74">
            <code/>
        </line>
        <line hits="0" number="75">
            <code>    error ??= WorkerException(</code>
        </line>
        <line hits="0" number="76">
            <code>      message[0],</code>
        </line>
        <line hits="0" number="77">
            <code>      SquadronException.loadStackTrace(message[1]),</code>
        </line>
        <line number="78">
            <code>    );</code>
        </line>
        <line number="79">
            <code/>
        </line>
        <line hits="0" number="80">
            <code>    logger?.d(() =&gt; 'Unhandled error from Isolate: ${error?.message}.');</code>
        </line>
        <line hits="0" number="81">
            <code>    failure(error);</code>
        </line>
        <line number="82">
            <code>  });</code>
        </line>
        <line number="83">
            <code/>
        </line>
        <line hits="10" number="84">
            <code>  final disconnected = DisconnectedChannel(exceptionManager, logger);</code>
            <hit count="10" name="&lt;unnamed&gt;"/>
        </line>
        <line number="85">
            <code/>
        </line>
        <line hits="19" number="86">
            <code>  receiver.listen((message) {</code>
            <hit count="19" name="&lt;unnamed&gt;"/>
        </line>
        <line hits="9" number="87">
            <code>    final response = WorkerResponseExt.from(message);</code>
            <hit count="9" name="&lt;unnamed&gt;"/>
        </line>
        <line hits="9" number="88">
            <code>    if (!response.unwrapInPlace(disconnected)) {</code>
            <hit count="9" name="&lt;unnamed&gt;"/>
        </line>
        <line number="89">
            <code>      return;</code>
        </line>
        <line number="90">
            <code>    }</code>
        </line>
        <line number="91">
            <code/>
        </line>
        <line hits="9" number="92">
            <code>    final error = response.error;</code>
            <hit count="9" name="&lt;unnamed&gt;"/>
        </line>
        <line number="93">
            <code>    if (error != null) {</code>
        </line>
        <line hits="4" number="94">
            <code>      logger?.e(() =&gt; 'Connection to Isolate failed: ${response.error}');</code>
            <hit count="4" name="&lt;unnamed&gt;"/>
        </line>
        <line hits="2" number="95">
            <code>      failure(error);</code>
            <hit count="2" name="&lt;unnamed&gt;"/>
        </line>
        <line hits="9" number="96">
            <code>    } else if (response.endOfStream) {</code>
            <hit count="9" name="&lt;unnamed&gt;"/>
        </line>
        <line hits="1" number="97">
            <code>      logger?.w('Disconnecting from Isolate');</code>
            <hit count="1" name="&lt;unnamed&gt;"/>
        </line>
        <line hits="1" number="98">
            <code>      channel?.close();</code>
            <hit count="1" name="&lt;unnamed&gt;"/>
        </line>
        <line hits="9" number="99">
            <code>    } else if (!completer.isCompleted) {</code>
            <hit count="9" name="&lt;unnamed&gt;"/>
        </line>
        <line hits="2" number="100">
            <code>      logger?.t('Connected to Isolate');</code>
            <hit count="2" name="&lt;unnamed&gt;"/>
        </line>
        <line hits="18" number="101">
            <code>      channel = _VmChannel._(response.result, logger, exceptionManager);</code>
            <hit count="18" name="&lt;unnamed&gt;"/>
        </line>
        <line hits="9" number="102">
            <code>      success(channel!);</code>
            <hit count="9" name="&lt;unnamed&gt;"/>
        </line>
        <line number="103">
            <code>    } else {</code>
        </line>
        <line hits="0" number="104">
            <code>      logger?.e(() =&gt; 'Unexpected response: $response');</code>
        </line>
        <line number="105">
            <code>    }</code>
        </line>
        <line number="106">
            <code>  });</code>
        </line>
        <line number="107">
            <code/>
        </line>
        <line hits="20" number="108">
            <code>  final startRequest = WorkerRequest.start(receiver.sendPort, startArguments);</code>
            <hit count="20" name="&lt;unnamed&gt;"/>
        </line>
        <line hits="10" number="109">
            <code>  startRequest.wrapInPlace();</code>
            <hit count="10" name="&lt;unnamed&gt;"/>
        </line>
        <line hits="10" number="110">
            <code>  final isolate = await vm.Isolate.spawn(</code>
            <hit count="10" name="&lt;unnamed&gt;"/>
        </line>
        <line number="111">
            <code>    entryPoint,</code>
        </line>
        <line number="112">
            <code>    startRequest,</code>
        </line>
        <line number="113">
            <code>    errorsAreFatal: false,</code>
        </line>
        <line hits="10" number="114">
            <code>    onExit: exitPort.sendPort,</code>
            <hit count="10" name="&lt;unnamed&gt;"/>
        </line>
        <line hits="10" number="115">
            <code>    onError: errorPort.sendPort,</code>
            <hit count="10" name="&lt;unnamed&gt;"/>
        </line>
        <line number="116">
            <code>  );</code>
        </line>
        <line number="117">
            <code/>
        </line>
        <line number="118">
            <code>  try {</code>
        </line>
        <line hits="10" number="119">
            <code>    final channel = await completer.future;</code>
            <hit count="10" name="&lt;unnamed&gt;"/>
        </line>
        <line hits="1" number="120">
            <code>    await hook?.call(isolate);</code>
            <hit count="1" name="&lt;unnamed&gt;"/>
        </line>
        <line hits="2" number="121">
            <code>    logger?.t('Created Isolate');</code>
            <hit count="2" name="&lt;unnamed&gt;"/>
        </line>
        <line number="122">
            <code>    return channel;</code>
        </line>
        <line number="123">
            <code>  } catch (ex) {</code>
        </line>
        <line hits="3" number="124">
            <code>    logger?.e(() =&gt; 'Connection to Isolate failed: $ex');</code>
            <hit count="3" name="&lt;unnamed&gt;"/>
        </line>
        <line hits="3" number="125">
            <code>    isolate.kill(priority: vm.Isolate.beforeNextEvent);</code>
            <hit count="3" name="&lt;unnamed&gt;"/>
        </line>
        <line number="126">
            <code>    rethrow;</code>
        </line>
        <line number="127">
            <code>  }</code>
        </line>
        <line number="128">
            <code>}</code>
        </line>
        <line number="129">
            <code/>
        </line>
        <line number="130">
            <code>/// Creates a [_VmChannel] from a [SendPort].</code>
        </line>
        <line hits="3" number="131">
            <code>Channel? deserialize(PlatformChannel? channelInfo,</code>
            <hit count="3" name="&lt;unnamed&gt;"/>
        </line>
        <line number="132">
            <code>        [Logger? logger, ExceptionManager? exceptionManager]) =&gt;</code>
        </line>
        <line number="133">
            <code>    (channelInfo == null)</code>
        </line>
        <line number="134">
            <code>        ? null</code>
        </line>
        <line hits="3" number="135">
            <code>        : _VmChannel._(</code>
            <hit count="3" name="&lt;unnamed&gt;"/>
        </line>
        <line number="136">
            <code>            channelInfo,</code>
        </line>
        <line number="137">
            <code>            logger,</code>
        </line>
        <line hits="3" number="138">
            <code>            exceptionManager ?? ExceptionManager(),</code>
            <hit count="3" name="&lt;unnamed&gt;"/>
        </line>
        <line number="139">
            <code>          );</code>
        </line>
    </lines>
    <config branch-coverage="true" description-file="false" function-coverage="true" genhtml_hi_limit="90" genhtml_med_limit="75" legend="false" no-sort="false" no-source="false" show-details="false"/>
    <base href="../../../"/>
    <base href="../../../"/>
</coverage>
