<?xml version="1.0" encoding="UTF-8" standalone="no"?>
<?xml-stylesheet type="text/xsl" href="../../../jgenhtml.xsl"?><coverage branch-rate="NaN" branches-covered="0" branches-valid="0" complexity="0" date="2025-09-28" filename="_channel_forward.dart" function-rate="NaN" functions-covered="0" functions-valid="0" line-rate="0.54545456" lines-covered="6" lines-valid="11" package="src/_impl/native" testname="lcov.info" version="1.6">
    <lines>
        <line number="1">
            <code>part of '_channel.dart';</code>
        </line>
        <line number="2">
            <code/>
        </line>
        <line number="3">
            <code>/// [Channel] used to communicate between [Isolates]s. Creates a</code>
        </line>
        <line number="4">
            <code>/// [vm.ReceivePort] to receive commands and forwards them to the worker's [vm.SendPort].</code>
        </line>
        <line number="5">
            <code>final class _VmForwardChannel extends _VmChannel {</code>
        </line>
        <line number="6">
            <code>  /// [_remote] is the worker's [web.MessagePort], [_com] is the intermediate</code>
        </line>
        <line number="7">
            <code>  /// message channel</code>
        </line>
        <line hits="3" number="8">
            <code>  _VmForwardChannel._(this._remote, this._com, Logger? logger,</code>
            <hit count="3" name="&lt;unnamed&gt;"/>
        </line>
        <line number="9">
            <code>      ExceptionManager exceptionManager)</code>
        </line>
        <line hits="6" number="10">
            <code>      : super._(_com.sendPort, logger, exceptionManager) {</code>
            <hit count="6" name="&lt;unnamed&gt;"/>
        </line>
        <line hits="9" number="11">
            <code>    _com.listen(_forward);</code>
            <hit count="9" name="&lt;unnamed&gt;"/>
        </line>
        <line number="12">
            <code>  }</code>
        </line>
        <line number="13">
            <code/>
        </line>
        <line number="14">
            <code>  /// [web.MessagePort] to the worker.</code>
        </line>
        <line number="15">
            <code>  final vm.SendPort _remote;</code>
        </line>
        <line number="16">
            <code/>
        </line>
        <line number="17">
            <code>  /// [web.MessageChannel] used for forwarding messages.</code>
        </line>
        <line number="18">
            <code>  final vm.ReceivePort _com;</code>
        </line>
        <line number="19">
            <code/>
        </line>
        <line number="20">
            <code>  /// Forwards [data] to the worker.</code>
        </line>
        <line hits="3" number="21">
            <code>  void _forward(dynamic data) {</code>
            <hit count="3" name="&lt;unnamed&gt;"/>
        </line>
        <line hits="3" number="22">
            <code>    if (_closed) {</code>
            <hit count="3" name="&lt;unnamed&gt;"/>
        </line>
        <line hits="0" number="23">
            <code>      throw SquadronErrorImpl.create('Channel is closed');</code>
        </line>
        <line number="24">
            <code>    }</code>
        </line>
        <line hits="6" number="25">
            <code>    _remote.send(data);</code>
            <hit count="6" name="&lt;unnamed&gt;"/>
        </line>
        <line number="26">
            <code>  }</code>
        </line>
        <line number="27">
            <code/>
        </line>
        <line number="28">
            <code>  /// Closes this [Channel], effectively stopping message forwarding.</code>
        </line>
        <line hits="0" number="29">
            <code>  @override</code>
        </line>
        <line number="30">
            <code>  void close() {</code>
        </line>
        <line hits="0" number="31">
            <code>    if (!_closed) {</code>
        </line>
        <line hits="0" number="32">
            <code>      _com.close();</code>
        </line>
        <line hits="0" number="33">
            <code>      _closed = true;</code>
        </line>
        <line number="34">
            <code>    }</code>
        </line>
        <line number="35">
            <code>  }</code>
        </line>
        <line number="36">
            <code>}</code>
        </line>
    </lines>
    <config branch-coverage="true" description-file="false" function-coverage="true" genhtml_hi_limit="90" genhtml_med_limit="75" legend="false" no-sort="false" no-source="false" show-details="false"/>
    <base href="../../../"/>
    <base href="../../../"/>
</coverage>
