<?xml version="1.0" encoding="UTF-8" standalone="no"?>
<?xml-stylesheet type="text/xsl" href="../../../jgenhtml.xsl"?><coverage branch-rate="NaN" branches-covered="0" branches-valid="0" complexity="0" date="2025-01-12" filename="_platform.dart" function-rate="NaN" functions-covered="0" functions-valid="0" line-rate="0.6666667" lines-covered="2" lines-valid="3" package="src/_impl/native" testname="lcov.info" version="1.6">
    <lines>
        <line number="1">
            <code>import '../../converters/cast_converter.dart';</code>
        </line>
        <line number="2">
            <code>import '../../converters/converter.dart';</code>
        </line>
        <line number="3">
            <code>import '../../squadron_platform_type.dart';</code>
        </line>
        <line number="4">
            <code/>
        </line>
        <line hits="10" number="5">
            <code>Converter getPlatformConverter() =&gt; CastConverter.instance;</code>
            <hit count="10" name="&lt;unnamed&gt;"/>
        </line>
        <line number="6">
            <code/>
        </line>
        <line hits="12" number="7">
            <code>SquadronPlatformType getPlatformType() =&gt; SquadronPlatformType.vm;</code>
            <hit count="12" name="&lt;unnamed&gt;"/>
        </line>
        <line number="8">
            <code/>
        </line>
        <line hits="0" number="9">
            <code>Uri mapUrl(String url) =&gt; Uri.parse(url);</code>
        </line>
    </lines>
    <config branch-coverage="true" description-file="false" function-coverage="true" genhtml_hi_limit="90" genhtml_med_limit="75" legend="false" no-sort="false" no-source="false" show-details="false"/>
    <base href="../../../"/>
    <base href="../../../"/>
</coverage>
