<?xml version="1.0" encoding="UTF-8" standalone="no"?>
<?xml-stylesheet type="text/xsl" href="../../../jgenhtml.xsl"?><coverage branch-rate="NaN" branches-covered="0" branches-valid="0" complexity="0" date="2025-01-26" filename="index" function-rate="NaN" functions-covered="0" functions-valid="0" line-rate="0.8972973" lines-covered="166" lines-valid="185" package="src/_impl/native" testname="lcov.info" version="1.6">
    <sources>
        <source branches-hit="0" branches-valid="0" filename="_bootstrapper.dart" functions-hit="0" functions-valid="0" lines-hit="8" lines-valid="8" prefix="/home/runner/work/squadron/squadron/lib/">
            <testCase branches-hit="0" functions-hit="0" lines-hit="8" name="&lt;unnamed&gt;"/>
        </source>
        <source branches-hit="0" branches-valid="0" filename="_channel_impl.dart" functions-hit="0" functions-valid="0" lines-hit="61" lines-valid="68" prefix="/home/runner/work/squadron/squadron/lib/">
            <testCase branches-hit="0" functions-hit="0" lines-hit="61" name="&lt;unnamed&gt;"/>
        </source>
        <source branches-hit="0" branches-valid="0" filename="_worker_runner.dart" functions-hit="0" functions-valid="0" lines-hit="2" lines-valid="2" prefix="/home/runner/work/squadron/squadron/lib/">
            <testCase branches-hit="0" functions-hit="0" lines-hit="2" name="&lt;unnamed&gt;"/>
        </source>
        <source branches-hit="0" branches-valid="0" filename="_worker_channel.dart" functions-hit="0" functions-valid="0" lines-hit="23" lines-valid="23" prefix="/home/runner/work/squadron/squadron/lib/">
            <testCase branches-hit="0" functions-hit="0" lines-hit="23" name="&lt;unnamed&gt;"/>
        </source>
        <source branches-hit="0" branches-valid="0" filename="_typedefs.dart" functions-hit="0" functions-valid="0" lines-hit="1" lines-valid="1" prefix="/home/runner/work/squadron/squadron/lib/">
            <testCase branches-hit="0" functions-hit="0" lines-hit="1" name="&lt;unnamed&gt;"/>
        </source>
        <source branches-hit="0" branches-valid="0" filename="_channel.dart" functions-hit="0" functions-valid="0" lines-hit="54" lines-valid="64" prefix="/home/runner/work/squadron/squadron/lib/">
            <testCase branches-hit="0" functions-hit="0" lines-hit="54" name="&lt;unnamed&gt;"/>
        </source>
        <source branches-hit="0" branches-valid="0" filename="_local_worker.dart" functions-hit="0" functions-valid="0" lines-hit="15" lines-valid="16" prefix="/home/runner/work/squadron/squadron/lib/">
            <testCase branches-hit="0" functions-hit="0" lines-hit="15" name="&lt;unnamed&gt;"/>
        </source>
        <source branches-hit="0" branches-valid="0" filename="_platform.dart" functions-hit="0" functions-valid="0" lines-hit="2" lines-valid="3" prefix="/home/runner/work/squadron/squadron/lib/">
            <testCase branches-hit="0" functions-hit="0" lines-hit="2" name="&lt;unnamed&gt;"/>
        </source>
    </sources>
    <config branch-coverage="true" description-file="false" function-coverage="true" genhtml_hi_limit="90" genhtml_med_limit="75" legend="false" no-sort="false" no-source="false" show-details="false"/>
    <base href="../../../"/>
    <base href="../../../"/>
</coverage>
