<?xml version="1.0" encoding="UTF-8" standalone="no"?>
<?xml-stylesheet type="text/xsl" href="../../../jgenhtml.xsl"?><coverage branch-rate="NaN" branches-covered="0" branches-valid="0" complexity="0" date="2026-02-21" filename="index" function-rate="NaN" functions-covered="0" functions-valid="0" line-rate="0.8480392" lines-covered="173" lines-valid="204" package="src/_impl/native" testname="lcov.info" version="1.6">
    <sources>
        <source branches-hit="0" branches-valid="0" filename="_bootstrapper.dart" functions-hit="0" functions-valid="0" lines-hit="8" lines-valid="8" prefix="/home/runner/work/squadron/squadron/lib/">
            <testCase branches-hit="0" functions-hit="0" lines-hit="8" name="&lt;unnamed&gt;"/>
        </source>
        <source branches-hit="0" branches-valid="0" filename="_channel_impl.dart" functions-hit="0" functions-valid="0" lines-hit="65" lines-valid="71" prefix="/home/runner/work/squadron/squadron/lib/">
            <testCase branches-hit="0" functions-hit="0" lines-hit="65" name="&lt;unnamed&gt;"/>
        </source>
        <source branches-hit="0" branches-valid="0" filename="_worker_runner.dart" functions-hit="0" functions-valid="0" lines-hit="1" lines-valid="1" prefix="/home/runner/work/squadron/squadron/lib/">
            <testCase branches-hit="0" functions-hit="0" lines-hit="1" name="&lt;unnamed&gt;"/>
        </source>
        <source branches-hit="0" branches-valid="0" filename="_worker_channel.dart" functions-hit="0" functions-valid="0" lines-hit="23" lines-valid="23" prefix="/home/runner/work/squadron/squadron/lib/">
            <testCase branches-hit="0" functions-hit="0" lines-hit="23" name="&lt;unnamed&gt;"/>
        </source>
        <source branches-hit="0" branches-valid="0" filename="_channel_forward.dart" functions-hit="0" functions-valid="0" lines-hit="6" lines-valid="12" prefix="/home/runner/work/squadron/squadron/lib/">
            <testCase branches-hit="0" functions-hit="0" lines-hit="6" name="&lt;unnamed&gt;"/>
        </source>
        <source branches-hit="0" branches-valid="0" filename="_channel.dart" functions-hit="0" functions-valid="0" lines-hit="56" lines-valid="66" prefix="/home/runner/work/squadron/squadron/lib/">
            <testCase branches-hit="0" functions-hit="0" lines-hit="56" name="&lt;unnamed&gt;"/>
        </source>
        <source branches-hit="0" branches-valid="0" filename="_local_worker.dart" functions-hit="0" functions-valid="0" lines-hit="10" lines-valid="18" prefix="/home/runner/work/squadron/squadron/lib/">
            <testCase branches-hit="0" functions-hit="0" lines-hit="10" name="&lt;unnamed&gt;"/>
        </source>
        <source branches-hit="0" branches-valid="0" filename="_platform.dart" functions-hit="0" functions-valid="0" lines-hit="4" lines-valid="5" prefix="/home/runner/work/squadron/squadron/lib/">
            <testCase branches-hit="0" functions-hit="0" lines-hit="4" name="&lt;unnamed&gt;"/>
        </source>
    </sources>
    <config branch-coverage="true" description-file="false" function-coverage="true" genhtml_hi_limit="90" genhtml_med_limit="75" legend="false" no-sort="false" no-source="false" show-details="false"/>
    <base href="../../../"/>
    <base href="../../../"/>
</coverage>
