<?xml version="1.0" encoding="UTF-8" standalone="no"?>
<?xml-stylesheet type="text/xsl" href="../../jgenhtml.xsl"?><coverage branch-rate="NaN" branches-covered="0" branches-valid="0" complexity="0" date="2024-08-10" filename="index" function-rate="NaN" functions-covered="0" functions-valid="0" line-rate="0.7818792" lines-covered="233" lines-valid="298" package="/_impl/web" testname="lcov.info" version="1.5">
    <sources>
        <source branches-hit="0" branches-valid="0" filename="_channel.dart" functions-hit="0" functions-valid="0" lines-hit="67" lines-valid="82" prefix="/home/runner/work/squadron/squadron/lib/src">
            <testCase branch-hit="0" function-hit="0" line-hit="67" name="&lt;unnamed&gt;"/>
        </source>
        <source branches-hit="0" branches-valid="0" filename="_patch.dart" functions-hit="0" functions-valid="0" lines-hit="8" lines-valid="15" prefix="/home/runner/work/squadron/squadron/lib/src">
            <testCase branch-hit="0" function-hit="0" line-hit="8" name="&lt;unnamed&gt;"/>
        </source>
        <source branches-hit="0" branches-valid="0" filename="_uri_checker.dart" functions-hit="0" functions-valid="0" lines-hit="5" lines-valid="6" prefix="/home/runner/work/squadron/squadron/lib/src">
            <testCase branch-hit="0" function-hit="0" line-hit="5" name="&lt;unnamed&gt;"/>
        </source>
        <source branches-hit="0" branches-valid="0" filename="_typedefs.dart" functions-hit="0" functions-valid="0" lines-hit="3" lines-valid="3" prefix="/home/runner/work/squadron/squadron/lib/src">
            <testCase branch-hit="0" function-hit="0" line-hit="3" name="&lt;unnamed&gt;"/>
        </source>
        <source branches-hit="0" branches-valid="0" filename="_channel_impl.dart" functions-hit="0" functions-valid="0" lines-hit="101" lines-valid="121" prefix="/home/runner/work/squadron/squadron/lib/src">
            <testCase branch-hit="0" function-hit="0" line-hit="101" name="&lt;unnamed&gt;"/>
        </source>
        <source branches-hit="0" branches-valid="0" filename="entry_point_uri.dart" functions-hit="0" functions-valid="0" lines-hit="16" lines-valid="19" prefix="/home/runner/work/squadron/squadron/lib/src">
            <testCase branch-hit="0" function-hit="0" line-hit="16" name="&lt;unnamed&gt;"/>
        </source>
        <source branches-hit="0" branches-valid="0" filename="_event_buffer.dart" functions-hit="0" functions-valid="0" lines-hit="13" lines-valid="16" prefix="/home/runner/work/squadron/squadron/lib/src">
            <testCase branch-hit="0" function-hit="0" line-hit="13" name="&lt;unnamed&gt;"/>
        </source>
        <source branches-hit="0" branches-valid="0" filename="_local_worker.dart" functions-hit="0" functions-valid="0" lines-hit="7" lines-valid="7" prefix="/home/runner/work/squadron/squadron/lib/src">
            <testCase branch-hit="0" function-hit="0" line-hit="7" name="&lt;unnamed&gt;"/>
        </source>
        <source branches-hit="0" branches-valid="0" filename="_worker_channel.dart" functions-hit="0" functions-valid="0" lines-hit="11" lines-valid="27" prefix="/home/runner/work/squadron/squadron/lib/src">
            <testCase branch-hit="0" function-hit="0" line-hit="11" name="&lt;unnamed&gt;"/>
        </source>
        <source branches-hit="0" branches-valid="0" filename="_worker_runner.dart" functions-hit="0" functions-valid="0" lines-hit="2" lines-valid="2" prefix="/home/runner/work/squadron/squadron/lib/src">
            <testCase branch-hit="0" function-hit="0" line-hit="2" name="&lt;unnamed&gt;"/>
        </source>
    </sources>
    <config branch-coverage="true" description-file="false" function-coverage="true" genhtml_hi_limit="90" genhtml_med_limit="75" legend="false" no-sort="false" no-source="false"/>
    <base href="../../"/>
    <base href="../../"/>
</coverage>
