<?xml version="1.0" encoding="UTF-8" standalone="no"?>
<?xml-stylesheet type="text/xsl" href="../jgenhtml.xsl"?><coverage branch-rate="NaN" branches-covered="0" branches-valid="0" complexity="0" date="2024-09-07" filename="index" function-rate="NaN" functions-covered="0" functions-valid="0" line-rate="0.93333334" lines-covered="238" lines-valid="255" package="/worker" testname="lcov.info" version="1.5">
    <sources>
        <source branches-hit="0" branches-valid="0" filename="worker_message.dart" functions-hit="0" functions-valid="0" lines-hit="5" lines-valid="6" prefix="/home/runner/work/squadron/squadron/lib/src">
            <testCase branch-hit="0" function-hit="0" line-hit="5" name="&lt;unnamed&gt;"/>
        </source>
        <source branches-hit="0" branches-valid="0" filename="worker_channel.dart" functions-hit="0" functions-valid="0" lines-hit="2" lines-valid="2" prefix="/home/runner/work/squadron/squadron/lib/src">
            <testCase branch-hit="0" function-hit="0" line-hit="2" name="&lt;unnamed&gt;"/>
        </source>
        <source branches-hit="0" branches-valid="0" filename="worker_request.dart" functions-hit="0" functions-valid="0" lines-hit="46" lines-valid="48" prefix="/home/runner/work/squadron/squadron/lib/src">
            <testCase branch-hit="0" function-hit="0" line-hit="46" name="&lt;unnamed&gt;"/>
        </source>
        <source branches-hit="0" branches-valid="0" filename="worker_response.dart" functions-hit="0" functions-valid="0" lines-hit="59" lines-valid="65" prefix="/home/runner/work/squadron/squadron/lib/src">
            <testCase branch-hit="0" function-hit="0" line-hit="59" name="&lt;unnamed&gt;"/>
        </source>
        <source branches-hit="0" branches-valid="0" filename="worker.dart" functions-hit="0" functions-valid="0" lines-hit="126" lines-valid="134" prefix="/home/runner/work/squadron/squadron/lib/src">
            <testCase branch-hit="0" function-hit="0" line-hit="126" name="&lt;unnamed&gt;"/>
        </source>
    </sources>
    <config branch-coverage="true" description-file="false" function-coverage="true" genhtml_hi_limit="90" genhtml_med_limit="75" legend="false" no-sort="false" no-source="false"/>
    <base href="../"/>
    <base href="../"/>
</coverage>
