<?xml version="1.0" encoding="UTF-8" standalone="no"?>
<?xml-stylesheet type="text/xsl" href="../jgenhtml.xsl"?><coverage branch-rate="NaN" branches-covered="0" branches-valid="0" complexity="0" date="2024-08-10" filename="worker_message.dart" function-rate="NaN" functions-covered="0" functions-valid="0" line-rate="0.8333333" lines-covered="5" lines-valid="6" package="/worker" testname="lcov.info" version="1.5">
    <lines>
        <line>
            <code>import 'package:meta/meta.dart';</code>
        </line>
        <line>
            <code/>
        </line>
        <line>
            <code>import '../_impl/xplat/_helpers.dart';</code>
        </line>
        <line>
            <code>import '../cast_helpers.dart';</code>
        </line>
        <line>
            <code/>
        </line>
        <line>
            <code>/// Make [WorkerMessage] a `List` to minimize serialization overhead.</code>
        </line>
        <line>
            <code>extension type WorkerMessage(List data) {</code>
        </line>
        <line>
            <code>  /// [travelTime] is set by the receiving end and measures the time (in</code>
        </line>
        <line>
            <code>  /// microseconds) it took between the moment the message was serialized and</code>
        </line>
        <line>
            <code>  /// the moment it was deserialized.</code>
        </line>
        <line hits="0">
            <code>  int? get travelTime =&gt; data[_$traveltime];</code>
        </line>
        <line>
            <code>}</code>
        </line>
        <line>
            <code/>
        </line>
        <line>
            <code>const _$traveltime = 0;</code>
        </line>
        <line>
            <code/>
        </line>
        <line>
            <code>@internal</code>
        </line>
        <line>
            <code>extension WorkerMessageExt on WorkerMessage {</code>
        </line>
        <line hits="10">
            <code>  void unwrapTravelTime() {</code>
            <hit count="10" name="&lt;unnamed&gt;"/>
        </line>
        <line hits="19">
            <code>    final ts = data[_$traveltime];</code>
            <hit count="19" name="&lt;unnamed&gt;"/>
        </line>
        <line hits="10">
            <code>    if (ts != null) {</code>
            <hit count="10" name="&lt;unnamed&gt;"/>
        </line>
        <line hits="46">
            <code>      data[_$traveltime] = microsecTimeStamp() - Cast.toInt(ts);</code>
            <hit count="46" name="&lt;unnamed&gt;"/>
        </line>
        <line>
            <code>    }</code>
        </line>
        <line hits="1">
            <code>  }</code>
            <hit count="1" name="&lt;unnamed&gt;"/>
        </line>
        <line>
            <code>}</code>
        </line>
    </lines>
    <config branch-coverage="true" description-file="false" function-coverage="true" genhtml_hi_limit="90" genhtml_med_limit="75" legend="false" no-sort="false" no-source="false"/>
    <base href="../"/>
    <base href="../"/>
</coverage>
