<?xml version="1.0" encoding="UTF-8" standalone="no"?>
<?xml-stylesheet type="text/xsl" href="../jgenhtml.xsl"?><coverage branch-rate="NaN" branches-covered="0" branches-valid="0" complexity="0" date="2024-03-21" filename="worker_request.dart" function-rate="NaN" functions-covered="0" functions-valid="0" line-rate="0.95" lines-covered="38" lines-valid="40" package="/worker" testname="lcov.info" version="1.5">
    <lines>
        <line>
            <code>import 'package:meta/meta.dart';</code>
        </line>
        <line>
            <code/>
        </line>
        <line>
            <code>import '../_impl/xplat/_helpers.dart';</code>
        </line>
        <line>
            <code>import '../_impl/xplat/_internal_logger.dart';</code>
        </line>
        <line>
            <code>import '../channel.dart';</code>
        </line>
        <line>
            <code>import '../exceptions/squadron_error.dart';</code>
        </line>
        <line>
            <code>import '../tokens/_squadron_cancelation_token.dart';</code>
        </line>
        <line>
            <code>import '../typedefs.dart';</code>
        </line>
        <line>
            <code>import 'worker.dart';</code>
        </line>
        <line>
            <code>import 'worker_channel.dart';</code>
        </line>
        <line>
            <code>import 'worker_message.dart';</code>
        </line>
        <line>
            <code/>
        </line>
        <line>
            <code>/// Make [WorkerRequest] a [WorkerMessage] to minimize serialization overhead.</code>
        </line>
        <line>
            <code>typedef WorkerRequest = WorkerMessage;</code>
        </line>
        <line>
            <code/>
        </line>
        <line>
            <code>/// Extension methods operating on a `List` as a [WorkerRequest].</code>
        </line>
        <line>
            <code>/// [WorkerRequest]s are used to communicate from a [Channel] to a [Worker].</code>
        </line>
        <line>
            <code>/// Typically a [WorkerRequest] consists of a command ID and a list of</code>
        </line>
        <line>
            <code>/// arguments. The [command] ID is used by the [Worker] to dispatch the</code>
        </line>
        <line>
            <code>/// [WorkerRequest] to the method responsible for handling it.</code>
        </line>
        <line>
            <code>/// The command's arguments are passed as a list and should only contain</code>
        </line>
        <line>
            <code>/// primitive values or objects that can be transfered across workers. For</code>
        </line>
        <line>
            <code>/// applications running on a VM platform, Dart objects should be safe</code>
        </line>
        <line>
            <code>/// according to Dart's documentation of [SendPort.send]. [WorkerRequestImpl]</code>
        </line>
        <line>
            <code>/// also implements specific requests used for worker startup, stream/token</code>
        </line>
        <line>
            <code>/// cancelation, worker termination...</code>
        </line>
        <line>
            <code>extension WorkerRequestImpl on WorkerRequest {</code>
        </line>
        <line>
            <code>  // 0 is reserved for travel time</code>
        </line>
        <line>
            <code>  static const _$client = 1;</code>
        </line>
        <line>
            <code>  static const _$command = 2;</code>
        </line>
        <line>
            <code>  static const _$args = 3;</code>
        </line>
        <line>
            <code>  static const _$token = 4;</code>
        </line>
        <line>
            <code>  static const _$streamId = 5;</code>
        </line>
        <line>
            <code>  static const _$inspectResponse = 6;</code>
        </line>
        <line>
            <code/>
        </line>
        <line>
            <code>  /// Creates a new request with the specified [command] ID and optional arguments.</code>
        </line>
        <line hits="7">
            <code>  static WorkerRequest userCommand(PlatformChannel channelInfo, int command,</code>
            <hit count="7" name="&lt;unnamed&gt;"/>
        </line>
        <line>
            <code>          List args, SquadronCancelationToken? token, bool inspectResponse) =&gt;</code>
        </line>
        <line hits="7">
            <code>      [</code>
            <hit count="7" name="&lt;unnamed&gt;"/>
        </line>
        <line hits="14">
            <code>        microsecTimeStamp(), // 0 - travel time</code>
            <hit count="14" name="&lt;unnamed&gt;"/>
        </line>
        <line>
            <code>        channelInfo, // 1 - client</code>
        </line>
        <line>
            <code>        command, // 2 - command</code>
        </line>
        <line>
            <code>        args, // 3 - args</code>
        </line>
        <line>
            <code>        token, // 4 - cancelation token</code>
        </line>
        <line>
            <code>        null, // 5 - stream id</code>
        </line>
        <line>
            <code>        inspectResponse, // 6 - inspect response</code>
        </line>
        <line>
            <code>      ];</code>
        </line>
        <line>
            <code/>
        </line>
        <line>
            <code>  /// Creates a new start request.</code>
        </line>
        <line hits="14">
            <code>  static WorkerRequest start(PlatformChannel channelInfo, List args) =&gt; [</code>
            <hit count="14" name="&lt;unnamed&gt;"/>
        </line>
        <line hits="14">
            <code>        microsecTimeStamp(), // 0 - travel time</code>
            <hit count="14" name="&lt;unnamed&gt;"/>
        </line>
        <line>
            <code>        channelInfo, // 1 - client</code>
        </line>
        <line>
            <code>        _connectCommand, // 2 - command</code>
        </line>
        <line>
            <code>        args, // 3 - args</code>
        </line>
        <line>
            <code>        null, // 4 - cancelation token</code>
        </line>
        <line>
            <code>        null, // 5 - stream id</code>
        </line>
        <line>
            <code>        true, // 6 - inspect response</code>
        </line>
        <line>
            <code>      ];</code>
        </line>
        <line>
            <code/>
        </line>
        <line>
            <code>  /// Creates a new stream cancelation request.</code>
        </line>
        <line hits="10">
            <code>  static WorkerRequest cancelStream(int streamId) =&gt; [</code>
            <hit count="10" name="&lt;unnamed&gt;"/>
        </line>
        <line hits="10">
            <code>        microsecTimeStamp(), // 0 - travel time</code>
            <hit count="10" name="&lt;unnamed&gt;"/>
        </line>
        <line>
            <code>        null, // 1 - client</code>
        </line>
        <line>
            <code>        _cancelStreamCommand, // 2 - command</code>
        </line>
        <line>
            <code>        null, // 3 - args</code>
        </line>
        <line>
            <code>        null, // 4 - cancelation token</code>
        </line>
        <line>
            <code>        streamId, // 5 - stream id</code>
        </line>
        <line>
            <code>        null, // 6 - inspect response</code>
        </line>
        <line>
            <code>      ];</code>
        </line>
        <line>
            <code/>
        </line>
        <line>
            <code>  /// Creates a new cancelation request.</code>
        </line>
        <line hits="4">
            <code>  static WorkerRequest cancel(SquadronCancelationToken token) =&gt; [</code>
            <hit count="4" name="&lt;unnamed&gt;"/>
        </line>
        <line hits="4">
            <code>        microsecTimeStamp(), // 0 - travel time</code>
            <hit count="4" name="&lt;unnamed&gt;"/>
        </line>
        <line>
            <code>        null, // 1 - client</code>
        </line>
        <line>
            <code>        _cancelTokenCommand, // 2 - command</code>
        </line>
        <line>
            <code>        null, // 3 - args</code>
        </line>
        <line>
            <code>        token, // 4 - cancelation token</code>
        </line>
        <line>
            <code>        null, // 5 - stream id</code>
        </line>
        <line>
            <code>        null, // 6 - inspect response</code>
        </line>
        <line>
            <code>      ];</code>
        </line>
        <line>
            <code/>
        </line>
        <line>
            <code>  /// Creates a new termination request.</code>
        </line>
        <line hits="14">
            <code>  static WorkerRequest stop() =&gt; [</code>
            <hit count="14" name="&lt;unnamed&gt;"/>
        </line>
        <line hits="14">
            <code>        microsecTimeStamp(), // 0 - travel time</code>
            <hit count="14" name="&lt;unnamed&gt;"/>
        </line>
        <line>
            <code>        null, // 1 - client</code>
        </line>
        <line>
            <code>        _terminateCommand, // 2 - command</code>
        </line>
        <line>
            <code>        null, // 3 - args</code>
        </line>
        <line>
            <code>        null, // 4 - cancelation token</code>
        </line>
        <line>
            <code>        null, // 5 - stream id</code>
        </line>
        <line>
            <code>        null, // 6 - inspect response</code>
        </line>
        <line>
            <code>      ];</code>
        </line>
        <line>
            <code/>
        </line>
        <line>
            <code>  /// The client's [WorkerChannel]. Only valid on the receiving end.</code>
        </line>
        <line hits="15">
            <code>  WorkerChannel? get client =&gt; this[_$client];</code>
            <hit count="15" name="&lt;unnamed&gt;"/>
        </line>
        <line>
            <code/>
        </line>
        <line>
            <code>  /// The channel method to be used for sending data back.</code>
        </line>
        <line hits="7">
            <code>  void Function(dynamic)? get reply =&gt;</code>
            <hit count="7" name="&lt;unnamed&gt;"/>
        </line>
        <line hits="22">
            <code>      inspectResponse ? client?.inspectAndReply : client?.reply;</code>
            <hit count="22" name="&lt;unnamed&gt;"/>
        </line>
        <line>
            <code/>
        </line>
        <line>
            <code>  /// The client's channel info.</code>
        </line>
        <line hits="7">
            <code>  PlatformChannel? get channelInfo =&gt; this[_$client];</code>
            <hit count="7" name="&lt;unnamed&gt;"/>
        </line>
        <line>
            <code/>
        </line>
        <line>
            <code>  /// Cancelation token.</code>
        </line>
        <line hits="21">
            <code>  SquadronCancelationToken? get cancelToken =&gt; this[_$token];</code>
            <hit count="21" name="&lt;unnamed&gt;"/>
        </line>
        <line>
            <code/>
        </line>
        <line>
            <code>  /// Stream id.</code>
        </line>
        <line hits="11">
            <code>  int? get streamId =&gt; this[_$streamId];</code>
            <hit count="11" name="&lt;unnamed&gt;"/>
        </line>
        <line>
            <code/>
        </line>
        <line>
            <code>  /// The [command]'s ID.</code>
        </line>
        <line hits="15">
            <code>  int get command =&gt; this[_$command];</code>
            <hit count="15" name="&lt;unnamed&gt;"/>
        </line>
        <line>
            <code/>
        </line>
        <line>
            <code>  /// The command's arguments, if any.</code>
        </line>
        <line hits="15">
            <code>  List get args =&gt; this[_$args];</code>
            <hit count="15" name="&lt;unnamed&gt;"/>
        </line>
        <line>
            <code/>
        </line>
        <line>
            <code>  /// Flag indicating whether the Channel should inspect the payload to identify non-base type objects. In</code>
        </line>
        <line>
            <code>  /// Web workers, ownership of these objects must be transfered across threads.</code>
        </line>
        <line hits="15">
            <code>  bool get inspectResponse =&gt; this[_$inspectResponse];</code>
            <hit count="15" name="&lt;unnamed&gt;"/>
        </line>
        <line>
            <code/>
        </line>
        <line>
            <code>  /// flag for start requests.</code>
        </line>
        <line hits="21">
            <code>  bool get isConnection =&gt; (command == _connectCommand);</code>
            <hit count="21" name="&lt;unnamed&gt;"/>
        </line>
        <line>
            <code/>
        </line>
        <line>
            <code>  /// flag for stream cancelation requests.</code>
        </line>
        <line hits="21">
            <code>  bool get isStreamCancelation =&gt; (command == _cancelStreamCommand);</code>
            <hit count="21" name="&lt;unnamed&gt;"/>
        </line>
        <line>
            <code/>
        </line>
        <line>
            <code>  /// flag for cancelation requests.</code>
        </line>
        <line hits="21">
            <code>  bool get isTokenCancelation =&gt; (command == _cancelTokenCommand);</code>
            <hit count="21" name="&lt;unnamed&gt;"/>
        </line>
        <line>
            <code/>
        </line>
        <line>
            <code>  /// flag for termination requests.</code>
        </line>
        <line hits="21">
            <code>  bool get isTermination =&gt; (command == _terminateCommand);</code>
            <hit count="21" name="&lt;unnamed&gt;"/>
        </line>
        <line>
            <code/>
        </line>
        <line>
            <code>  static const int _connectCommand = -1;</code>
        </line>
        <line>
            <code>  static const int _cancelStreamCommand = -2;</code>
        </line>
        <line>
            <code>  static const int _cancelTokenCommand = -3;</code>
        </line>
        <line>
            <code>  static const int _terminateCommand = -4;</code>
        </line>
        <line>
            <code>}</code>
        </line>
        <line>
            <code/>
        </line>
        <line>
            <code>@internal</code>
        </line>
        <line>
            <code>extension WorkerRequestExt on WorkerRequest {</code>
        </line>
        <line>
            <code>  static const _$client = WorkerRequestImpl._$client;</code>
        </line>
        <line>
            <code>  static const _$args = WorkerRequestImpl._$args;</code>
        </line>
        <line>
            <code>  static const _$token = WorkerRequestImpl._$token;</code>
        </line>
        <line>
            <code>  static const _$inspectResponse = WorkerRequestImpl._$inspectResponse;</code>
        </line>
        <line>
            <code/>
        </line>
        <line>
            <code>  /// In-place deserialization of a [WorkerRequest] received by the worker.</code>
        </line>
        <line hits="7">
            <code>  void unwrapRequestInPlace(InternalLogger? logger) {</code>
            <hit count="7" name="&lt;unnamed&gt;"/>
        </line>
        <line hits="22">
            <code>    this[_$client] = WorkerChannel.deserialize(this[_$client], logger);</code>
            <hit count="22" name="&lt;unnamed&gt;"/>
        </line>
        <line hits="22">
            <code>    this[_$token] = SquadronCancelationToken.deserialize(this[_$token]);</code>
            <hit count="22" name="&lt;unnamed&gt;"/>
        </line>
        <line hits="8">
            <code>    this[_$inspectResponse] ??= false;</code>
            <hit count="8" name="&lt;unnamed&gt;"/>
        </line>
        <line hits="8">
            <code>    this[_$args] ??= const [];</code>
            <hit count="8" name="&lt;unnamed&gt;"/>
        </line>
        <line hits="8">
            <code>    unwrapTravelTime();</code>
            <hit count="8" name="&lt;unnamed&gt;"/>
        </line>
        <line>
            <code>  }</code>
        </line>
        <line>
            <code/>
        </line>
        <line>
            <code>  /// In-place serialization of a [WorkerRequest].</code>
        </line>
        <line hits="14">
            <code>  void wrapRequestInPlace() {</code>
            <hit count="14" name="&lt;unnamed&gt;"/>
        </line>
        <line hits="14">
            <code>    final token = this[_$token];</code>
            <hit count="14" name="&lt;unnamed&gt;"/>
        </line>
        <line hits="8">
            <code>    if (token is SquadronCancelationToken) {</code>
            <hit count="8" name="&lt;unnamed&gt;"/>
        </line>
        <line hits="6">
            <code>      this[_$token] = token.serialize();</code>
            <hit count="6" name="&lt;unnamed&gt;"/>
        </line>
        <line>
            <code>    }</code>
        </line>
        <line hits="7">
            <code>  }</code>
            <hit count="7" name="&lt;unnamed&gt;"/>
        </line>
        <line>
            <code>}</code>
        </line>
        <line>
            <code/>
        </line>
        <line>
            <code>@internal</code>
        </line>
        <line>
            <code>extension CancelationTokenExt on WorkerRequest {</code>
        </line>
        <line hits="2">
            <code>  void overrideCancelToken(SquadronCancelationToken token) {</code>
            <hit count="2" name="&lt;unnamed&gt;"/>
        </line>
        <line hits="10">
            <code>    if (cancelToken == null || cancelToken!.id != token.id) {</code>
            <hit count="10" name="&lt;unnamed&gt;"/>
        </line>
        <line hits="0">
            <code>      throw SquadronErrorExt.create(</code>
        </line>
        <line hits="0">
            <code>          'cancelation token mismatch', StackTrace.current);</code>
        </line>
        <line>
            <code>    }</code>
        </line>
        <line hits="2">
            <code>    this[WorkerRequestExt._$token] = token;</code>
            <hit count="2" name="&lt;unnamed&gt;"/>
        </line>
        <line>
            <code>  }</code>
        </line>
        <line>
            <code>}</code>
        </line>
    </lines>
    <config branch-coverage="true" description-file="false" function-coverage="true" genhtml_hi_limit="90" genhtml_med_limit="75" legend="false" no-sort="false" no-source="false"/>
    <base href="../"/>
    <base href="../"/>
</coverage>
