<?xml version="1.0" encoding="UTF-8" standalone="no"?>
<?xml-stylesheet type="text/xsl" href="jgenhtml.xsl"?><coverage branch-rate="NaN" branches-covered="0" branches-valid="0" complexity="0" date="2024-08-31" filename="index" function-rate="NaN" functions-covered="0" functions-valid="0" line-rate="0.82825965" lines-covered="1442" lines-valid="1741" testname="lcov.info" version="1.5">
    <sources>
        <source branches-hit="0" branches-valid="0" functions-hit="0" functions-valid="0" lines-hit="284" lines-valid="314" pathname="/pool" prefix="/home/runner/work/squadron/squadron/lib/src"/>
        <source branches-hit="0" branches-valid="0" functions-hit="0" functions-valid="0" lines-hit="0" lines-valid="5" pathname="/marshalers" prefix="/home/runner/work/squadron/squadron/lib/src"/>
        <source branches-hit="0" branches-valid="0" functions-hit="0" functions-valid="0" lines-hit="143" lines-valid="172" pathname="/exceptions" prefix="/home/runner/work/squadron/squadron/lib/src"/>
        <source branches-hit="0" branches-valid="0" functions-hit="0" functions-valid="0" lines-hit="13" lines-valid="23" pathname="/home/runner/work/squadron/squadron/lib/src"/>
        <source branches-hit="0" branches-valid="0" functions-hit="0" functions-valid="0" lines-hit="146" lines-valid="178" pathname="/_impl/native" prefix="/home/runner/work/squadron/squadron/lib/src"/>
        <source branches-hit="0" branches-valid="0" functions-hit="0" functions-valid="0" lines-hit="238" lines-valid="255" pathname="/worker" prefix="/home/runner/work/squadron/squadron/lib/src"/>
        <source branches-hit="0" branches-valid="0" functions-hit="0" functions-valid="0" lines-hit="55" lines-valid="79" pathname="/tokens" prefix="/home/runner/work/squadron/squadron/lib/src"/>
        <source branches-hit="0" branches-valid="0" functions-hit="0" functions-valid="0" lines-hit="246" lines-valid="310" pathname="/_impl/web" prefix="/home/runner/work/squadron/squadron/lib/src"/>
        <source branches-hit="0" branches-valid="0" functions-hit="0" functions-valid="0" lines-hit="276" lines-valid="353" pathname="/_impl/xplat" prefix="/home/runner/work/squadron/squadron/lib/src"/>
        <source branches-hit="0" branches-valid="0" functions-hit="0" functions-valid="0" lines-hit="15" lines-valid="20" pathname="/local_worker" prefix="/home/runner/work/squadron/squadron/lib/src"/>
        <source branches-hit="0" branches-valid="0" functions-hit="0" functions-valid="0" lines-hit="25" lines-valid="26" pathname="/stats" prefix="/home/runner/work/squadron/squadron/lib/src"/>
        <source branches-hit="0" branches-valid="0" functions-hit="0" functions-valid="0" lines-hit="1" lines-valid="6" pathname="/annotations" prefix="/home/runner/work/squadron/squadron/lib/src"/>
    </sources>
    <config branch-coverage="true" description-file="false" function-coverage="true" genhtml_hi_limit="90" genhtml_med_limit="75" legend="false" no-sort="false" no-source="false"/>
</coverage>
