<?xml version="1.0" encoding="UTF-8" standalone="no"?>
<?xml-stylesheet type="text/xsl" href="../../../../../../../jgenhtml.xsl"?><coverage branch-rate="NaN" branches-covered="0" branches-valid="0" complexity="0" date="2024-09-08" filename="channel.dart" function-rate="NaN" functions-covered="0" functions-valid="0" line-rate="0.8" lines-covered="4" lines-valid="5" package="/home/runner/work/squadron/squadron/lib/src" testname="lcov.info" version="1.5">
    <lines>
        <line>
            <code>import 'dart:async';</code>
        </line>
        <line>
            <code/>
        </line>
        <line>
            <code>import 'package:logger/logger.dart';</code>
        </line>
        <line>
            <code/>
        </line>
        <line>
            <code>import '_impl/xplat/_channel.dart'</code>
        </line>
        <line>
            <code>    if (dart.library.io) '_impl/native/_channel.dart'</code>
        </line>
        <line>
            <code>    if (dart.library.html) '_impl/web/_channel.dart'</code>
        </line>
        <line>
            <code>    if (dart.library.js_interop) '_impl/web/_channel.dart' as impl;</code>
        </line>
        <line>
            <code>import 'exceptions/exception_manager.dart';</code>
        </line>
        <line>
            <code>import 'tokens/_squadron_cancelation_token.dart';</code>
        </line>
        <line>
            <code>import 'typedefs.dart';</code>
        </line>
        <line>
            <code>import 'worker/worker_request.dart';</code>
        </line>
        <line>
            <code>import 'worker/worker_response.dart';</code>
        </line>
        <line>
            <code>import 'worker_service.dart';</code>
        </line>
        <line>
            <code/>
        </line>
        <line>
            <code>/// A [Channel] supports communication from a client to a platform worker. It</code>
        </line>
        <line>
            <code>/// is used to send a [WorkerRequest] to a platform worker.</code>
        </line>
        <line>
            <code>abstract class Channel {</code>
        </line>
        <line>
            <code>  /// The [ExceptionManager] attached to this channel.</code>
        </line>
        <line>
            <code>  ExceptionManager get exceptionManager;</code>
        </line>
        <line>
            <code/>
        </line>
        <line>
            <code>  /// The [Logger] attached to this channel.</code>
        </line>
        <line>
            <code>  Logger? get logger;</code>
        </line>
        <line>
            <code/>
        </line>
        <line>
            <code>  /// [Channel] serialization. Returns an opaque object that can be transfered</code>
        </line>
        <line>
            <code>  /// from the client to the worker.</code>
        </line>
        <line>
            <code>  PlatformChannel serialize();</code>
        </line>
        <line>
            <code/>
        </line>
        <line>
            <code>  /// [Channel] sharing. Returns a [Channel] object that can be provided to</code>
        </line>
        <line>
            <code>  /// enable another worker to call the channel's worker.</code>
        </line>
        <line>
            <code>  Channel share();</code>
        </line>
        <line>
            <code/>
        </line>
        <line>
            <code>  /// Sends a termination [WorkerRequest] to the worker. The [Channel] should</code>
        </line>
        <line>
            <code>  /// release any resource related to the worker and should not be used after</code>
        </line>
        <line>
            <code>  /// this method has been called.</code>
        </line>
        <line>
            <code>  FutureOr&lt;void&gt; close();</code>
        </line>
        <line>
            <code/>
        </line>
        <line>
            <code>  /// Sends a close stream [WorkerRequest] to the worker.</code>
        </line>
        <line>
            <code>  FutureOr&lt;void&gt; cancelStream(int streamId);</code>
        </line>
        <line>
            <code/>
        </line>
        <line>
            <code>  /// Sends a cancel token [WorkerRequest] to the worker.</code>
        </line>
        <line>
            <code>  FutureOr&lt;void&gt; cancelToken(SquadronCancelationToken? token);</code>
        </line>
        <line>
            <code/>
        </line>
        <line>
            <code>  /// Static method that does nothing. Useful when a [SquadronCallback] is</code>
        </line>
        <line>
            <code>  /// required but there is nothing to do.</code>
        </line>
        <line hits="0">
            <code>  static void noop() {}</code>
        </line>
        <line>
            <code/>
        </line>
        <line>
            <code>  /// Creates a [WorkerRequest] and sends it to the worker. This method expects</code>
        </line>
        <line>
            <code>  /// a single value from the worker.</code>
        </line>
        <line>
            <code>  Future&lt;dynamic&gt; sendRequest(int command, List args,</code>
        </line>
        <line>
            <code>      {SquadronCancelationToken? token,</code>
        </line>
        <line>
            <code>      bool inspectRequest = false,</code>
        </line>
        <line>
            <code>      bool inspectResponse = false});</code>
        </line>
        <line>
            <code/>
        </line>
        <line>
            <code>  /// Creates a [WorkerRequest] and sends it to the worker. This method expects</code>
        </line>
        <line>
            <code>  /// a stream of values from the worker. The worker must send a</code>
        </line>
        <line>
            <code>  /// [WorkerResponse.closeStream] message to close the [Stream].</code>
        </line>
        <line>
            <code>  Stream&lt;dynamic&gt; sendStreamingRequest(int command, List args,</code>
        </line>
        <line>
            <code>      {SquadronCancelationToken? token,</code>
        </line>
        <line>
            <code>      bool inspectRequest = false,</code>
        </line>
        <line>
            <code>      bool inspectResponse = false});</code>
        </line>
        <line>
            <code/>
        </line>
        <line>
            <code>  /// Starts a worker using the [entryPoint] and sends a start [WorkerRequest]</code>
        </line>
        <line>
            <code>  /// with [startArguments]. The future must not complete before the worker is</code>
        </line>
        <line>
            <code>  /// ready to serve requests.</code>
        </line>
        <line hits="10">
            <code>  static Future&lt;Channel&gt; open(ExceptionManager exceptionManager, Logger? logger,</code>
            <hit count="10" name="&lt;unnamed&gt;"/>
        </line>
        <line>
            <code>          EntryPoint entryPoint, List startArguments,</code>
        </line>
        <line>
            <code>          [PlatformThreadHook? hook]) =&gt;</code>
        </line>
        <line hits="20">
            <code>      impl.openChannel(</code>
            <hit count="20" name="&lt;unnamed&gt;"/>
        </line>
        <line>
            <code>          entryPoint, exceptionManager, logger, startArguments, hook);</code>
        </line>
        <line>
            <code/>
        </line>
        <line>
            <code>  /// Deserializes a [Channel] from an opaque [channelInfo].</code>
        </line>
        <line hits="3">
            <code>  static Channel? deserialize(PlatformChannel? channelInfo,</code>
            <hit count="3" name="&lt;unnamed&gt;"/>
        </line>
        <line>
            <code>          [Logger? logger, ExceptionManager? exceptionManager]) =&gt;</code>
        </line>
        <line hits="3">
            <code>      impl.deserialize(channelInfo, logger, exceptionManager);</code>
            <hit count="3" name="&lt;unnamed&gt;"/>
        </line>
        <line>
            <code>}</code>
        </line>
    </lines>
    <config branch-coverage="true" description-file="false" function-coverage="true" genhtml_hi_limit="90" genhtml_med_limit="75" legend="false" no-sort="false" no-source="false"/>
    <base href="../../../../../../../"/>
    <base href="../../../../../../../"/>
</coverage>
