<?xml version="1.0" encoding="UTF-8" standalone="no"?>
<?xml-stylesheet type="text/xsl" href="../../../../../../../jgenhtml.xsl"?><coverage branch-rate="NaN" branches-covered="0" branches-valid="0" complexity="0" date="2024-09-07" filename="index" function-rate="NaN" functions-covered="0" functions-valid="0" line-rate="0.64102566" lines-covered="25" lines-valid="39" package="/home/runner/work/squadron/squadron/lib/src" testname="lcov.info" version="1.5">
    <sources>
        <source branches-hit="0" branches-valid="0" filename="concurrency_settings.dart" functions-hit="0" functions-valid="0" lines-hit="2" lines-valid="6">
            <testCase branch-hit="0" function-hit="0" line-hit="2" name="&lt;unnamed&gt;"/>
        </source>
        <source branches-hit="0" branches-valid="0" filename="bootstrapper.dart" functions-hit="0" functions-valid="0" lines-hit="2" lines-valid="2">
            <testCase branch-hit="0" function-hit="0" line-hit="2" name="&lt;unnamed&gt;"/>
        </source>
        <source branches-hit="0" branches-valid="0" filename="worker_service.dart" functions-hit="0" functions-valid="0" lines-hit="2" lines-valid="5">
            <testCase branch-hit="0" function-hit="0" line-hit="2" name="&lt;unnamed&gt;"/>
        </source>
        <source branches-hit="0" branches-valid="0" filename="channel.dart" functions-hit="0" functions-valid="0" lines-hit="4" lines-valid="5">
            <testCase branch-hit="0" function-hit="0" line-hit="4" name="&lt;unnamed&gt;"/>
        </source>
        <source branches-hit="0" branches-valid="0" filename="squadron_platform_type.dart" functions-hit="0" functions-valid="0" lines-hit="11" lines-valid="15">
            <testCase branch-hit="0" function-hit="0" line-hit="11" name="&lt;unnamed&gt;"/>
        </source>
        <source branches-hit="0" branches-valid="0" filename="squadron_singleton.dart" functions-hit="0" functions-valid="0" lines-hit="2" lines-valid="2">
            <testCase branch-hit="0" function-hit="0" line-hit="2" name="&lt;unnamed&gt;"/>
        </source>
        <source branches-hit="0" branches-valid="0" filename="typedefs.dart" functions-hit="0" functions-valid="0" lines-hit="2" lines-valid="2">
            <testCase branch-hit="0" function-hit="0" line-hit="2" name="&lt;unnamed&gt;"/>
        </source>
        <source branches-hit="0" branches-valid="0" filename="iworker.dart" functions-hit="0" functions-valid="0" lines-hit="0" lines-valid="2"/>
    </sources>
    <config branch-coverage="true" description-file="false" function-coverage="true" genhtml_hi_limit="90" genhtml_med_limit="75" legend="false" no-sort="false" no-source="false"/>
    <base href="../../../../../../../"/>
    <base href="../../../../../../../"/>
</coverage>
