<?xml version="1.0" encoding="UTF-8" standalone="no"?>
<?xml-stylesheet type="text/xsl" href="../../../../../../../jgenhtml.xsl"?><coverage branch-rate="NaN" branches-covered="0" branches-valid="0" complexity="0" date="2024-08-10" filename="iworker.dart" function-rate="NaN" functions-covered="0" functions-valid="0" line-rate="0.0" lines-covered="0" lines-valid="2" package="/home/runner/work/squadron/squadron/lib/src" testname="lcov.info" version="1.5">
    <lines>
        <line>
            <code>import 'dart:async';</code>
        </line>
        <line>
            <code/>
        </line>
        <line>
            <code>import 'package:logger/logger.dart';</code>
        </line>
        <line>
            <code>import 'package:using/using.dart';</code>
        </line>
        <line>
            <code/>
        </line>
        <line>
            <code>import 'exceptions/exception_manager.dart';</code>
        </line>
        <line>
            <code/>
        </line>
        <line>
            <code>abstract class IWorker implements Releasable {</code>
        </line>
        <line>
            <code>  Logger? channelLogger;</code>
        </line>
        <line>
            <code/>
        </line>
        <line>
            <code>  ExceptionManager get exceptionManager;</code>
        </line>
        <line>
            <code/>
        </line>
        <line hits="0">
            <code>  FutureOr start() {}</code>
        </line>
        <line hits="0">
            <code>  FutureOr stop() {}</code>
        </line>
        <line>
            <code>}</code>
        </line>
    </lines>
    <config branch-coverage="true" description-file="false" function-coverage="true" genhtml_hi_limit="90" genhtml_med_limit="75" legend="false" no-sort="false" no-source="false"/>
    <base href="../../../../../../../"/>
    <base href="../../../../../../../"/>
</coverage>
