<?xml version="1.0" encoding="UTF-8" standalone="no"?>
<?xml-stylesheet type="text/xsl" href="../../jgenhtml.xsl"?><coverage branch-rate="NaN" branches-covered="0" branches-valid="0" complexity="0" date="2024-11-13" filename="squadron_error.dart" function-rate="NaN" functions-covered="0" functions-valid="0" line-rate="0.9285714" lines-covered="13" lines-valid="14" package="src/exceptions" testname="lcov.info" version="1.6">
    <lines>
        <line number="1">
            <code>import 'package:meta/meta.dart';</code>
        </line>
        <line number="2">
            <code/>
        </line>
        <line number="3">
            <code>import '_well_known_exceptions.dart';</code>
        </line>
        <line number="4">
            <code>import 'squadron_exception.dart';</code>
        </line>
        <line number="5">
            <code/>
        </line>
        <line number="6">
            <code>/// Squadron Error</code>
        </line>
        <line number="7">
            <code>class SquadronError extends SquadronException {</code>
        </line>
        <line hits="25" number="8">
            <code>  SquadronError._(super.message, [super.stackTrace]) : super.init();</code>
            <hit count="25" name="&lt;unnamed&gt;"/>
        </line>
        <line number="9">
            <code/>
        </line>
        <line hits="2" number="10">
            <code>  @override</code>
            <hit count="2" name="&lt;unnamed&gt;"/>
        </line>
        <line hits="4" number="11">
            <code>  List serialize() =&gt; List.unmodifiable([</code>
            <hit count="4" name="&lt;unnamed&gt;"/>
        </line>
        <line number="12">
            <code>        $squadronErrorType,</code>
        </line>
        <line hits="2" number="13">
            <code>        message,</code>
            <hit count="2" name="&lt;unnamed&gt;"/>
        </line>
        <line hits="4" number="14">
            <code>        stackTrace?.toString(),</code>
            <hit count="4" name="&lt;unnamed&gt;"/>
        </line>
        <line hits="0" number="15">
            <code>      ]);</code>
        </line>
        <line number="16">
            <code>}</code>
        </line>
        <line number="17">
            <code/>
        </line>
        <line number="18">
            <code>const _$type = 0;</code>
        </line>
        <line number="19">
            <code>const _$message = 1;</code>
        </line>
        <line number="20">
            <code>const _$stackTrace = 2;</code>
        </line>
        <line number="21">
            <code/>
        </line>
        <line number="22">
            <code>@internal</code>
        </line>
        <line number="23">
            <code>extension SquadronErrorExt on SquadronError {</code>
        </line>
        <line hits="10" number="24">
            <code>  static SquadronError create(String message, [StackTrace? stackTrace]) =&gt;</code>
            <hit count="10" name="&lt;unnamed&gt;"/>
        </line>
        <line hits="15" number="25">
            <code>      SquadronError._(message, stackTrace);</code>
            <hit count="15" name="&lt;unnamed&gt;"/>
        </line>
        <line number="26">
            <code/>
        </line>
        <line hits="7" number="27">
            <code>  static SquadronException? deserialize(List exceptionInfo) =&gt;</code>
            <hit count="7" name="&lt;unnamed&gt;"/>
        </line>
        <line hits="9" number="28">
            <code>      (exceptionInfo[_$type] == $squadronErrorType)</code>
            <hit count="9" name="&lt;unnamed&gt;"/>
        </line>
        <line hits="7" number="29">
            <code>          ? SquadronError._(</code>
            <hit count="7" name="&lt;unnamed&gt;"/>
        </line>
        <line hits="7" number="30">
            <code>              exceptionInfo[_$message],</code>
            <hit count="7" name="&lt;unnamed&gt;"/>
        </line>
        <line hits="9" number="31">
            <code>              SquadronException.loadStackTrace(exceptionInfo[_$stackTrace]),</code>
            <hit count="9" name="&lt;unnamed&gt;"/>
        </line>
        <line number="32">
            <code>            )</code>
        </line>
        <line hits="5" number="33">
            <code>          : null;</code>
            <hit count="5" name="&lt;unnamed&gt;"/>
        </line>
        <line number="34">
            <code>}</code>
        </line>
    </lines>
    <config branch-coverage="true" description-file="false" function-coverage="true" genhtml_hi_limit="90" genhtml_med_limit="75" legend="false" no-sort="false" no-source="false" show-details="false"/>
    <base href="../../"/>
    <base href="../../"/>
</coverage>
