<?xml version="1.0" encoding="UTF-8" standalone="no"?>
<?xml-stylesheet type="text/xsl" href="../../jgenhtml.xsl"?><coverage branch-rate="NaN" branches-covered="0" branches-valid="0" complexity="0" date="2025-09-28" filename="squadron_error.dart" function-rate="NaN" functions-covered="0" functions-valid="0" line-rate="1.0" lines-covered="15" lines-valid="15" package="src/exceptions" testname="lcov.info" version="1.6">
    <lines>
        <line number="1">
            <code>import 'package:meta/meta.dart';</code>
        </line>
        <line number="2">
            <code/>
        </line>
        <line number="3">
            <code>import '_builtin_exceptions.dart';</code>
        </line>
        <line number="4">
            <code>import 'squadron_exception.dart';</code>
        </line>
        <line number="5">
            <code/>
        </line>
        <line number="6">
            <code>/// Squadron Error</code>
        </line>
        <line number="7">
            <code>class SquadronError extends SquadronException {</code>
        </line>
        <line hits="11" number="8">
            <code>  SquadronError._(super.message, [super.stackTrace, int? command])</code>
            <hit count="11" name="&lt;unnamed&gt;"/>
        </line>
        <line number="9">
            <code>      : _command = command,</code>
        </line>
        <line hits="11" number="10">
            <code>        super.init();</code>
            <hit count="11" name="&lt;unnamed&gt;"/>
        </line>
        <line number="11">
            <code/>
        </line>
        <line number="12">
            <code>  final int? _command;</code>
        </line>
        <line number="13">
            <code/>
        </line>
        <line hits="2" number="14">
            <code>  @override</code>
            <hit count="2" name="&lt;unnamed&gt;"/>
        </line>
        <line hits="4" number="15">
            <code>  List serialize() =&gt; List.unmodifiable([</code>
            <hit count="4" name="&lt;unnamed&gt;"/>
        </line>
        <line number="16">
            <code>        $squadronErrorType,</code>
        </line>
        <line hits="2" number="17">
            <code>        message,</code>
            <hit count="2" name="&lt;unnamed&gt;"/>
        </line>
        <line hits="4" number="18">
            <code>        stackTrace?.toString(),</code>
            <hit count="4" name="&lt;unnamed&gt;"/>
        </line>
        <line hits="2" number="19">
            <code>        _command,</code>
            <hit count="2" name="&lt;unnamed&gt;"/>
        </line>
        <line number="20">
            <code>      ]);</code>
        </line>
        <line number="21">
            <code>}</code>
        </line>
        <line number="22">
            <code/>
        </line>
        <line number="23">
            <code>const _$type = 0;</code>
        </line>
        <line number="24">
            <code>const _$message = 1;</code>
        </line>
        <line number="25">
            <code>const _$stackTrace = 2;</code>
        </line>
        <line number="26">
            <code>const _$command = 3;</code>
        </line>
        <line number="27">
            <code/>
        </line>
        <line number="28">
            <code>@internal</code>
        </line>
        <line number="29">
            <code>extension SquadronErrorImpl on SquadronError {</code>
        </line>
        <line hits="11" number="30">
            <code>  static SquadronError create(String message,</code>
            <hit count="11" name="&lt;unnamed&gt;"/>
        </line>
        <line number="31">
            <code>          [StackTrace? stackTrace, int? command]) =&gt;</code>
        </line>
        <line hits="11" number="32">
            <code>      SquadronError._(message, stackTrace, command);</code>
            <hit count="11" name="&lt;unnamed&gt;"/>
        </line>
        <line number="33">
            <code/>
        </line>
        <line hits="2" number="34">
            <code>  static SquadronException? deserialize(List exceptionInfo) =&gt;</code>
            <hit count="2" name="&lt;unnamed&gt;"/>
        </line>
        <line hits="4" number="35">
            <code>      (exceptionInfo[_$type] == $squadronErrorType)</code>
            <hit count="4" name="&lt;unnamed&gt;"/>
        </line>
        <line hits="2" number="36">
            <code>          ? SquadronError._(</code>
            <hit count="2" name="&lt;unnamed&gt;"/>
        </line>
        <line hits="2" number="37">
            <code>              exceptionInfo[_$message],</code>
            <hit count="2" name="&lt;unnamed&gt;"/>
        </line>
        <line hits="4" number="38">
            <code>              SquadronException.loadStackTrace(exceptionInfo[_$stackTrace]),</code>
            <hit count="4" name="&lt;unnamed&gt;"/>
        </line>
        <line hits="2" number="39">
            <code>              exceptionInfo[_$command],</code>
            <hit count="2" name="&lt;unnamed&gt;"/>
        </line>
        <line number="40">
            <code>            )</code>
        </line>
        <line number="41">
            <code>          : null;</code>
        </line>
        <line number="42">
            <code>}</code>
        </line>
    </lines>
    <config branch-coverage="true" description-file="false" function-coverage="true" genhtml_hi_limit="90" genhtml_med_limit="75" legend="false" no-sort="false" no-source="false" show-details="false"/>
    <base href="../../"/>
    <base href="../../"/>
</coverage>
