<?xml version="1.0" encoding="UTF-8" standalone="no"?>
<?xml-stylesheet type="text/xsl" href="../../jgenhtml.xsl"?><coverage branch-rate="NaN" branches-covered="0" branches-valid="0" complexity="0" date="2025-09-28" filename="task_terminated_exception.dart" function-rate="NaN" functions-covered="0" functions-valid="0" line-rate="0.09090909" lines-covered="1" lines-valid="11" package="src/exceptions" testname="lcov.info" version="1.6">
    <lines>
        <line number="1">
            <code>import 'dart:convert';</code>
        </line>
        <line number="2">
            <code/>
        </line>
        <line number="3">
            <code>import 'package:cancelation_token/cancelation_token.dart';</code>
        </line>
        <line number="4">
            <code>import 'package:meta/meta.dart';</code>
        </line>
        <line number="5">
            <code/>
        </line>
        <line number="6">
            <code>import '_builtin_exceptions.dart';</code>
        </line>
        <line number="7">
            <code>import 'squadron_error.dart';</code>
        </line>
        <line number="8">
            <code>import 'squadron_exception.dart';</code>
        </line>
        <line number="9">
            <code/>
        </line>
        <line number="10">
            <code>class TaskTerminatedException implements SquadronError, CanceledException {</code>
        </line>
        <line hits="2" number="11">
            <code>  TaskTerminatedException(this.message, [this.stackTrace]);</code>
            <hit count="2" name="&lt;unnamed&gt;"/>
        </line>
        <line number="12">
            <code/>
        </line>
        <line number="13">
            <code>  @override</code>
        </line>
        <line number="14">
            <code>  final String message;</code>
        </line>
        <line number="15">
            <code/>
        </line>
        <line number="16">
            <code>  @override</code>
        </line>
        <line number="17">
            <code>  final StackTrace? stackTrace;</code>
        </line>
        <line number="18">
            <code/>
        </line>
        <line hits="0" number="19">
            <code>  @override</code>
        </line>
        <line hits="0" number="20">
            <code>  String toString() =&gt; jsonEncode(serialize());</code>
        </line>
        <line number="21">
            <code/>
        </line>
        <line hits="0" number="22">
            <code>  @override</code>
        </line>
        <line hits="0" number="23">
            <code>  List serialize() =&gt; List.unmodifiable(</code>
        </line>
        <line hits="0" number="24">
            <code>      [$taskTerminatedExceptionType, message, stackTrace?.toString()]);</code>
        </line>
        <line number="25">
            <code>}</code>
        </line>
        <line number="26">
            <code/>
        </line>
        <line number="27">
            <code>const _$type = 0;</code>
        </line>
        <line number="28">
            <code>const _$message = 1;</code>
        </line>
        <line number="29">
            <code>const _$stackTrace = 2;</code>
        </line>
        <line number="30">
            <code/>
        </line>
        <line number="31">
            <code>@internal</code>
        </line>
        <line number="32">
            <code>extension TaskTerminatedExceptionExt on TaskTerminatedException {</code>
        </line>
        <line hits="0" number="33">
            <code>  static TaskTerminatedException? deserialize(List? props) {</code>
        </line>
        <line number="34">
            <code>    if (props == null) return null;</code>
        </line>
        <line hits="0" number="35">
            <code>    if (props[_$type] != $taskTerminatedExceptionType) return null;</code>
        </line>
        <line hits="0" number="36">
            <code>    return TaskTerminatedException(</code>
        </line>
        <line hits="0" number="37">
            <code>      props[_$message],</code>
        </line>
        <line hits="0" number="38">
            <code>      SquadronException.loadStackTrace(props[_$stackTrace]),</code>
        </line>
        <line number="39">
            <code>    );</code>
        </line>
        <line number="40">
            <code>  }</code>
        </line>
        <line number="41">
            <code>}</code>
        </line>
    </lines>
    <config branch-coverage="true" description-file="false" function-coverage="true" genhtml_hi_limit="90" genhtml_med_limit="75" legend="false" no-sort="false" no-source="false" show-details="false"/>
    <base href="../../"/>
    <base href="../../"/>
</coverage>
