<?xml version="1.0" encoding="UTF-8" standalone="no"?>
<?xml-stylesheet type="text/xsl" href="../../jgenhtml.xsl"?><coverage branch-rate="NaN" branches-covered="0" branches-valid="0" complexity="0" date="2024-09-22" filename="task_canceled_exception.dart" function-rate="NaN" functions-covered="0" functions-valid="0" line-rate="0.14285715" lines-covered="1" lines-valid="7" package="src/exceptions" testname="lcov.info" version="1.6">
    <lines>
        <line number="1">
            <code>import 'dart:convert';</code>
        </line>
        <line number="2">
            <code/>
        </line>
        <line number="3">
            <code>import 'package:cancelation_token/cancelation_token.dart';</code>
        </line>
        <line number="4">
            <code/>
        </line>
        <line number="5">
            <code>import 'squadron_error.dart';</code>
        </line>
        <line number="6">
            <code/>
        </line>
        <line number="7">
            <code>class TaskCanceledException implements SquadronError, CanceledException {</code>
        </line>
        <line hits="4" number="8">
            <code>  TaskCanceledException(String? message) : message = message ?? 'Task canceled';</code>
            <hit count="4" name="&lt;unnamed&gt;"/>
        </line>
        <line number="9">
            <code/>
        </line>
        <line number="10">
            <code>  @override</code>
        </line>
        <line number="11">
            <code>  final String message;</code>
        </line>
        <line number="12">
            <code/>
        </line>
        <line hits="0" number="13">
            <code>  @override</code>
        </line>
        <line hits="0" number="14">
            <code>  StackTrace? get stackTrace =&gt; null;</code>
        </line>
        <line number="15">
            <code/>
        </line>
        <line hits="0" number="16">
            <code>  @override</code>
        </line>
        <line hits="0" number="17">
            <code>  String toString() =&gt; jsonEncode(serialize());</code>
        </line>
        <line number="18">
            <code/>
        </line>
        <line hits="0" number="19">
            <code>  @override</code>
        </line>
        <line hits="0" number="20">
            <code>  List serialize() =&gt; throw UnimplementedError();</code>
        </line>
        <line number="21">
            <code>}</code>
        </line>
    </lines>
    <config branch-coverage="true" description-file="false" function-coverage="true" genhtml_hi_limit="90" genhtml_med_limit="75" legend="false" no-sort="false" no-source="false" show-details="false"/>
    <base href="../../"/>
    <base href="../../"/>
</coverage>
