<?xml version="1.0" encoding="UTF-8" standalone="no"?>
<?xml-stylesheet type="text/xsl" href="../../jgenhtml.xsl"?><coverage branch-rate="NaN" branches-covered="0" branches-valid="0" complexity="0" date="2025-09-28" filename="task_canceled_exception.dart" function-rate="NaN" functions-covered="0" functions-valid="0" line-rate="0.11111111" lines-covered="1" lines-valid="9" package="src/exceptions" testname="lcov.info" version="1.6">
    <lines>
        <line number="1">
            <code>import 'dart:convert';</code>
        </line>
        <line number="2">
            <code/>
        </line>
        <line number="3">
            <code>import 'package:cancelation_token/cancelation_token.dart';</code>
        </line>
        <line number="4">
            <code>import 'package:meta/meta.dart';</code>
        </line>
        <line number="5">
            <code/>
        </line>
        <line number="6">
            <code>import '_builtin_exceptions.dart';</code>
        </line>
        <line number="7">
            <code>import 'squadron_error.dart';</code>
        </line>
        <line number="8">
            <code/>
        </line>
        <line number="9">
            <code>class TaskCanceledException implements SquadronError, CanceledException {</code>
        </line>
        <line hits="2" number="10">
            <code>  TaskCanceledException(String? message) : message = message ?? 'Task canceled';</code>
            <hit count="2" name="&lt;unnamed&gt;"/>
        </line>
        <line number="11">
            <code/>
        </line>
        <line number="12">
            <code>  @override</code>
        </line>
        <line number="13">
            <code>  final String message;</code>
        </line>
        <line number="14">
            <code/>
        </line>
        <line hits="0" number="15">
            <code>  @override</code>
        </line>
        <line number="16">
            <code>  StackTrace? get stackTrace =&gt; null;</code>
        </line>
        <line number="17">
            <code/>
        </line>
        <line hits="0" number="18">
            <code>  @override</code>
        </line>
        <line hits="0" number="19">
            <code>  String toString() =&gt; jsonEncode(serialize());</code>
        </line>
        <line number="20">
            <code/>
        </line>
        <line hits="0" number="21">
            <code>  @override</code>
        </line>
        <line hits="0" number="22">
            <code>  List serialize() =&gt; List.unmodifiable([$taskCanceledExceptionType, message]);</code>
        </line>
        <line number="23">
            <code>}</code>
        </line>
        <line number="24">
            <code/>
        </line>
        <line number="25">
            <code>const _$type = 0;</code>
        </line>
        <line number="26">
            <code>const _$message = 1;</code>
        </line>
        <line number="27">
            <code/>
        </line>
        <line number="28">
            <code>@internal</code>
        </line>
        <line number="29">
            <code>extension TaskCanceledExceptionExt on TaskCanceledException {</code>
        </line>
        <line hits="0" number="30">
            <code>  static TaskCanceledException? deserialize(List? props) {</code>
        </line>
        <line number="31">
            <code>    if (props == null) return null;</code>
        </line>
        <line hits="0" number="32">
            <code>    if (props[_$type] != $taskCanceledExceptionType) return null;</code>
        </line>
        <line hits="0" number="33">
            <code>    return TaskCanceledException(props[_$message]);</code>
        </line>
        <line number="34">
            <code>  }</code>
        </line>
        <line number="35">
            <code>}</code>
        </line>
    </lines>
    <config branch-coverage="true" description-file="false" function-coverage="true" genhtml_hi_limit="90" genhtml_med_limit="75" legend="false" no-sort="false" no-source="false" show-details="false"/>
    <base href="../../"/>
    <base href="../../"/>
</coverage>
