<?xml version="1.0" encoding="UTF-8" standalone="no"?>
<?xml-stylesheet type="text/xsl" href="../../jgenhtml.xsl"?><coverage branch-rate="NaN" branches-covered="0" branches-valid="0" complexity="0" date="2023-09-15" filename="_worker_runner.dart" function-rate="NaN" functions-covered="0" functions-valid="0" line-rate="1.0" lines-covered="1" lines-valid="1" package="/_impl/browser" testname="lcov.info" version="1.5">
    <lines>
        <line>
            <code>import 'dart:html';</code>
        </line>
        <line>
            <code/>
        </line>
        <line>
            <code>import '../xplat/_worker_runner.dart';</code>
        </line>
        <line>
            <code/>
        </line>
        <line>
            <code>extension JsWorkerRunnerExt on WorkerRunner {</code>
        </line>
        <line hits="1">
            <code>  void handle(MessageEvent event) =&gt; processMessage(event.data);</code>
            <hit count="1" name="&lt;unnamed&gt;"/>
        </line>
        <line>
            <code>}</code>
        </line>
    </lines>
    <config branch-coverage="true" description-file="false" function-coverage="true" genhtml_hi_limit="90" genhtml_med_limit="75" legend="false" no-sort="false" no-source="false"/>
    <base href="../../"/>
    <base href="../../"/>
</coverage>
