<?xml version="1.0" encoding="UTF-8" standalone="no"?>
<?xml-stylesheet type="text/xsl" href="../jgenhtml.xsl"?><coverage branch-rate="NaN" branches-covered="0" branches-valid="0" complexity="0" date="2024-02-27" filename="local_worker.dart" function-rate="NaN" functions-covered="0" functions-valid="0" line-rate="0.6666667" lines-covered="4" lines-valid="6" package="/local_worker" testname="lcov.info" version="1.5">
    <lines>
        <line>
            <code>import '../_impl/native/_local_worker.dart'</code>
        </line>
        <line>
            <code>    if (dart.library.js) '../_impl/browser/_local_worker.dart'</code>
        </line>
        <line>
            <code>    if (dart.library.html) '../_impl/browser/_local_worker.dart';</code>
        </line>
        <line>
            <code>import '../channel.dart';</code>
        </line>
        <line>
            <code>import '../exceptions/exception_manager.dart';</code>
        </line>
        <line>
            <code>import '../worker/worker_request.dart';</code>
        </line>
        <line>
            <code>import '../worker_service.dart';</code>
        </line>
        <line>
            <code/>
        </line>
        <line>
            <code>/// Base local worker class.</code>
        </line>
        <line>
            <code>///</code>
        </line>
        <line>
            <code>/// Local workers are similar to other Workers except that they run in the</code>
        </line>
        <line>
            <code>/// context of the current thread. They do not create any platform thread</code>
        </line>
        <line>
            <code>/// (such as Isolate or Web Worker) but they provide a [channel] that can be</code>
        </line>
        <line>
            <code>/// shared with other workers to support communication between threads. One</code>
        </line>
        <line>
            <code>/// interesting use-case is accessing UI components or platform plugins in</code>
        </line>
        <line>
            <code>/// Flutter, where only code running in the main thread is allowed access to</code>
        </line>
        <line>
            <code>/// such features. Creating a [LocalWorker] in the main application and sharing</code>
        </line>
        <line>
            <code>/// its [channel] with other workers enables providing access to Flutter</code>
        </line>
        <line>
            <code>/// features.</code>
        </line>
        <line>
            <code>///</code>
        </line>
        <line>
            <code>/// Local workers wrap around a [WorkerService]. Messages sent to the local</code>
        </line>
        <line>
            <code>/// worker are deserialized as [WorkerRequest] and dispatched to a handler</code>
        </line>
        <line>
            <code>/// defined in the [service]'s [WorkerService.operations] map according to the</code>
        </line>
        <line>
            <code>/// [WorkerRequest.command].</code>
        </line>
        <line>
            <code>abstract class LocalWorker&lt;W extends WorkerService&gt; implements WorkerService {</code>
        </line>
        <line hits="1">
            <code>  LocalWorker(this.service);</code>
            <hit count="1" name="&lt;unnamed&gt;"/>
        </line>
        <line>
            <code/>
        </line>
        <line hits="2">
            <code>  factory LocalWorker.create(W service, [ExceptionManager? exceptionManager]) =&gt;</code>
            <hit count="2" name="&lt;unnamed&gt;"/>
        </line>
        <line hits="3">
            <code>      createLocalWorker&lt;W&gt;(service, exceptionManager ?? ExceptionManager());</code>
            <hit count="3" name="&lt;unnamed&gt;"/>
        </line>
        <line>
            <code/>
        </line>
        <line hits="0">
            <code>  static void terminate() {}</code>
        </line>
        <line>
            <code/>
        </line>
        <line>
            <code>  /// The [WorkerService] associated to this local worker.</code>
        </line>
        <line>
            <code>  final W service;</code>
        </line>
        <line>
            <code/>
        </line>
        <line>
            <code>  /// The local worker's [Channel].</code>
        </line>
        <line>
            <code>  Channel? get channel;</code>
        </line>
        <line>
            <code/>
        </line>
        <line>
            <code>  /// A [Channel] to communicate with this local worker. This channel should be provided to clients so they can</code>
        </line>
        <line>
            <code>  /// invoke services from the local worker.</code>
        </line>
        <line hits="0">
            <code>  Channel? get sharedChannel =&gt; channel?.share();</code>
        </line>
        <line>
            <code/>
        </line>
        <line>
            <code>  /// Stops the local worker.</code>
        </line>
        <line>
            <code>  void stop();</code>
        </line>
        <line>
            <code/>
        </line>
        <line>
            <code>  /// Local Workers do not need an [operations] map.</code>
        </line>
        <line>
            <code>  @override</code>
        </line>
        <line hits="1">
            <code>  final Map&lt;int, CommandHandler&gt; operations = WorkerService.noOperations;</code>
            <hit count="1" name="&lt;unnamed&gt;"/>
        </line>
        <line>
            <code>}</code>
        </line>
    </lines>
    <config branch-coverage="true" description-file="false" function-coverage="true" genhtml_hi_limit="90" genhtml_med_limit="75" legend="false" no-sort="false" no-source="false"/>
    <base href="../"/>
    <base href="../"/>
</coverage>
