<?xml version="1.0" encoding="UTF-8" standalone="no"?>
<?xml-stylesheet type="text/xsl" href="../../jgenhtml.xsl"?><coverage branch-rate="NaN" branches-covered="0" branches-valid="0" complexity="0" date="2025-09-28" filename="worker_request.dart" function-rate="NaN" functions-covered="0" functions-valid="0" line-rate="0.9347826" lines-covered="43" lines-valid="46" package="src/worker" testname="lcov.info" version="1.6">
    <lines>
        <line number="1">
            <code>import 'package:meta/meta.dart';</code>
        </line>
        <line number="2">
            <code/>
        </line>
        <line number="3">
            <code>import '../_impl/xplat/_internal_logger.dart';</code>
        </line>
        <line number="4">
            <code>import '../_impl/xplat/_time_stamp.dart';</code>
        </line>
        <line number="5">
            <code>import '../exceptions/squadron_error.dart';</code>
        </line>
        <line number="6">
            <code>import '../tokens/_squadron_cancelation_token.dart';</code>
        </line>
        <line number="7">
            <code>import '../typedefs.dart';</code>
        </line>
        <line number="8">
            <code>import 'worker.dart';</code>
        </line>
        <line number="9">
            <code>import 'worker_channel.dart';</code>
        </line>
        <line number="10">
            <code>import 'worker_message.dart';</code>
        </line>
        <line number="11">
            <code/>
        </line>
        <line number="12">
            <code>/// [WorkerRequest]s are used to communicate from a client to a [Worker].</code>
        </line>
        <line number="13">
            <code>/// Typically a [WorkerRequest] consists of a command ID and a list of</code>
        </line>
        <line number="14">
            <code>/// arguments. The [command] ID is used by the [Worker] to dispatch the</code>
        </line>
        <line number="15">
            <code>/// [WorkerRequest] to the method responsible for handling it.</code>
        </line>
        <line number="16">
            <code>/// The command's arguments are passed as a list and should only contain</code>
        </line>
        <line number="17">
            <code>/// primitive values or objects that can be transfered across workers. For</code>
        </line>
        <line number="18">
            <code>/// applications running on a VM platform, Dart objects should be safe</code>
        </line>
        <line number="19">
            <code>/// according to Dart's documentation of [SendPort.send]. [WorkerRequestImpl]</code>
        </line>
        <line number="20">
            <code>/// also implements specific requests used for worker startup, stream/token</code>
        </line>
        <line number="21">
            <code>/// cancelation, worker termination...</code>
        </line>
        <line number="22">
            <code>extension type WorkerRequest._(List data) implements WorkerMessage {</code>
        </line>
        <line number="23">
            <code>  /// Creates a new request with the specified [command] ID and optional arguments.</code>
        </line>
        <line hits="10" number="24">
            <code>  static WorkerRequest userCommand(PlatformChannel channelInfo, int command,</code>
            <hit count="10" name="&lt;unnamed&gt;"/>
        </line>
        <line number="25">
            <code>          List args, SquadronCancelationToken? token, bool inspectResponse) =&gt;</code>
        </line>
        <line hits="20" number="26">
            <code>      WorkerRequest._([</code>
            <hit count="20" name="&lt;unnamed&gt;"/>
        </line>
        <line hits="10" number="27">
            <code>        microsecTimeStamp(), // 0 - travel time</code>
            <hit count="10" name="&lt;unnamed&gt;"/>
        </line>
        <line number="28">
            <code>        channelInfo, // 1 - channel</code>
        </line>
        <line number="29">
            <code>        command, // 2 - command</code>
        </line>
        <line number="30">
            <code>        args, // 3 - args</code>
        </line>
        <line number="31">
            <code>        token, // 4 - cancelation token</code>
        </line>
        <line number="32">
            <code>        null, // 5 - stream id</code>
        </line>
        <line number="33">
            <code>        inspectResponse, // 6 - inspect response</code>
        </line>
        <line number="34">
            <code>      ]);</code>
        </line>
        <line number="35">
            <code/>
        </line>
        <line number="36">
            <code>  /// Creates a new start request.</code>
        </line>
        <line hits="11" number="37">
            <code>  static WorkerRequest start(PlatformChannel channelInfo, List args) =&gt;</code>
            <hit count="11" name="&lt;unnamed&gt;"/>
        </line>
        <line hits="22" number="38">
            <code>      WorkerRequest._([</code>
            <hit count="22" name="&lt;unnamed&gt;"/>
        </line>
        <line hits="11" number="39">
            <code>        microsecTimeStamp(), // 0 - travel time</code>
            <hit count="11" name="&lt;unnamed&gt;"/>
        </line>
        <line number="40">
            <code>        channelInfo, // 1 - channel</code>
        </line>
        <line number="41">
            <code>        _connectCommand, // 2 - command</code>
        </line>
        <line number="42">
            <code>        args, // 3 - args</code>
        </line>
        <line number="43">
            <code>        null, // 4 - cancelation token</code>
        </line>
        <line number="44">
            <code>        null, // 5 - stream id</code>
        </line>
        <line number="45">
            <code>        true, // 6 - inspect response</code>
        </line>
        <line number="46">
            <code>      ]);</code>
        </line>
        <line number="47">
            <code/>
        </line>
        <line number="48">
            <code>  /// Creates a new stream cancelation request.</code>
        </line>
        <line hits="12" number="49">
            <code>  static WorkerRequest cancelStream(int streamId) =&gt; WorkerRequest._([</code>
            <hit count="12" name="&lt;unnamed&gt;"/>
        </line>
        <line hits="4" number="50">
            <code>        microsecTimeStamp(), // 0 - travel time</code>
            <hit count="4" name="&lt;unnamed&gt;"/>
        </line>
        <line number="51">
            <code>        null, // 1 - channel</code>
        </line>
        <line number="52">
            <code>        _cancelStreamCommand, // 2 - command</code>
        </line>
        <line number="53">
            <code>        null, // 3 - args</code>
        </line>
        <line number="54">
            <code>        null, // 4 - cancelation token</code>
        </line>
        <line number="55">
            <code>        streamId, // 5 - stream id</code>
        </line>
        <line number="56">
            <code>        null, // 6 - inspect response</code>
        </line>
        <line number="57">
            <code>      ]);</code>
        </line>
        <line number="58">
            <code/>
        </line>
        <line number="59">
            <code>  /// Creates a new cancelation request.</code>
        </line>
        <line hits="2" number="60">
            <code>  static WorkerRequest cancel(SquadronCancelationToken token) =&gt;</code>
            <hit count="2" name="&lt;unnamed&gt;"/>
        </line>
        <line hits="4" number="61">
            <code>      WorkerRequest._([</code>
            <hit count="4" name="&lt;unnamed&gt;"/>
        </line>
        <line hits="2" number="62">
            <code>        microsecTimeStamp(), // 0 - travel time</code>
            <hit count="2" name="&lt;unnamed&gt;"/>
        </line>
        <line number="63">
            <code>        null, // 1 - channel</code>
        </line>
        <line number="64">
            <code>        _cancelTokenCommand, // 2 - command</code>
        </line>
        <line number="65">
            <code>        null, // 3 - args</code>
        </line>
        <line number="66">
            <code>        token, // 4 - cancelation token</code>
        </line>
        <line number="67">
            <code>        null, // 5 - stream id</code>
        </line>
        <line number="68">
            <code>        null, // 6 - inspect response</code>
        </line>
        <line number="69">
            <code>      ]);</code>
        </line>
        <line number="70">
            <code/>
        </line>
        <line number="71">
            <code>  /// Creates a new termination request.</code>
        </line>
        <line hits="30" number="72">
            <code>  static WorkerRequest stop() =&gt; WorkerRequest._([</code>
            <hit count="30" name="&lt;unnamed&gt;"/>
        </line>
        <line hits="10" number="73">
            <code>        microsecTimeStamp(), // 0 - travel time</code>
            <hit count="10" name="&lt;unnamed&gt;"/>
        </line>
        <line number="74">
            <code>        null, // 1 - channel</code>
        </line>
        <line number="75">
            <code>        _terminateCommand, // 2 - command</code>
        </line>
        <line number="76">
            <code>        null, // 3 - args</code>
        </line>
        <line number="77">
            <code>        null, // 4 - cancelation token</code>
        </line>
        <line number="78">
            <code>        null, // 5 - stream id</code>
        </line>
        <line number="79">
            <code>        null, // 6 - inspect response</code>
        </line>
        <line number="80">
            <code>      ]);</code>
        </line>
        <line number="81">
            <code/>
        </line>
        <line number="82">
            <code>  /// The client's [WorkerChannel]. Only valid on the receiving end.</code>
        </line>
        <line hits="20" number="83">
            <code>  WorkerChannel? get channel =&gt; data[_$channel];</code>
            <hit count="20" name="&lt;unnamed&gt;"/>
        </line>
        <line number="84">
            <code/>
        </line>
        <line number="85">
            <code>  /// The channel method to be used for sending data back.</code>
        </line>
        <line hits="10" number="86">
            <code>  void Function(dynamic)? get reply =&gt;</code>
            <hit count="10" name="&lt;unnamed&gt;"/>
        </line>
        <line hits="34" number="87">
            <code>      inspectResponse ? channel?.inspectAndReply : channel?.reply;</code>
            <hit count="34" name="&lt;unnamed&gt;"/>
        </line>
        <line number="88">
            <code/>
        </line>
        <line number="89">
            <code>  /// The client's channel info.</code>
        </line>
        <line hits="0" number="90">
            <code>  PlatformChannel? get channelInfo =&gt; data[_$channel];</code>
        </line>
        <line number="91">
            <code/>
        </line>
        <line number="92">
            <code>  /// Cancelation token.</code>
        </line>
        <line hits="20" number="93">
            <code>  SquadronCancelationToken? get cancelToken =&gt; data[_$token];</code>
            <hit count="20" name="&lt;unnamed&gt;"/>
        </line>
        <line number="94">
            <code/>
        </line>
        <line number="95">
            <code>  /// Stream id.</code>
        </line>
        <line hits="8" number="96">
            <code>  int? get streamId =&gt; data[_$streamId];</code>
            <hit count="8" name="&lt;unnamed&gt;"/>
        </line>
        <line number="97">
            <code/>
        </line>
        <line number="98">
            <code>  /// The [command]'s ID.</code>
        </line>
        <line hits="20" number="99">
            <code>  int get command =&gt; data[_$command];</code>
            <hit count="20" name="&lt;unnamed&gt;"/>
        </line>
        <line number="100">
            <code/>
        </line>
        <line number="101">
            <code>  /// The command's arguments, if any.</code>
        </line>
        <line hits="20" number="102">
            <code>  List get args =&gt; data[_$args];</code>
            <hit count="20" name="&lt;unnamed&gt;"/>
        </line>
        <line number="103">
            <code/>
        </line>
        <line number="104">
            <code>  /// Flag indicating whether the Channel should inspect the payload to identify non-base type objects. In</code>
        </line>
        <line number="105">
            <code>  /// Web Workers, ownership of these objects must be transfered across threads.</code>
        </line>
        <line hits="20" number="106">
            <code>  bool get inspectResponse =&gt; data[_$inspectResponse];</code>
            <hit count="20" name="&lt;unnamed&gt;"/>
        </line>
        <line number="107">
            <code/>
        </line>
        <line number="108">
            <code>  /// flag for start requests.</code>
        </line>
        <line hits="30" number="109">
            <code>  bool get isConnection =&gt; (command == _connectCommand);</code>
            <hit count="30" name="&lt;unnamed&gt;"/>
        </line>
        <line number="110">
            <code/>
        </line>
        <line number="111">
            <code>  /// flag for stream cancelation requests.</code>
        </line>
        <line hits="30" number="112">
            <code>  bool get isStreamCancelation =&gt; (command == _cancelStreamCommand);</code>
            <hit count="30" name="&lt;unnamed&gt;"/>
        </line>
        <line number="113">
            <code/>
        </line>
        <line number="114">
            <code>  /// flag for cancelation requests.</code>
        </line>
        <line hits="30" number="115">
            <code>  bool get isTokenCancelation =&gt; (command == _cancelTokenCommand);</code>
            <hit count="30" name="&lt;unnamed&gt;"/>
        </line>
        <line number="116">
            <code/>
        </line>
        <line number="117">
            <code>  /// flag for termination requests.</code>
        </line>
        <line hits="30" number="118">
            <code>  bool get isTermination =&gt; (command == _terminateCommand);</code>
            <hit count="30" name="&lt;unnamed&gt;"/>
        </line>
        <line number="119">
            <code/>
        </line>
        <line number="120">
            <code>  static const int _connectCommand = -1;</code>
        </line>
        <line number="121">
            <code>  static const int _cancelStreamCommand = -2;</code>
        </line>
        <line number="122">
            <code>  static const int _cancelTokenCommand = -3;</code>
        </line>
        <line number="123">
            <code>  static const int _terminateCommand = -4;</code>
        </line>
        <line number="124">
            <code>}</code>
        </line>
        <line number="125">
            <code/>
        </line>
        <line number="126">
            <code>// 0 is reserved for travel time</code>
        </line>
        <line number="127">
            <code>const _$channel = 1;</code>
        </line>
        <line number="128">
            <code>const _$command = 2;</code>
        </line>
        <line number="129">
            <code>const _$args = 3;</code>
        </line>
        <line number="130">
            <code>const _$token = 4;</code>
        </line>
        <line number="131">
            <code>const _$streamId = 5;</code>
        </line>
        <line number="132">
            <code>const _$inspectResponse = 6;</code>
        </line>
        <line number="133">
            <code/>
        </line>
        <line number="134">
            <code>@internal</code>
        </line>
        <line number="135">
            <code>extension WorkerRequestExt on WorkerRequest {</code>
        </line>
        <line number="136">
            <code>  /// In-place deserialization of a [WorkerRequest] received by the worker.</code>
        </line>
        <line hits="10" number="137">
            <code>  void unwrapInPlace(InternalLogger? logger) {</code>
            <hit count="10" name="&lt;unnamed&gt;"/>
        </line>
        <line hits="10" number="138">
            <code>    unwrapTravelTime();</code>
            <hit count="10" name="&lt;unnamed&gt;"/>
        </line>
        <line hits="30" number="139">
            <code>    data[_$command] = (data[_$command] as num).toInt();</code>
            <hit count="30" name="&lt;unnamed&gt;"/>
        </line>
        <line hits="24" number="140">
            <code>    data[_$streamId] = (data[_$streamId] as num?)?.toInt();</code>
            <hit count="24" name="&lt;unnamed&gt;"/>
        </line>
        <line hits="30" number="141">
            <code>    data[_$channel] = WorkerChannel.deserialize(data[_$channel], logger);</code>
            <hit count="30" name="&lt;unnamed&gt;"/>
        </line>
        <line hits="30" number="142">
            <code>    data[_$token] = SquadronCancelationToken.deserialize(data[_$token]);</code>
            <hit count="30" name="&lt;unnamed&gt;"/>
        </line>
        <line hits="10" number="143">
            <code>    data[_$inspectResponse] ??= false;</code>
            <hit count="10" name="&lt;unnamed&gt;"/>
        </line>
        <line hits="10" number="144">
            <code>    data[_$args] ??= const [];</code>
            <hit count="10" name="&lt;unnamed&gt;"/>
        </line>
        <line number="145">
            <code>  }</code>
        </line>
        <line number="146">
            <code/>
        </line>
        <line number="147">
            <code>  /// In-place serialization of a [WorkerRequest].</code>
        </line>
        <line hits="11" number="148">
            <code>  List wrapInPlace() {</code>
            <hit count="11" name="&lt;unnamed&gt;"/>
        </line>
        <line hits="11" number="149">
            <code>    final token = data[_$token];</code>
            <hit count="11" name="&lt;unnamed&gt;"/>
        </line>
        <line hits="11" number="150">
            <code>    if (token is SquadronCancelationToken) {</code>
            <hit count="11" name="&lt;unnamed&gt;"/>
        </line>
        <line hits="4" number="151">
            <code>      data[_$token] = token.serialize();</code>
            <hit count="4" name="&lt;unnamed&gt;"/>
        </line>
        <line number="152">
            <code>    }</code>
        </line>
        <line number="153">
            <code>    return data;</code>
        </line>
        <line number="154">
            <code>  }</code>
        </line>
        <line number="155">
            <code/>
        </line>
        <line hits="10" number="156">
            <code>  static WorkerRequest from(List data) {</code>
            <hit count="10" name="&lt;unnamed&gt;"/>
        </line>
        <line hits="20" number="157">
            <code>    if (data.length != 7) {</code>
            <hit count="20" name="&lt;unnamed&gt;"/>
        </line>
        <line hits="0" number="158">
            <code>      throw SquadronErrorImpl.create('Invalid worker request');</code>
        </line>
        <line number="159">
            <code>    }</code>
        </line>
        <line hits="10" number="160">
            <code>    return WorkerRequest._(data);</code>
            <hit count="10" name="&lt;unnamed&gt;"/>
        </line>
        <line number="161">
            <code>  }</code>
        </line>
        <line number="162">
            <code>}</code>
        </line>
        <line number="163">
            <code/>
        </line>
        <line number="164">
            <code>@internal</code>
        </line>
        <line number="165">
            <code>extension CancelationTokenExt on WorkerRequest {</code>
        </line>
        <line hits="2" number="166">
            <code>  void overrideCancelToken(SquadronCancelationToken token) {</code>
            <hit count="2" name="&lt;unnamed&gt;"/>
        </line>
        <line hits="10" number="167">
            <code>    if (cancelToken == null || cancelToken!.id != token.id) {</code>
            <hit count="10" name="&lt;unnamed&gt;"/>
        </line>
        <line hits="0" number="168">
            <code>      throw SquadronErrorImpl.create('Cancelation token mismatch');</code>
        </line>
        <line number="169">
            <code>    }</code>
        </line>
        <line hits="2" number="170">
            <code>    data[_$token] = token;</code>
            <hit count="2" name="&lt;unnamed&gt;"/>
        </line>
        <line number="171">
            <code>  }</code>
        </line>
        <line number="172">
            <code>}</code>
        </line>
    </lines>
    <config branch-coverage="true" description-file="false" function-coverage="true" genhtml_hi_limit="90" genhtml_med_limit="75" legend="false" no-sort="false" no-source="false" show-details="false"/>
    <base href="../../"/>
    <base href="../../"/>
</coverage>
