<?xml version="1.0" encoding="UTF-8" standalone="no"?>
<?xml-stylesheet type="text/xsl" href="../../jgenhtml.xsl"?><coverage branch-rate="NaN" branches-covered="0" branches-valid="0" complexity="0" date="2025-09-28" filename="worker.dart" function-rate="NaN" functions-covered="0" functions-valid="0" line-rate="0.886076" lines-covered="70" lines-valid="79" package="src/worker" testname="lcov.info" version="1.6">
    <lines>
        <line number="1">
            <code>import 'dart:async';</code>
        </line>
        <line number="2">
            <code/>
        </line>
        <line number="3">
            <code>import 'package:cancelation_token/cancelation_token.dart';</code>
        </line>
        <line number="4">
            <code>import 'package:logger/web.dart';</code>
        </line>
        <line number="5">
            <code>import 'package:using/using.dart';</code>
        </line>
        <line number="6">
            <code/>
        </line>
        <line number="7">
            <code>import '../_impl/xplat/_forward_completer.dart';</code>
        </line>
        <line number="8">
            <code>import '../_impl/xplat/_forward_stream_controller.dart';</code>
        </line>
        <line number="9">
            <code>import '../_impl/xplat/_time_stamp.dart';</code>
        </line>
        <line number="10">
            <code>import '../channel.dart';</code>
        </line>
        <line number="11">
            <code>import '../exceptions/exception_manager.dart';</code>
        </line>
        <line number="12">
            <code>import '../exceptions/squadron_exception.dart';</code>
        </line>
        <line number="13">
            <code>import '../exceptions/task_terminated_exception.dart';</code>
        </line>
        <line number="14">
            <code>import '../exceptions/worker_exception.dart';</code>
        </line>
        <line number="15">
            <code>import '../invoker.dart';</code>
        </line>
        <line number="16">
            <code>import '../iworker.dart';</code>
        </line>
        <line number="17">
            <code>import '../stats/worker_stat.dart';</code>
        </line>
        <line number="18">
            <code>import '../tokens/_squadron_cancelation_token.dart';</code>
        </line>
        <line number="19">
            <code>import '../typedefs.dart';</code>
        </line>
        <line number="20">
            <code>import '../worker/worker_request.dart';</code>
        </line>
        <line number="21">
            <code>import '../worker_service.dart';</code>
        </line>
        <line number="22">
            <code/>
        </line>
        <line number="23">
            <code>part 'worker.stats.dart';</code>
        </line>
        <line number="24">
            <code/>
        </line>
        <line number="25">
            <code>/// Base worker class.</code>
        </line>
        <line number="26">
            <code>///</code>
        </line>
        <line number="27">
            <code>/// This base class takes care of creating the [Channel] and firing up the</code>
        </line>
        <line number="28">
            <code>/// worker. Typically, derived classes should add proxy methods sending</code>
        </line>
        <line number="29">
            <code>/// [WorkerRequest]s to the worker.</code>
        </line>
        <line number="30">
            <code>abstract class Worker</code>
        </line>
        <line number="31">
            <code>    with Releasable</code>
        </line>
        <line number="32">
            <code>    implements WorkerService, IWorker, Invoker {</code>
        </line>
        <line number="33">
            <code>  /// Creates a [Worker] with the specified entrypoint.</code>
        </line>
        <line hits="11" number="34">
            <code>  Worker(this._entryPoint,</code>
            <hit count="11" name="&lt;unnamed&gt;"/>
        </line>
        <line number="35">
            <code>      {PlatformThreadHook? threadHook, ExceptionManager? exceptionManager})</code>
        </line>
        <line number="36">
            <code>      : _threadHook = threadHook,</code>
        </line>
        <line number="37">
            <code>        _exceptionManager = exceptionManager;</code>
        </line>
        <line number="38">
            <code/>
        </line>
        <line hits="11" number="39">
            <code>  @override</code>
            <hit count="11" name="&lt;unnamed&gt;"/>
        </line>
        <line number="40">
            <code>  void release() {</code>
        </line>
        <line hits="11" number="41">
            <code>    stop();</code>
            <hit count="11" name="&lt;unnamed&gt;"/>
        </line>
        <line hits="11" number="42">
            <code>    super.release();</code>
            <hit count="11" name="&lt;unnamed&gt;"/>
        </line>
        <line number="43">
            <code>  }</code>
        </line>
        <line number="44">
            <code/>
        </line>
        <line number="45">
            <code>  /// The [Worker]'s entry point; typically, a top-level function in native</code>
        </line>
        <line number="46">
            <code>  /// world or the Uri to a JavaScript file in browser world.</code>
        </line>
        <line number="47">
            <code>  final EntryPoint _entryPoint;</code>
        </line>
        <line number="48">
            <code/>
        </line>
        <line number="49">
            <code>  @override</code>
        </line>
        <line number="50">
            <code>  Logger? channelLogger;</code>
        </line>
        <line number="51">
            <code/>
        </line>
        <line hits="11" number="52">
            <code>  @override</code>
            <hit count="11" name="&lt;unnamed&gt;"/>
        </line>
        <line number="53">
            <code>  ExceptionManager get exceptionManager =&gt;</code>
        </line>
        <line hits="21" number="54">
            <code>      (_exceptionManager ??= ExceptionManager());</code>
            <hit count="21" name="&lt;unnamed&gt;"/>
        </line>
        <line number="55">
            <code>  ExceptionManager? _exceptionManager;</code>
        </line>
        <line number="56">
            <code/>
        </line>
        <line number="57">
            <code>  final PlatformThreadHook? _threadHook;</code>
        </line>
        <line number="58">
            <code/>
        </line>
        <line number="59">
            <code>  /// The [Worker]'s start arguments.</code>
        </line>
        <line number="60">
            <code>  List? getStartArgs();</code>
        </line>
        <line number="61">
            <code/>
        </line>
        <line hits="22" number="62">
            <code>  late final _stats = _Stats(this);</code>
            <hit count="22" name="&lt;unnamed&gt;"/>
        </line>
        <line number="63">
            <code/>
        </line>
        <line hits="33" number="64">
            <code>  bool get isStopped =&gt; _stats.isStopped;</code>
            <hit count="33" name="&lt;unnamed&gt;"/>
        </line>
        <line number="65">
            <code/>
        </line>
        <line number="66">
            <code>  /// [Worker] statistics.</code>
        </line>
        <line hits="0" number="67">
            <code>  @Deprecated('Use getStats()')</code>
        </line>
        <line hits="0" number="68">
            <code>  WorkerStat get stats =&gt; _stats.snapshot;</code>
        </line>
        <line number="69">
            <code/>
        </line>
        <line number="70">
            <code>  /// [Worker] statistics.</code>
        </line>
        <line hits="18" number="71">
            <code>  WorkerStat getStats() =&gt; _stats.snapshot;</code>
            <hit count="18" name="&lt;unnamed&gt;"/>
        </line>
        <line number="72">
            <code/>
        </line>
        <line number="73">
            <code>  /// Returns true if the [Worker] is connected i.e., it has a valid [Channel].</code>
        </line>
        <line number="74">
            <code>  /// Returns false otherwise.</code>
        </line>
        <line hits="2" number="75">
            <code>  bool get isConnected =&gt; _channel != null;</code>
            <hit count="2" name="&lt;unnamed&gt;"/>
        </line>
        <line number="76">
            <code/>
        </line>
        <line number="77">
            <code>  /// Shared [Channel] that can be used to communicate with the worker.</code>
        </line>
        <line hits="6" number="78">
            <code>  Channel? getSharedChannel() =&gt; _channel?.share();</code>
            <hit count="6" name="&lt;unnamed&gt;"/>
        </line>
        <line number="79">
            <code/>
        </line>
        <line number="80">
            <code>  Channel? _channel;</code>
        </line>
        <line number="81">
            <code>  Future&lt;Channel&gt;? _openChannel;</code>
        </line>
        <line number="82">
            <code/>
        </line>
        <line number="83">
            <code>  /// Sends a workload to the worker.</code>
        </line>
        <line hits="10" number="84">
            <code>  @override</code>
            <hit count="10" name="&lt;unnamed&gt;"/>
        </line>
        <line number="85">
            <code>  Future&lt;dynamic&gt; send(</code>
        </line>
        <line number="86">
            <code>    int command, {</code>
        </line>
        <line number="87">
            <code>    List args = const [],</code>
        </line>
        <line number="88">
            <code>    CancelationToken? token,</code>
        </line>
        <line number="89">
            <code>    bool inspectRequest = false,</code>
        </line>
        <line number="90">
            <code>    bool inspectResponse = false,</code>
        </line>
        <line number="91">
            <code>  }) async {</code>
        </line>
        <line hits="0" number="92">
            <code>    token?.throwIfCanceled();</code>
        </line>
        <line number="93">
            <code/>
        </line>
        <line number="94">
            <code>    // get the channel, start the worker if necessary</code>
        </line>
        <line hits="18" number="95">
            <code>    final channel = _channel ?? await start();</code>
            <hit count="18" name="&lt;unnamed&gt;"/>
        </line>
        <line number="96">
            <code/>
        </line>
        <line hits="10" number="97">
            <code>    final completer = ForwardCompleter();</code>
            <hit count="10" name="&lt;unnamed&gt;"/>
        </line>
        <line number="98">
            <code/>
        </line>
        <line hits="0" number="99">
            <code>    final squadronToken = token?.wrap();</code>
        </line>
        <line hits="0" number="100">
            <code>    squadronToken?.onCanceled.then((ex) {</code>
        </line>
        <line hits="0" number="101">
            <code>      _channel?.cancelToken(squadronToken);</code>
        </line>
        <line hits="0" number="102">
            <code>      completer.failure(SquadronException.from(ex, null, command));</code>
        </line>
        <line number="103">
            <code>    });</code>
        </line>
        <line number="104">
            <code/>
        </line>
        <line hits="20" number="105">
            <code>    _stats.beginWork();</code>
            <hit count="20" name="&lt;unnamed&gt;"/>
        </line>
        <line hits="50" number="106">
            <code>    completer.future.whenComplete(_stats.endWork).ignore();</code>
            <hit count="50" name="&lt;unnamed&gt;"/>
        </line>
        <line number="107">
            <code/>
        </line>
        <line number="108">
            <code>    try {</code>
        </line>
        <line hits="10" number="109">
            <code>      final res = await channel.sendRequest(</code>
            <hit count="10" name="&lt;unnamed&gt;"/>
        </line>
        <line number="110">
            <code>        command,</code>
        </line>
        <line number="111">
            <code>        args,</code>
        </line>
        <line number="112">
            <code>        token: squadronToken,</code>
        </line>
        <line number="113">
            <code>        inspectRequest: inspectRequest,</code>
        </line>
        <line number="114">
            <code>        inspectResponse: inspectResponse,</code>
        </line>
        <line number="115">
            <code>      );</code>
        </line>
        <line hits="10" number="116">
            <code>      completer.success(res);</code>
            <hit count="10" name="&lt;unnamed&gt;"/>
        </line>
        <line number="117">
            <code>    } catch (ex, st) {</code>
        </line>
        <line hits="6" number="118">
            <code>      _stats.failed();</code>
            <hit count="6" name="&lt;unnamed&gt;"/>
        </line>
        <line hits="6" number="119">
            <code>      completer.failure(SquadronException.from(ex, st, command));</code>
            <hit count="6" name="&lt;unnamed&gt;"/>
        </line>
        <line number="120">
            <code>    }</code>
        </line>
        <line number="121">
            <code/>
        </line>
        <line hits="10" number="122">
            <code>    return completer.future;</code>
            <hit count="10" name="&lt;unnamed&gt;"/>
        </line>
        <line number="123">
            <code>  }</code>
        </line>
        <line number="124">
            <code/>
        </line>
        <line number="125">
            <code>  /// Sends a streaming workload to the worker.</code>
        </line>
        <line hits="5" number="126">
            <code>  @override</code>
            <hit count="5" name="&lt;unnamed&gt;"/>
        </line>
        <line number="127">
            <code>  Stream&lt;dynamic&gt; stream(</code>
        </line>
        <line number="128">
            <code>    int command, {</code>
        </line>
        <line number="129">
            <code>    List args = const [],</code>
        </line>
        <line number="130">
            <code>    CancelationToken? token,</code>
        </line>
        <line number="131">
            <code>    bool inspectRequest = false,</code>
        </line>
        <line number="132">
            <code>    bool inspectResponse = false,</code>
        </line>
        <line number="133">
            <code>  }) {</code>
        </line>
        <line hits="2" number="134">
            <code>    final squadronToken = token?.wrap();</code>
            <hit count="2" name="&lt;unnamed&gt;"/>
        </line>
        <line number="135">
            <code/>
        </line>
        <line number="136">
            <code>    late final ForwardStreamController controller;</code>
        </line>
        <line number="137">
            <code/>
        </line>
        <line hits="6" number="138">
            <code>    squadronToken?.onCanceled.then((ex) {</code>
            <hit count="6" name="&lt;unnamed&gt;"/>
        </line>
        <line hits="2" number="139">
            <code>      if (!controller.isClosed) {</code>
            <hit count="2" name="&lt;unnamed&gt;"/>
        </line>
        <line hits="4" number="140">
            <code>        controller.subscription?.cancel();</code>
            <hit count="4" name="&lt;unnamed&gt;"/>
        </line>
        <line hits="4" number="141">
            <code>        controller.addError(SquadronException.from(ex, null, command));</code>
            <hit count="4" name="&lt;unnamed&gt;"/>
        </line>
        <line hits="2" number="142">
            <code>        controller.close();</code>
            <hit count="2" name="&lt;unnamed&gt;"/>
        </line>
        <line number="143">
            <code>      }</code>
        </line>
        <line hits="4" number="144">
            <code>      _channel?.cancelToken(squadronToken);</code>
            <hit count="4" name="&lt;unnamed&gt;"/>
        </line>
        <line number="145">
            <code>    });</code>
        </line>
        <line number="146">
            <code/>
        </line>
        <line hits="10" number="147">
            <code>    controller = ForwardStreamController(onListen: () async {</code>
            <hit count="10" name="&lt;unnamed&gt;"/>
        </line>
        <line number="148">
            <code>      try {</code>
        </line>
        <line hits="5" number="149">
            <code>        if (controller.isClosed) return;</code>
            <hit count="5" name="&lt;unnamed&gt;"/>
        </line>
        <line hits="2" number="150">
            <code>        squadronToken?.throwIfCanceled();</code>
            <hit count="2" name="&lt;unnamed&gt;"/>
        </line>
        <line hits="8" number="151">
            <code>        final channel = _channel ?? await start();</code>
            <hit count="8" name="&lt;unnamed&gt;"/>
        </line>
        <line hits="5" number="152">
            <code>        if (controller.isClosed) return;</code>
            <hit count="5" name="&lt;unnamed&gt;"/>
        </line>
        <line number="153">
            <code/>
        </line>
        <line hits="10" number="154">
            <code>        _stats.beginWork();</code>
            <hit count="10" name="&lt;unnamed&gt;"/>
        </line>
        <line hits="25" number="155">
            <code>        controller.done.whenComplete(_stats.endWork).ignore();</code>
            <hit count="25" name="&lt;unnamed&gt;"/>
        </line>
        <line number="156">
            <code/>
        </line>
        <line hits="5" number="157">
            <code>        controller.attachSubscription(channel</code>
            <hit count="5" name="&lt;unnamed&gt;"/>
        </line>
        <line hits="5" number="158">
            <code>            .sendStreamingRequest(</code>
            <hit count="5" name="&lt;unnamed&gt;"/>
        </line>
        <line number="159">
            <code>              command,</code>
        </line>
        <line number="160">
            <code>              args,</code>
        </line>
        <line number="161">
            <code>              token: squadronToken,</code>
        </line>
        <line number="162">
            <code>              inspectRequest: inspectRequest,</code>
        </line>
        <line number="163">
            <code>              inspectResponse: inspectResponse,</code>
        </line>
        <line number="164">
            <code>            )</code>
        </line>
        <line hits="5" number="165">
            <code>            .listen(</code>
            <hit count="5" name="&lt;unnamed&gt;"/>
        </line>
        <line hits="5" number="166">
            <code>              controller.add,</code>
            <hit count="5" name="&lt;unnamed&gt;"/>
        </line>
        <line hits="3" number="167">
            <code>              onError: (ex, st) =&gt;</code>
            <hit count="3" name="&lt;unnamed&gt;"/>
        </line>
        <line hits="6" number="168">
            <code>                  controller.addError(SquadronException.from(ex, st, command)),</code>
            <hit count="6" name="&lt;unnamed&gt;"/>
        </line>
        <line hits="5" number="169">
            <code>              onDone: controller.close,</code>
            <hit count="5" name="&lt;unnamed&gt;"/>
        </line>
        <line number="170">
            <code>              cancelOnError: false,</code>
        </line>
        <line number="171">
            <code>            ));</code>
        </line>
        <line number="172">
            <code>      } catch (ex, st) {</code>
        </line>
        <line hits="2" number="173">
            <code>        _stats.failed();</code>
            <hit count="2" name="&lt;unnamed&gt;"/>
        </line>
        <line hits="1" number="174">
            <code>        controller.subscription?.cancel();</code>
            <hit count="1" name="&lt;unnamed&gt;"/>
        </line>
        <line hits="2" number="175">
            <code>        controller.addError(SquadronException.from(ex, st, command));</code>
            <hit count="2" name="&lt;unnamed&gt;"/>
        </line>
        <line hits="1" number="176">
            <code>        controller.close();</code>
            <hit count="1" name="&lt;unnamed&gt;"/>
        </line>
        <line number="177">
            <code>      }</code>
        </line>
        <line number="178">
            <code>    });</code>
        </line>
        <line number="179">
            <code/>
        </line>
        <line hits="5" number="180">
            <code>    return controller.stream;</code>
            <hit count="5" name="&lt;unnamed&gt;"/>
        </line>
        <line number="181">
            <code>  }</code>
        </line>
        <line number="182">
            <code/>
        </line>
        <line number="183">
            <code>  /// Creates a [Channel] and starts the worker using the [_entryPoint].</code>
        </line>
        <line hits="11" number="184">
            <code>  @override</code>
            <hit count="11" name="&lt;unnamed&gt;"/>
        </line>
        <line number="185">
            <code>  Future&lt;Channel&gt; start() async {</code>
        </line>
        <line hits="11" number="186">
            <code>    if (isStopped) {</code>
            <hit count="11" name="&lt;unnamed&gt;"/>
        </line>
        <line hits="1" number="187">
            <code>      throw WorkerException('Invalid state: worker is stopped');</code>
            <hit count="1" name="&lt;unnamed&gt;"/>
        </line>
        <line number="188">
            <code>    }</code>
        </line>
        <line number="189">
            <code/>
        </line>
        <line hits="11" number="190">
            <code>    final args = getStartArgs() ?? const [];</code>
            <hit count="11" name="&lt;unnamed&gt;"/>
        </line>
        <line hits="22" number="191">
            <code>    _openChannel ??= Channel.open(</code>
            <hit count="22" name="&lt;unnamed&gt;"/>
        </line>
        <line hits="44" number="192">
            <code>        exceptionManager, channelLogger, _entryPoint, args, _threadHook);</code>
            <hit count="44" name="&lt;unnamed&gt;"/>
        </line>
        <line hits="22" number="193">
            <code>    final channel = _channel ?? await _openChannel;</code>
            <hit count="22" name="&lt;unnamed&gt;"/>
        </line>
        <line hits="10" number="194">
            <code>    if (_channel == null) {</code>
            <hit count="10" name="&lt;unnamed&gt;"/>
        </line>
        <line hits="10" number="195">
            <code>      _channel = channel;</code>
            <hit count="10" name="&lt;unnamed&gt;"/>
        </line>
        <line hits="20" number="196">
            <code>      _stats.start();</code>
            <hit count="20" name="&lt;unnamed&gt;"/>
        </line>
        <line number="197">
            <code>    }</code>
        </line>
        <line hits="10" number="198">
            <code>    return _channel!;</code>
            <hit count="10" name="&lt;unnamed&gt;"/>
        </line>
        <line number="199">
            <code>  }</code>
        </line>
        <line number="200">
            <code/>
        </line>
        <line number="201">
            <code>  /// Stops this worker.</code>
        </line>
        <line hits="11" number="202">
            <code>  @override</code>
            <hit count="11" name="&lt;unnamed&gt;"/>
        </line>
        <line number="203">
            <code>  void stop() {</code>
        </line>
        <line hits="11" number="204">
            <code>    if (!isStopped) {</code>
            <hit count="11" name="&lt;unnamed&gt;"/>
        </line>
        <line hits="14" number="205">
            <code>      channelLogger?.d('Stop worker');</code>
            <hit count="14" name="&lt;unnamed&gt;"/>
        </line>
        <line hits="22" number="206">
            <code>      _stats.stop();</code>
            <hit count="22" name="&lt;unnamed&gt;"/>
        </line>
        <line hits="11" number="207">
            <code>      _openChannel = null;</code>
            <hit count="11" name="&lt;unnamed&gt;"/>
        </line>
        <line hits="21" number="208">
            <code>      _channel?.close();</code>
            <hit count="21" name="&lt;unnamed&gt;"/>
        </line>
        <line hits="11" number="209">
            <code>      _channel = null;</code>
            <hit count="11" name="&lt;unnamed&gt;"/>
        </line>
        <line number="210">
            <code>    }</code>
        </line>
        <line number="211">
            <code>  }</code>
        </line>
        <line number="212">
            <code/>
        </line>
        <line number="213">
            <code>  /// Terminates this worker.</code>
        </line>
        <line hits="2" number="214">
            <code>  @override</code>
            <hit count="2" name="&lt;unnamed&gt;"/>
        </line>
        <line number="215">
            <code>  void terminate([TaskTerminatedException? ex]) {</code>
        </line>
        <line number="216">
            <code>    // terminate channel and stop worker</code>
        </line>
        <line hits="2" number="217">
            <code>    ex ??= TaskTerminatedException('Worker has been terminated');</code>
            <hit count="2" name="&lt;unnamed&gt;"/>
        </line>
        <line hits="4" number="218">
            <code>    _channel?.terminate(ex);</code>
            <hit count="4" name="&lt;unnamed&gt;"/>
        </line>
        <line hits="2" number="219">
            <code>    stop();</code>
            <hit count="2" name="&lt;unnamed&gt;"/>
        </line>
        <line number="220">
            <code>  }</code>
        </line>
        <line number="221">
            <code/>
        </line>
        <line number="222">
            <code>  /// Workers do not need an [operations] map.</code>
        </line>
        <line hits="0" number="223">
            <code>  @override</code>
        </line>
        <line hits="0" number="224">
            <code>  OperationsMap get operations =&gt; WorkerService.noOperations;</code>
        </line>
        <line number="225">
            <code>}</code>
        </line>
    </lines>
    <config branch-coverage="true" description-file="false" function-coverage="true" genhtml_hi_limit="90" genhtml_med_limit="75" legend="false" no-sort="false" no-source="false" show-details="false"/>
    <base href="../../"/>
    <base href="../../"/>
</coverage>
