<?xml version="1.0" encoding="UTF-8" standalone="no"?>
<?xml-stylesheet type="text/xsl" href="../../jgenhtml.xsl"?><coverage branch-rate="NaN" branches-covered="0" branches-valid="0" complexity="0" date="2024-08-28" filename="_internal_logger.dart" function-rate="NaN" functions-covered="0" functions-valid="0" line-rate="0.64705884" lines-covered="11" lines-valid="17" package="/_impl/xplat" testname="lcov.info" version="1.5">
    <lines>
        <line>
            <code>import 'package:logger/logger.dart';</code>
        </line>
        <line>
            <code/>
        </line>
        <line>
            <code>class InternalLogger extends Logger {</code>
        </line>
        <line hits="10">
            <code>  InternalLogger()</code>
            <hit count="10" name="&lt;unnamed&gt;"/>
        </line>
        <line hits="9">
            <code>      : super(</code>
            <hit count="9" name="&lt;unnamed&gt;"/>
        </line>
        <line hits="9">
            <code>          filter: _LogAllFilter(),</code>
            <hit count="9" name="&lt;unnamed&gt;"/>
        </line>
        <line hits="9">
            <code>          printer: _DummyPrinter(),</code>
            <hit count="9" name="&lt;unnamed&gt;"/>
        </line>
        <line hits="9">
            <code>          output: _NoLogOutput(),</code>
            <hit count="9" name="&lt;unnamed&gt;"/>
        </line>
        <line>
            <code>        );</code>
        </line>
        <line>
            <code>}</code>
        </line>
        <line>
            <code/>
        </line>
        <line hits="1">
            <code>class _NoLogOutput extends LogOutput {</code>
            <hit count="1" name="&lt;unnamed&gt;"/>
        </line>
        <line hits="9">
            <code>  @override</code>
            <hit count="9" name="&lt;unnamed&gt;"/>
        </line>
        <line hits="0">
            <code>  void output(OutputEvent event) {</code>
        </line>
        <line>
            <code>    // Do nothing in this logger (which lives in the worker thread).</code>
        </line>
        <line>
            <code>    // The log event will be captured and forwarded to the channelLogger (which</code>
        </line>
        <line>
            <code>    // lives in the main thread).</code>
        </line>
        <line hits="0">
            <code>  }</code>
        </line>
        <line>
            <code>}</code>
        </line>
        <line>
            <code/>
        </line>
        <line hits="1">
            <code>class _DummyPrinter extends LogPrinter {</code>
            <hit count="1" name="&lt;unnamed&gt;"/>
        </line>
        <line hits="9">
            <code>  @override</code>
            <hit count="9" name="&lt;unnamed&gt;"/>
        </line>
        <line hits="0">
            <code>  List&lt;String&gt; log(LogEvent event) =&gt;</code>
        </line>
        <line>
            <code>      // Logger will ignore log events that produce an empty array.</code>
        </line>
        <line>
            <code>      // Make sure the array is not empty so the log event is notified</code>
        </line>
        <line>
            <code>      // through Logger's output callbacks.</code>
        </line>
        <line hits="0">
            <code>      const [''];</code>
        </line>
        <line>
            <code>}</code>
        </line>
        <line>
            <code/>
        </line>
        <line hits="1">
            <code>class _LogAllFilter extends LogFilter {</code>
            <hit count="1" name="&lt;unnamed&gt;"/>
        </line>
        <line hits="9">
            <code>  @override</code>
            <hit count="9" name="&lt;unnamed&gt;"/>
        </line>
        <line hits="0">
            <code>  bool shouldLog(LogEvent event) =&gt;</code>
        </line>
        <line>
            <code>      // Log everything. It's up to the receiving channelLogger to decide</code>
        </line>
        <line>
            <code>      // whether the message should be logged or not.</code>
        </line>
        <line hits="0">
            <code>      true;</code>
        </line>
        <line>
            <code>}</code>
        </line>
    </lines>
    <config branch-coverage="true" description-file="false" function-coverage="true" genhtml_hi_limit="90" genhtml_med_limit="75" legend="false" no-sort="false" no-source="false"/>
    <base href="../../"/>
    <base href="../../"/>
</coverage>
