<?xml version="1.0" encoding="UTF-8" standalone="no"?>
<?xml-stylesheet type="text/xsl" href="../../jgenhtml.xsl"?><coverage branch-rate="NaN" branches-covered="0" branches-valid="0" complexity="0" date="2024-08-28" filename="_result_stream.dart" function-rate="NaN" functions-covered="0" functions-valid="0" line-rate="0.7195122" lines-covered="59" lines-valid="82" package="/_impl/xplat" testname="lcov.info" version="1.5">
    <lines>
        <line>
            <code>import 'dart:async';</code>
        </line>
        <line>
            <code/>
        </line>
        <line>
            <code>import '../../cast_helpers.dart';</code>
        </line>
        <line>
            <code>import '../../channel.dart';</code>
        </line>
        <line>
            <code>import '../../exceptions/squadron_error.dart';</code>
        </line>
        <line>
            <code>import '../../exceptions/squadron_exception.dart';</code>
        </line>
        <line>
            <code>import '../../worker/worker_request.dart';</code>
        </line>
        <line>
            <code>import '../../worker/worker_response.dart';</code>
        </line>
        <line>
            <code>import '_forward_stream_controller.dart';</code>
        </line>
        <line>
            <code/>
        </line>
        <line>
            <code>class ResultStream {</code>
        </line>
        <line hits="18">
            <code>  ResultStream(</code>
            <hit count="18" name="&lt;unnamed&gt;"/>
        </line>
        <line>
            <code>    Channel channel,</code>
        </line>
        <line>
            <code>    WorkerRequest req,</code>
        </line>
        <line>
            <code>    Stream&lt;WorkerResponse&gt; Function() sendRequest,</code>
        </line>
        <line>
            <code>    bool streaming,</code>
        </line>
        <line>
            <code>  ) {</code>
        </line>
        <line hits="5">
            <code>    final streamIdCompleter = streaming ? Completer&lt;int?&gt;() : null;</code>
            <hit count="5" name="&lt;unnamed&gt;"/>
        </line>
        <line hits="18">
            <code>    final command = req.command, token = req.cancelToken;</code>
            <hit count="18" name="&lt;unnamed&gt;"/>
        </line>
        <line>
            <code/>
        </line>
        <line hits="14">
            <code>    void $decodeStreamOfResponses(WorkerResponse res) {</code>
            <hit count="14" name="&lt;unnamed&gt;"/>
        </line>
        <line hits="10">
            <code>      if (!res.unwrapInPlace(channel)) return;</code>
            <hit count="10" name="&lt;unnamed&gt;"/>
        </line>
        <line>
            <code/>
        </line>
        <line hits="10">
            <code>      final hasStreamId = streamIdCompleter!.isCompleted;</code>
            <hit count="10" name="&lt;unnamed&gt;"/>
        </line>
        <line hits="5">
            <code>      if (res.endOfStream) {</code>
            <hit count="5" name="&lt;unnamed&gt;"/>
        </line>
        <line>
            <code>        // handle endofStream</code>
        </line>
        <line hits="4">
            <code>        if (!hasStreamId) {</code>
            <hit count="4" name="&lt;unnamed&gt;"/>
        </line>
        <line hits="0">
            <code>          streamIdCompleter.complete(null);</code>
        </line>
        <line hits="0">
            <code>          channel.logger?.e('Invalid state: endOfStream before streamId');</code>
        </line>
        <line hits="0">
            <code>          _controller.addError(</code>
        </line>
        <line hits="0">
            <code>              SquadronErrorExt.create('Invalid state: unexpected endOfStream'));</code>
        </line>
        <line>
            <code>        }</code>
        </line>
        <line hits="12">
            <code>        _controller.close();</code>
            <hit count="12" name="&lt;unnamed&gt;"/>
        </line>
        <line hits="4">
            <code>        return;</code>
            <hit count="4" name="&lt;unnamed&gt;"/>
        </line>
        <line>
            <code>      }</code>
        </line>
        <line>
            <code/>
        </line>
        <line hits="5">
            <code>      final error = res.error;</code>
            <hit count="5" name="&lt;unnamed&gt;"/>
        </line>
        <line hits="5">
            <code>      if (error == null &amp;&amp; !hasStreamId) {</code>
            <hit count="5" name="&lt;unnamed&gt;"/>
        </line>
        <line>
            <code>        // the first result from a streaming operation is the stream ID</code>
        </line>
        <line hits="20">
            <code>        streamIdCompleter.complete(Cast.toInt(res.result));</code>
            <hit count="20" name="&lt;unnamed&gt;"/>
        </line>
        <line hits="5">
            <code>      } else if (error != null) {</code>
            <hit count="5" name="&lt;unnamed&gt;"/>
        </line>
        <line hits="9">
            <code>        _controller.addError(error);</code>
            <hit count="9" name="&lt;unnamed&gt;"/>
        </line>
        <line hits="3">
            <code>        if (!hasStreamId) {</code>
            <hit count="3" name="&lt;unnamed&gt;"/>
        </line>
        <line>
            <code>          // if any error comes before the stream ID, somethind bad happened</code>
        </line>
        <line hits="0">
            <code>          streamIdCompleter.complete(null);</code>
        </line>
        <line hits="0">
            <code>          _controller.close();</code>
        </line>
        <line hits="0">
            <code>          return;</code>
        </line>
        <line>
            <code>        }</code>
        </line>
        <line>
            <code>      } else {</code>
        </line>
        <line hits="0">
            <code>        try {</code>
        </line>
        <line hits="20">
            <code>          _controller.add(res.result);</code>
            <hit count="20" name="&lt;unnamed&gt;"/>
        </line>
        <line hits="0">
            <code>        } catch (ex, st) {</code>
        </line>
        <line hits="0">
            <code>          _controller.addError(SquadronException.from(ex, st, command));</code>
        </line>
        <line>
            <code>        }</code>
        </line>
        <line>
            <code>      }</code>
        </line>
        <line>
            <code/>
        </line>
        <line hits="7">
            <code>      final canceled = token?.exception;</code>
            <hit count="7" name="&lt;unnamed&gt;"/>
        </line>
        <line hits="5">
            <code>      if (canceled != null) {</code>
            <hit count="5" name="&lt;unnamed&gt;"/>
        </line>
        <line hits="0">
            <code>        _controller.addError(canceled);</code>
        </line>
        <line hits="0">
            <code>        _controller.close();</code>
        </line>
        <line>
            <code>      }</code>
        </line>
        <line hits="5">
            <code>    }</code>
            <hit count="5" name="&lt;unnamed&gt;"/>
        </line>
        <line>
            <code/>
        </line>
        <line hits="17">
            <code>    void $decodeSingleResponse(WorkerResponse res) {</code>
            <hit count="17" name="&lt;unnamed&gt;"/>
        </line>
        <line hits="16">
            <code>      if (!res.unwrapInPlace(channel)) return;</code>
            <hit count="16" name="&lt;unnamed&gt;"/>
        </line>
        <line>
            <code/>
        </line>
        <line hits="8">
            <code>      final error = res.error;</code>
            <hit count="8" name="&lt;unnamed&gt;"/>
        </line>
        <line hits="8">
            <code>      if (error != null) {</code>
            <hit count="8" name="&lt;unnamed&gt;"/>
        </line>
        <line hits="10">
            <code>        _controller.addError(error);</code>
            <hit count="10" name="&lt;unnamed&gt;"/>
        </line>
        <line>
            <code>      } else {</code>
        </line>
        <line hits="0">
            <code>        try {</code>
        </line>
        <line hits="32">
            <code>          _controller.add(res.result);</code>
            <hit count="32" name="&lt;unnamed&gt;"/>
        </line>
        <line hits="0">
            <code>        } catch (ex, st) {</code>
        </line>
        <line hits="0">
            <code>          _controller.addError(SquadronException.from(ex, st, command));</code>
        </line>
        <line>
            <code>        }</code>
        </line>
        <line>
            <code>      }</code>
        </line>
        <line>
            <code/>
        </line>
        <line hits="24">
            <code>      _controller.close();</code>
            <hit count="24" name="&lt;unnamed&gt;"/>
        </line>
        <line hits="8">
            <code>    }</code>
            <hit count="8" name="&lt;unnamed&gt;"/>
        </line>
        <line>
            <code/>
        </line>
        <line hits="12">
            <code>    Future&lt;int?&gt; $getStreamId(StreamSubscription sub) async {</code>
            <hit count="12" name="&lt;unnamed&gt;"/>
        </line>
        <line hits="3">
            <code>      streamIdCompleter as Completer&lt;int?&gt;;</code>
            <hit count="3" name="&lt;unnamed&gt;"/>
        </line>
        <line hits="3">
            <code>      var count = 0;</code>
            <hit count="3" name="&lt;unnamed&gt;"/>
        </line>
        <line hits="7">
            <code>      if (sub.isPaused &amp;&amp; !streamIdCompleter.isCompleted) {</code>
            <hit count="7" name="&lt;unnamed&gt;"/>
        </line>
        <line>
            <code>        // if the subscription was paused and the streamId is not available,</code>
        </line>
        <line>
            <code>        // resume to have the streamId eventually come through.</code>
        </line>
        <line hits="0">
            <code>        while (sub.isPaused) {</code>
        </line>
        <line hits="0">
            <code>          count++;</code>
        </line>
        <line hits="0">
            <code>          sub.resume();</code>
        </line>
        <line>
            <code>        }</code>
        </line>
        <line>
            <code>      }</code>
        </line>
        <line>
            <code>      // wait for the streamId...</code>
        </line>
        <line hits="6">
            <code>      final streamId = await streamIdCompleter.future;</code>
            <hit count="6" name="&lt;unnamed&gt;"/>
        </line>
        <line>
            <code>      // restore subscription pause</code>
        </line>
        <line hits="3">
            <code>      while (count &gt; 0) {</code>
            <hit count="3" name="&lt;unnamed&gt;"/>
        </line>
        <line hits="0">
            <code>        count--;</code>
        </line>
        <line hits="0">
            <code>        sub.pause();</code>
        </line>
        <line>
            <code>      }</code>
        </line>
        <line hits="3">
            <code>      return streamId;</code>
            <hit count="3" name="&lt;unnamed&gt;"/>
        </line>
        <line hits="3">
            <code>    }</code>
            <hit count="3" name="&lt;unnamed&gt;"/>
        </line>
        <line>
            <code/>
        </line>
        <line hits="18">
            <code>    Future&lt;void&gt; $onCancel() async {</code>
            <hit count="18" name="&lt;unnamed&gt;"/>
        </line>
        <line hits="27">
            <code>      final sub = _controller.subscription;</code>
            <hit count="27" name="&lt;unnamed&gt;"/>
        </line>
        <line hits="9">
            <code>      if (streamIdCompleter != null &amp;&amp; sub != null) {</code>
            <hit count="9" name="&lt;unnamed&gt;"/>
        </line>
        <line>
            <code>        // this is a streaming operation and the subscription is active, so</code>
        </line>
        <line>
            <code>        // we need to inform the worker that the stream has been canceled</code>
        </line>
        <line hits="6">
            <code>        final streamId = await $getStreamId(sub);</code>
            <hit count="6" name="&lt;unnamed&gt;"/>
        </line>
        <line>
            <code>        if (streamId != null) {</code>
        </line>
        <line hits="6">
            <code>          channel.cancelStream(streamId);</code>
            <hit count="6" name="&lt;unnamed&gt;"/>
        </line>
        <line>
            <code>        }</code>
        </line>
        <line hits="6">
            <code>        await sub.cancel();</code>
            <hit count="6" name="&lt;unnamed&gt;"/>
        </line>
        <line>
            <code>      }</code>
        </line>
        <line hits="9">
            <code>    }</code>
            <hit count="9" name="&lt;unnamed&gt;"/>
        </line>
        <line>
            <code/>
        </line>
        <line hits="10">
            <code>    void $closeWithError(Object error, StackTrace? st) {</code>
            <hit count="10" name="&lt;unnamed&gt;"/>
        </line>
        <line hits="5">
            <code>      _controller.addError(SquadronException.from(error, st, command));</code>
            <hit count="5" name="&lt;unnamed&gt;"/>
        </line>
        <line hits="4">
            <code>      _controller.close();</code>
            <hit count="4" name="&lt;unnamed&gt;"/>
        </line>
        <line hits="2">
            <code>    }</code>
            <hit count="2" name="&lt;unnamed&gt;"/>
        </line>
        <line>
            <code/>
        </line>
        <line hits="18">
            <code>    void $onListen() {</code>
            <hit count="18" name="&lt;unnamed&gt;"/>
        </line>
        <line hits="9">
            <code>      try {</code>
            <hit count="9" name="&lt;unnamed&gt;"/>
        </line>
        <line>
            <code>        // do not send the request if the token is already canceled</code>
        </line>
        <line hits="11">
            <code>        token?.throwIfCanceled();</code>
            <hit count="11" name="&lt;unnamed&gt;"/>
        </line>
        <line>
            <code>        // send the request and start decoding responses</code>
        </line>
        <line hits="45">
            <code>        _controller.attachSubscription(sendRequest().listen(</code>
            <hit count="45" name="&lt;unnamed&gt;"/>
        </line>
        <line hits="9">
            <code>          streaming ? $decodeStreamOfResponses : $decodeSingleResponse,</code>
            <hit count="9" name="&lt;unnamed&gt;"/>
        </line>
        <line hits="9">
            <code>          onError: $closeWithError,</code>
            <hit count="9" name="&lt;unnamed&gt;"/>
        </line>
        <line hits="27">
            <code>          onDone: _controller.close,</code>
            <hit count="27" name="&lt;unnamed&gt;"/>
        </line>
        <line>
            <code>          cancelOnError: false,</code>
        </line>
        <line>
            <code>        ));</code>
        </line>
        <line hits="0">
            <code>      } catch (ex, st) {</code>
        </line>
        <line hits="0">
            <code>        $closeWithError(ex, st);</code>
        </line>
        <line>
            <code>      }</code>
        </line>
        <line hits="9">
            <code>    }</code>
            <hit count="9" name="&lt;unnamed&gt;"/>
        </line>
        <line>
            <code/>
        </line>
        <line hits="23">
            <code>    _controller = ForwardStreamController&lt;dynamic&gt;(</code>
            <hit count="23" name="&lt;unnamed&gt;"/>
        </line>
        <line>
            <code>      onListen: $onListen,</code>
        </line>
        <line>
            <code>      onCancel: $onCancel,</code>
        </line>
        <line>
            <code>    );</code>
        </line>
        <line hits="9">
            <code>  }</code>
            <hit count="9" name="&lt;unnamed&gt;"/>
        </line>
        <line>
            <code/>
        </line>
        <line hits="9">
            <code>  late final ForwardStreamController&lt;dynamic&gt; _controller;</code>
            <hit count="9" name="&lt;unnamed&gt;"/>
        </line>
        <line>
            <code/>
        </line>
        <line hits="27">
            <code>  Stream&lt;dynamic&gt; get stream =&gt; _controller.stream;</code>
            <hit count="27" name="&lt;unnamed&gt;"/>
        </line>
        <line>
            <code/>
        </line>
        <line hits="0">
            <code>  Future&lt;void&gt; get done =&gt; _controller.done;</code>
        </line>
        <line>
            <code>}</code>
        </line>
    </lines>
    <config branch-coverage="true" description-file="false" function-coverage="true" genhtml_hi_limit="90" genhtml_med_limit="75" legend="false" no-sort="false" no-source="false"/>
    <base href="../../"/>
    <base href="../../"/>
</coverage>
