<?xml version="1.0" encoding="UTF-8" standalone="no"?>
<?xml-stylesheet type="text/xsl" href="../../jgenhtml.xsl"?><coverage branch-rate="NaN" branches-covered="0" branches-valid="0" complexity="0" date="2024-08-10" filename="_token_id.dart" function-rate="NaN" functions-covered="0" functions-valid="0" line-rate="0.5" lines-covered="1" lines-valid="2" package="/_impl/xplat" testname="lcov.info" version="1.5">
    <lines>
        <line>
            <code>import '../../typedefs.dart';</code>
        </line>
        <line>
            <code/>
        </line>
        <line>
            <code>/// Singleton class used to generate unique IDs for cancelation tokens.</code>
        </line>
        <line>
            <code>///</code>
        </line>
        <line>
            <code>/// The class implements a simple counter that is incremented each time a new</code>
        </line>
        <line>
            <code>/// ID is requested. Workers should forward the cancelation token they received</code>
        </line>
        <line>
            <code>/// when calling other workers.</code>
        </line>
        <line>
            <code>class TokenId {</code>
        </line>
        <line hits="0">
            <code>  TokenId._();</code>
        </line>
        <line>
            <code/>
        </line>
        <line>
            <code>  static int _id = 0;</code>
        </line>
        <line>
            <code/>
        </line>
        <line>
            <code>  /// Provides the next ID.</code>
        </line>
        <line hits="10">
            <code>  static String next() =&gt; '${++_id}@$threadId';</code>
            <hit count="10" name="&lt;unnamed&gt;"/>
        </line>
        <line>
            <code>}</code>
        </line>
    </lines>
    <config branch-coverage="true" description-file="false" function-coverage="true" genhtml_hi_limit="90" genhtml_med_limit="75" legend="false" no-sort="false" no-source="false"/>
    <base href="../../"/>
    <base href="../../"/>
</coverage>
