<?xml version="1.0" encoding="UTF-8" standalone="no"?>
<?xml-stylesheet type="text/xsl" href="../../jgenhtml.xsl"?><coverage branch-rate="NaN" branches-covered="0" branches-valid="0" complexity="0" date="2024-04-20" filename="_worker_task.dart" function-rate="NaN" functions-covered="0" functions-valid="0" line-rate="0.7894737" lines-covered="30" lines-valid="38" package="/_impl/xplat" testname="lcov.info" version="1.5">
    <lines>
        <line>
            <code>import 'dart:async';</code>
        </line>
        <line>
            <code/>
        </line>
        <line>
            <code>import '../../exceptions/task_canceled_exception.dart';</code>
        </line>
        <line>
            <code>import '../../pool/task.dart';</code>
        </line>
        <line>
            <code>import '../../pool/worker_pool.dart';</code>
        </line>
        <line>
            <code>import '../../stats/perf_counter.dart';</code>
        </line>
        <line>
            <code>import '../../worker/worker.dart';</code>
        </line>
        <line>
            <code>import '../../worker_service.dart';</code>
        </line>
        <line>
            <code>import '_helpers.dart';</code>
        </line>
        <line>
            <code/>
        </line>
        <line>
            <code>/// [WorkerTask] registered in the [WorkerPool].</code>
        </line>
        <line>
            <code>abstract class WorkerTask&lt;T, W extends Worker&gt; implements Task&lt;T&gt; {</code>
        </line>
        <line hits="12">
            <code>  WorkerTask(this._counter) : submitted = microsecTimeStamp();</code>
            <hit count="12" name="&lt;unnamed&gt;"/>
        </line>
        <line>
            <code/>
        </line>
        <line>
            <code>  final int submitted;</code>
        </line>
        <line>
            <code>  int? _executed;</code>
        </line>
        <line>
            <code>  int? _finished;</code>
        </line>
        <line>
            <code>  int? _canceled;</code>
        </line>
        <line>
            <code/>
        </line>
        <line>
            <code>  final PerfCounter? _counter;</code>
        </line>
        <line>
            <code/>
        </line>
        <line hits="4">
            <code>  @override</code>
            <hit count="4" name="&lt;unnamed&gt;"/>
        </line>
        <line hits="9">
            <code>  bool get isCanceled =&gt; _canceled != null;</code>
            <hit count="9" name="&lt;unnamed&gt;"/>
        </line>
        <line>
            <code/>
        </line>
        <line hits="0">
            <code>  @override</code>
        </line>
        <line hits="0">
            <code>  bool get isPending =&gt; _executed == null &amp;&amp; _canceled == null;</code>
        </line>
        <line>
            <code/>
        </line>
        <line hits="2">
            <code>  @override</code>
            <hit count="2" name="&lt;unnamed&gt;"/>
        </line>
        <line hits="1">
            <code>  bool get isFinished =&gt;</code>
            <hit count="1" name="&lt;unnamed&gt;"/>
        </line>
        <line hits="5">
            <code>      _executed != null &amp;&amp; _finished != null &amp;&amp; _canceled == null;</code>
            <hit count="5" name="&lt;unnamed&gt;"/>
        </line>
        <line>
            <code/>
        </line>
        <line hits="2">
            <code>  @override</code>
            <hit count="2" name="&lt;unnamed&gt;"/>
        </line>
        <line hits="1">
            <code>  bool get isRunning =&gt;</code>
            <hit count="1" name="&lt;unnamed&gt;"/>
        </line>
        <line hits="6">
            <code>      _executed != null &amp;&amp; _finished == null &amp;&amp; _canceled == null;</code>
            <hit count="6" name="&lt;unnamed&gt;"/>
        </line>
        <line>
            <code/>
        </line>
        <line hits="1">
            <code>  @override</code>
            <hit count="1" name="&lt;unnamed&gt;"/>
        </line>
        <line hits="2">
            <code>  Duration get runningTime =&gt; _executed == null</code>
            <hit count="2" name="&lt;unnamed&gt;"/>
        </line>
        <line hits="1">
            <code>      ? Duration.zero</code>
            <hit count="1" name="&lt;unnamed&gt;"/>
        </line>
        <line hits="0">
            <code>      : Duration(</code>
        </line>
        <line>
            <code>          microseconds:</code>
        </line>
        <line hits="0">
            <code>              (_canceled ?? _finished ?? microsecTimeStamp()) - _executed!);</code>
        </line>
        <line>
            <code/>
        </line>
        <line hits="0">
            <code>  @override</code>
        </line>
        <line hits="0">
            <code>  Duration get waitTime =&gt; Duration(</code>
        </line>
        <line>
            <code>      microseconds:</code>
        </line>
        <line hits="0">
            <code>          (_executed ?? _canceled ?? microsecTimeStamp()) - submitted);</code>
        </line>
        <line>
            <code/>
        </line>
        <line>
            <code>  TaskCanceledException? _canceledException;</code>
        </line>
        <line hits="6">
            <code>  TaskCanceledException? get canceledException =&gt; _canceledException;</code>
            <hit count="6" name="&lt;unnamed&gt;"/>
        </line>
        <line>
            <code/>
        </line>
        <line hits="2">
            <code>  @override</code>
            <hit count="2" name="&lt;unnamed&gt;"/>
        </line>
        <line hits="2">
            <code>  void cancel([String? message]) {</code>
            <hit count="2" name="&lt;unnamed&gt;"/>
        </line>
        <line hits="6">
            <code>    _canceled ??= microsecTimeStamp();</code>
            <hit count="6" name="&lt;unnamed&gt;"/>
        </line>
        <line hits="6">
            <code>    _canceledException ??= TaskCanceledException(message);</code>
            <hit count="6" name="&lt;unnamed&gt;"/>
        </line>
        <line hits="2">
            <code>  }</code>
            <hit count="2" name="&lt;unnamed&gt;"/>
        </line>
        <line>
            <code/>
        </line>
        <line hits="16">
            <code>  static final _ready = Future&lt;void&gt;.value();</code>
            <hit count="16" name="&lt;unnamed&gt;"/>
        </line>
        <line>
            <code/>
        </line>
        <line hits="8">
            <code>  Future&lt;void&gt; run(W worker) {</code>
            <hit count="8" name="&lt;unnamed&gt;"/>
        </line>
        <line hits="12">
            <code>    _executed ??= microsecTimeStamp();</code>
            <hit count="12" name="&lt;unnamed&gt;"/>
        </line>
        <line hits="8">
            <code>    return (_canceledException == null)</code>
            <hit count="8" name="&lt;unnamed&gt;"/>
        </line>
        <line hits="8">
            <code>        ? _ready</code>
            <hit count="8" name="&lt;unnamed&gt;"/>
        </line>
        <line hits="0">
            <code>        : Future.error(_canceledException!);</code>
        </line>
        <line hits="4">
            <code>  }</code>
            <hit count="4" name="&lt;unnamed&gt;"/>
        </line>
        <line>
            <code/>
        </line>
        <line hits="8">
            <code>  void wrapUp(SquadronCallback callback, bool success) async {</code>
            <hit count="8" name="&lt;unnamed&gt;"/>
        </line>
        <line hits="8">
            <code>    if (_finished == null) {</code>
            <hit count="8" name="&lt;unnamed&gt;"/>
        </line>
        <line hits="12">
            <code>      _finished = microsecTimeStamp();</code>
            <hit count="12" name="&lt;unnamed&gt;"/>
        </line>
        <line hits="9">
            <code>      _counter?.update(_finished! - _executed!, success);</code>
            <hit count="9" name="&lt;unnamed&gt;"/>
        </line>
        <line hits="8">
            <code>      callback();</code>
            <hit count="8" name="&lt;unnamed&gt;"/>
        </line>
        <line>
            <code>    }</code>
        </line>
        <line hits="4">
            <code>  }</code>
            <hit count="4" name="&lt;unnamed&gt;"/>
        </line>
        <line>
            <code>}</code>
        </line>
    </lines>
    <config branch-coverage="true" description-file="false" function-coverage="true" genhtml_hi_limit="90" genhtml_med_limit="75" legend="false" no-sort="false" no-source="false"/>
    <base href="../../"/>
    <base href="../../"/>
</coverage>
