<?xml version="1.0" encoding="UTF-8" standalone="no"?>
<?xml-stylesheet type="text/xsl" href="../../jgenhtml.xsl"?><coverage branch-rate="NaN" branches-covered="0" branches-valid="0" complexity="0" date="2025-09-28" filename="perf_counter.dart" function-rate="NaN" functions-covered="0" functions-valid="0" line-rate="0.9375" lines-covered="15" lines-valid="16" package="src/stats" testname="lcov.info" version="1.6">
    <lines>
        <line number="1">
            <code>import 'package:meta/meta.dart';</code>
        </line>
        <line number="2">
            <code/>
        </line>
        <line number="3">
            <code>import 'perf_counter_snapshot.dart';</code>
        </line>
        <line number="4">
            <code/>
        </line>
        <line number="5">
            <code>/// Simple performance counter to consolidate statistics about woker tast execution: total number of calls, total</code>
        </line>
        <line number="6">
            <code>/// number of errors, total elapsed time, and max elapsed time.</code>
        </line>
        <line number="7">
            <code>class PerfCounter implements PerfCounterSnapshot {</code>
        </line>
        <line number="8">
            <code>  /// Creates a performance counter.</code>
        </line>
        <line hits="1" number="9">
            <code>  PerfCounter(this.name)</code>
            <hit count="1" name="&lt;unnamed&gt;"/>
        </line>
        <line number="10">
            <code>      : _maxTimeInMicroseconds = 0,</code>
        </line>
        <line number="11">
            <code>        _totalTimeInMicroseconds = 0,</code>
        </line>
        <line number="12">
            <code>        _totalCount = 0,</code>
        </line>
        <line number="13">
            <code>        _totalErrors = 0;</code>
        </line>
        <line number="14">
            <code/>
        </line>
        <line number="15">
            <code>  /// The counter's name or label.</code>
        </line>
        <line number="16">
            <code>  @override</code>
        </line>
        <line number="17">
            <code>  final String name;</code>
        </line>
        <line number="18">
            <code/>
        </line>
        <line number="19">
            <code>  /// Maximum elapsed time for a single call, in microseconds.</code>
        </line>
        <line hits="1" number="20">
            <code>  @override</code>
            <hit count="1" name="&lt;unnamed&gt;"/>
        </line>
        <line hits="1" number="21">
            <code>  int get maxTimeInMicroseconds =&gt; _maxTimeInMicroseconds;</code>
            <hit count="1" name="&lt;unnamed&gt;"/>
        </line>
        <line number="22">
            <code>  int _maxTimeInMicroseconds;</code>
        </line>
        <line number="23">
            <code/>
        </line>
        <line number="24">
            <code>  /// Total elapsed time, in microseconds.</code>
        </line>
        <line hits="1" number="25">
            <code>  @override</code>
            <hit count="1" name="&lt;unnamed&gt;"/>
        </line>
        <line hits="1" number="26">
            <code>  int get totalTimeInMicroseconds =&gt; _totalTimeInMicroseconds;</code>
            <hit count="1" name="&lt;unnamed&gt;"/>
        </line>
        <line number="27">
            <code>  int _totalTimeInMicroseconds;</code>
        </line>
        <line number="28">
            <code/>
        </line>
        <line number="29">
            <code>  /// Total number of calls.</code>
        </line>
        <line hits="1" number="30">
            <code>  @override</code>
            <hit count="1" name="&lt;unnamed&gt;"/>
        </line>
        <line hits="1" number="31">
            <code>  int get totalCount =&gt; _totalCount;</code>
            <hit count="1" name="&lt;unnamed&gt;"/>
        </line>
        <line number="32">
            <code>  int _totalCount;</code>
        </line>
        <line number="33">
            <code/>
        </line>
        <line number="34">
            <code>  /// Total number of errors.</code>
        </line>
        <line hits="1" number="35">
            <code>  @override</code>
            <hit count="1" name="&lt;unnamed&gt;"/>
        </line>
        <line hits="1" number="36">
            <code>  int get totalErrors =&gt; _totalErrors;</code>
            <hit count="1" name="&lt;unnamed&gt;"/>
        </line>
        <line number="37">
            <code>  int _totalErrors;</code>
        </line>
        <line number="38">
            <code/>
        </line>
        <line number="39">
            <code>  /// Returns a snapshot of the [PerfCounter]'s values.</code>
        </line>
        <line hits="2" number="40">
            <code>  PerfCounterSnapshot get snapshot =&gt; PerfCounterSnapshot(this);</code>
            <hit count="2" name="&lt;unnamed&gt;"/>
        </line>
        <line number="41">
            <code>}</code>
        </line>
        <line number="42">
            <code/>
        </line>
        <line number="43">
            <code>@internal</code>
        </line>
        <line number="44">
            <code>extension PerfCounterImpl on PerfCounter {</code>
        </line>
        <line number="45">
            <code>  /// Updates counter value with the duration indicated by [timeInMicroseconds].</code>
        </line>
        <line number="46">
            <code>  /// 1. update the maximum elapsed time if required.</code>
        </line>
        <line number="47">
            <code>  /// 2. add specified time to the total elapsed time.</code>
        </line>
        <line number="48">
            <code>  /// 3. depending on [success], increment the total number of calls or errors by 1.</code>
        </line>
        <line hits="1" number="49">
            <code>  void update(int timeInMicroseconds, bool success) {</code>
            <hit count="1" name="&lt;unnamed&gt;"/>
        </line>
        <line hits="2" number="50">
            <code>    if (timeInMicroseconds &gt; _maxTimeInMicroseconds) {</code>
            <hit count="2" name="&lt;unnamed&gt;"/>
        </line>
        <line hits="1" number="51">
            <code>      _maxTimeInMicroseconds = timeInMicroseconds;</code>
            <hit count="1" name="&lt;unnamed&gt;"/>
        </line>
        <line number="52">
            <code>    }</code>
        </line>
        <line hits="2" number="53">
            <code>    _totalTimeInMicroseconds += timeInMicroseconds;</code>
            <hit count="2" name="&lt;unnamed&gt;"/>
        </line>
        <line number="54">
            <code>    if (success) {</code>
        </line>
        <line hits="2" number="55">
            <code>      _totalCount++;</code>
            <hit count="2" name="&lt;unnamed&gt;"/>
        </line>
        <line number="56">
            <code>    } else {</code>
        </line>
        <line hits="0" number="57">
            <code>      _totalErrors++;</code>
        </line>
        <line number="58">
            <code>    }</code>
        </line>
        <line number="59">
            <code>  }</code>
        </line>
        <line number="60">
            <code>}</code>
        </line>
    </lines>
    <config branch-coverage="true" description-file="false" function-coverage="true" genhtml_hi_limit="90" genhtml_med_limit="75" legend="false" no-sort="false" no-source="false" show-details="false"/>
    <base href="../../"/>
    <base href="../../"/>
</coverage>
