<?xml version="1.0" encoding="UTF-8" standalone="no"?>
<?xml-stylesheet type="text/xsl" href="../../jgenhtml.xsl"?><coverage branch-rate="NaN" branches-covered="0" branches-valid="0" complexity="0" date="2024-12-15" filename="converter.dart" function-rate="NaN" functions-covered="0" functions-valid="0" line-rate="0.93333334" lines-covered="28" lines-valid="30" package="src/converters" testname="lcov.info" version="1.6">
    <lines>
        <line number="1">
            <code>typedef Cast&lt;T&gt; = T Function(dynamic);</code>
        </line>
        <line number="2">
            <code/>
        </line>
        <line number="3">
            <code>abstract base class Converter {</code>
        </line>
        <line hits="25" number="4">
            <code>  const Converter();</code>
            <hit count="25" name="&lt;unnamed&gt;"/>
        </line>
        <line number="5">
            <code/>
        </line>
        <line hits="6" number="6">
            <code>  static bool isIdentity&lt;T&gt;(Cast&lt;T&gt;? cast) =&gt;</code>
            <hit count="6" name="&lt;unnamed&gt;"/>
        </line>
        <line hits="6" number="7">
            <code>      (cast == null) || (cast == identity&lt;T&gt;);</code>
            <hit count="6" name="&lt;unnamed&gt;"/>
        </line>
        <line number="8">
            <code/>
        </line>
        <line hits="20" number="9">
            <code>  static T identity&lt;T&gt;(dynamic x) =&gt; x as T;</code>
            <hit count="20" name="&lt;unnamed&gt;"/>
        </line>
        <line number="10">
            <code/>
        </line>
        <line hits="4" number="11">
            <code>  static List&lt;dynamic&gt; toList(dynamic x) =&gt;</code>
            <hit count="4" name="&lt;unnamed&gt;"/>
        </line>
        <line hits="5" number="12">
            <code>      (x is List) ? x : (x as Iterable).toList();</code>
            <hit count="5" name="&lt;unnamed&gt;"/>
        </line>
        <line number="13">
            <code/>
        </line>
        <line hits="0" number="14">
            <code>  static Set&lt;dynamic&gt; toSet(dynamic x) =&gt;</code>
        </line>
        <line hits="0" number="15">
            <code>      (x is Set) ? x : (x as Iterable).toSet();</code>
        </line>
        <line number="16">
            <code/>
        </line>
        <line number="17">
            <code>  // non-nullable value</code>
        </line>
        <line number="18">
            <code>  Cast&lt;T&gt; value&lt;T&gt;();</code>
        </line>
        <line number="19">
            <code/>
        </line>
        <line number="20">
            <code>  // nullable value</code>
        </line>
        <line hits="4" number="21">
            <code>  Cast&lt;T?&gt; nullable&lt;T&gt;([Cast&lt;T&gt;? cast]) {</code>
            <hit count="4" name="&lt;unnamed&gt;"/>
        </line>
        <line hits="3" number="22">
            <code>    final op = cast ?? value&lt;T&gt;();</code>
            <hit count="3" name="&lt;unnamed&gt;"/>
        </line>
        <line hits="4" number="23">
            <code>    return Converter.isIdentity&lt;T&gt;(op)</code>
            <hit count="4" name="&lt;unnamed&gt;"/>
        </line>
        <line hits="4" number="24">
            <code>        ? value&lt;T?&gt;()</code>
            <hit count="4" name="&lt;unnamed&gt;"/>
        </line>
        <line hits="6" number="25">
            <code>        : (($) =&gt; ($ == null) ? null : op($));</code>
            <hit count="6" name="&lt;unnamed&gt;"/>
        </line>
        <line hits="2" number="26">
            <code>  }</code>
            <hit count="2" name="&lt;unnamed&gt;"/>
        </line>
        <line number="27">
            <code/>
        </line>
        <line number="28">
            <code>  // list</code>
        </line>
        <line hits="4" number="29">
            <code>  Cast&lt;List&lt;T&gt;&gt; list&lt;T&gt;([Cast&lt;T&gt;? cast]) {</code>
            <hit count="4" name="&lt;unnamed&gt;"/>
        </line>
        <line hits="4" number="30">
            <code>    final op = cast ?? value&lt;T&gt;();</code>
            <hit count="4" name="&lt;unnamed&gt;"/>
        </line>
        <line hits="4" number="31">
            <code>    return Converter.isIdentity&lt;T&gt;(op)</code>
            <hit count="4" name="&lt;unnamed&gt;"/>
        </line>
        <line hits="8" number="32">
            <code>        ? ((x) =&gt; Converter.toList(x).cast&lt;T&gt;())</code>
            <hit count="8" name="&lt;unnamed&gt;"/>
        </line>
        <line hits="5" number="33">
            <code>        : ((x) =&gt; Converter.toList(x).map&lt;T&gt;(op).toList());</code>
            <hit count="5" name="&lt;unnamed&gt;"/>
        </line>
        <line hits="2" number="34">
            <code>  }</code>
            <hit count="2" name="&lt;unnamed&gt;"/>
        </line>
        <line number="35">
            <code/>
        </line>
        <line number="36">
            <code>  // set</code>
        </line>
        <line hits="2" number="37">
            <code>  Cast&lt;Set&lt;T&gt;&gt; set&lt;T&gt;([Cast&lt;T&gt;? cast]) {</code>
            <hit count="2" name="&lt;unnamed&gt;"/>
        </line>
        <line hits="2" number="38">
            <code>    final op = list&lt;T&gt;(cast);</code>
            <hit count="2" name="&lt;unnamed&gt;"/>
        </line>
        <line hits="4" number="39">
            <code>    return (x) =&gt; op(x).toSet();</code>
            <hit count="4" name="&lt;unnamed&gt;"/>
        </line>
        <line hits="1" number="40">
            <code>  }</code>
            <hit count="1" name="&lt;unnamed&gt;"/>
        </line>
        <line number="41">
            <code/>
        </line>
        <line number="42">
            <code>  // map</code>
        </line>
        <line hits="6" number="43">
            <code>  Cast&lt;Map&lt;K, V&gt;&gt; map&lt;K, V&gt;({Cast&lt;K&gt;? kcast, Cast&lt;V&gt;? vcast}) {</code>
            <hit count="6" name="&lt;unnamed&gt;"/>
        </line>
        <line hits="9" number="44">
            <code>    final kop = kcast ?? value&lt;K&gt;(), vop = vcast ?? value&lt;V&gt;();</code>
            <hit count="9" name="&lt;unnamed&gt;"/>
        </line>
        <line hits="9" number="45">
            <code>    if (Converter.isIdentity&lt;K&gt;(kop) &amp;&amp; Converter.isIdentity&lt;V&gt;(vop)) {</code>
            <hit count="9" name="&lt;unnamed&gt;"/>
        </line>
        <line hits="9" number="46">
            <code>      return ((x) =&gt; (x as Map).cast&lt;K, V&gt;());</code>
            <hit count="9" name="&lt;unnamed&gt;"/>
        </line>
        <line number="47">
            <code>    } else {</code>
        </line>
        <line hits="8" number="48">
            <code>      return ((x) =&gt; (x as Map).map((k, v) =&gt; MapEntry(kop(k), vop(v))));</code>
            <hit count="8" name="&lt;unnamed&gt;"/>
        </line>
        <line number="49">
            <code>    }</code>
        </line>
        <line hits="3" number="50">
            <code>  }</code>
            <hit count="3" name="&lt;unnamed&gt;"/>
        </line>
        <line number="51">
            <code>}</code>
        </line>
    </lines>
    <config branch-coverage="true" description-file="false" function-coverage="true" genhtml_hi_limit="90" genhtml_med_limit="75" legend="false" no-sort="false" no-source="false" show-details="false"/>
    <base href="../../"/>
    <base href="../../"/>
</coverage>
