<?xml version="1.0" encoding="UTF-8" standalone="no"?>
<?xml-stylesheet type="text/xsl" href="../../jgenhtml.xsl"?><coverage branch-rate="NaN" branches-covered="0" branches-valid="0" complexity="0" date="2025-01-12" filename="lazy_in_place_map.dart" function-rate="NaN" functions-covered="0" functions-valid="0" line-rate="1.0" lines-covered="69" lines-valid="69" package="src/converters" testname="lcov.info" version="1.6">
    <lines>
        <line number="1">
            <code>import 'package:meta/meta.dart';</code>
        </line>
        <line number="2">
            <code/>
        </line>
        <line number="3">
            <code>import 'converter.dart';</code>
        </line>
        <line number="4">
            <code/>
        </line>
        <line number="5">
            <code>@internal</code>
        </line>
        <line number="6">
            <code>class LazyInPlaceMap&lt;K, V&gt; implements Map&lt;K, V&gt; {</code>
        </line>
        <line hits="1" number="7">
            <code>  LazyInPlaceMap(this._data, this._vcast);</code>
            <hit count="1" name="&lt;unnamed&gt;"/>
        </line>
        <line number="8">
            <code/>
        </line>
        <line number="9">
            <code>  final Map&lt;dynamic, dynamic&gt; _data;</code>
        </line>
        <line number="10">
            <code>  final Cast&lt;V&gt; _vcast;</code>
        </line>
        <line number="11">
            <code/>
        </line>
        <line hits="1" number="12">
            <code>  @override</code>
            <hit count="1" name="&lt;unnamed&gt;"/>
        </line>
        <line number="13">
            <code>  Iterable&lt;MapEntry&lt;K, V&gt;&gt; get entries =&gt;</code>
        </line>
        <line hits="5" number="14">
            <code>      keys.map((k) =&gt; MapEntry(k, _get(k) as V));</code>
            <hit count="5" name="&lt;unnamed&gt;"/>
        </line>
        <line number="15">
            <code/>
        </line>
        <line hits="1" number="16">
            <code>  @override</code>
            <hit count="1" name="&lt;unnamed&gt;"/>
        </line>
        <line hits="2" number="17">
            <code>  bool get isEmpty =&gt; _data.isEmpty;</code>
            <hit count="2" name="&lt;unnamed&gt;"/>
        </line>
        <line number="18">
            <code/>
        </line>
        <line hits="1" number="19">
            <code>  @override</code>
            <hit count="1" name="&lt;unnamed&gt;"/>
        </line>
        <line hits="2" number="20">
            <code>  bool get isNotEmpty =&gt; _data.isNotEmpty;</code>
            <hit count="2" name="&lt;unnamed&gt;"/>
        </line>
        <line number="21">
            <code/>
        </line>
        <line hits="1" number="22">
            <code>  @override</code>
            <hit count="1" name="&lt;unnamed&gt;"/>
        </line>
        <line hits="3" number="23">
            <code>  Iterable&lt;K&gt; get keys =&gt; _data.keys.cast&lt;K&gt;();</code>
            <hit count="3" name="&lt;unnamed&gt;"/>
        </line>
        <line number="24">
            <code/>
        </line>
        <line hits="1" number="25">
            <code>  @override</code>
            <hit count="1" name="&lt;unnamed&gt;"/>
        </line>
        <line hits="2" number="26">
            <code>  int get length =&gt; _data.length;</code>
            <hit count="2" name="&lt;unnamed&gt;"/>
        </line>
        <line number="27">
            <code/>
        </line>
        <line hits="1" number="28">
            <code>  @override</code>
            <hit count="1" name="&lt;unnamed&gt;"/>
        </line>
        <line number="29">
            <code>  Iterable&lt;V&gt; get values sync* {</code>
        </line>
        <line hits="3" number="30">
            <code>    final keys = _data.keys.toList();</code>
            <hit count="3" name="&lt;unnamed&gt;"/>
        </line>
        <line hits="3" number="31">
            <code>    for (var i = 0; i &lt; keys.length; i++) {</code>
            <hit count="3" name="&lt;unnamed&gt;"/>
        </line>
        <line hits="2" number="32">
            <code>      yield _get(keys[i]) as V;</code>
            <hit count="2" name="&lt;unnamed&gt;"/>
        </line>
        <line number="33">
            <code>    }</code>
        </line>
        <line number="34">
            <code>  }</code>
        </line>
        <line number="35">
            <code/>
        </line>
        <line hits="1" number="36">
            <code>  @override</code>
            <hit count="1" name="&lt;unnamed&gt;"/>
        </line>
        <line hits="1" number="37">
            <code>  V? operator [](Object? key) =&gt; _get(key);</code>
            <hit count="1" name="&lt;unnamed&gt;"/>
        </line>
        <line number="38">
            <code/>
        </line>
        <line hits="1" number="39">
            <code>  @override</code>
            <hit count="1" name="&lt;unnamed&gt;"/>
        </line>
        <line hits="2" number="40">
            <code>  void operator []=(K key, V value) =&gt; _data[key] = value;</code>
            <hit count="2" name="&lt;unnamed&gt;"/>
        </line>
        <line number="41">
            <code/>
        </line>
        <line hits="1" number="42">
            <code>  @override</code>
            <hit count="1" name="&lt;unnamed&gt;"/>
        </line>
        <line hits="2" number="43">
            <code>  void addAll(Map&lt;K, V&gt; other) =&gt; _data.addAll(other);</code>
            <hit count="2" name="&lt;unnamed&gt;"/>
        </line>
        <line number="44">
            <code/>
        </line>
        <line hits="1" number="45">
            <code>  @override</code>
            <hit count="1" name="&lt;unnamed&gt;"/>
        </line>
        <line number="46">
            <code>  void addEntries(Iterable&lt;MapEntry&lt;K, V&gt;&gt; newEntries) =&gt;</code>
        </line>
        <line hits="2" number="47">
            <code>      _data.addEntries(newEntries);</code>
            <hit count="2" name="&lt;unnamed&gt;"/>
        </line>
        <line number="48">
            <code/>
        </line>
        <line hits="1" number="49">
            <code>  @override</code>
            <hit count="1" name="&lt;unnamed&gt;"/>
        </line>
        <line hits="2" number="50">
            <code>  Map&lt;RK, RV&gt; cast&lt;RK, RV&gt;() =&gt; _forceCast().cast&lt;RK, RV&gt;();</code>
            <hit count="2" name="&lt;unnamed&gt;"/>
        </line>
        <line number="51">
            <code/>
        </line>
        <line hits="1" number="52">
            <code>  @override</code>
            <hit count="1" name="&lt;unnamed&gt;"/>
        </line>
        <line hits="2" number="53">
            <code>  void clear() =&gt; _data.clear();</code>
            <hit count="2" name="&lt;unnamed&gt;"/>
        </line>
        <line number="54">
            <code/>
        </line>
        <line hits="1" number="55">
            <code>  @override</code>
            <hit count="1" name="&lt;unnamed&gt;"/>
        </line>
        <line hits="2" number="56">
            <code>  bool containsKey(Object? key) =&gt; _data.containsKey(key);</code>
            <hit count="2" name="&lt;unnamed&gt;"/>
        </line>
        <line number="57">
            <code/>
        </line>
        <line hits="1" number="58">
            <code>  @override</code>
            <hit count="1" name="&lt;unnamed&gt;"/>
        </line>
        <line hits="6" number="59">
            <code>  bool containsValue(Object? value) =&gt; _data.keys.any((k) =&gt; value == _get(k));</code>
            <hit count="6" name="&lt;unnamed&gt;"/>
        </line>
        <line number="60">
            <code/>
        </line>
        <line hits="1" number="61">
            <code>  @override</code>
            <hit count="1" name="&lt;unnamed&gt;"/>
        </line>
        <line number="62">
            <code>  void forEach(void Function(K key, V value) action) {</code>
        </line>
        <line hits="3" number="63">
            <code>    for (var k in _data.keys) {</code>
            <hit count="3" name="&lt;unnamed&gt;"/>
        </line>
        <line hits="2" number="64">
            <code>      action(k as K, _get(k) as V);</code>
            <hit count="2" name="&lt;unnamed&gt;"/>
        </line>
        <line number="65">
            <code>    }</code>
        </line>
        <line number="66">
            <code>  }</code>
        </line>
        <line number="67">
            <code/>
        </line>
        <line hits="1" number="68">
            <code>  @override</code>
            <hit count="1" name="&lt;unnamed&gt;"/>
        </line>
        <line number="69">
            <code>  Map&lt;K2, V2&gt; map&lt;K2, V2&gt;(MapEntry&lt;K2, V2&gt; Function(K key, V value) convert) {</code>
        </line>
        <line hits="4" number="70">
            <code>    final r = &lt;K2, V2&gt;{}, keys = _data.keys.toList();</code>
            <hit count="4" name="&lt;unnamed&gt;"/>
        </line>
        <line hits="4" number="71">
            <code>    for (var i = keys.length - 1; i &gt;= 0; i--) {</code>
            <hit count="4" name="&lt;unnamed&gt;"/>
        </line>
        <line hits="3" number="72">
            <code>      final k = keys[i], e = convert(k as K, _get(k) as V);</code>
            <hit count="3" name="&lt;unnamed&gt;"/>
        </line>
        <line hits="3" number="73">
            <code>      r[e.key] = e.value;</code>
            <hit count="3" name="&lt;unnamed&gt;"/>
        </line>
        <line number="74">
            <code>    }</code>
        </line>
        <line number="75">
            <code>    return r;</code>
        </line>
        <line number="76">
            <code>  }</code>
        </line>
        <line number="77">
            <code/>
        </line>
        <line hits="1" number="78">
            <code>  @override</code>
            <hit count="1" name="&lt;unnamed&gt;"/>
        </line>
        <line number="79">
            <code>  V putIfAbsent(K key, V Function() ifAbsent) =&gt;</code>
        </line>
        <line hits="2" number="80">
            <code>      _data.putIfAbsent(key, ifAbsent);</code>
            <hit count="2" name="&lt;unnamed&gt;"/>
        </line>
        <line number="81">
            <code/>
        </line>
        <line hits="1" number="82">
            <code>  @override</code>
            <hit count="1" name="&lt;unnamed&gt;"/>
        </line>
        <line hits="2" number="83">
            <code>  V? remove(Object? key) =&gt; _data.remove(key);</code>
            <hit count="2" name="&lt;unnamed&gt;"/>
        </line>
        <line number="84">
            <code/>
        </line>
        <line hits="1" number="85">
            <code>  @override</code>
            <hit count="1" name="&lt;unnamed&gt;"/>
        </line>
        <line number="86">
            <code>  void removeWhere(bool Function(K key, V value) test) {</code>
        </line>
        <line hits="3" number="87">
            <code>    final keys = _data.keys.toList();</code>
            <hit count="3" name="&lt;unnamed&gt;"/>
        </line>
        <line hits="4" number="88">
            <code>    for (var i = keys.length - 1; i &gt;= 0; i--) {</code>
            <hit count="4" name="&lt;unnamed&gt;"/>
        </line>
        <line hits="2" number="89">
            <code>      final k = keys[i], v = _get(k);</code>
            <hit count="2" name="&lt;unnamed&gt;"/>
        </line>
        <line hits="1" number="90">
            <code>      if (test(k as K, v as V)) {</code>
            <hit count="1" name="&lt;unnamed&gt;"/>
        </line>
        <line hits="2" number="91">
            <code>        _data.remove(k);</code>
            <hit count="2" name="&lt;unnamed&gt;"/>
        </line>
        <line number="92">
            <code>      }</code>
        </line>
        <line number="93">
            <code>    }</code>
        </line>
        <line number="94">
            <code>  }</code>
        </line>
        <line number="95">
            <code/>
        </line>
        <line hits="1" number="96">
            <code>  @override</code>
            <hit count="1" name="&lt;unnamed&gt;"/>
        </line>
        <line number="97">
            <code>  String toString() {</code>
        </line>
        <line hits="1" number="98">
            <code>    _forceCast();</code>
            <hit count="1" name="&lt;unnamed&gt;"/>
        </line>
        <line hits="2" number="99">
            <code>    return _data.toString();</code>
            <hit count="2" name="&lt;unnamed&gt;"/>
        </line>
        <line number="100">
            <code>  }</code>
        </line>
        <line number="101">
            <code/>
        </line>
        <line hits="1" number="102">
            <code>  @override</code>
            <hit count="1" name="&lt;unnamed&gt;"/>
        </line>
        <line number="103">
            <code>  V update(K key, V Function(V value) update, {V Function()? ifAbsent}) =&gt;</code>
        </line>
        <line hits="4" number="104">
            <code>      _data.update(key, (v) =&gt; (v != null &amp;&amp; v is! V) ? _vcast(v) : v,</code>
            <hit count="4" name="&lt;unnamed&gt;"/>
        </line>
        <line number="105">
            <code>          ifAbsent: ifAbsent);</code>
        </line>
        <line number="106">
            <code/>
        </line>
        <line hits="1" number="107">
            <code>  @override</code>
            <hit count="1" name="&lt;unnamed&gt;"/>
        </line>
        <line number="108">
            <code>  void updateAll(V Function(K key, V value) update) {</code>
        </line>
        <line hits="3" number="109">
            <code>    final keys = _data.keys.toList();</code>
            <hit count="3" name="&lt;unnamed&gt;"/>
        </line>
        <line hits="4" number="110">
            <code>    for (var i = keys.length - 1; i &gt;= 0; i--) {</code>
            <hit count="4" name="&lt;unnamed&gt;"/>
        </line>
        <line hits="2" number="111">
            <code>      final k = keys[i], v = _get(k);</code>
            <hit count="2" name="&lt;unnamed&gt;"/>
        </line>
        <line hits="3" number="112">
            <code>      _data[k] = update(k as K, v as V);</code>
            <hit count="3" name="&lt;unnamed&gt;"/>
        </line>
        <line number="113">
            <code>    }</code>
        </line>
        <line number="114">
            <code>  }</code>
        </line>
        <line number="115">
            <code/>
        </line>
        <line hits="1" number="116">
            <code>  Map&lt;dynamic, dynamic&gt; _forceCast() {</code>
            <hit count="1" name="&lt;unnamed&gt;"/>
        </line>
        <line hits="3" number="117">
            <code>    var keys = _data.keys.toList();</code>
            <hit count="3" name="&lt;unnamed&gt;"/>
        </line>
        <line hits="4" number="118">
            <code>    for (var i = keys.length - 1; i &gt;= 0; i--) {</code>
            <hit count="4" name="&lt;unnamed&gt;"/>
        </line>
        <line hits="2" number="119">
            <code>      _get(keys[i]);</code>
            <hit count="2" name="&lt;unnamed&gt;"/>
        </line>
        <line number="120">
            <code>    }</code>
        </line>
        <line hits="1" number="121">
            <code>    return _data;</code>
            <hit count="1" name="&lt;unnamed&gt;"/>
        </line>
        <line number="122">
            <code>  }</code>
        </line>
        <line number="123">
            <code/>
        </line>
        <line hits="1" number="124">
            <code>  V? _get(Object? key) {</code>
            <hit count="1" name="&lt;unnamed&gt;"/>
        </line>
        <line hits="2" number="125">
            <code>    dynamic v = _data[key];</code>
            <hit count="2" name="&lt;unnamed&gt;"/>
        </line>
        <line hits="1" number="126">
            <code>    if (v != null &amp;&amp; v is! V) {</code>
            <hit count="1" name="&lt;unnamed&gt;"/>
        </line>
        <line hits="2" number="127">
            <code>      v = _vcast(v);</code>
            <hit count="2" name="&lt;unnamed&gt;"/>
        </line>
        <line hits="2" number="128">
            <code>      _data[key] = v;</code>
            <hit count="2" name="&lt;unnamed&gt;"/>
        </line>
        <line number="129">
            <code>    }</code>
        </line>
        <line number="130">
            <code>    return v;</code>
        </line>
        <line number="131">
            <code>  }</code>
        </line>
        <line number="132">
            <code>}</code>
        </line>
    </lines>
    <config branch-coverage="true" description-file="false" function-coverage="true" genhtml_hi_limit="90" genhtml_med_limit="75" legend="false" no-sort="false" no-source="false" show-details="false"/>
    <base href="../../"/>
    <base href="../../"/>
</coverage>
