<?xml version="1.0" encoding="UTF-8" standalone="no"?>
<?xml-stylesheet type="text/xsl" href="../../jgenhtml.xsl"?><coverage branch-rate="NaN" branches-covered="0" branches-valid="0" complexity="0" date="2025-11-29" filename="serialization_context.dart" function-rate="NaN" functions-covered="0" functions-valid="0" line-rate="1.0" lines-covered="7" lines-valid="7" package="src/converters" testname="lcov.info" version="1.6">
    <lines>
        <line number="1">
            <code>import 'dart:collection';</code>
        </line>
        <line number="2">
            <code/>
        </line>
        <line number="3">
            <code>class SerializationContext {</code>
        </line>
        <line hits="4" number="4">
            <code>  SerializationContext(bool Function(Object, Object) identical)</code>
            <hit count="4" name="&lt;unnamed&gt;"/>
        </line>
        <line hits="4" number="5">
            <code>      : _cache = HashMap(equals: identical);</code>
            <hit count="4" name="&lt;unnamed&gt;"/>
        </line>
        <line number="6">
            <code/>
        </line>
        <line number="7">
            <code>  final HashMap&lt;Object, Object&gt; _cache;</code>
        </line>
        <line number="8">
            <code/>
        </line>
        <line hits="4" number="9">
            <code>  T? getReference&lt;T extends Object&gt;(Object data) {</code>
            <hit count="4" name="&lt;unnamed&gt;"/>
        </line>
        <line hits="8" number="10">
            <code>    final ref = _cache[data];</code>
            <hit count="8" name="&lt;unnamed&gt;"/>
        </line>
        <line hits="4" number="11">
            <code>    return (ref is T) ? ref : null;</code>
            <hit count="4" name="&lt;unnamed&gt;"/>
        </line>
        <line number="12">
            <code>  }</code>
        </line>
        <line number="13">
            <code/>
        </line>
        <line hits="4" number="14">
            <code>  void setReference&lt;T extends Object&gt;(Object data, T instance) {</code>
            <hit count="4" name="&lt;unnamed&gt;"/>
        </line>
        <line hits="8" number="15">
            <code>    _cache[data] = instance;</code>
            <hit count="8" name="&lt;unnamed&gt;"/>
        </line>
        <line number="16">
            <code>  }</code>
        </line>
        <line number="17">
            <code>}</code>
        </line>
    </lines>
    <config branch-coverage="true" description-file="false" function-coverage="true" genhtml_hi_limit="90" genhtml_med_limit="75" legend="false" no-sort="false" no-source="false" show-details="false"/>
    <base href="../../"/>
    <base href="../../"/>
</coverage>
