<?xml version="1.0" encoding="UTF-8" standalone="no"?>
<?xml-stylesheet type="text/xsl" href="../../jgenhtml.xsl"?><coverage branch-rate="NaN" branches-covered="0" branches-valid="0" complexity="0" date="2025-09-28" filename="serialization_context.dart" function-rate="NaN" functions-covered="0" functions-valid="0" line-rate="0.8888889" lines-covered="8" lines-valid="9" package="src/converters" testname="lcov.info" version="1.6">
    <lines>
        <line number="1">
            <code>import 'dart:collection';</code>
        </line>
        <line number="2">
            <code/>
        </line>
        <line number="3">
            <code>import 'package:meta/meta.dart';</code>
        </line>
        <line number="4">
            <code/>
        </line>
        <line number="5">
            <code>class SerializationContext {</code>
        </line>
        <line hits="4" number="6">
            <code>  SerializationContext(bool Function(Object, Object) identical)</code>
            <hit count="4" name="&lt;unnamed&gt;"/>
        </line>
        <line hits="4" number="7">
            <code>      : _cache = HashMap(equals: identical);</code>
            <hit count="4" name="&lt;unnamed&gt;"/>
        </line>
        <line number="8">
            <code/>
        </line>
        <line number="9">
            <code>  final HashMap&lt;Object, Object&gt; _cache;</code>
        </line>
        <line number="10">
            <code/>
        </line>
        <line hits="4" number="11">
            <code>  T? getReference&lt;T extends Object&gt;(Object data) {</code>
            <hit count="4" name="&lt;unnamed&gt;"/>
        </line>
        <line hits="8" number="12">
            <code>    final ref = _cache[data];</code>
            <hit count="8" name="&lt;unnamed&gt;"/>
        </line>
        <line hits="4" number="13">
            <code>    return (ref is T) ? ref : null;</code>
            <hit count="4" name="&lt;unnamed&gt;"/>
        </line>
        <line number="14">
            <code>  }</code>
        </line>
        <line number="15">
            <code/>
        </line>
        <line hits="4" number="16">
            <code>  void setReference&lt;T extends Object&gt;(Object data, T instance) {</code>
            <hit count="4" name="&lt;unnamed&gt;"/>
        </line>
        <line hits="8" number="17">
            <code>    _cache[data] = instance;</code>
            <hit count="8" name="&lt;unnamed&gt;"/>
        </line>
        <line number="18">
            <code>  }</code>
        </line>
        <line number="19">
            <code>}</code>
        </line>
        <line number="20">
            <code/>
        </line>
        <line number="21">
            <code>@internal</code>
        </line>
        <line number="22">
            <code>extension SerializationContextImpl on SerializationContext {</code>
        </line>
        <line hits="3" number="23">
            <code>  void reset() =&gt; _cache.clear();</code>
            <hit count="3" name="&lt;unnamed&gt;"/>
        </line>
        <line number="24">
            <code/>
        </line>
        <line hits="0" number="25">
            <code>  Map&lt;Object, Object&gt; get cache =&gt; _cache;</code>
        </line>
        <line number="26">
            <code>}</code>
        </line>
    </lines>
    <config branch-coverage="true" description-file="false" function-coverage="true" genhtml_hi_limit="90" genhtml_med_limit="75" legend="false" no-sort="false" no-source="false" show-details="false"/>
    <base href="../../"/>
    <base href="../../"/>
</coverage>
