<?xml version="1.0" encoding="UTF-8" standalone="no"?>
<?xml-stylesheet type="text/xsl" href="../../jgenhtml.xsl"?><coverage branch-rate="NaN" branches-covered="0" branches-valid="0" complexity="0" date="2023-06-07" filename="index" function-rate="NaN" functions-covered="0" functions-valid="0" line-rate="0.8915663" lines-covered="370" lines-valid="415" package="/src/xplat" testname="lcov.info" version="1.5">
    <sources>
        <source branches-hit="0" branches-valid="0" filename="_worker_id.dart" functions-hit="0" functions-valid="0" lines-hit="5" lines-valid="5" prefix="/home/runner/work/squadron/squadron/lib">
            <testCase branch-hit="0" function-hit="0" line-hit="5" name="&lt;unnamed&gt;"/>
        </source>
        <source branches-hit="0" branches-valid="0" filename="_worker_stream_task.dart" functions-hit="0" functions-valid="0" lines-hit="63" lines-valid="71" prefix="/home/runner/work/squadron/squadron/lib">
            <testCase branch-hit="0" function-hit="0" line-hit="63" name="&lt;unnamed&gt;"/>
        </source>
        <source branches-hit="0" branches-valid="0" filename="_helpers.dart" functions-hit="0" functions-valid="0" lines-hit="9" lines-valid="9" prefix="/home/runner/work/squadron/squadron/lib">
            <testCase branch-hit="0" function-hit="0" line-hit="9" name="&lt;unnamed&gt;"/>
        </source>
        <source branches-hit="0" branches-valid="0" filename="_stream_wrapper.dart" functions-hit="0" functions-valid="0" lines-hit="65" lines-valid="67" prefix="/home/runner/work/squadron/squadron/lib">
            <testCase branch-hit="0" function-hit="0" line-hit="65" name="&lt;unnamed&gt;"/>
        </source>
        <source branches-hit="0" branches-valid="0" filename="_token_id.dart" functions-hit="0" functions-valid="0" lines-hit="6" lines-valid="6" prefix="/home/runner/work/squadron/squadron/lib">
            <testCase branch-hit="0" function-hit="0" line-hit="6" name="&lt;unnamed&gt;"/>
        </source>
        <source branches-hit="0" branches-valid="0" filename="_value_wrapper.dart" functions-hit="0" functions-valid="0" lines-hit="25" lines-valid="34" prefix="/home/runner/work/squadron/squadron/lib">
            <testCase branch-hit="0" function-hit="0" line-hit="25" name="&lt;unnamed&gt;"/>
        </source>
        <source branches-hit="0" branches-valid="0" filename="_pool_worker.dart" functions-hit="0" functions-valid="0" lines-hit="20" lines-valid="20" prefix="/home/runner/work/squadron/squadron/lib">
            <testCase branch-hit="0" function-hit="0" line-hit="20" name="&lt;unnamed&gt;"/>
        </source>
        <source branches-hit="0" branches-valid="0" filename="_cancellation_token_ref.dart" functions-hit="0" functions-valid="0" lines-hit="24" lines-valid="31" prefix="/home/runner/work/squadron/squadron/lib">
            <testCase branch-hit="0" function-hit="0" line-hit="24" name="&lt;unnamed&gt;"/>
        </source>
        <source branches-hit="0" branches-valid="0" filename="_worker_value_task.dart" functions-hit="0" functions-valid="0" lines-hit="27" lines-valid="27" prefix="/home/runner/work/squadron/squadron/lib">
            <testCase branch-hit="0" function-hit="0" line-hit="27" name="&lt;unnamed&gt;"/>
        </source>
        <source branches-hit="0" branches-valid="0" filename="_worker_monitor.dart" functions-hit="0" functions-valid="0" lines-hit="35" lines-valid="35" prefix="/home/runner/work/squadron/squadron/lib">
            <testCase branch-hit="0" function-hit="0" line-hit="35" name="&lt;unnamed&gt;"/>
        </source>
        <source branches-hit="0" branches-valid="0" filename="_worker_task.dart" functions-hit="0" functions-valid="0" lines-hit="28" lines-valid="36" prefix="/home/runner/work/squadron/squadron/lib">
            <testCase branch-hit="0" function-hit="0" line-hit="28" name="&lt;unnamed&gt;"/>
        </source>
        <source branches-hit="0" branches-valid="0" filename="_worker_runner.dart" functions-hit="0" functions-valid="0" lines-hit="63" lines-valid="74" prefix="/home/runner/work/squadron/squadron/lib">
            <testCase branch-hit="0" function-hit="0" line-hit="63" name="&lt;unnamed&gt;"/>
        </source>
    </sources>
    <config branch-coverage="true" description-file="false" function-coverage="true" genhtml_hi_limit="90" genhtml_med_limit="75" legend="false" no-sort="false" no-source="false"/>
    <base href="../../"/>
    <base href="../../"/>
</coverage>
