<?xml version="1.0" encoding="UTF-8" standalone="no"?>
<?xml-stylesheet type="text/xsl" href="../../jgenhtml.xsl"?><coverage branch-rate="NaN" branches-covered="0" branches-valid="0" complexity="0" date="2025-09-28" filename="_worker_stream_task.dart" function-rate="NaN" functions-covered="0" functions-valid="0" line-rate="1.0" lines-covered="30" lines-valid="30" package="src/pool" testname="lcov.info" version="1.6">
    <lines>
        <line number="1">
            <code>import 'dart:async';</code>
        </line>
        <line number="2">
            <code/>
        </line>
        <line number="3">
            <code>import '../_impl/xplat/_forward_stream_controller.dart';</code>
        </line>
        <line number="4">
            <code>import '../exceptions/squadron_exception.dart';</code>
        </line>
        <line number="5">
            <code>import '../stats/perf_counter.dart';</code>
        </line>
        <line number="6">
            <code>import '../worker/worker.dart';</code>
        </line>
        <line number="7">
            <code>import '_worker_task.dart';</code>
        </line>
        <line number="8">
            <code>import 'stream_task.dart';</code>
        </line>
        <line number="9">
            <code/>
        </line>
        <line number="10">
            <code>final class WorkerStreamTask&lt;T, W extends Worker&gt; extends WorkerTask&lt;T, W&gt;</code>
        </line>
        <line number="11">
            <code>    implements StreamTask&lt;T&gt; {</code>
        </line>
        <line number="12">
            <code>  /// Creates a new [StreamTask].</code>
        </line>
        <line hits="8" number="13">
            <code>  WorkerStreamTask(this._producer, PerfCounter? counter) : super(counter) {</code>
            <hit count="8" name="&lt;unnamed&gt;"/>
        </line>
        <line hits="12" number="14">
            <code>    _controller = ForwardStreamController&lt;T&gt;(onListen: () async {</code>
            <hit count="12" name="&lt;unnamed&gt;"/>
        </line>
        <line number="15">
            <code>      try {</code>
        </line>
        <line hits="8" number="16">
            <code>        final worker = await _worker.future;</code>
            <hit count="8" name="&lt;unnamed&gt;"/>
        </line>
        <line hits="4" number="17">
            <code>        if (canceledException != null || worker == null) {</code>
            <hit count="4" name="&lt;unnamed&gt;"/>
        </line>
        <line number="18">
            <code>          // the task was canceled</code>
        </line>
        <line hits="2" number="19">
            <code>          throw canceledException!;</code>
            <hit count="2" name="&lt;unnamed&gt;"/>
        </line>
        <line number="20">
            <code>        } else {</code>
        </line>
        <line number="21">
            <code>          // otherwise, forward data from the worker</code>
        </line>
        <line hits="20" number="22">
            <code>          _controller.attachSubscription(_producer(worker).listen(</code>
            <hit count="20" name="&lt;unnamed&gt;"/>
        </line>
        <line hits="4" number="23">
            <code>            _onData,</code>
            <hit count="4" name="&lt;unnamed&gt;"/>
        </line>
        <line hits="4" number="24">
            <code>            onError: _onError,</code>
            <hit count="4" name="&lt;unnamed&gt;"/>
        </line>
        <line hits="8" number="25">
            <code>            onDone: _controller.close,</code>
            <hit count="8" name="&lt;unnamed&gt;"/>
        </line>
        <line number="26">
            <code>            cancelOnError: false,</code>
        </line>
        <line number="27">
            <code>          ));</code>
        </line>
        <line number="28">
            <code>        }</code>
        </line>
        <line number="29">
            <code>      } catch (ex, st) {</code>
        </line>
        <line hits="4" number="30">
            <code>        _closeWithError(SquadronException.from(ex, st));</code>
            <hit count="4" name="&lt;unnamed&gt;"/>
        </line>
        <line number="31">
            <code>      }</code>
        </line>
        <line number="32">
            <code>    });</code>
        </line>
        <line number="33">
            <code>  }</code>
        </line>
        <line number="34">
            <code/>
        </line>
        <line number="35">
            <code>  final Stream&lt;T&gt; Function(W worker) _producer;</code>
        </line>
        <line number="36">
            <code>  final _worker = Completer&lt;W?&gt;();</code>
        </line>
        <line number="37">
            <code/>
        </line>
        <line number="38">
            <code>  late final ForwardStreamController&lt;T&gt; _controller;</code>
        </line>
        <line number="39">
            <code/>
        </line>
        <line hits="4" number="40">
            <code>  @override</code>
            <hit count="4" name="&lt;unnamed&gt;"/>
        </line>
        <line hits="8" number="41">
            <code>  Stream&lt;T&gt; get stream =&gt; _controller.stream;</code>
            <hit count="8" name="&lt;unnamed&gt;"/>
        </line>
        <line number="42">
            <code/>
        </line>
        <line hits="2" number="43">
            <code>  void _closeWithError(SquadronException ex) {</code>
            <hit count="2" name="&lt;unnamed&gt;"/>
        </line>
        <line hits="4" number="44">
            <code>    _controller.addError(ex);</code>
            <hit count="4" name="&lt;unnamed&gt;"/>
        </line>
        <line hits="4" number="45">
            <code>    _controller.close();</code>
            <hit count="4" name="&lt;unnamed&gt;"/>
        </line>
        <line number="46">
            <code>  }</code>
        </line>
        <line number="47">
            <code/>
        </line>
        <line hits="12" number="48">
            <code>  void _onData(T data) =&gt; _controller.add(data);</code>
            <hit count="12" name="&lt;unnamed&gt;"/>
        </line>
        <line number="49">
            <code/>
        </line>
        <line hits="3" number="50">
            <code>  void _onError(Object ex, [StackTrace? st]) =&gt;</code>
            <hit count="3" name="&lt;unnamed&gt;"/>
        </line>
        <line hits="9" number="51">
            <code>      _controller.addError(SquadronException.from(ex, st));</code>
            <hit count="9" name="&lt;unnamed&gt;"/>
        </line>
        <line number="52">
            <code/>
        </line>
        <line hits="2" number="53">
            <code>  @override</code>
            <hit count="2" name="&lt;unnamed&gt;"/>
        </line>
        <line number="54">
            <code>  void cancel([String? message]) {</code>
        </line>
        <line hits="2" number="55">
            <code>    super.cancel(message);</code>
            <hit count="2" name="&lt;unnamed&gt;"/>
        </line>
        <line hits="4" number="56">
            <code>    if (!_worker.isCompleted) {</code>
            <hit count="4" name="&lt;unnamed&gt;"/>
        </line>
        <line number="57">
            <code>      // task canceled before it got scheduled</code>
        </line>
        <line hits="4" number="58">
            <code>      _worker.complete(null);</code>
            <hit count="4" name="&lt;unnamed&gt;"/>
        </line>
        <line number="59">
            <code>    }</code>
        </line>
        <line hits="4" number="60">
            <code>    if (_controller.subscription != null) {</code>
            <hit count="4" name="&lt;unnamed&gt;"/>
        </line>
        <line number="61">
            <code>      // task canceled after a listener subscribed to the stream</code>
        </line>
        <line hits="2" number="62">
            <code>      _closeWithError(canceledException!);</code>
            <hit count="2" name="&lt;unnamed&gt;"/>
        </line>
        <line number="63">
            <code>    }</code>
        </line>
        <line number="64">
            <code>  }</code>
        </line>
        <line number="65">
            <code/>
        </line>
        <line hits="4" number="66">
            <code>  @override</code>
            <hit count="4" name="&lt;unnamed&gt;"/>
        </line>
        <line number="67">
            <code>  Future&lt;bool&gt; execute(W worker) {</code>
        </line>
        <line hits="4" number="68">
            <code>    if (canceledException == null) {</code>
            <hit count="4" name="&lt;unnamed&gt;"/>
        </line>
        <line number="69">
            <code>      // run with worker</code>
        </line>
        <line hits="8" number="70">
            <code>      _worker.complete(worker);</code>
            <hit count="8" name="&lt;unnamed&gt;"/>
        </line>
        <line number="71">
            <code>    }</code>
        </line>
        <line hits="8" number="72">
            <code>    return _controller.done</code>
            <hit count="8" name="&lt;unnamed&gt;"/>
        </line>
        <line hits="12" number="73">
            <code>        .then((_) =&gt; canceledException == null)</code>
            <hit count="12" name="&lt;unnamed&gt;"/>
        </line>
        <line hits="4" number="74">
            <code>        .catchError((_) =&gt; false);</code>
            <hit count="4" name="&lt;unnamed&gt;"/>
        </line>
        <line number="75">
            <code>  }</code>
        </line>
        <line number="76">
            <code>}</code>
        </line>
    </lines>
    <config branch-coverage="true" description-file="false" function-coverage="true" genhtml_hi_limit="90" genhtml_med_limit="75" legend="false" no-sort="false" no-source="false" show-details="false"/>
    <base href="../../"/>
    <base href="../../"/>
</coverage>
