<?xml version="1.0" encoding="UTF-8" standalone="no"?>
<?xml-stylesheet type="text/xsl" href="../../jgenhtml.xsl"?><coverage branch-rate="NaN" branches-covered="0" branches-valid="0" complexity="0" date="2025-09-28" filename="_worker_value_task.dart" function-rate="NaN" functions-covered="0" functions-valid="0" line-rate="0.8947368" lines-covered="17" lines-valid="19" package="src/pool" testname="lcov.info" version="1.6">
    <lines>
        <line number="1">
            <code>import 'dart:async';</code>
        </line>
        <line number="2">
            <code/>
        </line>
        <line number="3">
            <code>import '../exceptions/squadron_exception.dart';</code>
        </line>
        <line number="4">
            <code>import '../stats/perf_counter.dart';</code>
        </line>
        <line number="5">
            <code>import '../worker/worker.dart';</code>
        </line>
        <line number="6">
            <code>import '_worker_task.dart';</code>
        </line>
        <line number="7">
            <code>import 'value_task.dart';</code>
        </line>
        <line number="8">
            <code/>
        </line>
        <line number="9">
            <code>final class WorkerValueTask&lt;T, W extends Worker&gt; extends WorkerTask&lt;T, W&gt;</code>
        </line>
        <line number="10">
            <code>    implements ValueTask&lt;T&gt; {</code>
        </line>
        <line number="11">
            <code>  /// Creates a new [ValueTask].</code>
        </line>
        <line hits="8" number="12">
            <code>  WorkerValueTask(this._computer, PerfCounter? counter) : super(counter);</code>
            <hit count="8" name="&lt;unnamed&gt;"/>
        </line>
        <line number="13">
            <code/>
        </line>
        <line number="14">
            <code>  final Future&lt;T&gt; Function(W worker) _computer;</code>
        </line>
        <line number="15">
            <code>  final _result = Completer&lt;T&gt;();</code>
        </line>
        <line number="16">
            <code>  final _done = Completer&lt;void&gt;();</code>
        </line>
        <line number="17">
            <code/>
        </line>
        <line hits="0" number="18">
            <code>  @override</code>
        </line>
        <line hits="0" number="19">
            <code>  Future&lt;void&gt; get done =&gt; _done.future;</code>
        </line>
        <line number="20">
            <code/>
        </line>
        <line hits="4" number="21">
            <code>  @override</code>
            <hit count="4" name="&lt;unnamed&gt;"/>
        </line>
        <line hits="8" number="22">
            <code>  Future&lt;T&gt; get value =&gt; _result.future;</code>
            <hit count="8" name="&lt;unnamed&gt;"/>
        </line>
        <line number="23">
            <code/>
        </line>
        <line hits="2" number="24">
            <code>  void _failure(SquadronException exception) {</code>
            <hit count="2" name="&lt;unnamed&gt;"/>
        </line>
        <line hits="4" number="25">
            <code>    if (!_result.isCompleted) {</code>
            <hit count="4" name="&lt;unnamed&gt;"/>
        </line>
        <line hits="4" number="26">
            <code>      _result.completeError(exception);</code>
            <hit count="4" name="&lt;unnamed&gt;"/>
        </line>
        <line number="27">
            <code>    }</code>
        </line>
        <line number="28">
            <code>  }</code>
        </line>
        <line number="29">
            <code/>
        </line>
        <line hits="4" number="30">
            <code>  void _success(dynamic data) {</code>
            <hit count="4" name="&lt;unnamed&gt;"/>
        </line>
        <line hits="8" number="31">
            <code>    if (!_result.isCompleted) {</code>
            <hit count="8" name="&lt;unnamed&gt;"/>
        </line>
        <line hits="8" number="32">
            <code>      _result.complete(data);</code>
            <hit count="8" name="&lt;unnamed&gt;"/>
        </line>
        <line number="33">
            <code>    }</code>
        </line>
        <line number="34">
            <code>  }</code>
        </line>
        <line number="35">
            <code/>
        </line>
        <line hits="2" number="36">
            <code>  @override</code>
            <hit count="2" name="&lt;unnamed&gt;"/>
        </line>
        <line number="37">
            <code>  void cancel([String? message]) {</code>
        </line>
        <line hits="2" number="38">
            <code>    super.cancel(message);</code>
            <hit count="2" name="&lt;unnamed&gt;"/>
        </line>
        <line hits="4" number="39">
            <code>    _failure(canceledException!);</code>
            <hit count="4" name="&lt;unnamed&gt;"/>
        </line>
        <line number="40">
            <code>  }</code>
        </line>
        <line number="41">
            <code/>
        </line>
        <line hits="4" number="42">
            <code>  @override</code>
            <hit count="4" name="&lt;unnamed&gt;"/>
        </line>
        <line number="43">
            <code>  Future&lt;bool&gt; execute(W worker) async {</code>
        </line>
        <line number="44">
            <code>    try {</code>
        </line>
        <line hits="4" number="45">
            <code>      throwIfCanceled();</code>
            <hit count="4" name="&lt;unnamed&gt;"/>
        </line>
        <line hits="8" number="46">
            <code>      final res = await _computer(worker);</code>
            <hit count="8" name="&lt;unnamed&gt;"/>
        </line>
        <line hits="4" number="47">
            <code>      _success(res);</code>
            <hit count="4" name="&lt;unnamed&gt;"/>
        </line>
        <line number="48">
            <code>      return true;</code>
        </line>
        <line number="49">
            <code>    } catch (ex, st) {</code>
        </line>
        <line hits="2" number="50">
            <code>      _failure(SquadronException.from(ex, st));</code>
            <hit count="2" name="&lt;unnamed&gt;"/>
        </line>
        <line number="51">
            <code>      return false;</code>
        </line>
        <line number="52">
            <code>    }</code>
        </line>
        <line number="53">
            <code>  }</code>
        </line>
        <line number="54">
            <code>}</code>
        </line>
    </lines>
    <config branch-coverage="true" description-file="false" function-coverage="true" genhtml_hi_limit="90" genhtml_med_limit="75" legend="false" no-sort="false" no-source="false" show-details="false"/>
    <base href="../../"/>
    <base href="../../"/>
</coverage>
