<?xml version="1.0" encoding="UTF-8" standalone="no"?>
<?xml-stylesheet type="text/xsl" href="../../jgenhtml.xsl"?><coverage branch-rate="NaN" branches-covered="0" branches-valid="0" complexity="0" date="2024-09-22" filename="_worker_stream_task.dart" function-rate="NaN" functions-covered="0" functions-valid="0" line-rate="0.85" lines-covered="34" lines-valid="40" package="src/pool" testname="lcov.info" version="1.6">
    <lines>
        <line number="1">
            <code>import 'dart:async';</code>
        </line>
        <line number="2">
            <code/>
        </line>
        <line number="3">
            <code>import '../_impl/xplat/_forward_stream_controller.dart';</code>
        </line>
        <line number="4">
            <code>import '../exceptions/squadron_exception.dart';</code>
        </line>
        <line number="5">
            <code>import '../stats/perf_counter.dart';</code>
        </line>
        <line number="6">
            <code>import '../worker/worker.dart';</code>
        </line>
        <line number="7">
            <code>import '_worker_task.dart';</code>
        </line>
        <line number="8">
            <code>import 'stream_task.dart';</code>
        </line>
        <line number="9">
            <code/>
        </line>
        <line number="10">
            <code>final class WorkerStreamTask&lt;T, W extends Worker&gt; extends WorkerTask&lt;T, W&gt;</code>
        </line>
        <line number="11">
            <code>    implements StreamTask&lt;T&gt; {</code>
        </line>
        <line number="12">
            <code>  /// Creates a new [StreamTask].</code>
        </line>
        <line hits="12" number="13">
            <code>  WorkerStreamTask(this._producer, PerfCounter? counter) : super(counter) {</code>
            <hit count="12" name="&lt;unnamed&gt;"/>
        </line>
        <line hits="16" number="14">
            <code>    _controller = ForwardStreamController&lt;T&gt;(onListen: () async {</code>
            <hit count="16" name="&lt;unnamed&gt;"/>
        </line>
        <line hits="4" number="15">
            <code>      try {</code>
            <hit count="4" name="&lt;unnamed&gt;"/>
        </line>
        <line hits="8" number="16">
            <code>        throwIfCanceled();</code>
            <hit count="8" name="&lt;unnamed&gt;"/>
        </line>
        <line hits="8" number="17">
            <code>        if (_controller.isClosed) return;</code>
            <hit count="8" name="&lt;unnamed&gt;"/>
        </line>
        <line hits="12" number="18">
            <code>        final stream = await _streamer.future;</code>
            <hit count="12" name="&lt;unnamed&gt;"/>
        </line>
        <line hits="8" number="19">
            <code>        if (_controller.isClosed) {</code>
            <hit count="8" name="&lt;unnamed&gt;"/>
        </line>
        <line number="20">
            <code>          // we might have a problem here: the controller is closed but the worker</code>
        </line>
        <line number="21">
            <code>          // has started streaming; cancel the operation</code>
        </line>
        <line hits="0" number="22">
            <code>          stream.listen((_) {}).cancel();</code>
        </line>
        <line number="23">
            <code>        } else {</code>
        </line>
        <line hits="16" number="24">
            <code>          _controller.attachSubscription(stream.listen(</code>
            <hit count="16" name="&lt;unnamed&gt;"/>
        </line>
        <line hits="8" number="25">
            <code>            _onData,</code>
            <hit count="8" name="&lt;unnamed&gt;"/>
        </line>
        <line hits="8" number="26">
            <code>            onError: _onError,</code>
            <hit count="8" name="&lt;unnamed&gt;"/>
        </line>
        <line hits="12" number="27">
            <code>            onDone: _controller.close,</code>
            <hit count="12" name="&lt;unnamed&gt;"/>
        </line>
        <line number="28">
            <code>            cancelOnError: false,</code>
        </line>
        <line number="29">
            <code>          ));</code>
        </line>
        <line number="30">
            <code>        }</code>
        </line>
        <line hits="0" number="31">
            <code>      } catch (ex, st) {</code>
        </line>
        <line hits="0" number="32">
            <code>        _closeWithError(SquadronException.from(ex, st));</code>
        </line>
        <line number="33">
            <code>      }</code>
        </line>
        <line hits="4" number="34">
            <code>    });</code>
            <hit count="4" name="&lt;unnamed&gt;"/>
        </line>
        <line hits="4" number="35">
            <code>  }</code>
            <hit count="4" name="&lt;unnamed&gt;"/>
        </line>
        <line number="36">
            <code/>
        </line>
        <line number="37">
            <code>  final Stream&lt;T&gt; Function(W worker) _producer;</code>
        </line>
        <line number="38">
            <code>  final _streamer = Completer&lt;Stream&lt;T&gt;&gt;();</code>
        </line>
        <line number="39">
            <code/>
        </line>
        <line hits="4" number="40">
            <code>  late final ForwardStreamController&lt;T&gt; _controller;</code>
            <hit count="4" name="&lt;unnamed&gt;"/>
        </line>
        <line number="41">
            <code/>
        </line>
        <line hits="4" number="42">
            <code>  @override</code>
            <hit count="4" name="&lt;unnamed&gt;"/>
        </line>
        <line hits="8" number="43">
            <code>  Stream&lt;T&gt; get stream =&gt; _controller.stream;</code>
            <hit count="8" name="&lt;unnamed&gt;"/>
        </line>
        <line number="44">
            <code/>
        </line>
        <line hits="1" number="45">
            <code>  void _closeWithError(SquadronException ex) {</code>
            <hit count="1" name="&lt;unnamed&gt;"/>
        </line>
        <line hits="2" number="46">
            <code>    _controller.addError(ex);</code>
            <hit count="2" name="&lt;unnamed&gt;"/>
        </line>
        <line hits="3" number="47">
            <code>    _controller.close();</code>
            <hit count="3" name="&lt;unnamed&gt;"/>
        </line>
        <line number="48">
            <code>  }</code>
        </line>
        <line number="49">
            <code/>
        </line>
        <line hits="16" number="50">
            <code>  void _onData(T data) =&gt; _controller.add(data);</code>
            <hit count="16" name="&lt;unnamed&gt;"/>
        </line>
        <line number="51">
            <code/>
        </line>
        <line hits="15" number="52">
            <code>  void _onError(ex, st) =&gt; _controller.addError(SquadronException.from(ex, st));</code>
            <hit count="15" name="&lt;unnamed&gt;"/>
        </line>
        <line number="53">
            <code/>
        </line>
        <line hits="1" number="54">
            <code>  @override</code>
            <hit count="1" name="&lt;unnamed&gt;"/>
        </line>
        <line hits="1" number="55">
            <code>  void cancel([String? message]) {</code>
            <hit count="1" name="&lt;unnamed&gt;"/>
        </line>
        <line hits="2" number="56">
            <code>    super.cancel(message);</code>
            <hit count="2" name="&lt;unnamed&gt;"/>
        </line>
        <line hits="3" number="57">
            <code>    _closeWithError(canceledException!);</code>
            <hit count="3" name="&lt;unnamed&gt;"/>
        </line>
        <line hits="1" number="58">
            <code>  }</code>
            <hit count="1" name="&lt;unnamed&gt;"/>
        </line>
        <line number="59">
            <code/>
        </line>
        <line hits="4" number="60">
            <code>  @override</code>
            <hit count="4" name="&lt;unnamed&gt;"/>
        </line>
        <line hits="4" number="61">
            <code>  Future&lt;bool&gt; execute(W worker) {</code>
            <hit count="4" name="&lt;unnamed&gt;"/>
        </line>
        <line hits="4" number="62">
            <code>    try {</code>
            <hit count="4" name="&lt;unnamed&gt;"/>
        </line>
        <line hits="4" number="63">
            <code>      throwIfCanceled();</code>
            <hit count="4" name="&lt;unnamed&gt;"/>
        </line>
        <line hits="12" number="64">
            <code>      final stream = _producer(worker);</code>
            <hit count="12" name="&lt;unnamed&gt;"/>
        </line>
        <line hits="12" number="65">
            <code>      _streamer.complete(stream);</code>
            <hit count="12" name="&lt;unnamed&gt;"/>
        </line>
        <line hits="20" number="66">
            <code>      return _controller.done.then((_) =&gt; true);</code>
            <hit count="20" name="&lt;unnamed&gt;"/>
        </line>
        <line hits="0" number="67">
            <code>    } catch (ex, st) {</code>
        </line>
        <line hits="0" number="68">
            <code>      _closeWithError(SquadronException.from(ex, st));</code>
        </line>
        <line hits="0" number="69">
            <code>      return Future.value(false);</code>
        </line>
        <line number="70">
            <code>    }</code>
        </line>
        <line hits="4" number="71">
            <code>  }</code>
            <hit count="4" name="&lt;unnamed&gt;"/>
        </line>
        <line number="72">
            <code>}</code>
        </line>
    </lines>
    <config branch-coverage="true" description-file="false" function-coverage="true" genhtml_hi_limit="90" genhtml_med_limit="75" legend="false" no-sort="false" no-source="false" show-details="false"/>
    <base href="../../"/>
    <base href="../../"/>
</coverage>
