<?xml version="1.0" encoding="UTF-8" standalone="no"?>
<?xml-stylesheet type="text/xsl" href="../../jgenhtml.xsl"?><coverage branch-rate="NaN" branches-covered="0" branches-valid="0" complexity="0" date="2024-11-17" filename="index" function-rate="NaN" functions-covered="0" functions-valid="0" line-rate="0.8829114" lines-covered="279" lines-valid="316" package="src/pool" testname="lcov.info" version="1.6">
    <sources>
        <source branches-hit="0" branches-valid="0" filename="_pool_worker.dart" functions-hit="0" functions-valid="0" lines-hit="20" lines-valid="20" prefix="/home/runner/work/squadron/squadron/lib/">
            <testCase branches-hit="0" functions-hit="0" lines-hit="20" name="&lt;unnamed&gt;"/>
        </source>
        <source branches-hit="0" branches-valid="0" filename="_worker_task.dart" functions-hit="0" functions-valid="0" lines-hit="36" lines-valid="45" prefix="/home/runner/work/squadron/squadron/lib/">
            <testCase branches-hit="0" functions-hit="0" lines-hit="36" name="&lt;unnamed&gt;"/>
        </source>
        <source branches-hit="0" branches-valid="0" filename="worker_pool.dart" functions-hit="0" functions-valid="0" lines-hit="163" lines-valid="185" prefix="/home/runner/work/squadron/squadron/lib/">
            <testCase branches-hit="0" functions-hit="0" lines-hit="163" name="&lt;unnamed&gt;"/>
        </source>
        <source branches-hit="0" branches-valid="0" filename="_worker_stream_task.dart" functions-hit="0" functions-valid="0" lines-hit="34" lines-valid="40" prefix="/home/runner/work/squadron/squadron/lib/">
            <testCase branches-hit="0" functions-hit="0" lines-hit="34" name="&lt;unnamed&gt;"/>
        </source>
        <source branches-hit="0" branches-valid="0" filename="_worker_value_task.dart" functions-hit="0" functions-valid="0" lines-hit="26" lines-valid="26" prefix="/home/runner/work/squadron/squadron/lib/">
            <testCase branches-hit="0" functions-hit="0" lines-hit="26" name="&lt;unnamed&gt;"/>
        </source>
    </sources>
    <config branch-coverage="true" description-file="false" function-coverage="true" genhtml_hi_limit="90" genhtml_med_limit="75" legend="false" no-sort="false" no-source="false" show-details="false"/>
    <base href="../../"/>
    <base href="../../"/>
</coverage>
