<?xml version="1.0" encoding="UTF-8" standalone="no"?>
<?xml-stylesheet type="text/xsl" href="../../jgenhtml.xsl"?><coverage branch-rate="NaN" branches-covered="0" branches-valid="0" complexity="0" date="2024-11-13" filename="generic_marshaler.dart" function-rate="NaN" functions-covered="0" functions-valid="0" line-rate="0.0" lines-covered="0" lines-valid="1" package="src/marshalers" testname="lcov.info" version="1.6">
    <lines>
        <line number="1">
            <code>import 'squadron_marshaler.dart';</code>
        </line>
        <line number="2">
            <code/>
        </line>
        <line number="3">
            <code>/// Base class to abstract `S` in `SquadronMarshaler&lt;T, S&gt;`.</code>
        </line>
        <line number="4">
            <code>abstract interface class GenericMarshaler&lt;T&gt;</code>
        </line>
        <line number="5">
            <code>    implements SquadronMarshaler&lt;T, dynamic&gt; {</code>
        </line>
        <line hits="0" number="6">
            <code>  const GenericMarshaler();</code>
        </line>
        <line number="7">
            <code>}</code>
        </line>
    </lines>
    <config branch-coverage="true" description-file="false" function-coverage="true" genhtml_hi_limit="90" genhtml_med_limit="75" legend="false" no-sort="false" no-source="false" show-details="false"/>
    <base href="../../"/>
    <base href="../../"/>
</coverage>
