<?xml version="1.0" encoding="UTF-8" standalone="no"?>
<?xml-stylesheet type="text/xsl" href="../../jgenhtml.xsl"?><coverage branch-rate="NaN" branches-covered="0" branches-valid="0" complexity="0" date="2024-12-31" filename="identity_marshaler.dart" function-rate="NaN" functions-covered="0" functions-valid="0" line-rate="0.0" lines-covered="0" lines-valid="3" package="src/marshalers" testname="lcov.info" version="1.6">
    <lines>
        <line number="1">
            <code>import 'squadron_marshaler.dart';</code>
        </line>
        <line number="2">
            <code/>
        </line>
        <line number="3">
            <code>/// Identity marshaler.</code>
        </line>
        <line number="4">
            <code>final class IdentityMarshaler&lt;T&gt; implements SquadronMarshaler&lt;T, T&gt; {</code>
        </line>
        <line hits="0" number="5">
            <code>  const IdentityMarshaler();</code>
        </line>
        <line number="6">
            <code/>
        </line>
        <line hits="0" number="7">
            <code>  @override</code>
        </line>
        <line number="8">
            <code>  T marshal(T data) =&gt; data;</code>
        </line>
        <line number="9">
            <code/>
        </line>
        <line hits="0" number="10">
            <code>  @override</code>
        </line>
        <line number="11">
            <code>  T unmarshal(T data) =&gt; data;</code>
        </line>
        <line number="12">
            <code>}</code>
        </line>
    </lines>
    <config branch-coverage="true" description-file="false" function-coverage="true" genhtml_hi_limit="90" genhtml_med_limit="75" legend="false" no-sort="false" no-source="false" show-details="false"/>
    <base href="../../"/>
    <base href="../../"/>
</coverage>
